2026-01-02 16:22:18.918 INFO  [background-preinit] o.h.validator.internal.util.Version - HV000001: Hibernate Validator 8.0.2.Final
2026-01-02 16:22:18.953 INFO  [main] c.s.stockapi.StockapiApplication - Starting StockapiApplication v0.0.1-SNAPSHOT using Java 21.0.9 with PID 1 (/app/app.jar started by root in /app)
2026-01-02 16:22:18.953 INFO  [main] c.s.stockapi.StockapiApplication - The following 1 profile is active: "dev"
2026-01-02 16:22:19.600 INFO  [main] o.s.d.r.c.RepositoryConfigurationDelegate - Bootstrapping Spring Data JPA repositories in DEFAULT mode.
2026-01-02 16:22:19.651 INFO  [main] o.s.d.r.c.RepositoryConfigurationDelegate - Finished Spring Data repository scanning in 45 ms. Found 10 JPA repository interfaces.
2026-01-02 16:22:20.318 INFO  [main] o.s.b.w.e.tomcat.TomcatWebServer - Tomcat initialized with port 8080 (http)
2026-01-02 16:22:20.332 INFO  [main] o.a.coyote.http11.Http11NioProtocol - Initializing ProtocolHandler ["http-nio-8080"]
2026-01-02 16:22:20.333 INFO  [main] o.a.catalina.core.StandardService - Starting service [Tomcat]
2026-01-02 16:22:20.334 INFO  [main] o.a.catalina.core.StandardEngine - Starting Servlet engine: [Apache Tomcat/10.1.40]
2026-01-02 16:22:20.355 INFO  [main] o.a.c.c.C.[Tomcat].[localhost].[/] - Initializing Spring embedded WebApplicationContext
2026-01-02 16:22:20.355 INFO  [main] o.s.b.w.s.c.ServletWebServerApplicationContext - Root WebApplicationContext: initialization completed in 1373 ms
2026-01-02 16:22:20.588 INFO  [main] com.zaxxer.hikari.HikariDataSource - HikariPool-1 - Starting...
2026-01-02 16:22:20.707 INFO  [main] com.zaxxer.hikari.pool.HikariPool - HikariPool-1 - Added connection org.postgresql.jdbc.PgConnection@11180750
2026-01-02 16:22:20.708 INFO  [main] com.zaxxer.hikari.HikariDataSource - HikariPool-1 - Start completed.
2026-01-02 16:22:20.736 INFO  [main] o.h.jpa.internal.util.LogHelper - HHH000204: Processing PersistenceUnitInfo [name: default]
2026-01-02 16:22:20.781 INFO  [main] org.hibernate.Version - HHH000412: Hibernate ORM core version 6.6.13.Final
2026-01-02 16:22:20.807 INFO  [main] o.h.c.i.RegionFactoryInitiator - HHH000026: Second-level cache disabled
2026-01-02 16:22:20.989 INFO  [main] o.s.o.j.p.SpringPersistenceUnitInfo - No LoadTimeWeaver setup: ignoring JPA class transformer
2026-01-02 16:22:21.027 WARN  [main] org.hibernate.orm.deprecation - HHH90000025: PostgreSQLDialect does not need to be specified explicitly using 'hibernate.dialect' (remove the property setting and it will be selected by default)
2026-01-02 16:22:21.036 INFO  [main] o.hibernate.orm.connections.pooling - HHH10001005: Database info:
	Database JDBC URL [Connecting through datasource 'HikariDataSource (HikariPool-1)']
	Database driver: undefined/unknown
	Database version: 15.15
	Autocommit mode: undefined/unknown
	Isolation level: undefined/unknown
	Minimum pool size: undefined/unknown
	Maximum pool size: undefined/unknown
2026-01-02 16:22:21.779 INFO  [main] o.h.e.t.j.p.i.JtaPlatformInitiator - HHH000489: No JTA platform available (set 'hibernate.transaction.jta.platform' to enable JTA platform integration)
2026-01-02 16:22:21.781 INFO  [main] o.s.o.j.LocalContainerEntityManagerFactoryBean - Initialized JPA EntityManagerFactory for persistence unit 'default'
2026-01-02 16:22:21.963 INFO  [main] o.s.d.j.r.query.QueryEnhancerFactory - Hibernate is in classpath; If applicable, HQL parser will be used.
2026-01-02 16:22:22.661 INFO  [main] o.s.s.c.a.a.c.InitializeAuthenticationProviderBeanManagerConfigurer$InitializeAuthenticationProviderManagerConfigurer - Global AuthenticationManager configured with AuthenticationProvider bean with name authenticationProvider
2026-01-02 16:22:22.757 WARN  [main] o.s.b.a.o.j.JpaBaseConfiguration$JpaWebConfiguration - spring.jpa.open-in-view is enabled by default. Therefore, database queries may be performed during view rendering. Explicitly configure spring.jpa.open-in-view to disable this warning
2026-01-02 16:22:22.848 WARN  [main] o.s.s.c.a.w.c.AuthorizeHttpRequestsConfigurer$AuthorizationManagerRequestMatcherRegistry - One of the patterns in [candles/**, users/**, /actuator/health] is missing a leading slash. This is discouraged; please include the leading slash in all your request matcher patterns. In future versions of Spring Security, leaving out the leading slash will result in an exception.
2026-01-02 16:22:23.133 INFO  [main] o.s.b.a.e.web.EndpointLinksResolver - Exposing 2 endpoints beneath base path '/actuator'
2026-01-02 16:22:23.549 INFO  [main] o.a.coyote.http11.Http11NioProtocol - Starting ProtocolHandler ["http-nio-8080"]
2026-01-02 16:22:23.557 INFO  [main] o.s.b.w.e.tomcat.TomcatWebServer - Tomcat started on port 8080 (http) with context path '/'
2026-01-02 16:22:23.584 INFO  [main] o.a.k.c.consumer.ConsumerConfig - ConsumerConfig values: 
	allow.auto.create.topics = true
	auto.commit.interval.ms = 5000
	auto.include.jmx.reporter = true
	auto.offset.reset = latest
	bootstrap.servers = [kafka:9092]
	check.crcs = true
	client.dns.lookup = use_all_dns_ips
	client.id = consumer-stockapi-1
	client.rack = 
	connections.max.idle.ms = 540000
	default.api.timeout.ms = 60000
	enable.auto.commit = false
	enable.metrics.push = true
	exclude.internal.topics = true
	fetch.max.bytes = 52428800
	fetch.max.wait.ms = 500
	fetch.min.bytes = 1
	group.id = stockapi
	group.instance.id = null
	group.protocol = classic
	group.remote.assignor = null
	heartbeat.interval.ms = 3000
	interceptor.classes = []
	internal.leave.group.on.close = true
	internal.throw.on.fetch.stable.offset.unsupported = false
	isolation.level = read_uncommitted
	key.deserializer = class org.apache.kafka.common.serialization.StringDeserializer
	max.partition.fetch.bytes = 1048576
	max.poll.interval.ms = 300000
	max.poll.records = 500
	metadata.max.age.ms = 300000
	metadata.recovery.strategy = none
	metric.reporters = []
	metrics.num.samples = 2
	metrics.recording.level = INFO
	metrics.sample.window.ms = 30000
	partition.assignment.strategy = [class org.apache.kafka.clients.consumer.RangeAssignor, class org.apache.kafka.clients.consumer.CooperativeStickyAssignor]
	receive.buffer.bytes = 65536
	reconnect.backoff.max.ms = 1000
	reconnect.backoff.ms = 50
	request.timeout.ms = 30000
	retry.backoff.max.ms = 1000
	retry.backoff.ms = 100
	sasl.client.callback.handler.class = null
	sasl.jaas.config = null
	sasl.kerberos.kinit.cmd = /usr/bin/kinit
	sasl.kerberos.min.time.before.relogin = 60000
	sasl.kerberos.service.name = null
	sasl.kerberos.ticket.renew.jitter = 0.05
	sasl.kerberos.ticket.renew.window.factor = 0.8
	sasl.login.callback.handler.class = null
	sasl.login.class = null
	sasl.login.connect.timeout.ms = null
	sasl.login.read.timeout.ms = null
	sasl.login.refresh.buffer.seconds = 300
	sasl.login.refresh.min.period.seconds = 60
	sasl.login.refresh.window.factor = 0.8
	sasl.login.refresh.window.jitter = 0.05
	sasl.login.retry.backoff.max.ms = 10000
	sasl.login.retry.backoff.ms = 100
	sasl.mechanism = GSSAPI
	sasl.oauthbearer.clock.skew.seconds = 30
	sasl.oauthbearer.expected.audience = null
	sasl.oauthbearer.expected.issuer = null
	sasl.oauthbearer.jwks.endpoint.refresh.ms = 3600000
	sasl.oauthbearer.jwks.endpoint.retry.backoff.max.ms = 10000
	sasl.oauthbearer.jwks.endpoint.retry.backoff.ms = 100
	sasl.oauthbearer.jwks.endpoint.url = null
	sasl.oauthbearer.scope.claim.name = scope
	sasl.oauthbearer.sub.claim.name = sub
	sasl.oauthbearer.token.endpoint.url = null
	security.protocol = PLAINTEXT
	security.providers = null
	send.buffer.bytes = 131072
	session.timeout.ms = 45000
	socket.connection.setup.timeout.max.ms = 30000
	socket.connection.setup.timeout.ms = 10000
	ssl.cipher.suites = null
	ssl.enabled.protocols = [TLSv1.2, TLSv1.3]
	ssl.endpoint.identification.algorithm = https
	ssl.engine.factory.class = null
	ssl.key.password = null
	ssl.keymanager.algorithm = SunX509
	ssl.keystore.certificate.chain = null
	ssl.keystore.key = null
	ssl.keystore.location = null
	ssl.keystore.password = null
	ssl.keystore.type = JKS
	ssl.protocol = TLSv1.3
	ssl.provider = null
	ssl.secure.random.implementation = null
	ssl.trustmanager.algorithm = PKIX
	ssl.truststore.certificates = null
	ssl.truststore.location = null
	ssl.truststore.password = null
	ssl.truststore.type = JKS
	value.deserializer = class org.apache.kafka.common.serialization.StringDeserializer

2026-01-02 16:22:23.618 INFO  [main] o.a.k.c.t.i.KafkaMetricsCollector - initializing Kafka metrics collector
2026-01-02 16:22:23.705 INFO  [main] o.a.kafka.common.utils.AppInfoParser - Kafka version: 3.8.1
2026-01-02 16:22:23.705 INFO  [main] o.a.kafka.common.utils.AppInfoParser - Kafka commitId: 70d6ff42debf7e17
2026-01-02 16:22:23.705 INFO  [main] o.a.kafka.common.utils.AppInfoParser - Kafka startTimeMs: 1767367343704
2026-01-02 16:22:23.712 INFO  [main] o.a.k.c.c.i.LegacyKafkaConsumer - [Consumer clientId=consumer-stockapi-1, groupId=stockapi] Subscribed to topic(s): indicator_events
2026-01-02 16:22:23.728 INFO  [main] c.s.stockapi.StockapiApplication - Started StockapiApplication in 5.122 seconds (process running for 5.42)
2026-01-02 16:22:23.971 INFO  [org.springframework.kafka.KafkaListenerEndpointContainer#0-0-C-1] org.apache.kafka.clients.Metadata - [Consumer clientId=consumer-stockapi-1, groupId=stockapi] Cluster ID: 5L6g3nShT-eMCtK--X86sw
2026-01-02 16:22:23.972 INFO  [org.springframework.kafka.KafkaListenerEndpointContainer#0-0-C-1] o.a.k.c.c.i.ConsumerCoordinator - [Consumer clientId=consumer-stockapi-1, groupId=stockapi] Discovered group coordinator kafka:9092 (id: 2147483646 rack: null)
2026-01-02 16:22:23.975 INFO  [org.springframework.kafka.KafkaListenerEndpointContainer#0-0-C-1] o.a.k.c.c.i.ConsumerCoordinator - [Consumer clientId=consumer-stockapi-1, groupId=stockapi] (Re-)joining group
2026-01-02 16:22:23.997 INFO  [org.springframework.kafka.KafkaListenerEndpointContainer#0-0-C-1] o.a.k.c.c.i.ConsumerCoordinator - [Consumer clientId=consumer-stockapi-1, groupId=stockapi] Request joining group due to: need to re-join with the given member-id: consumer-stockapi-1-1cf31722-55a8-4d7f-adea-0fdd90d87f4c
2026-01-02 16:22:23.997 INFO  [org.springframework.kafka.KafkaListenerEndpointContainer#0-0-C-1] o.a.k.c.c.i.ConsumerCoordinator - [Consumer clientId=consumer-stockapi-1, groupId=stockapi] (Re-)joining group
2026-01-02 16:22:27.009 INFO  [org.springframework.kafka.KafkaListenerEndpointContainer#0-0-C-1] o.a.k.c.c.i.ConsumerCoordinator - [Consumer clientId=consumer-stockapi-1, groupId=stockapi] Successfully joined group with generation Generation{generationId=77, memberId='consumer-stockapi-1-1cf31722-55a8-4d7f-adea-0fdd90d87f4c', protocol='range'}
2026-01-02 16:22:27.016 INFO  [org.springframework.kafka.KafkaListenerEndpointContainer#0-0-C-1] o.a.k.c.c.i.ConsumerCoordinator - [Consumer clientId=consumer-stockapi-1, groupId=stockapi] Finished assignment for group at generation 77: {consumer-stockapi-1-1cf31722-55a8-4d7f-adea-0fdd90d87f4c=Assignment(partitions=[indicator_events-0])}
2026-01-02 16:22:27.027 INFO  [org.springframework.kafka.KafkaListenerEndpointContainer#0-0-C-1] o.a.k.c.c.i.ConsumerCoordinator - [Consumer clientId=consumer-stockapi-1, groupId=stockapi] Successfully synced group in generation Generation{generationId=77, memberId='consumer-stockapi-1-1cf31722-55a8-4d7f-adea-0fdd90d87f4c', protocol='range'}
2026-01-02 16:22:27.027 INFO  [org.springframework.kafka.KafkaListenerEndpointContainer#0-0-C-1] o.a.k.c.c.i.ConsumerCoordinator - [Consumer clientId=consumer-stockapi-1, groupId=stockapi] Notifying assignor about the new Assignment(partitions=[indicator_events-0])
2026-01-02 16:22:27.030 INFO  [org.springframework.kafka.KafkaListenerEndpointContainer#0-0-C-1] o.a.k.c.c.i.ConsumerRebalanceListenerInvoker - [Consumer clientId=consumer-stockapi-1, groupId=stockapi] Adding newly assigned partitions: indicator_events-0
2026-01-02 16:22:27.041 INFO  [org.springframework.kafka.KafkaListenerEndpointContainer#0-0-C-1] o.a.k.c.c.internals.ConsumerUtils - Setting offset for partition indicator_events-0 to the committed offset FetchPosition{offset=14663, offsetEpoch=Optional.empty, currentLeader=LeaderAndEpoch{leader=Optional[kafka:9092 (id: 1 rack: null)], epoch=66}}
2026-01-02 16:22:27.042 INFO  [org.springframework.kafka.KafkaListenerEndpointContainer#0-0-C-1] o.s.k.l.KafkaMessageListenerContainer - stockapi: partitions assigned: [indicator_events-0]
2026-01-02 16:22:27.084 INFO  [org.springframework.kafka.KafkaListenerEndpointContainer#0-0-C-1] c.s.s.indicators.IndicatorListener - Received Message in group stockapi: ["b4a497a9-9250-4170-bb5a-2dae5dc23a0f"]
2026-01-02 16:22:27.397 INFO  [org.springframework.kafka.KafkaListenerEndpointContainer#0-0-C-1] c.s.s.indicators.IndicatorCalculator - Number of candles retrieved for BarSeries: 3011
2026-01-02 16:22:27.398 INFO  [org.springframework.kafka.KafkaListenerEndpointContainer#0-0-C-1] c.s.s.indicators.IndicatorCalculator - List of candles:
2026-01-02 16:22:27.586 INFO  [org.springframework.kafka.KafkaListenerEndpointContainer#0-0-C-1] c.s.s.indicators.IndicatorCalculator - Number of candles retrieved for BarSeries: 3011
2026-01-02 16:22:27.586 INFO  [org.springframework.kafka.KafkaListenerEndpointContainer#0-0-C-1] c.s.s.indicators.IndicatorCalculator - List of candles:
2026-01-02 16:22:27.682 INFO  [org.springframework.kafka.KafkaListenerEndpointContainer#0-0-C-1] c.s.s.indicators.IndicatorCalculator - Number of candles retrieved for BarSeries: 3011
2026-01-02 16:22:27.682 INFO  [org.springframework.kafka.KafkaListenerEndpointContainer#0-0-C-1] c.s.s.indicators.IndicatorCalculator - List of candles:
2026-01-02 16:22:27.706 INFO  [org.springframework.kafka.KafkaListenerEndpointContainer#0-0-C-1] c.s.s.indicators.IndicatorListener - Saved Indicator Event in group stockapi
2026-01-02 16:22:27.708 INFO  [org.springframework.kafka.KafkaListenerEndpointContainer#0-0-C-1] c.s.s.indicators.IndicatorListener - Received Message in group stockapi: ["f67a2ea5-f529-43ff-901c-42b0452323aa"]
2026-01-02 16:22:27.791 INFO  [org.springframework.kafka.KafkaListenerEndpointContainer#0-0-C-1] c.s.s.indicators.IndicatorCalculator - Number of candles retrieved for BarSeries: 3010
2026-01-02 16:22:27.791 INFO  [org.springframework.kafka.KafkaListenerEndpointContainer#0-0-C-1] c.s.s.indicators.IndicatorCalculator - List of candles:
2026-01-02 16:22:27.875 INFO  [org.springframework.kafka.KafkaListenerEndpointContainer#0-0-C-1] c.s.s.indicators.IndicatorCalculator - Number of candles retrieved for BarSeries: 3010
2026-01-02 16:22:27.875 INFO  [org.springframework.kafka.KafkaListenerEndpointContainer#0-0-C-1] c.s.s.indicators.IndicatorCalculator - List of candles:
2026-01-02 16:22:27.968 INFO  [org.springframework.kafka.KafkaListenerEndpointContainer#0-0-C-1] c.s.s.indicators.IndicatorCalculator - Number of candles retrieved for BarSeries: 3010
2026-01-02 16:22:27.968 INFO  [org.springframework.kafka.KafkaListenerEndpointContainer#0-0-C-1] c.s.s.indicators.IndicatorCalculator - List of candles:
2026-01-02 16:22:27.979 INFO  [org.springframework.kafka.KafkaListenerEndpointContainer#0-0-C-1] c.s.s.indicators.IndicatorListener - Saved Indicator Event in group stockapi
2026-01-02 16:22:27.979 INFO  [org.springframework.kafka.KafkaListenerEndpointContainer#0-0-C-1] c.s.s.indicators.IndicatorListener - Received Message in group stockapi: ["8d3425ca-de45-40a0-88ae-12de28e8e024"]
2026-01-02 16:22:28.072 INFO  [org.springframework.kafka.KafkaListenerEndpointContainer#0-0-C-1] c.s.s.indicators.IndicatorCalculator - Number of candles retrieved for BarSeries: 3011
2026-01-02 16:22:28.072 INFO  [org.springframework.kafka.KafkaListenerEndpointContainer#0-0-C-1] c.s.s.indicators.IndicatorCalculator - List of candles:
2026-01-02 16:22:28.131 INFO  [org.springframework.kafka.KafkaListenerEndpointContainer#0-0-C-1] c.s.s.indicators.IndicatorCalculator - Number of candles retrieved for BarSeries: 3011
2026-01-02 16:22:28.131 INFO  [org.springframework.kafka.KafkaListenerEndpointContainer#0-0-C-1] c.s.s.indicators.IndicatorCalculator - List of candles:
2026-01-02 16:22:28.185 INFO  [org.springframework.kafka.KafkaListenerEndpointContainer#0-0-C-1] c.s.s.indicators.IndicatorCalculator - Number of candles retrieved for BarSeries: 3011
2026-01-02 16:22:28.185 INFO  [org.springframework.kafka.KafkaListenerEndpointContainer#0-0-C-1] c.s.s.indicators.IndicatorCalculator - List of candles:
2026-01-02 16:22:28.194 INFO  [org.springframework.kafka.KafkaListenerEndpointContainer#0-0-C-1] c.s.s.indicators.IndicatorListener - Saved Indicator Event in group stockapi
2026-01-02 16:22:28.194 INFO  [org.springframework.kafka.KafkaListenerEndpointContainer#0-0-C-1] c.s.s.indicators.IndicatorListener - Received Message in group stockapi: ["01a8f2a6-249c-4260-84af-3a115178237d"]
2026-01-02 16:22:28.247 INFO  [org.springframework.kafka.KafkaListenerEndpointContainer#0-0-C-1] c.s.s.indicators.IndicatorCalculator - Number of candles retrieved for BarSeries: 3011
2026-01-02 16:22:28.247 INFO  [org.springframework.kafka.KafkaListenerEndpointContainer#0-0-C-1] c.s.s.indicators.IndicatorCalculator - List of candles:
2026-01-02 16:22:28.300 INFO  [org.springframework.kafka.KafkaListenerEndpointContainer#0-0-C-1] c.s.s.indicators.IndicatorCalculator - Number of candles retrieved for BarSeries: 3011
2026-01-02 16:22:28.300 INFO  [org.springframework.kafka.KafkaListenerEndpointContainer#0-0-C-1] c.s.s.indicators.IndicatorCalculator - List of candles:
2026-01-02 16:22:28.356 INFO  [org.springframework.kafka.KafkaListenerEndpointContainer#0-0-C-1] c.s.s.indicators.IndicatorCalculator - Number of candles retrieved for BarSeries: 3011
2026-01-02 16:22:28.356 INFO  [org.springframework.kafka.KafkaListenerEndpointContainer#0-0-C-1] c.s.s.indicators.IndicatorCalculator - List of candles:
2026-01-02 16:22:28.365 INFO  [org.springframework.kafka.KafkaListenerEndpointContainer#0-0-C-1] c.s.s.indicators.IndicatorListener - Saved Indicator Event in group stockapi
2026-01-02 16:22:28.423 INFO  [http-nio-8080-exec-1] o.a.c.c.C.[Tomcat].[localhost].[/] - Initializing Spring DispatcherServlet 'dispatcherServlet'
2026-01-02 16:22:28.423 INFO  [http-nio-8080-exec-1] o.s.web.servlet.DispatcherServlet - Initializing Servlet 'dispatcherServlet'
2026-01-02 16:22:28.424 INFO  [http-nio-8080-exec-1] o.s.web.servlet.DispatcherServlet - Completed initialization in 0 ms
2026-01-02 16:23:00.023 INFO  [scheduling-1] c.s.s.w.s.WalletWorthSnapshotScheduler - Taking wallet worth snapshot for wallet from user: igor.bialas@gmail.com
2026-01-02 16:24:00.005 INFO  [scheduling-1] c.s.s.w.s.WalletWorthSnapshotScheduler - Taking wallet worth snapshot for wallet from user: igor.bialas@gmail.com
2026-01-02 16:24:02.587 INFO  [org.springframework.kafka.KafkaListenerEndpointContainer#0-0-C-1] c.s.s.indicators.IndicatorListener - Received Message in group stockapi: ["877db14e-119f-4929-828f-29d161d38397"]
2026-01-02 16:24:02.676 INFO  [org.springframework.kafka.KafkaListenerEndpointContainer#0-0-C-1] c.s.s.indicators.IndicatorCalculator - Number of candles retrieved for BarSeries: 3012
2026-01-02 16:24:02.676 INFO  [org.springframework.kafka.KafkaListenerEndpointContainer#0-0-C-1] c.s.s.indicators.IndicatorCalculator - List of candles:
2026-01-02 16:24:02.753 INFO  [org.springframework.kafka.KafkaListenerEndpointContainer#0-0-C-1] c.s.s.indicators.IndicatorCalculator - Number of candles retrieved for BarSeries: 3012
2026-01-02 16:24:02.753 INFO  [org.springframework.kafka.KafkaListenerEndpointContainer#0-0-C-1] c.s.s.indicators.IndicatorCalculator - List of candles:
2026-01-02 16:24:02.819 INFO  [org.springframework.kafka.KafkaListenerEndpointContainer#0-0-C-1] c.s.s.indicators.IndicatorCalculator - Number of candles retrieved for BarSeries: 3012
2026-01-02 16:24:02.819 INFO  [org.springframework.kafka.KafkaListenerEndpointContainer#0-0-C-1] c.s.s.indicators.IndicatorCalculator - List of candles:
2026-01-02 16:24:02.827 INFO  [org.springframework.kafka.KafkaListenerEndpointContainer#0-0-C-1] c.s.s.indicators.IndicatorListener - Saved Indicator Event in group stockapi
2026-01-02 16:24:02.830 INFO  [org.springframework.kafka.KafkaListenerEndpointContainer#0-0-C-1] c.s.s.indicators.IndicatorListener - Received Message in group stockapi: ["84b0241e-598f-498c-a7fc-55900b07d52f"]
2026-01-02 16:24:02.875 INFO  [org.springframework.kafka.KafkaListenerEndpointContainer#0-0-C-1] c.s.s.indicators.IndicatorCalculator - Number of candles retrieved for BarSeries: 3012
2026-01-02 16:24:02.875 INFO  [org.springframework.kafka.KafkaListenerEndpointContainer#0-0-C-1] c.s.s.indicators.IndicatorCalculator - List of candles:
2026-01-02 16:24:02.935 INFO  [org.springframework.kafka.KafkaListenerEndpointContainer#0-0-C-1] c.s.s.indicators.IndicatorCalculator - Number of candles retrieved for BarSeries: 3012
2026-01-02 16:24:02.935 INFO  [org.springframework.kafka.KafkaListenerEndpointContainer#0-0-C-1] c.s.s.indicators.IndicatorCalculator - List of candles:
2026-01-02 16:24:02.986 INFO  [org.springframework.kafka.KafkaListenerEndpointContainer#0-0-C-1] c.s.s.indicators.IndicatorCalculator - Number of candles retrieved for BarSeries: 3012
2026-01-02 16:24:02.987 INFO  [org.springframework.kafka.KafkaListenerEndpointContainer#0-0-C-1] c.s.s.indicators.IndicatorCalculator - List of candles:
2026-01-02 16:24:02.994 INFO  [org.springframework.kafka.KafkaListenerEndpointContainer#0-0-C-1] c.s.s.indicators.IndicatorListener - Saved Indicator Event in group stockapi
2026-01-02 16:24:02.997 INFO  [org.springframework.kafka.KafkaListenerEndpointContainer#0-0-C-1] c.s.s.indicators.IndicatorListener - Received Message in group stockapi: ["fcf4d329-67a5-4f29-873f-35f6d9fa51f0"]
2026-01-02 16:24:03.039 INFO  [org.springframework.kafka.KafkaListenerEndpointContainer#0-0-C-1] c.s.s.indicators.IndicatorCalculator - Number of candles retrieved for BarSeries: 3011
2026-01-02 16:24:03.039 INFO  [org.springframework.kafka.KafkaListenerEndpointContainer#0-0-C-1] c.s.s.indicators.IndicatorCalculator - List of candles:
2026-01-02 16:24:03.095 INFO  [org.springframework.kafka.KafkaListenerEndpointContainer#0-0-C-1] c.s.s.indicators.IndicatorCalculator - Number of candles retrieved for BarSeries: 3011
2026-01-02 16:24:03.095 INFO  [org.springframework.kafka.KafkaListenerEndpointContainer#0-0-C-1] c.s.s.indicators.IndicatorCalculator - List of candles:
2026-01-02 16:24:03.139 INFO  [org.springframework.kafka.KafkaListenerEndpointContainer#0-0-C-1] c.s.s.indicators.IndicatorCalculator - Number of candles retrieved for BarSeries: 3011
2026-01-02 16:24:03.139 INFO  [org.springframework.kafka.KafkaListenerEndpointContainer#0-0-C-1] c.s.s.indicators.IndicatorCalculator - List of candles:
2026-01-02 16:24:03.146 INFO  [org.springframework.kafka.KafkaListenerEndpointContainer#0-0-C-1] c.s.s.indicators.IndicatorListener - Saved Indicator Event in group stockapi
2026-01-02 16:24:03.146 INFO  [org.springframework.kafka.KafkaListenerEndpointContainer#0-0-C-1] c.s.s.indicators.IndicatorListener - Received Message in group stockapi: ["570e549d-34e5-4b61-aa1e-d0e6f01ef326"]
2026-01-02 16:24:03.196 INFO  [org.springframework.kafka.KafkaListenerEndpointContainer#0-0-C-1] c.s.s.indicators.IndicatorCalculator - Number of candles retrieved for BarSeries: 3012
2026-01-02 16:24:03.197 INFO  [org.springframework.kafka.KafkaListenerEndpointContainer#0-0-C-1] c.s.s.indicators.IndicatorCalculator - List of candles:
2026-01-02 16:24:03.246 INFO  [org.springframework.kafka.KafkaListenerEndpointContainer#0-0-C-1] c.s.s.indicators.IndicatorCalculator - Number of candles retrieved for BarSeries: 3012
2026-01-02 16:24:03.246 INFO  [org.springframework.kafka.KafkaListenerEndpointContainer#0-0-C-1] c.s.s.indicators.IndicatorCalculator - List of candles:
2026-01-02 16:24:03.295 INFO  [org.springframework.kafka.KafkaListenerEndpointContainer#0-0-C-1] c.s.s.indicators.IndicatorCalculator - Number of candles retrieved for BarSeries: 3012
2026-01-02 16:24:03.295 INFO  [org.springframework.kafka.KafkaListenerEndpointContainer#0-0-C-1] c.s.s.indicators.IndicatorCalculator - List of candles:
2026-01-02 16:24:03.303 INFO  [org.springframework.kafka.KafkaListenerEndpointContainer#0-0-C-1] c.s.s.indicators.IndicatorListener - Saved Indicator Event in group stockapi
2026-01-02 16:25:00.005 INFO  [scheduling-1] c.s.s.w.s.WalletWorthSnapshotScheduler - Taking wallet worth snapshot for wallet from user: igor.bialas@gmail.com
2026-01-02 16:25:02.502 INFO  [org.springframework.kafka.KafkaListenerEndpointContainer#0-0-C-1] c.s.s.indicators.IndicatorListener - Received Message in group stockapi: ["79a26c16-a0ce-416c-88aa-91cfc4ba9b63"]
2026-01-02 16:25:02.560 INFO  [org.springframework.kafka.KafkaListenerEndpointContainer#0-0-C-1] c.s.s.indicators.IndicatorCalculator - Number of candles retrieved for BarSeries: 3013
2026-01-02 16:25:02.561 INFO  [org.springframework.kafka.KafkaListenerEndpointContainer#0-0-C-1] c.s.s.indicators.IndicatorCalculator - List of candles:
2026-01-02 16:25:02.612 INFO  [org.springframework.kafka.KafkaListenerEndpointContainer#0-0-C-1] c.s.s.indicators.IndicatorCalculator - Number of candles retrieved for BarSeries: 3013
2026-01-02 16:25:02.613 INFO  [org.springframework.kafka.KafkaListenerEndpointContainer#0-0-C-1] c.s.s.indicators.IndicatorCalculator - List of candles:
2026-01-02 16:25:02.663 INFO  [org.springframework.kafka.KafkaListenerEndpointContainer#0-0-C-1] c.s.s.indicators.IndicatorCalculator - Number of candles retrieved for BarSeries: 3013
2026-01-02 16:25:02.663 INFO  [org.springframework.kafka.KafkaListenerEndpointContainer#0-0-C-1] c.s.s.indicators.IndicatorCalculator - List of candles:
2026-01-02 16:25:02.671 INFO  [org.springframework.kafka.KafkaListenerEndpointContainer#0-0-C-1] c.s.s.indicators.IndicatorListener - Saved Indicator Event in group stockapi
2026-01-02 16:25:02.674 INFO  [org.springframework.kafka.KafkaListenerEndpointContainer#0-0-C-1] c.s.s.indicators.IndicatorListener - Received Message in group stockapi: ["0c8435f3-df08-435f-90d5-23732267e80b"]
2026-01-02 16:25:02.715 INFO  [org.springframework.kafka.KafkaListenerEndpointContainer#0-0-C-1] c.s.s.indicators.IndicatorCalculator - Number of candles retrieved for BarSeries: 3012
2026-01-02 16:25:02.715 INFO  [org.springframework.kafka.KafkaListenerEndpointContainer#0-0-C-1] c.s.s.indicators.IndicatorCalculator - List of candles:
2026-01-02 16:25:02.766 INFO  [org.springframework.kafka.KafkaListenerEndpointContainer#0-0-C-1] c.s.s.indicators.IndicatorCalculator - Number of candles retrieved for BarSeries: 3012
2026-01-02 16:25:02.766 INFO  [org.springframework.kafka.KafkaListenerEndpointContainer#0-0-C-1] c.s.s.indicators.IndicatorCalculator - List of candles:
2026-01-02 16:25:02.810 INFO  [org.springframework.kafka.KafkaListenerEndpointContainer#0-0-C-1] c.s.s.indicators.IndicatorCalculator - Number of candles retrieved for BarSeries: 3012
2026-01-02 16:25:02.810 INFO  [org.springframework.kafka.KafkaListenerEndpointContainer#0-0-C-1] c.s.s.indicators.IndicatorCalculator - List of candles:
2026-01-02 16:25:02.816 INFO  [org.springframework.kafka.KafkaListenerEndpointContainer#0-0-C-1] c.s.s.indicators.IndicatorListener - Saved Indicator Event in group stockapi
2026-01-02 16:25:02.817 INFO  [org.springframework.kafka.KafkaListenerEndpointContainer#0-0-C-1] c.s.s.indicators.IndicatorListener - Received Message in group stockapi: ["e5fc5312-7a1a-4d86-9f27-66e194f9cb88"]
2026-01-02 16:25:02.863 INFO  [org.springframework.kafka.KafkaListenerEndpointContainer#0-0-C-1] c.s.s.indicators.IndicatorCalculator - Number of candles retrieved for BarSeries: 3013
2026-01-02 16:25:02.863 INFO  [org.springframework.kafka.KafkaListenerEndpointContainer#0-0-C-1] c.s.s.indicators.IndicatorCalculator - List of candles:
2026-01-02 16:25:02.916 INFO  [org.springframework.kafka.KafkaListenerEndpointContainer#0-0-C-1] c.s.s.indicators.IndicatorCalculator - Number of candles retrieved for BarSeries: 3013
2026-01-02 16:25:02.916 INFO  [org.springframework.kafka.KafkaListenerEndpointContainer#0-0-C-1] c.s.s.indicators.IndicatorCalculator - List of candles:
2026-01-02 16:25:02.965 INFO  [org.springframework.kafka.KafkaListenerEndpointContainer#0-0-C-1] c.s.s.indicators.IndicatorCalculator - Number of candles retrieved for BarSeries: 3013
2026-01-02 16:25:02.965 INFO  [org.springframework.kafka.KafkaListenerEndpointContainer#0-0-C-1] c.s.s.indicators.IndicatorCalculator - List of candles:
2026-01-02 16:25:02.971 INFO  [org.springframework.kafka.KafkaListenerEndpointContainer#0-0-C-1] c.s.s.indicators.IndicatorListener - Saved Indicator Event in group stockapi
2026-01-02 16:25:02.974 INFO  [org.springframework.kafka.KafkaListenerEndpointContainer#0-0-C-1] c.s.s.indicators.IndicatorListener - Received Message in group stockapi: ["7357a003-c0f5-4c0b-b8d9-377f291be0b5"]
2026-01-02 16:25:03.019 INFO  [org.springframework.kafka.KafkaListenerEndpointContainer#0-0-C-1] c.s.s.indicators.IndicatorCalculator - Number of candles retrieved for BarSeries: 3013
2026-01-02 16:25:03.019 INFO  [org.springframework.kafka.KafkaListenerEndpointContainer#0-0-C-1] c.s.s.indicators.IndicatorCalculator - List of candles:
2026-01-02 16:25:03.070 INFO  [org.springframework.kafka.KafkaListenerEndpointContainer#0-0-C-1] c.s.s.indicators.IndicatorCalculator - Number of candles retrieved for BarSeries: 3013
2026-01-02 16:25:03.070 INFO  [org.springframework.kafka.KafkaListenerEndpointContainer#0-0-C-1] c.s.s.indicators.IndicatorCalculator - List of candles:
2026-01-02 16:25:03.125 INFO  [org.springframework.kafka.KafkaListenerEndpointContainer#0-0-C-1] c.s.s.indicators.IndicatorCalculator - Number of candles retrieved for BarSeries: 3013
2026-01-02 16:25:03.125 INFO  [org.springframework.kafka.KafkaListenerEndpointContainer#0-0-C-1] c.s.s.indicators.IndicatorCalculator - List of candles:
2026-01-02 16:25:03.131 INFO  [org.springframework.kafka.KafkaListenerEndpointContainer#0-0-C-1] c.s.s.indicators.IndicatorListener - Saved Indicator Event in group stockapi
2026-01-02 16:26:00.004 INFO  [scheduling-1] c.s.s.w.s.WalletWorthSnapshotScheduler - Taking wallet worth snapshot for wallet from user: igor.bialas@gmail.com
2026-01-02 16:26:02.402 INFO  [org.springframework.kafka.KafkaListenerEndpointContainer#0-0-C-1] c.s.s.indicators.IndicatorListener - Received Message in group stockapi: ["1a946387-efd2-42dc-9ad3-7c1d9c08784e"]
2026-01-02 16:26:02.449 INFO  [org.springframework.kafka.KafkaListenerEndpointContainer#0-0-C-1] c.s.s.indicators.IndicatorCalculator - Number of candles retrieved for BarSeries: 3013
2026-01-02 16:26:02.449 INFO  [org.springframework.kafka.KafkaListenerEndpointContainer#0-0-C-1] c.s.s.indicators.IndicatorCalculator - List of candles:
2026-01-02 16:26:02.495 INFO  [org.springframework.kafka.KafkaListenerEndpointContainer#0-0-C-1] c.s.s.indicators.IndicatorCalculator - Number of candles retrieved for BarSeries: 3013
2026-01-02 16:26:02.495 INFO  [org.springframework.kafka.KafkaListenerEndpointContainer#0-0-C-1] c.s.s.indicators.IndicatorCalculator - List of candles:
2026-01-02 16:26:02.543 INFO  [org.springframework.kafka.KafkaListenerEndpointContainer#0-0-C-1] c.s.s.indicators.IndicatorCalculator - Number of candles retrieved for BarSeries: 3013
2026-01-02 16:26:02.543 INFO  [org.springframework.kafka.KafkaListenerEndpointContainer#0-0-C-1] c.s.s.indicators.IndicatorCalculator - List of candles:
2026-01-02 16:26:02.550 INFO  [org.springframework.kafka.KafkaListenerEndpointContainer#0-0-C-1] c.s.s.indicators.IndicatorListener - Saved Indicator Event in group stockapi
2026-01-02 16:26:02.553 INFO  [org.springframework.kafka.KafkaListenerEndpointContainer#0-0-C-1] c.s.s.indicators.IndicatorListener - Received Message in group stockapi: ["3f0bcfe5-15a5-450b-b078-edb95fc4796e"]
2026-01-02 16:26:02.598 INFO  [org.springframework.kafka.KafkaListenerEndpointContainer#0-0-C-1] c.s.s.indicators.IndicatorCalculator - Number of candles retrieved for BarSeries: 3014
2026-01-02 16:26:02.598 INFO  [org.springframework.kafka.KafkaListenerEndpointContainer#0-0-C-1] c.s.s.indicators.IndicatorCalculator - List of candles:
2026-01-02 16:26:02.648 INFO  [org.springframework.kafka.KafkaListenerEndpointContainer#0-0-C-1] c.s.s.indicators.IndicatorCalculator - Number of candles retrieved for BarSeries: 3014
2026-01-02 16:26:02.648 INFO  [org.springframework.kafka.KafkaListenerEndpointContainer#0-0-C-1] c.s.s.indicators.IndicatorCalculator - List of candles:
2026-01-02 16:26:02.700 INFO  [org.springframework.kafka.KafkaListenerEndpointContainer#0-0-C-1] c.s.s.indicators.IndicatorCalculator - Number of candles retrieved for BarSeries: 3014
2026-01-02 16:26:02.700 INFO  [org.springframework.kafka.KafkaListenerEndpointContainer#0-0-C-1] c.s.s.indicators.IndicatorCalculator - List of candles:
2026-01-02 16:26:02.707 INFO  [org.springframework.kafka.KafkaListenerEndpointContainer#0-0-C-1] c.s.s.indicators.IndicatorListener - Saved Indicator Event in group stockapi
2026-01-02 16:26:02.709 INFO  [org.springframework.kafka.KafkaListenerEndpointContainer#0-0-C-1] c.s.s.indicators.IndicatorListener - Received Message in group stockapi: ["37b3cc28-18b5-40f8-a9c1-93f190011011"]
2026-01-02 16:26:02.751 INFO  [org.springframework.kafka.KafkaListenerEndpointContainer#0-0-C-1] c.s.s.indicators.IndicatorCalculator - Number of candles retrieved for BarSeries: 3014
2026-01-02 16:26:02.752 INFO  [org.springframework.kafka.KafkaListenerEndpointContainer#0-0-C-1] c.s.s.indicators.IndicatorCalculator - List of candles:
2026-01-02 16:26:02.803 INFO  [org.springframework.kafka.KafkaListenerEndpointContainer#0-0-C-1] c.s.s.indicators.IndicatorCalculator - Number of candles retrieved for BarSeries: 3014
2026-01-02 16:26:02.804 INFO  [org.springframework.kafka.KafkaListenerEndpointContainer#0-0-C-1] c.s.s.indicators.IndicatorCalculator - List of candles:
2026-01-02 16:26:02.852 INFO  [org.springframework.kafka.KafkaListenerEndpointContainer#0-0-C-1] c.s.s.indicators.IndicatorCalculator - Number of candles retrieved for BarSeries: 3014
2026-01-02 16:26:02.853 INFO  [org.springframework.kafka.KafkaListenerEndpointContainer#0-0-C-1] c.s.s.indicators.IndicatorCalculator - List of candles:
2026-01-02 16:26:02.858 INFO  [org.springframework.kafka.KafkaListenerEndpointContainer#0-0-C-1] c.s.s.indicators.IndicatorListener - Saved Indicator Event in group stockapi
2026-01-02 16:26:02.859 INFO  [org.springframework.kafka.KafkaListenerEndpointContainer#0-0-C-1] c.s.s.indicators.IndicatorListener - Received Message in group stockapi: ["a18fb9a8-aafd-4426-a14c-3789aecbbb78"]
2026-01-02 16:26:02.902 INFO  [org.springframework.kafka.KafkaListenerEndpointContainer#0-0-C-1] c.s.s.indicators.IndicatorCalculator - Number of candles retrieved for BarSeries: 3014
2026-01-02 16:26:02.902 INFO  [org.springframework.kafka.KafkaListenerEndpointContainer#0-0-C-1] c.s.s.indicators.IndicatorCalculator - List of candles:
2026-01-02 16:26:02.947 INFO  [org.springframework.kafka.KafkaListenerEndpointContainer#0-0-C-1] c.s.s.indicators.IndicatorCalculator - Number of candles retrieved for BarSeries: 3014
2026-01-02 16:26:02.947 INFO  [org.springframework.kafka.KafkaListenerEndpointContainer#0-0-C-1] c.s.s.indicators.IndicatorCalculator - List of candles:
2026-01-02 16:26:02.995 INFO  [org.springframework.kafka.KafkaListenerEndpointContainer#0-0-C-1] c.s.s.indicators.IndicatorCalculator - Number of candles retrieved for BarSeries: 3014
2026-01-02 16:26:02.995 INFO  [org.springframework.kafka.KafkaListenerEndpointContainer#0-0-C-1] c.s.s.indicators.IndicatorCalculator - List of candles:
2026-01-02 16:26:03.002 INFO  [org.springframework.kafka.KafkaListenerEndpointContainer#0-0-C-1] c.s.s.indicators.IndicatorListener - Saved Indicator Event in group stockapi
2026-01-02 16:26:14.101 INFO  [org.springframework.kafka.KafkaListenerEndpointContainer#0-0-C-1] o.a.k.c.c.i.ConsumerRebalanceListenerInvoker - [Consumer clientId=consumer-stockapi-1, groupId=stockapi] Revoke previously assigned partitions indicator_events-0
2026-01-02 16:26:14.101 INFO  [org.springframework.kafka.KafkaListenerEndpointContainer#0-0-C-1] o.s.k.l.KafkaMessageListenerContainer - stockapi: partitions revoked: [indicator_events-0]
2026-01-02 16:26:14.102 INFO  [org.springframework.kafka.KafkaListenerEndpointContainer#0-0-C-1] o.a.k.c.c.i.ConsumerCoordinator - [Consumer clientId=consumer-stockapi-1, groupId=stockapi] Member consumer-stockapi-1-1cf31722-55a8-4d7f-adea-0fdd90d87f4c sending LeaveGroup request to coordinator kafka:9092 (id: 2147483646 rack: null) due to the consumer unsubscribed from all topics
2026-01-02 16:26:14.102 INFO  [org.springframework.kafka.KafkaListenerEndpointContainer#0-0-C-1] o.a.k.c.c.i.ConsumerCoordinator - [Consumer clientId=consumer-stockapi-1, groupId=stockapi] Resetting generation and member id due to: consumer pro-actively leaving the group
2026-01-02 16:26:14.102 INFO  [org.springframework.kafka.KafkaListenerEndpointContainer#0-0-C-1] o.a.k.c.c.i.ConsumerCoordinator - [Consumer clientId=consumer-stockapi-1, groupId=stockapi] Request joining group due to: consumer pro-actively leaving the group
2026-01-02 16:26:14.102 INFO  [org.springframework.kafka.KafkaListenerEndpointContainer#0-0-C-1] o.a.k.c.c.i.LegacyKafkaConsumer - [Consumer clientId=consumer-stockapi-1, groupId=stockapi] Unsubscribed all topics or patterns and assigned partitions
2026-01-02 16:26:14.103 INFO  [org.springframework.kafka.KafkaListenerEndpointContainer#0-0-C-1] o.a.k.c.c.i.ConsumerCoordinator - [Consumer clientId=consumer-stockapi-1, groupId=stockapi] Resetting generation and member id due to: consumer pro-actively leaving the group
2026-01-02 16:26:14.103 INFO  [org.springframework.kafka.KafkaListenerEndpointContainer#0-0-C-1] o.a.k.c.c.i.ConsumerCoordinator - [Consumer clientId=consumer-stockapi-1, groupId=stockapi] Request joining group due to: consumer pro-actively leaving the group
2026-01-02 16:26:14.248 INFO  [org.springframework.kafka.KafkaListenerEndpointContainer#0-0-C-1] o.a.kafka.common.metrics.Metrics - Metrics scheduler closed
2026-01-02 16:26:14.248 INFO  [org.springframework.kafka.KafkaListenerEndpointContainer#0-0-C-1] o.a.kafka.common.metrics.Metrics - Closing reporter org.apache.kafka.common.metrics.JmxReporter
2026-01-02 16:26:14.248 INFO  [org.springframework.kafka.KafkaListenerEndpointContainer#0-0-C-1] o.a.kafka.common.metrics.Metrics - Closing reporter org.apache.kafka.common.telemetry.internals.ClientTelemetryReporter
2026-01-02 16:26:14.248 INFO  [org.springframework.kafka.KafkaListenerEndpointContainer#0-0-C-1] o.a.kafka.common.metrics.Metrics - Metrics reporters closed
2026-01-02 16:26:14.252 INFO  [org.springframework.kafka.KafkaListenerEndpointContainer#0-0-C-1] o.a.kafka.common.utils.AppInfoParser - App info kafka.consumer for consumer-stockapi-1 unregistered
2026-01-02 16:26:14.253 INFO  [org.springframework.kafka.KafkaListenerEndpointContainer#0-0-C-1] o.s.k.l.KafkaMessageListenerContainer - stockapi: Consumer stopped
2026-01-02 16:26:14.254 INFO  [SpringApplicationShutdownHook] o.s.b.w.e.tomcat.GracefulShutdown - Commencing graceful shutdown. Waiting for active requests to complete
2026-01-02 16:26:14.256 INFO  [tomcat-shutdown] o.s.b.w.e.tomcat.GracefulShutdown - Graceful shutdown complete
2026-01-02 16:26:14.265 INFO  [SpringApplicationShutdownHook] o.s.o.j.LocalContainerEntityManagerFactoryBean - Closing JPA EntityManagerFactory for persistence unit 'default'
2026-01-02 16:26:14.266 INFO  [SpringApplicationShutdownHook] com.zaxxer.hikari.HikariDataSource - HikariPool-1 - Shutdown initiated...
2026-01-02 16:26:14.268 INFO  [SpringApplicationShutdownHook] com.zaxxer.hikari.HikariDataSource - HikariPool-1 - Shutdown completed.
