2026-01-03 19:00:15.368 INFO  [background-preinit] o.h.validator.internal.util.Version - HV000001: Hibernate Validator 8.0.2.Final
2026-01-03 19:00:15.415 INFO  [main] c.s.stockapi.StockapiApplication - Starting StockapiApplication v0.0.1-SNAPSHOT using Java 21.0.9 with PID 1 (/app/app.jar started by root in /app)
2026-01-03 19:00:15.416 INFO  [main] c.s.stockapi.StockapiApplication - The following 1 profile is active: "dev"
2026-01-03 19:00:16.069 INFO  [main] o.s.d.r.c.RepositoryConfigurationDelegate - Bootstrapping Spring Data JPA repositories in DEFAULT mode.
2026-01-03 19:00:16.121 INFO  [main] o.s.d.r.c.RepositoryConfigurationDelegate - Finished Spring Data repository scanning in 46 ms. Found 11 JPA repository interfaces.
2026-01-03 19:00:16.730 INFO  [main] o.s.b.w.e.tomcat.TomcatWebServer - Tomcat initialized with port 8080 (http)
2026-01-03 19:00:16.744 INFO  [main] o.a.coyote.http11.Http11NioProtocol - Initializing ProtocolHandler ["http-nio-8080"]
2026-01-03 19:00:16.745 INFO  [main] o.a.catalina.core.StandardService - Starting service [Tomcat]
2026-01-03 19:00:16.745 INFO  [main] o.a.catalina.core.StandardEngine - Starting Servlet engine: [Apache Tomcat/10.1.40]
2026-01-03 19:00:16.767 INFO  [main] o.a.c.c.C.[Tomcat].[localhost].[/] - Initializing Spring embedded WebApplicationContext
2026-01-03 19:00:16.768 INFO  [main] o.s.b.w.s.c.ServletWebServerApplicationContext - Root WebApplicationContext: initialization completed in 1301 ms
2026-01-03 19:00:17.025 INFO  [main] com.zaxxer.hikari.HikariDataSource - HikariPool-1 - Starting...
2026-01-03 19:00:17.164 INFO  [main] com.zaxxer.hikari.pool.HikariPool - HikariPool-1 - Added connection org.postgresql.jdbc.PgConnection@280d5a82
2026-01-03 19:00:17.165 INFO  [main] com.zaxxer.hikari.HikariDataSource - HikariPool-1 - Start completed.
2026-01-03 19:00:17.194 INFO  [main] o.h.jpa.internal.util.LogHelper - HHH000204: Processing PersistenceUnitInfo [name: default]
2026-01-03 19:00:17.238 INFO  [main] org.hibernate.Version - HHH000412: Hibernate ORM core version 6.6.13.Final
2026-01-03 19:00:17.271 INFO  [main] o.h.c.i.RegionFactoryInitiator - HHH000026: Second-level cache disabled
2026-01-03 19:00:17.451 INFO  [main] o.s.o.j.p.SpringPersistenceUnitInfo - No LoadTimeWeaver setup: ignoring JPA class transformer
2026-01-03 19:00:17.491 WARN  [main] org.hibernate.orm.deprecation - HHH90000025: PostgreSQLDialect does not need to be specified explicitly using 'hibernate.dialect' (remove the property setting and it will be selected by default)
2026-01-03 19:00:17.501 INFO  [main] o.hibernate.orm.connections.pooling - HHH10001005: Database info:
	Database JDBC URL [Connecting through datasource 'HikariDataSource (HikariPool-1)']
	Database driver: undefined/unknown
	Database version: 15.15
	Autocommit mode: undefined/unknown
	Isolation level: undefined/unknown
	Minimum pool size: undefined/unknown
	Maximum pool size: undefined/unknown
2026-01-03 19:00:18.259 INFO  [main] o.h.e.t.j.p.i.JtaPlatformInitiator - HHH000489: No JTA platform available (set 'hibernate.transaction.jta.platform' to enable JTA platform integration)
2026-01-03 19:00:18.261 INFO  [main] o.s.o.j.LocalContainerEntityManagerFactoryBean - Initialized JPA EntityManagerFactory for persistence unit 'default'
2026-01-03 19:00:18.446 INFO  [main] o.s.d.j.r.query.QueryEnhancerFactory - Hibernate is in classpath; If applicable, HQL parser will be used.
2026-01-03 19:00:19.240 INFO  [main] o.s.s.c.a.a.c.InitializeAuthenticationProviderBeanManagerConfigurer$InitializeAuthenticationProviderManagerConfigurer - Global AuthenticationManager configured with AuthenticationProvider bean with name authenticationProvider
2026-01-03 19:00:19.296 WARN  [main] o.s.b.a.o.j.JpaBaseConfiguration$JpaWebConfiguration - spring.jpa.open-in-view is enabled by default. Therefore, database queries may be performed during view rendering. Explicitly configure spring.jpa.open-in-view to disable this warning
2026-01-03 19:00:19.363 WARN  [main] o.s.s.c.a.w.c.AuthorizeHttpRequestsConfigurer$AuthorizationManagerRequestMatcherRegistry - One of the patterns in [candles/**, users/**, /actuator/health] is missing a leading slash. This is discouraged; please include the leading slash in all your request matcher patterns. In future versions of Spring Security, leaving out the leading slash will result in an exception.
2026-01-03 19:00:19.591 INFO  [main] o.s.b.a.e.web.EndpointLinksResolver - Exposing 2 endpoints beneath base path '/actuator'
2026-01-03 19:00:19.961 INFO  [main] o.a.coyote.http11.Http11NioProtocol - Starting ProtocolHandler ["http-nio-8080"]
2026-01-03 19:00:19.968 INFO  [main] o.s.b.w.e.tomcat.TomcatWebServer - Tomcat started on port 8080 (http) with context path '/'
2026-01-03 19:00:19.992 INFO  [main] o.a.k.c.consumer.ConsumerConfig - ConsumerConfig values: 
	allow.auto.create.topics = true
	auto.commit.interval.ms = 5000
	auto.include.jmx.reporter = true
	auto.offset.reset = latest
	bootstrap.servers = [kafka:9092]
	check.crcs = true
	client.dns.lookup = use_all_dns_ips
	client.id = consumer-stockapi-1
	client.rack = 
	connections.max.idle.ms = 540000
	default.api.timeout.ms = 60000
	enable.auto.commit = false
	enable.metrics.push = true
	exclude.internal.topics = true
	fetch.max.bytes = 52428800
	fetch.max.wait.ms = 500
	fetch.min.bytes = 1
	group.id = stockapi
	group.instance.id = null
	group.protocol = classic
	group.remote.assignor = null
	heartbeat.interval.ms = 3000
	interceptor.classes = []
	internal.leave.group.on.close = true
	internal.throw.on.fetch.stable.offset.unsupported = false
	isolation.level = read_uncommitted
	key.deserializer = class org.apache.kafka.common.serialization.StringDeserializer
	max.partition.fetch.bytes = 1048576
	max.poll.interval.ms = 300000
	max.poll.records = 500
	metadata.max.age.ms = 300000
	metadata.recovery.strategy = none
	metric.reporters = []
	metrics.num.samples = 2
	metrics.recording.level = INFO
	metrics.sample.window.ms = 30000
	partition.assignment.strategy = [class org.apache.kafka.clients.consumer.RangeAssignor, class org.apache.kafka.clients.consumer.CooperativeStickyAssignor]
	receive.buffer.bytes = 65536
	reconnect.backoff.max.ms = 1000
	reconnect.backoff.ms = 50
	request.timeout.ms = 30000
	retry.backoff.max.ms = 1000
	retry.backoff.ms = 100
	sasl.client.callback.handler.class = null
	sasl.jaas.config = null
	sasl.kerberos.kinit.cmd = /usr/bin/kinit
	sasl.kerberos.min.time.before.relogin = 60000
	sasl.kerberos.service.name = null
	sasl.kerberos.ticket.renew.jitter = 0.05
	sasl.kerberos.ticket.renew.window.factor = 0.8
	sasl.login.callback.handler.class = null
	sasl.login.class = null
	sasl.login.connect.timeout.ms = null
	sasl.login.read.timeout.ms = null
	sasl.login.refresh.buffer.seconds = 300
	sasl.login.refresh.min.period.seconds = 60
	sasl.login.refresh.window.factor = 0.8
	sasl.login.refresh.window.jitter = 0.05
	sasl.login.retry.backoff.max.ms = 10000
	sasl.login.retry.backoff.ms = 100
	sasl.mechanism = GSSAPI
	sasl.oauthbearer.clock.skew.seconds = 30
	sasl.oauthbearer.expected.audience = null
	sasl.oauthbearer.expected.issuer = null
	sasl.oauthbearer.jwks.endpoint.refresh.ms = 3600000
	sasl.oauthbearer.jwks.endpoint.retry.backoff.max.ms = 10000
	sasl.oauthbearer.jwks.endpoint.retry.backoff.ms = 100
	sasl.oauthbearer.jwks.endpoint.url = null
	sasl.oauthbearer.scope.claim.name = scope
	sasl.oauthbearer.sub.claim.name = sub
	sasl.oauthbearer.token.endpoint.url = null
	security.protocol = PLAINTEXT
	security.providers = null
	send.buffer.bytes = 131072
	session.timeout.ms = 45000
	socket.connection.setup.timeout.max.ms = 30000
	socket.connection.setup.timeout.ms = 10000
	ssl.cipher.suites = null
	ssl.enabled.protocols = [TLSv1.2, TLSv1.3]
	ssl.endpoint.identification.algorithm = https
	ssl.engine.factory.class = null
	ssl.key.password = null
	ssl.keymanager.algorithm = SunX509
	ssl.keystore.certificate.chain = null
	ssl.keystore.key = null
	ssl.keystore.location = null
	ssl.keystore.password = null
	ssl.keystore.type = JKS
	ssl.protocol = TLSv1.3
	ssl.provider = null
	ssl.secure.random.implementation = null
	ssl.trustmanager.algorithm = PKIX
	ssl.truststore.certificates = null
	ssl.truststore.location = null
	ssl.truststore.password = null
	ssl.truststore.type = JKS
	value.deserializer = class org.apache.kafka.common.serialization.StringDeserializer

2026-01-03 19:00:20.023 INFO  [main] o.a.k.c.t.i.KafkaMetricsCollector - initializing Kafka metrics collector
2026-01-03 19:00:20.120 INFO  [main] o.a.kafka.common.utils.AppInfoParser - Kafka version: 3.8.1
2026-01-03 19:00:20.121 INFO  [main] o.a.kafka.common.utils.AppInfoParser - Kafka commitId: 70d6ff42debf7e17
2026-01-03 19:00:20.121 INFO  [main] o.a.kafka.common.utils.AppInfoParser - Kafka startTimeMs: 1767463220119
2026-01-03 19:00:20.129 INFO  [main] o.a.k.c.c.i.LegacyKafkaConsumer - [Consumer clientId=consumer-stockapi-1, groupId=stockapi] Subscribed to topic(s): indicator_events
2026-01-03 19:00:20.144 INFO  [main] c.s.stockapi.StockapiApplication - Started StockapiApplication in 5.128 seconds (process running for 5.401)
2026-01-03 19:00:20.337 INFO  [org.springframework.kafka.KafkaListenerEndpointContainer#0-0-C-1] org.apache.kafka.clients.Metadata - [Consumer clientId=consumer-stockapi-1, groupId=stockapi] Cluster ID: 5L6g3nShT-eMCtK--X86sw
2026-01-03 19:00:20.337 INFO  [org.springframework.kafka.KafkaListenerEndpointContainer#0-0-C-1] o.a.k.c.c.i.ConsumerCoordinator - [Consumer clientId=consumer-stockapi-1, groupId=stockapi] Discovered group coordinator kafka:9092 (id: 2147483646 rack: null)
2026-01-03 19:00:20.339 INFO  [org.springframework.kafka.KafkaListenerEndpointContainer#0-0-C-1] o.a.k.c.c.i.ConsumerCoordinator - [Consumer clientId=consumer-stockapi-1, groupId=stockapi] (Re-)joining group
2026-01-03 19:00:20.352 INFO  [org.springframework.kafka.KafkaListenerEndpointContainer#0-0-C-1] o.a.k.c.c.i.ConsumerCoordinator - [Consumer clientId=consumer-stockapi-1, groupId=stockapi] Request joining group due to: need to re-join with the given member-id: consumer-stockapi-1-d8715473-723d-4aaf-ab41-5a9c1e193cc7
2026-01-03 19:00:20.352 INFO  [org.springframework.kafka.KafkaListenerEndpointContainer#0-0-C-1] o.a.k.c.c.i.ConsumerCoordinator - [Consumer clientId=consumer-stockapi-1, groupId=stockapi] (Re-)joining group
2026-01-03 19:00:23.365 INFO  [org.springframework.kafka.KafkaListenerEndpointContainer#0-0-C-1] o.a.k.c.c.i.ConsumerCoordinator - [Consumer clientId=consumer-stockapi-1, groupId=stockapi] Successfully joined group with generation Generation{generationId=3, memberId='consumer-stockapi-1-d8715473-723d-4aaf-ab41-5a9c1e193cc7', protocol='range'}
2026-01-03 19:00:23.371 INFO  [org.springframework.kafka.KafkaListenerEndpointContainer#0-0-C-1] o.a.k.c.c.i.ConsumerCoordinator - [Consumer clientId=consumer-stockapi-1, groupId=stockapi] Finished assignment for group at generation 3: {consumer-stockapi-1-d8715473-723d-4aaf-ab41-5a9c1e193cc7=Assignment(partitions=[indicator_events-0])}
2026-01-03 19:00:23.382 INFO  [org.springframework.kafka.KafkaListenerEndpointContainer#0-0-C-1] o.a.k.c.c.i.ConsumerCoordinator - [Consumer clientId=consumer-stockapi-1, groupId=stockapi] Successfully synced group in generation Generation{generationId=3, memberId='consumer-stockapi-1-d8715473-723d-4aaf-ab41-5a9c1e193cc7', protocol='range'}
2026-01-03 19:00:23.382 INFO  [org.springframework.kafka.KafkaListenerEndpointContainer#0-0-C-1] o.a.k.c.c.i.ConsumerCoordinator - [Consumer clientId=consumer-stockapi-1, groupId=stockapi] Notifying assignor about the new Assignment(partitions=[indicator_events-0])
2026-01-03 19:00:23.385 INFO  [org.springframework.kafka.KafkaListenerEndpointContainer#0-0-C-1] o.a.k.c.c.i.ConsumerRebalanceListenerInvoker - [Consumer clientId=consumer-stockapi-1, groupId=stockapi] Adding newly assigned partitions: indicator_events-0
2026-01-03 19:00:23.398 INFO  [org.springframework.kafka.KafkaListenerEndpointContainer#0-0-C-1] o.a.k.c.c.internals.ConsumerUtils - Setting offset for partition indicator_events-0 to the committed offset FetchPosition{offset=3212, offsetEpoch=Optional.empty, currentLeader=LeaderAndEpoch{leader=Optional[kafka:9092 (id: 1 rack: null)], epoch=2}}
2026-01-03 19:00:23.399 INFO  [org.springframework.kafka.KafkaListenerEndpointContainer#0-0-C-1] o.s.k.l.KafkaMessageListenerContainer - stockapi: partitions assigned: [indicator_events-0]
2026-01-03 19:00:23.431 INFO  [org.springframework.kafka.KafkaListenerEndpointContainer#0-0-C-1] c.s.s.indicators.IndicatorListener - Received Message in group stockapi: ["adae089c-062d-4e30-ade4-860f57dcba1f"]
2026-01-03 19:00:23.604 INFO  [org.springframework.kafka.KafkaListenerEndpointContainer#0-0-C-1] c.s.s.indicators.IndicatorCalculator - Number of candles retrieved for BarSeries: 200
2026-01-03 19:00:23.604 INFO  [org.springframework.kafka.KafkaListenerEndpointContainer#0-0-C-1] c.s.s.indicators.IndicatorCalculator - List of candles:
2026-01-03 19:00:23.688 INFO  [org.springframework.kafka.KafkaListenerEndpointContainer#0-0-C-1] c.s.s.indicators.IndicatorCalculator - Number of candles retrieved for BarSeries: 200
2026-01-03 19:00:23.688 INFO  [org.springframework.kafka.KafkaListenerEndpointContainer#0-0-C-1] c.s.s.indicators.IndicatorCalculator - List of candles:
2026-01-03 19:00:23.714 INFO  [org.springframework.kafka.KafkaListenerEndpointContainer#0-0-C-1] c.s.s.indicators.IndicatorCalculator - Number of candles retrieved for BarSeries: 200
2026-01-03 19:00:23.714 INFO  [org.springframework.kafka.KafkaListenerEndpointContainer#0-0-C-1] c.s.s.indicators.IndicatorCalculator - List of candles:
2026-01-03 19:00:23.721 INFO  [org.springframework.kafka.KafkaListenerEndpointContainer#0-0-C-1] c.s.s.indicators.IndicatorListener - Saved Indicator Event in group stockapi
2026-01-03 19:00:23.723 INFO  [org.springframework.kafka.KafkaListenerEndpointContainer#0-0-C-1] c.s.s.indicators.IndicatorListener - Received Message in group stockapi: ["7eb64cb8-643d-42be-85e3-05c3e4df5dfd"]
2026-01-03 19:00:23.757 INFO  [org.springframework.kafka.KafkaListenerEndpointContainer#0-0-C-1] c.s.s.indicators.IndicatorCalculator - Number of candles retrieved for BarSeries: 200
2026-01-03 19:00:23.757 INFO  [org.springframework.kafka.KafkaListenerEndpointContainer#0-0-C-1] c.s.s.indicators.IndicatorCalculator - List of candles:
2026-01-03 19:00:23.781 INFO  [org.springframework.kafka.KafkaListenerEndpointContainer#0-0-C-1] c.s.s.indicators.IndicatorCalculator - Number of candles retrieved for BarSeries: 200
2026-01-03 19:00:23.782 INFO  [org.springframework.kafka.KafkaListenerEndpointContainer#0-0-C-1] c.s.s.indicators.IndicatorCalculator - List of candles:
2026-01-03 19:00:23.819 INFO  [org.springframework.kafka.KafkaListenerEndpointContainer#0-0-C-1] c.s.s.indicators.IndicatorCalculator - Number of candles retrieved for BarSeries: 200
2026-01-03 19:00:23.819 INFO  [org.springframework.kafka.KafkaListenerEndpointContainer#0-0-C-1] c.s.s.indicators.IndicatorCalculator - List of candles:
2026-01-03 19:00:23.826 INFO  [org.springframework.kafka.KafkaListenerEndpointContainer#0-0-C-1] c.s.s.indicators.IndicatorListener - Saved Indicator Event in group stockapi
2026-01-03 19:00:23.826 INFO  [org.springframework.kafka.KafkaListenerEndpointContainer#0-0-C-1] c.s.s.indicators.IndicatorListener - Received Message in group stockapi: ["599f7abd-8fac-41e4-bdfe-01e4d31e11f3"]
2026-01-03 19:00:23.846 INFO  [org.springframework.kafka.KafkaListenerEndpointContainer#0-0-C-1] c.s.s.indicators.IndicatorCalculator - Number of candles retrieved for BarSeries: 208
2026-01-03 19:00:23.846 INFO  [org.springframework.kafka.KafkaListenerEndpointContainer#0-0-C-1] c.s.s.indicators.IndicatorCalculator - List of candles:
2026-01-03 19:00:23.866 INFO  [org.springframework.kafka.KafkaListenerEndpointContainer#0-0-C-1] c.s.s.indicators.IndicatorCalculator - Number of candles retrieved for BarSeries: 208
2026-01-03 19:00:23.866 INFO  [org.springframework.kafka.KafkaListenerEndpointContainer#0-0-C-1] c.s.s.indicators.IndicatorCalculator - List of candles:
2026-01-03 19:00:23.885 INFO  [org.springframework.kafka.KafkaListenerEndpointContainer#0-0-C-1] c.s.s.indicators.IndicatorCalculator - Number of candles retrieved for BarSeries: 208
2026-01-03 19:00:23.885 INFO  [org.springframework.kafka.KafkaListenerEndpointContainer#0-0-C-1] c.s.s.indicators.IndicatorCalculator - List of candles:
2026-01-03 19:00:23.890 INFO  [org.springframework.kafka.KafkaListenerEndpointContainer#0-0-C-1] c.s.s.indicators.IndicatorListener - Saved Indicator Event in group stockapi
2026-01-03 19:00:23.891 INFO  [org.springframework.kafka.KafkaListenerEndpointContainer#0-0-C-1] c.s.s.indicators.IndicatorListener - Received Message in group stockapi: ["cfaf461e-d898-414e-be43-f88661dd5cd0"]
2026-01-03 19:00:23.914 INFO  [org.springframework.kafka.KafkaListenerEndpointContainer#0-0-C-1] c.s.s.indicators.IndicatorCalculator - Number of candles retrieved for BarSeries: 200
2026-01-03 19:00:23.915 INFO  [org.springframework.kafka.KafkaListenerEndpointContainer#0-0-C-1] c.s.s.indicators.IndicatorCalculator - List of candles:
2026-01-03 19:00:23.934 INFO  [org.springframework.kafka.KafkaListenerEndpointContainer#0-0-C-1] c.s.s.indicators.IndicatorCalculator - Number of candles retrieved for BarSeries: 200
2026-01-03 19:00:23.934 INFO  [org.springframework.kafka.KafkaListenerEndpointContainer#0-0-C-1] c.s.s.indicators.IndicatorCalculator - List of candles:
2026-01-03 19:00:23.950 INFO  [org.springframework.kafka.KafkaListenerEndpointContainer#0-0-C-1] c.s.s.indicators.IndicatorCalculator - Number of candles retrieved for BarSeries: 200
2026-01-03 19:00:23.950 INFO  [org.springframework.kafka.KafkaListenerEndpointContainer#0-0-C-1] c.s.s.indicators.IndicatorCalculator - List of candles:
2026-01-03 19:00:23.955 INFO  [org.springframework.kafka.KafkaListenerEndpointContainer#0-0-C-1] c.s.s.indicators.IndicatorListener - Saved Indicator Event in group stockapi
2026-01-03 19:00:23.955 INFO  [org.springframework.kafka.KafkaListenerEndpointContainer#0-0-C-1] c.s.s.indicators.IndicatorListener - Received Message in group stockapi: ["92ffbfac-daf1-46e1-a658-d3d5f7ac712a"]
2026-01-03 19:00:23.971 INFO  [org.springframework.kafka.KafkaListenerEndpointContainer#0-0-C-1] c.s.s.indicators.IndicatorCalculator - Number of candles retrieved for BarSeries: 209
2026-01-03 19:00:23.971 INFO  [org.springframework.kafka.KafkaListenerEndpointContainer#0-0-C-1] c.s.s.indicators.IndicatorCalculator - List of candles:
2026-01-03 19:00:23.992 INFO  [org.springframework.kafka.KafkaListenerEndpointContainer#0-0-C-1] c.s.s.indicators.IndicatorCalculator - Number of candles retrieved for BarSeries: 209
2026-01-03 19:00:23.993 INFO  [org.springframework.kafka.KafkaListenerEndpointContainer#0-0-C-1] c.s.s.indicators.IndicatorCalculator - List of candles:
2026-01-03 19:00:24.016 INFO  [org.springframework.kafka.KafkaListenerEndpointContainer#0-0-C-1] c.s.s.indicators.IndicatorCalculator - Number of candles retrieved for BarSeries: 209
2026-01-03 19:00:24.016 INFO  [org.springframework.kafka.KafkaListenerEndpointContainer#0-0-C-1] c.s.s.indicators.IndicatorCalculator - List of candles:
2026-01-03 19:00:24.023 INFO  [org.springframework.kafka.KafkaListenerEndpointContainer#0-0-C-1] c.s.s.indicators.IndicatorListener - Saved Indicator Event in group stockapi
2026-01-03 19:00:24.023 INFO  [org.springframework.kafka.KafkaListenerEndpointContainer#0-0-C-1] c.s.s.indicators.IndicatorListener - Received Message in group stockapi: ["5721edac-9d2a-4140-9c29-e987da33a21c"]
2026-01-03 19:00:24.042 INFO  [org.springframework.kafka.KafkaListenerEndpointContainer#0-0-C-1] c.s.s.indicators.IndicatorCalculator - Number of candles retrieved for BarSeries: 209
2026-01-03 19:00:24.043 INFO  [org.springframework.kafka.KafkaListenerEndpointContainer#0-0-C-1] c.s.s.indicators.IndicatorCalculator - List of candles:
2026-01-03 19:00:24.063 INFO  [org.springframework.kafka.KafkaListenerEndpointContainer#0-0-C-1] c.s.s.indicators.IndicatorCalculator - Number of candles retrieved for BarSeries: 209
2026-01-03 19:00:24.064 INFO  [org.springframework.kafka.KafkaListenerEndpointContainer#0-0-C-1] c.s.s.indicators.IndicatorCalculator - List of candles:
2026-01-03 19:00:24.082 INFO  [org.springframework.kafka.KafkaListenerEndpointContainer#0-0-C-1] c.s.s.indicators.IndicatorCalculator - Number of candles retrieved for BarSeries: 209
2026-01-03 19:00:24.083 INFO  [org.springframework.kafka.KafkaListenerEndpointContainer#0-0-C-1] c.s.s.indicators.IndicatorCalculator - List of candles:
2026-01-03 19:00:24.089 INFO  [org.springframework.kafka.KafkaListenerEndpointContainer#0-0-C-1] c.s.s.indicators.IndicatorListener - Saved Indicator Event in group stockapi
2026-01-03 19:00:24.090 INFO  [org.springframework.kafka.KafkaListenerEndpointContainer#0-0-C-1] c.s.s.indicators.IndicatorListener - Received Message in group stockapi: ["f83c7bed-95d4-49ad-b3f7-9c52dd3dbb4f"]
2026-01-03 19:00:24.102 INFO  [org.springframework.kafka.KafkaListenerEndpointContainer#0-0-C-1] c.s.s.indicators.IndicatorCalculator - Number of candles retrieved for BarSeries: 209
2026-01-03 19:00:24.102 INFO  [org.springframework.kafka.KafkaListenerEndpointContainer#0-0-C-1] c.s.s.indicators.IndicatorCalculator - List of candles:
2026-01-03 19:00:24.116 INFO  [org.springframework.kafka.KafkaListenerEndpointContainer#0-0-C-1] c.s.s.indicators.IndicatorCalculator - Number of candles retrieved for BarSeries: 209
2026-01-03 19:00:24.117 INFO  [org.springframework.kafka.KafkaListenerEndpointContainer#0-0-C-1] c.s.s.indicators.IndicatorCalculator - List of candles:
2026-01-03 19:00:24.130 INFO  [org.springframework.kafka.KafkaListenerEndpointContainer#0-0-C-1] c.s.s.indicators.IndicatorCalculator - Number of candles retrieved for BarSeries: 209
2026-01-03 19:00:24.130 INFO  [org.springframework.kafka.KafkaListenerEndpointContainer#0-0-C-1] c.s.s.indicators.IndicatorCalculator - List of candles:
2026-01-03 19:00:24.134 INFO  [org.springframework.kafka.KafkaListenerEndpointContainer#0-0-C-1] c.s.s.indicators.IndicatorListener - Saved Indicator Event in group stockapi
2026-01-03 19:00:24.134 INFO  [org.springframework.kafka.KafkaListenerEndpointContainer#0-0-C-1] c.s.s.indicators.IndicatorListener - Received Message in group stockapi: ["b3df458e-be77-461e-a12c-81a1eeada083"]
2026-01-03 19:00:24.149 INFO  [org.springframework.kafka.KafkaListenerEndpointContainer#0-0-C-1] c.s.s.indicators.IndicatorCalculator - Number of candles retrieved for BarSeries: 200
2026-01-03 19:00:24.150 INFO  [org.springframework.kafka.KafkaListenerEndpointContainer#0-0-C-1] c.s.s.indicators.IndicatorCalculator - List of candles:
2026-01-03 19:00:24.163 INFO  [org.springframework.kafka.KafkaListenerEndpointContainer#0-0-C-1] c.s.s.indicators.IndicatorCalculator - Number of candles retrieved for BarSeries: 200
2026-01-03 19:00:24.163 INFO  [org.springframework.kafka.KafkaListenerEndpointContainer#0-0-C-1] c.s.s.indicators.IndicatorCalculator - List of candles:
2026-01-03 19:00:24.173 INFO  [org.springframework.kafka.KafkaListenerEndpointContainer#0-0-C-1] c.s.s.indicators.IndicatorCalculator - Number of candles retrieved for BarSeries: 200
2026-01-03 19:00:24.174 INFO  [org.springframework.kafka.KafkaListenerEndpointContainer#0-0-C-1] c.s.s.indicators.IndicatorCalculator - List of candles:
2026-01-03 19:00:24.177 INFO  [org.springframework.kafka.KafkaListenerEndpointContainer#0-0-C-1] c.s.s.indicators.IndicatorListener - Saved Indicator Event in group stockapi
2026-01-03 19:00:24.177 INFO  [org.springframework.kafka.KafkaListenerEndpointContainer#0-0-C-1] c.s.s.indicators.IndicatorListener - Received Message in group stockapi: ["9eb06eb2-57c3-4a99-a7f7-c35fbc3c2393"]
2026-01-03 19:00:24.185 INFO  [org.springframework.kafka.KafkaListenerEndpointContainer#0-0-C-1] c.s.s.indicators.IndicatorCalculator - Number of candles retrieved for BarSeries: 209
2026-01-03 19:00:24.185 INFO  [org.springframework.kafka.KafkaListenerEndpointContainer#0-0-C-1] c.s.s.indicators.IndicatorCalculator - List of candles:
2026-01-03 19:00:24.196 INFO  [org.springframework.kafka.KafkaListenerEndpointContainer#0-0-C-1] c.s.s.indicators.IndicatorCalculator - Number of candles retrieved for BarSeries: 209
2026-01-03 19:00:24.197 INFO  [org.springframework.kafka.KafkaListenerEndpointContainer#0-0-C-1] c.s.s.indicators.IndicatorCalculator - List of candles:
2026-01-03 19:00:24.211 INFO  [org.springframework.kafka.KafkaListenerEndpointContainer#0-0-C-1] c.s.s.indicators.IndicatorCalculator - Number of candles retrieved for BarSeries: 209
2026-01-03 19:00:24.211 INFO  [org.springframework.kafka.KafkaListenerEndpointContainer#0-0-C-1] c.s.s.indicators.IndicatorCalculator - List of candles:
2026-01-03 19:00:24.216 INFO  [org.springframework.kafka.KafkaListenerEndpointContainer#0-0-C-1] c.s.s.indicators.IndicatorListener - Saved Indicator Event in group stockapi
2026-01-03 19:00:24.217 INFO  [org.springframework.kafka.KafkaListenerEndpointContainer#0-0-C-1] c.s.s.indicators.IndicatorListener - Received Message in group stockapi: ["8c90c3b8-76f7-4c48-9102-fe37b196dc8e"]
2026-01-03 19:00:24.227 INFO  [org.springframework.kafka.KafkaListenerEndpointContainer#0-0-C-1] c.s.s.indicators.IndicatorCalculator - Number of candles retrieved for BarSeries: 209
2026-01-03 19:00:24.228 INFO  [org.springframework.kafka.KafkaListenerEndpointContainer#0-0-C-1] c.s.s.indicators.IndicatorCalculator - List of candles:
2026-01-03 19:00:24.245 INFO  [org.springframework.kafka.KafkaListenerEndpointContainer#0-0-C-1] c.s.s.indicators.IndicatorCalculator - Number of candles retrieved for BarSeries: 209
2026-01-03 19:00:24.245 INFO  [org.springframework.kafka.KafkaListenerEndpointContainer#0-0-C-1] c.s.s.indicators.IndicatorCalculator - List of candles:
2026-01-03 19:00:24.256 INFO  [org.springframework.kafka.KafkaListenerEndpointContainer#0-0-C-1] c.s.s.indicators.IndicatorCalculator - Number of candles retrieved for BarSeries: 209
2026-01-03 19:00:24.257 INFO  [org.springframework.kafka.KafkaListenerEndpointContainer#0-0-C-1] c.s.s.indicators.IndicatorCalculator - List of candles:
2026-01-03 19:00:24.260 INFO  [org.springframework.kafka.KafkaListenerEndpointContainer#0-0-C-1] c.s.s.indicators.IndicatorListener - Saved Indicator Event in group stockapi
2026-01-03 19:00:24.260 INFO  [org.springframework.kafka.KafkaListenerEndpointContainer#0-0-C-1] c.s.s.indicators.IndicatorListener - Received Message in group stockapi: ["5d50e526-6f79-4724-90f9-fd58aedf0695"]
2026-01-03 19:00:24.273 INFO  [org.springframework.kafka.KafkaListenerEndpointContainer#0-0-C-1] c.s.s.indicators.IndicatorCalculator - Number of candles retrieved for BarSeries: 209
2026-01-03 19:00:24.273 INFO  [org.springframework.kafka.KafkaListenerEndpointContainer#0-0-C-1] c.s.s.indicators.IndicatorCalculator - List of candles:
2026-01-03 19:00:24.283 INFO  [org.springframework.kafka.KafkaListenerEndpointContainer#0-0-C-1] c.s.s.indicators.IndicatorCalculator - Number of candles retrieved for BarSeries: 209
2026-01-03 19:00:24.283 INFO  [org.springframework.kafka.KafkaListenerEndpointContainer#0-0-C-1] c.s.s.indicators.IndicatorCalculator - List of candles:
2026-01-03 19:00:24.300 INFO  [org.springframework.kafka.KafkaListenerEndpointContainer#0-0-C-1] c.s.s.indicators.IndicatorCalculator - Number of candles retrieved for BarSeries: 209
2026-01-03 19:00:24.301 INFO  [org.springframework.kafka.KafkaListenerEndpointContainer#0-0-C-1] c.s.s.indicators.IndicatorCalculator - List of candles:
2026-01-03 19:00:24.305 INFO  [org.springframework.kafka.KafkaListenerEndpointContainer#0-0-C-1] c.s.s.indicators.IndicatorListener - Saved Indicator Event in group stockapi
2026-01-03 19:00:24.305 INFO  [org.springframework.kafka.KafkaListenerEndpointContainer#0-0-C-1] c.s.s.indicators.IndicatorListener - Received Message in group stockapi: ["801abcb7-92fc-4235-84f8-6b0306336256"]
2026-01-03 19:00:24.312 INFO  [org.springframework.kafka.KafkaListenerEndpointContainer#0-0-C-1] c.s.s.indicators.IndicatorCalculator - Number of candles retrieved for BarSeries: 209
2026-01-03 19:00:24.312 INFO  [org.springframework.kafka.KafkaListenerEndpointContainer#0-0-C-1] c.s.s.indicators.IndicatorCalculator - List of candles:
2026-01-03 19:00:24.320 INFO  [org.springframework.kafka.KafkaListenerEndpointContainer#0-0-C-1] c.s.s.indicators.IndicatorCalculator - Number of candles retrieved for BarSeries: 209
2026-01-03 19:00:24.320 INFO  [org.springframework.kafka.KafkaListenerEndpointContainer#0-0-C-1] c.s.s.indicators.IndicatorCalculator - List of candles:
2026-01-03 19:00:24.329 INFO  [org.springframework.kafka.KafkaListenerEndpointContainer#0-0-C-1] c.s.s.indicators.IndicatorCalculator - Number of candles retrieved for BarSeries: 209
2026-01-03 19:00:24.329 INFO  [org.springframework.kafka.KafkaListenerEndpointContainer#0-0-C-1] c.s.s.indicators.IndicatorCalculator - List of candles:
2026-01-03 19:00:24.331 INFO  [org.springframework.kafka.KafkaListenerEndpointContainer#0-0-C-1] c.s.s.indicators.IndicatorListener - Saved Indicator Event in group stockapi
2026-01-03 19:00:24.345 INFO  [org.springframework.kafka.KafkaListenerEndpointContainer#0-0-C-1] c.s.s.indicators.IndicatorListener - Received Message in group stockapi: ["142af548-489d-42b9-9728-669d0a02dbb5"]
2026-01-03 19:00:24.353 INFO  [org.springframework.kafka.KafkaListenerEndpointContainer#0-0-C-1] c.s.s.indicators.IndicatorCalculator - Number of candles retrieved for BarSeries: 209
2026-01-03 19:00:24.353 INFO  [org.springframework.kafka.KafkaListenerEndpointContainer#0-0-C-1] c.s.s.indicators.IndicatorCalculator - List of candles:
2026-01-03 19:00:24.368 INFO  [org.springframework.kafka.KafkaListenerEndpointContainer#0-0-C-1] c.s.s.indicators.IndicatorCalculator - Number of candles retrieved for BarSeries: 209
2026-01-03 19:00:24.369 INFO  [org.springframework.kafka.KafkaListenerEndpointContainer#0-0-C-1] c.s.s.indicators.IndicatorCalculator - List of candles:
2026-01-03 19:00:24.385 INFO  [org.springframework.kafka.KafkaListenerEndpointContainer#0-0-C-1] c.s.s.indicators.IndicatorCalculator - Number of candles retrieved for BarSeries: 209
2026-01-03 19:00:24.386 INFO  [org.springframework.kafka.KafkaListenerEndpointContainer#0-0-C-1] c.s.s.indicators.IndicatorCalculator - List of candles:
2026-01-03 19:00:24.391 INFO  [org.springframework.kafka.KafkaListenerEndpointContainer#0-0-C-1] c.s.s.indicators.IndicatorListener - Saved Indicator Event in group stockapi
2026-01-03 19:00:24.395 INFO  [org.springframework.kafka.KafkaListenerEndpointContainer#0-0-C-1] c.s.s.indicators.IndicatorListener - Received Message in group stockapi: ["6e476590-8d81-47e3-9fcc-0fde3ed10f34"]
2026-01-03 19:00:24.407 INFO  [org.springframework.kafka.KafkaListenerEndpointContainer#0-0-C-1] c.s.s.indicators.IndicatorCalculator - Number of candles retrieved for BarSeries: 209
2026-01-03 19:00:24.407 INFO  [org.springframework.kafka.KafkaListenerEndpointContainer#0-0-C-1] c.s.s.indicators.IndicatorCalculator - List of candles:
2026-01-03 19:00:24.420 INFO  [org.springframework.kafka.KafkaListenerEndpointContainer#0-0-C-1] c.s.s.indicators.IndicatorCalculator - Number of candles retrieved for BarSeries: 209
2026-01-03 19:00:24.420 INFO  [org.springframework.kafka.KafkaListenerEndpointContainer#0-0-C-1] c.s.s.indicators.IndicatorCalculator - List of candles:
2026-01-03 19:00:24.433 INFO  [org.springframework.kafka.KafkaListenerEndpointContainer#0-0-C-1] c.s.s.indicators.IndicatorCalculator - Number of candles retrieved for BarSeries: 209
2026-01-03 19:00:24.434 INFO  [org.springframework.kafka.KafkaListenerEndpointContainer#0-0-C-1] c.s.s.indicators.IndicatorCalculator - List of candles:
2026-01-03 19:00:24.441 INFO  [org.springframework.kafka.KafkaListenerEndpointContainer#0-0-C-1] c.s.s.indicators.IndicatorListener - Saved Indicator Event in group stockapi
2026-01-03 19:00:24.441 INFO  [org.springframework.kafka.KafkaListenerEndpointContainer#0-0-C-1] c.s.s.indicators.IndicatorListener - Received Message in group stockapi: ["108c658d-debe-4b07-8180-fac16da49b15"]
2026-01-03 19:00:24.452 INFO  [org.springframework.kafka.KafkaListenerEndpointContainer#0-0-C-1] c.s.s.indicators.IndicatorCalculator - Number of candles retrieved for BarSeries: 209
2026-01-03 19:00:24.452 INFO  [org.springframework.kafka.KafkaListenerEndpointContainer#0-0-C-1] c.s.s.indicators.IndicatorCalculator - List of candles:
2026-01-03 19:00:24.466 INFO  [org.springframework.kafka.KafkaListenerEndpointContainer#0-0-C-1] c.s.s.indicators.IndicatorCalculator - Number of candles retrieved for BarSeries: 209
2026-01-03 19:00:24.466 INFO  [org.springframework.kafka.KafkaListenerEndpointContainer#0-0-C-1] c.s.s.indicators.IndicatorCalculator - List of candles:
2026-01-03 19:00:24.476 INFO  [org.springframework.kafka.KafkaListenerEndpointContainer#0-0-C-1] c.s.s.indicators.IndicatorCalculator - Number of candles retrieved for BarSeries: 209
2026-01-03 19:00:24.476 INFO  [org.springframework.kafka.KafkaListenerEndpointContainer#0-0-C-1] c.s.s.indicators.IndicatorCalculator - List of candles:
2026-01-03 19:00:24.481 INFO  [org.springframework.kafka.KafkaListenerEndpointContainer#0-0-C-1] c.s.s.indicators.IndicatorListener - Saved Indicator Event in group stockapi
2026-01-03 19:00:24.481 INFO  [org.springframework.kafka.KafkaListenerEndpointContainer#0-0-C-1] c.s.s.indicators.IndicatorListener - Received Message in group stockapi: ["664dee86-80ba-48c2-b23d-5ce076768429"]
2026-01-03 19:00:24.490 INFO  [org.springframework.kafka.KafkaListenerEndpointContainer#0-0-C-1] c.s.s.indicators.IndicatorCalculator - Number of candles retrieved for BarSeries: 209
2026-01-03 19:00:24.490 INFO  [org.springframework.kafka.KafkaListenerEndpointContainer#0-0-C-1] c.s.s.indicators.IndicatorCalculator - List of candles:
2026-01-03 19:00:24.498 INFO  [org.springframework.kafka.KafkaListenerEndpointContainer#0-0-C-1] c.s.s.indicators.IndicatorCalculator - Number of candles retrieved for BarSeries: 209
2026-01-03 19:00:24.498 INFO  [org.springframework.kafka.KafkaListenerEndpointContainer#0-0-C-1] c.s.s.indicators.IndicatorCalculator - List of candles:
2026-01-03 19:00:24.508 INFO  [org.springframework.kafka.KafkaListenerEndpointContainer#0-0-C-1] c.s.s.indicators.IndicatorCalculator - Number of candles retrieved for BarSeries: 209
2026-01-03 19:00:24.508 INFO  [org.springframework.kafka.KafkaListenerEndpointContainer#0-0-C-1] c.s.s.indicators.IndicatorCalculator - List of candles:
2026-01-03 19:00:24.511 INFO  [org.springframework.kafka.KafkaListenerEndpointContainer#0-0-C-1] c.s.s.indicators.IndicatorListener - Saved Indicator Event in group stockapi
2026-01-03 19:00:24.868 INFO  [http-nio-8080-exec-1] o.a.c.c.C.[Tomcat].[localhost].[/] - Initializing Spring DispatcherServlet 'dispatcherServlet'
2026-01-03 19:00:24.869 INFO  [http-nio-8080-exec-1] o.s.web.servlet.DispatcherServlet - Initializing Servlet 'dispatcherServlet'
2026-01-03 19:00:24.869 INFO  [http-nio-8080-exec-1] o.s.web.servlet.DispatcherServlet - Completed initialization in 0 ms
2026-01-03 19:00:24.940 INFO  [org.springframework.kafka.KafkaListenerEndpointContainer#0-0-C-1] c.s.s.indicators.IndicatorListener - Received Message in group stockapi: ["e444c71f-96ae-408d-9419-a62e172db7bf"]
2026-01-03 19:00:24.949 INFO  [org.springframework.kafka.KafkaListenerEndpointContainer#0-0-C-1] c.s.s.indicators.IndicatorCalculator - Number of candles retrieved for BarSeries: 210
2026-01-03 19:00:24.949 INFO  [org.springframework.kafka.KafkaListenerEndpointContainer#0-0-C-1] c.s.s.indicators.IndicatorCalculator - List of candles:
2026-01-03 19:00:24.960 INFO  [org.springframework.kafka.KafkaListenerEndpointContainer#0-0-C-1] c.s.s.indicators.IndicatorCalculator - Number of candles retrieved for BarSeries: 210
2026-01-03 19:00:24.960 INFO  [org.springframework.kafka.KafkaListenerEndpointContainer#0-0-C-1] c.s.s.indicators.IndicatorCalculator - List of candles:
2026-01-03 19:00:24.969 INFO  [org.springframework.kafka.KafkaListenerEndpointContainer#0-0-C-1] c.s.s.indicators.IndicatorCalculator - Number of candles retrieved for BarSeries: 210
2026-01-03 19:00:24.970 INFO  [org.springframework.kafka.KafkaListenerEndpointContainer#0-0-C-1] c.s.s.indicators.IndicatorCalculator - List of candles:
2026-01-03 19:00:24.973 INFO  [org.springframework.kafka.KafkaListenerEndpointContainer#0-0-C-1] c.s.s.indicators.IndicatorListener - Saved Indicator Event in group stockapi
2026-01-03 19:00:24.977 INFO  [org.springframework.kafka.KafkaListenerEndpointContainer#0-0-C-1] c.s.s.indicators.IndicatorListener - Received Message in group stockapi: ["5037290f-7e7d-46ae-94de-f27258536b98"]
2026-01-03 19:00:24.991 INFO  [org.springframework.kafka.KafkaListenerEndpointContainer#0-0-C-1] c.s.s.indicators.IndicatorCalculator - Number of candles retrieved for BarSeries: 210
2026-01-03 19:00:24.991 INFO  [org.springframework.kafka.KafkaListenerEndpointContainer#0-0-C-1] c.s.s.indicators.IndicatorCalculator - List of candles:
2026-01-03 19:00:25.005 INFO  [org.springframework.kafka.KafkaListenerEndpointContainer#0-0-C-1] c.s.s.indicators.IndicatorCalculator - Number of candles retrieved for BarSeries: 210
2026-01-03 19:00:25.005 INFO  [org.springframework.kafka.KafkaListenerEndpointContainer#0-0-C-1] c.s.s.indicators.IndicatorCalculator - List of candles:
2026-01-03 19:00:25.013 INFO  [org.springframework.kafka.KafkaListenerEndpointContainer#0-0-C-1] c.s.s.indicators.IndicatorCalculator - Number of candles retrieved for BarSeries: 210
2026-01-03 19:00:25.013 INFO  [org.springframework.kafka.KafkaListenerEndpointContainer#0-0-C-1] c.s.s.indicators.IndicatorCalculator - List of candles:
2026-01-03 19:00:25.016 INFO  [org.springframework.kafka.KafkaListenerEndpointContainer#0-0-C-1] c.s.s.indicators.IndicatorListener - Saved Indicator Event in group stockapi
2026-01-03 19:00:25.020 INFO  [org.springframework.kafka.KafkaListenerEndpointContainer#0-0-C-1] c.s.s.indicators.IndicatorListener - Received Message in group stockapi: ["035127fa-54f4-4e0f-947e-183a1655d6a5"]
2026-01-03 19:00:25.029 INFO  [org.springframework.kafka.KafkaListenerEndpointContainer#0-0-C-1] c.s.s.indicators.IndicatorCalculator - Number of candles retrieved for BarSeries: 210
2026-01-03 19:00:25.029 INFO  [org.springframework.kafka.KafkaListenerEndpointContainer#0-0-C-1] c.s.s.indicators.IndicatorCalculator - List of candles:
2026-01-03 19:00:25.043 INFO  [org.springframework.kafka.KafkaListenerEndpointContainer#0-0-C-1] c.s.s.indicators.IndicatorCalculator - Number of candles retrieved for BarSeries: 210
2026-01-03 19:00:25.043 INFO  [org.springframework.kafka.KafkaListenerEndpointContainer#0-0-C-1] c.s.s.indicators.IndicatorCalculator - List of candles:
2026-01-03 19:00:25.052 INFO  [org.springframework.kafka.KafkaListenerEndpointContainer#0-0-C-1] c.s.s.indicators.IndicatorCalculator - Number of candles retrieved for BarSeries: 210
2026-01-03 19:00:25.052 INFO  [org.springframework.kafka.KafkaListenerEndpointContainer#0-0-C-1] c.s.s.indicators.IndicatorCalculator - List of candles:
2026-01-03 19:00:25.054 INFO  [org.springframework.kafka.KafkaListenerEndpointContainer#0-0-C-1] c.s.s.indicators.IndicatorListener - Saved Indicator Event in group stockapi
2026-01-03 19:00:25.054 INFO  [org.springframework.kafka.KafkaListenerEndpointContainer#0-0-C-1] c.s.s.indicators.IndicatorListener - Received Message in group stockapi: ["78986ecb-ade4-470a-847f-c3e416629db9"]
2026-01-03 19:00:25.061 INFO  [org.springframework.kafka.KafkaListenerEndpointContainer#0-0-C-1] c.s.s.indicators.IndicatorCalculator - Number of candles retrieved for BarSeries: 210
2026-01-03 19:00:25.061 INFO  [org.springframework.kafka.KafkaListenerEndpointContainer#0-0-C-1] c.s.s.indicators.IndicatorCalculator - List of candles:
2026-01-03 19:00:25.068 INFO  [org.springframework.kafka.KafkaListenerEndpointContainer#0-0-C-1] c.s.s.indicators.IndicatorCalculator - Number of candles retrieved for BarSeries: 210
2026-01-03 19:00:25.068 INFO  [org.springframework.kafka.KafkaListenerEndpointContainer#0-0-C-1] c.s.s.indicators.IndicatorCalculator - List of candles:
2026-01-03 19:00:25.075 INFO  [org.springframework.kafka.KafkaListenerEndpointContainer#0-0-C-1] c.s.s.indicators.IndicatorCalculator - Number of candles retrieved for BarSeries: 210
2026-01-03 19:00:25.075 INFO  [org.springframework.kafka.KafkaListenerEndpointContainer#0-0-C-1] c.s.s.indicators.IndicatorCalculator - List of candles:
2026-01-03 19:00:25.077 INFO  [org.springframework.kafka.KafkaListenerEndpointContainer#0-0-C-1] c.s.s.indicators.IndicatorListener - Saved Indicator Event in group stockapi
2026-01-03 19:00:30.015 INFO  [scheduling-1] c.s.s.trade.service.TradeExecutor - [BTCUSDC] Executing trades for managed accounts...
2026-01-03 19:00:30.027 INFO  [scheduling-1] c.s.s.trade.service.TradeService - Executing trades for managed assets for pair BTCUSDC
2026-01-03 19:00:30.027 INFO  [scheduling-1] c.s.s.trade.service.TradeService - Found 0 users with managed assets for pair BTCUSDC
2026-01-03 19:00:30.868 INFO  [scheduling-1] c.s.s.trade.service.TradeExecutor - [ETHBTC] Executing trades for managed accounts...
2026-01-03 19:00:30.870 INFO  [scheduling-1] c.s.s.trade.service.TradeService - Executing trades for managed assets for pair ETHBTC
2026-01-03 19:00:30.871 INFO  [scheduling-1] c.s.s.trade.service.TradeService - Found 0 users with managed assets for pair ETHBTC
2026-01-03 19:00:31.267 INFO  [scheduling-1] c.s.s.trade.service.TradeExecutor - [SOLUSDC] Executing trades for managed accounts...
2026-01-03 19:00:31.275 INFO  [scheduling-1] c.s.s.trade.service.TradeService - Executing trades for managed assets for pair SOLUSDC
2026-01-03 19:00:31.275 INFO  [scheduling-1] c.s.s.trade.service.TradeService - Found 1 users with managed assets for pair SOLUSDC
2026-01-03 19:00:31.789 INFO  [scheduling-1] c.s.s.trade.service.TradeService - Checking user igor.bialas@gmail.com for managed asset trades...
2026-01-03 19:00:31.811 ERROR [scheduling-1] c.s.s.trade.service.TradeService - Error processing managed asset trades for user igor.bialas@gmail.com: failed to lazily initialize a collection of role: com.stockviewer.stockapi.wallet.entity.Wallet.ownedAssets: could not initialize proxy - no Session
org.hibernate.LazyInitializationException: failed to lazily initialize a collection of role: com.stockviewer.stockapi.wallet.entity.Wallet.ownedAssets: could not initialize proxy - no Session
	at org.hibernate.collection.spi.AbstractPersistentCollection.throwLazyInitializationException(AbstractPersistentCollection.java:635)
	at org.hibernate.collection.spi.AbstractPersistentCollection.withTemporarySessionIfNeeded(AbstractPersistentCollection.java:219)
	at org.hibernate.collection.spi.AbstractPersistentCollection.initialize(AbstractPersistentCollection.java:614)
	at org.hibernate.collection.spi.AbstractPersistentCollection.read(AbstractPersistentCollection.java:138)
	at org.hibernate.collection.spi.PersistentSet.iterator(PersistentSet.java:166)
	at java.base/java.util.Spliterators$IteratorSpliterator.estimateSize(Unknown Source)
	at java.base/java.util.Spliterator.getExactSizeIfKnown(Unknown Source)
	at java.base/java.util.stream.AbstractPipeline.copyIntoWithCancel(Unknown Source)
	at java.base/java.util.stream.AbstractPipeline.copyInto(Unknown Source)
	at java.base/java.util.stream.AbstractPipeline.wrapAndCopyInto(Unknown Source)
	at java.base/java.util.stream.FindOps$FindOp.evaluateSequential(Unknown Source)
	at java.base/java.util.stream.AbstractPipeline.evaluate(Unknown Source)
	at java.base/java.util.stream.ReferencePipeline.findFirst(Unknown Source)
	at com.stockviewer.stockapi.trade.service.TradeService.getOwnedAssetAmountFromWallet(TradeService.java:283)
	at com.stockviewer.stockapi.trade.service.TradeService.executeTradeForManagedAssets(TradeService.java:175)
	at com.stockviewer.stockapi.trade.service.TradeExecutor.executeTradesForManagedAssets(TradeExecutor.java:44)
	at java.base/jdk.internal.reflect.DirectMethodHandleAccessor.invoke(Unknown Source)
	at java.base/java.lang.reflect.Method.invoke(Unknown Source)
	at org.springframework.scheduling.support.ScheduledMethodRunnable.runInternal(ScheduledMethodRunnable.java:130)
	at org.springframework.scheduling.support.ScheduledMethodRunnable.lambda$run$2(ScheduledMethodRunnable.java:124)
	at io.micrometer.observation.Observation.observe(Observation.java:498)
	at org.springframework.scheduling.support.ScheduledMethodRunnable.run(ScheduledMethodRunnable.java:124)
	at org.springframework.scheduling.config.Task$OutcomeTrackingRunnable.run(Task.java:85)
	at org.springframework.scheduling.support.DelegatingErrorHandlingRunnable.run(DelegatingErrorHandlingRunnable.java:54)
	at org.springframework.scheduling.concurrent.ReschedulingRunnable.run(ReschedulingRunnable.java:96)
	at java.base/java.util.concurrent.Executors$RunnableAdapter.call(Unknown Source)
	at java.base/java.util.concurrent.FutureTask.run(Unknown Source)
	at java.base/java.util.concurrent.ScheduledThreadPoolExecutor$ScheduledFutureTask.run(Unknown Source)
	at java.base/java.util.concurrent.ThreadPoolExecutor.runWorker(Unknown Source)
	at java.base/java.util.concurrent.ThreadPoolExecutor$Worker.run(Unknown Source)
	at java.base/java.lang.Thread.run(Unknown Source)
2026-01-03 19:00:31.812 INFO  [scheduling-1] c.s.s.trade.service.TradeExecutor - [ETHUSDC] Executing trades for managed accounts...
2026-01-03 19:00:31.814 INFO  [scheduling-1] c.s.s.trade.service.TradeService - Executing trades for managed assets for pair ETHUSDC
2026-01-03 19:00:31.814 INFO  [scheduling-1] c.s.s.trade.service.TradeService - Found 0 users with managed assets for pair ETHUSDC
2026-01-03 19:01:00.006 INFO  [scheduling-1] c.s.s.w.s.WalletWorthSnapshotScheduler - Taking wallet worth snapshot for wallet from user: igor.bialas@gmail.com
2026-01-03 19:01:15.014 ERROR [scheduling-1] o.s.s.s.TaskUtils$LoggingErrorHandler - Unexpected error occurred in scheduled task
org.springframework.dao.IncorrectResultSizeDataAccessException: Query did not return a unique result: 210 results were returned
	at org.springframework.orm.jpa.vendor.HibernateJpaDialect.convertHibernateAccessException(HibernateJpaDialect.java:305)
	at org.springframework.orm.jpa.vendor.HibernateJpaDialect.convertHibernateAccessException(HibernateJpaDialect.java:256)
	at org.springframework.orm.jpa.vendor.HibernateJpaDialect.translateExceptionIfPossible(HibernateJpaDialect.java:244)
	at org.springframework.orm.jpa.AbstractEntityManagerFactoryBean.translateExceptionIfPossible(AbstractEntityManagerFactoryBean.java:560)
	at org.springframework.dao.support.ChainedPersistenceExceptionTranslator.translateExceptionIfPossible(ChainedPersistenceExceptionTranslator.java:61)
	at org.springframework.dao.support.DataAccessUtils.translateIfNecessary(DataAccessUtils.java:343)
	at org.springframework.dao.support.PersistenceExceptionTranslationInterceptor.invoke(PersistenceExceptionTranslationInterceptor.java:160)
	at org.springframework.aop.framework.ReflectiveMethodInvocation.proceed(ReflectiveMethodInvocation.java:184)
	at org.springframework.data.jpa.repository.support.CrudMethodMetadataPostProcessor$CrudMethodMetadataPopulatingMethodInterceptor.invoke(CrudMethodMetadataPostProcessor.java:136)
	at org.springframework.aop.framework.ReflectiveMethodInvocation.proceed(ReflectiveMethodInvocation.java:184)
	at org.springframework.aop.framework.JdkDynamicAopProxy.invoke(JdkDynamicAopProxy.java:223)
	at jdk.proxy2/jdk.proxy2.$Proxy169.findTopByPairAndTimeframeOrderByTimestampDesc(Unknown Source)
	at com.stockviewer.stockapi.candle.service.CandleService.getLatestCandleForPair(CandleService.java:133)
	at com.stockviewer.stockapi.trade.service.TradeExecutor.checkStopLossTakeProfit(TradeExecutor.java:30)
	at java.base/jdk.internal.reflect.DirectMethodHandleAccessor.invoke(Unknown Source)
	at java.base/java.lang.reflect.Method.invoke(Unknown Source)
	at org.springframework.scheduling.support.ScheduledMethodRunnable.runInternal(ScheduledMethodRunnable.java:130)
	at org.springframework.scheduling.support.ScheduledMethodRunnable.lambda$run$2(ScheduledMethodRunnable.java:124)
	at io.micrometer.observation.Observation.observe(Observation.java:498)
	at org.springframework.scheduling.support.ScheduledMethodRunnable.run(ScheduledMethodRunnable.java:124)
	at org.springframework.scheduling.config.Task$OutcomeTrackingRunnable.run(Task.java:85)
	at org.springframework.scheduling.support.DelegatingErrorHandlingRunnable.run(DelegatingErrorHandlingRunnable.java:54)
	at org.springframework.scheduling.concurrent.ReschedulingRunnable.run(ReschedulingRunnable.java:96)
	at java.base/java.util.concurrent.Executors$RunnableAdapter.call(Unknown Source)
	at java.base/java.util.concurrent.FutureTask.run(Unknown Source)
	at java.base/java.util.concurrent.ScheduledThreadPoolExecutor$ScheduledFutureTask.run(Unknown Source)
	at java.base/java.util.concurrent.ThreadPoolExecutor.runWorker(Unknown Source)
	at java.base/java.util.concurrent.ThreadPoolExecutor$Worker.run(Unknown Source)
	at java.base/java.lang.Thread.run(Unknown Source)
Caused by: org.hibernate.NonUniqueResultException: Query did not return a unique result: 210 results were returned
	at org.hibernate.query.spi.AbstractSelectionQuery.uniqueElement(AbstractSelectionQuery.java:298)
	at org.hibernate.query.spi.AbstractSelectionQuery.getSingleResult(AbstractSelectionQuery.java:281)
	at java.base/jdk.internal.reflect.DirectMethodHandleAccessor.invoke(Unknown Source)
	at java.base/java.lang.reflect.Method.invoke(Unknown Source)
	at org.springframework.orm.jpa.SharedEntityManagerCreator$DeferredQueryInvocationHandler.invoke(SharedEntityManagerCreator.java:419)
	at jdk.proxy2/jdk.proxy2.$Proxy197.getSingleResult(Unknown Source)
	at org.springframework.data.jpa.repository.query.JpaQueryExecution$SingleEntityExecution.doExecute(JpaQueryExecution.java:224)
	at org.springframework.data.jpa.repository.query.JpaQueryExecution.execute(JpaQueryExecution.java:93)
	at org.springframework.data.jpa.repository.query.AbstractJpaQuery.doExecute(AbstractJpaQuery.java:152)
	at org.springframework.data.jpa.repository.query.AbstractJpaQuery.execute(AbstractJpaQuery.java:140)
	at org.springframework.data.repository.core.support.RepositoryMethodInvoker.doInvoke(RepositoryMethodInvoker.java:170)
	at org.springframework.data.repository.core.support.RepositoryMethodInvoker.invoke(RepositoryMethodInvoker.java:158)
	at org.springframework.data.repository.core.support.QueryExecutorMethodInterceptor.doInvoke(QueryExecutorMethodInterceptor.java:170)
	at org.springframework.data.repository.core.support.QueryExecutorMethodInterceptor.invoke(QueryExecutorMethodInterceptor.java:149)
	at org.springframework.aop.framework.ReflectiveMethodInvocation.proceed(ReflectiveMethodInvocation.java:184)
	at org.springframework.data.projection.DefaultMethodInvokingMethodInterceptor.invoke(DefaultMethodInvokingMethodInterceptor.java:69)
	at org.springframework.aop.framework.ReflectiveMethodInvocation.proceed(ReflectiveMethodInvocation.java:184)
	at org.springframework.transaction.interceptor.TransactionAspectSupport.invokeWithinTransaction(TransactionAspectSupport.java:380)
	at org.springframework.transaction.interceptor.TransactionInterceptor.invoke(TransactionInterceptor.java:119)
	at org.springframework.aop.framework.ReflectiveMethodInvocation.proceed(ReflectiveMethodInvocation.java:184)
	at org.springframework.dao.support.PersistenceExceptionTranslationInterceptor.invoke(PersistenceExceptionTranslationInterceptor.java:138)
	... 22 common frames omitted
2026-01-03 19:01:30.005 INFO  [scheduling-1] c.s.s.trade.service.TradeExecutor - [BTCUSDC] Executing trades for managed accounts...
2026-01-03 19:01:30.008 INFO  [scheduling-1] c.s.s.trade.service.TradeService - Executing trades for managed assets for pair BTCUSDC
2026-01-03 19:01:30.009 INFO  [scheduling-1] c.s.s.trade.service.TradeService - Found 0 users with managed assets for pair BTCUSDC
2026-01-03 19:01:31.477 INFO  [scheduling-1] c.s.s.trade.service.TradeExecutor - [ETHBTC] Executing trades for managed accounts...
2026-01-03 19:01:31.482 INFO  [scheduling-1] c.s.s.trade.service.TradeService - Executing trades for managed assets for pair ETHBTC
2026-01-03 19:01:31.482 INFO  [scheduling-1] c.s.s.trade.service.TradeService - Found 0 users with managed assets for pair ETHBTC
2026-01-03 19:01:31.886 INFO  [scheduling-1] c.s.s.trade.service.TradeExecutor - [SOLUSDC] Executing trades for managed accounts...
2026-01-03 19:01:31.890 INFO  [scheduling-1] c.s.s.trade.service.TradeService - Executing trades for managed assets for pair SOLUSDC
2026-01-03 19:01:31.890 INFO  [scheduling-1] c.s.s.trade.service.TradeService - Found 1 users with managed assets for pair SOLUSDC
2026-01-03 19:01:32.402 INFO  [scheduling-1] c.s.s.trade.service.TradeService - Checking user igor.bialas@gmail.com for managed asset trades...
2026-01-03 19:01:32.416 ERROR [scheduling-1] c.s.s.trade.service.TradeService - Error processing managed asset trades for user igor.bialas@gmail.com: failed to lazily initialize a collection of role: com.stockviewer.stockapi.wallet.entity.Wallet.ownedAssets: could not initialize proxy - no Session
org.hibernate.LazyInitializationException: failed to lazily initialize a collection of role: com.stockviewer.stockapi.wallet.entity.Wallet.ownedAssets: could not initialize proxy - no Session
	at org.hibernate.collection.spi.AbstractPersistentCollection.throwLazyInitializationException(AbstractPersistentCollection.java:635)
	at org.hibernate.collection.spi.AbstractPersistentCollection.withTemporarySessionIfNeeded(AbstractPersistentCollection.java:219)
	at org.hibernate.collection.spi.AbstractPersistentCollection.initialize(AbstractPersistentCollection.java:614)
	at org.hibernate.collection.spi.AbstractPersistentCollection.read(AbstractPersistentCollection.java:138)
	at org.hibernate.collection.spi.PersistentSet.iterator(PersistentSet.java:166)
	at java.base/java.util.Spliterators$IteratorSpliterator.estimateSize(Unknown Source)
	at java.base/java.util.Spliterator.getExactSizeIfKnown(Unknown Source)
	at java.base/java.util.stream.AbstractPipeline.copyIntoWithCancel(Unknown Source)
	at java.base/java.util.stream.AbstractPipeline.copyInto(Unknown Source)
	at java.base/java.util.stream.AbstractPipeline.wrapAndCopyInto(Unknown Source)
	at java.base/java.util.stream.FindOps$FindOp.evaluateSequential(Unknown Source)
	at java.base/java.util.stream.AbstractPipeline.evaluate(Unknown Source)
	at java.base/java.util.stream.ReferencePipeline.findFirst(Unknown Source)
	at com.stockviewer.stockapi.trade.service.TradeService.getOwnedAssetAmountFromWallet(TradeService.java:283)
	at com.stockviewer.stockapi.trade.service.TradeService.executeTradeForManagedAssets(TradeService.java:175)
	at com.stockviewer.stockapi.trade.service.TradeExecutor.executeTradesForManagedAssets(TradeExecutor.java:44)
	at java.base/jdk.internal.reflect.DirectMethodHandleAccessor.invoke(Unknown Source)
	at java.base/java.lang.reflect.Method.invoke(Unknown Source)
	at org.springframework.scheduling.support.ScheduledMethodRunnable.runInternal(ScheduledMethodRunnable.java:130)
	at org.springframework.scheduling.support.ScheduledMethodRunnable.lambda$run$2(ScheduledMethodRunnable.java:124)
	at io.micrometer.observation.Observation.observe(Observation.java:498)
	at org.springframework.scheduling.support.ScheduledMethodRunnable.run(ScheduledMethodRunnable.java:124)
	at org.springframework.scheduling.config.Task$OutcomeTrackingRunnable.run(Task.java:85)
	at org.springframework.scheduling.support.DelegatingErrorHandlingRunnable.run(DelegatingErrorHandlingRunnable.java:54)
	at org.springframework.scheduling.concurrent.ReschedulingRunnable.run(ReschedulingRunnable.java:96)
	at java.base/java.util.concurrent.Executors$RunnableAdapter.call(Unknown Source)
	at java.base/java.util.concurrent.FutureTask.run(Unknown Source)
	at java.base/java.util.concurrent.ScheduledThreadPoolExecutor$ScheduledFutureTask.run(Unknown Source)
	at java.base/java.util.concurrent.ThreadPoolExecutor.runWorker(Unknown Source)
	at java.base/java.util.concurrent.ThreadPoolExecutor$Worker.run(Unknown Source)
	at java.base/java.lang.Thread.run(Unknown Source)
2026-01-03 19:01:32.416 INFO  [scheduling-1] c.s.s.trade.service.TradeExecutor - [ETHUSDC] Executing trades for managed accounts...
2026-01-03 19:01:32.418 INFO  [scheduling-1] c.s.s.trade.service.TradeService - Executing trades for managed assets for pair ETHUSDC
2026-01-03 19:01:32.418 INFO  [scheduling-1] c.s.s.trade.service.TradeService - Found 0 users with managed assets for pair ETHUSDC
2026-01-03 19:02:00.006 INFO  [scheduling-1] c.s.s.w.s.WalletWorthSnapshotScheduler - Taking wallet worth snapshot for wallet from user: igor.bialas@gmail.com
2026-01-03 19:02:03.258 INFO  [org.springframework.kafka.KafkaListenerEndpointContainer#0-0-C-1] c.s.s.indicators.IndicatorListener - Received Message in group stockapi: ["914a0dfd-e32c-48e6-ab57-952efa595516"]
2026-01-03 19:02:03.268 INFO  [org.springframework.kafka.KafkaListenerEndpointContainer#0-0-C-1] c.s.s.indicators.IndicatorCalculator - Number of candles retrieved for BarSeries: 211
2026-01-03 19:02:03.268 INFO  [org.springframework.kafka.KafkaListenerEndpointContainer#0-0-C-1] c.s.s.indicators.IndicatorCalculator - List of candles:
2026-01-03 19:02:03.277 INFO  [org.springframework.kafka.KafkaListenerEndpointContainer#0-0-C-1] c.s.s.indicators.IndicatorCalculator - Number of candles retrieved for BarSeries: 211
2026-01-03 19:02:03.277 INFO  [org.springframework.kafka.KafkaListenerEndpointContainer#0-0-C-1] c.s.s.indicators.IndicatorCalculator - List of candles:
2026-01-03 19:02:03.286 INFO  [org.springframework.kafka.KafkaListenerEndpointContainer#0-0-C-1] c.s.s.indicators.IndicatorCalculator - Number of candles retrieved for BarSeries: 211
2026-01-03 19:02:03.286 INFO  [org.springframework.kafka.KafkaListenerEndpointContainer#0-0-C-1] c.s.s.indicators.IndicatorCalculator - List of candles:
2026-01-03 19:02:03.289 INFO  [org.springframework.kafka.KafkaListenerEndpointContainer#0-0-C-1] c.s.s.indicators.IndicatorListener - Saved Indicator Event in group stockapi
2026-01-03 19:02:03.290 INFO  [org.springframework.kafka.KafkaListenerEndpointContainer#0-0-C-1] c.s.s.indicators.IndicatorListener - Received Message in group stockapi: ["ee4f6d1b-4619-46e6-b88e-188ffd3889a4"]
2026-01-03 19:02:03.299 INFO  [org.springframework.kafka.KafkaListenerEndpointContainer#0-0-C-1] c.s.s.indicators.IndicatorCalculator - Number of candles retrieved for BarSeries: 211
2026-01-03 19:02:03.299 INFO  [org.springframework.kafka.KafkaListenerEndpointContainer#0-0-C-1] c.s.s.indicators.IndicatorCalculator - List of candles:
2026-01-03 19:02:03.314 INFO  [org.springframework.kafka.KafkaListenerEndpointContainer#0-0-C-1] c.s.s.indicators.IndicatorCalculator - Number of candles retrieved for BarSeries: 211
2026-01-03 19:02:03.314 INFO  [org.springframework.kafka.KafkaListenerEndpointContainer#0-0-C-1] c.s.s.indicators.IndicatorCalculator - List of candles:
2026-01-03 19:02:03.328 INFO  [org.springframework.kafka.KafkaListenerEndpointContainer#0-0-C-1] c.s.s.indicators.IndicatorCalculator - Number of candles retrieved for BarSeries: 211
2026-01-03 19:02:03.328 INFO  [org.springframework.kafka.KafkaListenerEndpointContainer#0-0-C-1] c.s.s.indicators.IndicatorCalculator - List of candles:
2026-01-03 19:02:03.333 INFO  [org.springframework.kafka.KafkaListenerEndpointContainer#0-0-C-1] c.s.s.indicators.IndicatorListener - Saved Indicator Event in group stockapi
2026-01-03 19:02:03.334 INFO  [org.springframework.kafka.KafkaListenerEndpointContainer#0-0-C-1] c.s.s.indicators.IndicatorListener - Received Message in group stockapi: ["aa49fb37-353e-4c00-8f4d-606c8ac77d61"]
2026-01-03 19:02:03.342 INFO  [org.springframework.kafka.KafkaListenerEndpointContainer#0-0-C-1] c.s.s.indicators.IndicatorCalculator - Number of candles retrieved for BarSeries: 211
2026-01-03 19:02:03.343 INFO  [org.springframework.kafka.KafkaListenerEndpointContainer#0-0-C-1] c.s.s.indicators.IndicatorCalculator - List of candles:
2026-01-03 19:02:03.350 INFO  [org.springframework.kafka.KafkaListenerEndpointContainer#0-0-C-1] c.s.s.indicators.IndicatorCalculator - Number of candles retrieved for BarSeries: 211
2026-01-03 19:02:03.350 INFO  [org.springframework.kafka.KafkaListenerEndpointContainer#0-0-C-1] c.s.s.indicators.IndicatorCalculator - List of candles:
2026-01-03 19:02:03.363 INFO  [org.springframework.kafka.KafkaListenerEndpointContainer#0-0-C-1] c.s.s.indicators.IndicatorCalculator - Number of candles retrieved for BarSeries: 211
2026-01-03 19:02:03.364 INFO  [org.springframework.kafka.KafkaListenerEndpointContainer#0-0-C-1] c.s.s.indicators.IndicatorCalculator - List of candles:
2026-01-03 19:02:03.368 INFO  [org.springframework.kafka.KafkaListenerEndpointContainer#0-0-C-1] c.s.s.indicators.IndicatorListener - Saved Indicator Event in group stockapi
2026-01-03 19:02:03.372 INFO  [org.springframework.kafka.KafkaListenerEndpointContainer#0-0-C-1] c.s.s.indicators.IndicatorListener - Received Message in group stockapi: ["f6312c8e-7096-4644-a1b3-d0c51558c23d"]
2026-01-03 19:02:03.384 INFO  [org.springframework.kafka.KafkaListenerEndpointContainer#0-0-C-1] c.s.s.indicators.IndicatorCalculator - Number of candles retrieved for BarSeries: 211
2026-01-03 19:02:03.384 INFO  [org.springframework.kafka.KafkaListenerEndpointContainer#0-0-C-1] c.s.s.indicators.IndicatorCalculator - List of candles:
2026-01-03 19:02:03.398 INFO  [org.springframework.kafka.KafkaListenerEndpointContainer#0-0-C-1] c.s.s.indicators.IndicatorCalculator - Number of candles retrieved for BarSeries: 211
2026-01-03 19:02:03.398 INFO  [org.springframework.kafka.KafkaListenerEndpointContainer#0-0-C-1] c.s.s.indicators.IndicatorCalculator - List of candles:
2026-01-03 19:02:03.409 INFO  [org.springframework.kafka.KafkaListenerEndpointContainer#0-0-C-1] c.s.s.indicators.IndicatorCalculator - Number of candles retrieved for BarSeries: 211
2026-01-03 19:02:03.409 INFO  [org.springframework.kafka.KafkaListenerEndpointContainer#0-0-C-1] c.s.s.indicators.IndicatorCalculator - List of candles:
2026-01-03 19:02:03.412 INFO  [org.springframework.kafka.KafkaListenerEndpointContainer#0-0-C-1] c.s.s.indicators.IndicatorListener - Saved Indicator Event in group stockapi
2026-01-03 19:02:15.009 ERROR [scheduling-1] o.s.s.s.TaskUtils$LoggingErrorHandler - Unexpected error occurred in scheduled task
org.springframework.dao.IncorrectResultSizeDataAccessException: Query did not return a unique result: 211 results were returned
	at org.springframework.orm.jpa.vendor.HibernateJpaDialect.convertHibernateAccessException(HibernateJpaDialect.java:305)
	at org.springframework.orm.jpa.vendor.HibernateJpaDialect.convertHibernateAccessException(HibernateJpaDialect.java:256)
	at org.springframework.orm.jpa.vendor.HibernateJpaDialect.translateExceptionIfPossible(HibernateJpaDialect.java:244)
	at org.springframework.orm.jpa.AbstractEntityManagerFactoryBean.translateExceptionIfPossible(AbstractEntityManagerFactoryBean.java:560)
	at org.springframework.dao.support.ChainedPersistenceExceptionTranslator.translateExceptionIfPossible(ChainedPersistenceExceptionTranslator.java:61)
	at org.springframework.dao.support.DataAccessUtils.translateIfNecessary(DataAccessUtils.java:343)
	at org.springframework.dao.support.PersistenceExceptionTranslationInterceptor.invoke(PersistenceExceptionTranslationInterceptor.java:160)
	at org.springframework.aop.framework.ReflectiveMethodInvocation.proceed(ReflectiveMethodInvocation.java:184)
	at org.springframework.data.jpa.repository.support.CrudMethodMetadataPostProcessor$CrudMethodMetadataPopulatingMethodInterceptor.invoke(CrudMethodMetadataPostProcessor.java:136)
	at org.springframework.aop.framework.ReflectiveMethodInvocation.proceed(ReflectiveMethodInvocation.java:184)
	at org.springframework.aop.framework.JdkDynamicAopProxy.invoke(JdkDynamicAopProxy.java:223)
	at jdk.proxy2/jdk.proxy2.$Proxy169.findTopByPairAndTimeframeOrderByTimestampDesc(Unknown Source)
	at com.stockviewer.stockapi.candle.service.CandleService.getLatestCandleForPair(CandleService.java:133)
	at com.stockviewer.stockapi.trade.service.TradeExecutor.checkStopLossTakeProfit(TradeExecutor.java:30)
	at java.base/jdk.internal.reflect.DirectMethodHandleAccessor.invoke(Unknown Source)
	at java.base/java.lang.reflect.Method.invoke(Unknown Source)
	at org.springframework.scheduling.support.ScheduledMethodRunnable.runInternal(ScheduledMethodRunnable.java:130)
	at org.springframework.scheduling.support.ScheduledMethodRunnable.lambda$run$2(ScheduledMethodRunnable.java:124)
	at io.micrometer.observation.Observation.observe(Observation.java:498)
	at org.springframework.scheduling.support.ScheduledMethodRunnable.run(ScheduledMethodRunnable.java:124)
	at org.springframework.scheduling.config.Task$OutcomeTrackingRunnable.run(Task.java:85)
	at org.springframework.scheduling.support.DelegatingErrorHandlingRunnable.run(DelegatingErrorHandlingRunnable.java:54)
	at org.springframework.scheduling.concurrent.ReschedulingRunnable.run(ReschedulingRunnable.java:96)
	at java.base/java.util.concurrent.Executors$RunnableAdapter.call(Unknown Source)
	at java.base/java.util.concurrent.FutureTask.run(Unknown Source)
	at java.base/java.util.concurrent.ScheduledThreadPoolExecutor$ScheduledFutureTask.run(Unknown Source)
	at java.base/java.util.concurrent.ThreadPoolExecutor.runWorker(Unknown Source)
	at java.base/java.util.concurrent.ThreadPoolExecutor$Worker.run(Unknown Source)
	at java.base/java.lang.Thread.run(Unknown Source)
Caused by: org.hibernate.NonUniqueResultException: Query did not return a unique result: 211 results were returned
	at org.hibernate.query.spi.AbstractSelectionQuery.uniqueElement(AbstractSelectionQuery.java:298)
	at org.hibernate.query.spi.AbstractSelectionQuery.getSingleResult(AbstractSelectionQuery.java:281)
	at java.base/jdk.internal.reflect.DirectMethodHandleAccessor.invoke(Unknown Source)
	at java.base/java.lang.reflect.Method.invoke(Unknown Source)
	at org.springframework.orm.jpa.SharedEntityManagerCreator$DeferredQueryInvocationHandler.invoke(SharedEntityManagerCreator.java:419)
	at jdk.proxy2/jdk.proxy2.$Proxy197.getSingleResult(Unknown Source)
	at org.springframework.data.jpa.repository.query.JpaQueryExecution$SingleEntityExecution.doExecute(JpaQueryExecution.java:224)
	at org.springframework.data.jpa.repository.query.JpaQueryExecution.execute(JpaQueryExecution.java:93)
	at org.springframework.data.jpa.repository.query.AbstractJpaQuery.doExecute(AbstractJpaQuery.java:152)
	at org.springframework.data.jpa.repository.query.AbstractJpaQuery.execute(AbstractJpaQuery.java:140)
	at org.springframework.data.repository.core.support.RepositoryMethodInvoker.doInvoke(RepositoryMethodInvoker.java:170)
	at org.springframework.data.repository.core.support.RepositoryMethodInvoker.invoke(RepositoryMethodInvoker.java:158)
	at org.springframework.data.repository.core.support.QueryExecutorMethodInterceptor.doInvoke(QueryExecutorMethodInterceptor.java:170)
	at org.springframework.data.repository.core.support.QueryExecutorMethodInterceptor.invoke(QueryExecutorMethodInterceptor.java:149)
	at org.springframework.aop.framework.ReflectiveMethodInvocation.proceed(ReflectiveMethodInvocation.java:184)
	at org.springframework.data.projection.DefaultMethodInvokingMethodInterceptor.invoke(DefaultMethodInvokingMethodInterceptor.java:69)
	at org.springframework.aop.framework.ReflectiveMethodInvocation.proceed(ReflectiveMethodInvocation.java:184)
	at org.springframework.transaction.interceptor.TransactionAspectSupport.invokeWithinTransaction(TransactionAspectSupport.java:380)
	at org.springframework.transaction.interceptor.TransactionInterceptor.invoke(TransactionInterceptor.java:119)
	at org.springframework.aop.framework.ReflectiveMethodInvocation.proceed(ReflectiveMethodInvocation.java:184)
	at org.springframework.dao.support.PersistenceExceptionTranslationInterceptor.invoke(PersistenceExceptionTranslationInterceptor.java:138)
	... 22 common frames omitted
2026-01-03 19:02:30.006 INFO  [scheduling-1] c.s.s.trade.service.TradeExecutor - [BTCUSDC] Executing trades for managed accounts...
2026-01-03 19:02:30.008 INFO  [scheduling-1] c.s.s.trade.service.TradeService - Executing trades for managed assets for pair BTCUSDC
2026-01-03 19:02:30.008 INFO  [scheduling-1] c.s.s.trade.service.TradeService - Found 0 users with managed assets for pair BTCUSDC
2026-01-03 19:02:31.488 INFO  [scheduling-1] c.s.s.trade.service.TradeExecutor - [ETHBTC] Executing trades for managed accounts...
2026-01-03 19:02:31.491 INFO  [scheduling-1] c.s.s.trade.service.TradeService - Executing trades for managed assets for pair ETHBTC
2026-01-03 19:02:31.491 INFO  [scheduling-1] c.s.s.trade.service.TradeService - Found 0 users with managed assets for pair ETHBTC
2026-01-03 19:02:31.896 INFO  [scheduling-1] c.s.s.trade.service.TradeExecutor - [SOLUSDC] Executing trades for managed accounts...
2026-01-03 19:02:31.900 INFO  [scheduling-1] c.s.s.trade.service.TradeService - Executing trades for managed assets for pair SOLUSDC
2026-01-03 19:02:31.900 INFO  [scheduling-1] c.s.s.trade.service.TradeService - Found 1 users with managed assets for pair SOLUSDC
2026-01-03 19:02:32.415 INFO  [scheduling-1] c.s.s.trade.service.TradeService - Checking user igor.bialas@gmail.com for managed asset trades...
2026-01-03 19:02:32.428 ERROR [scheduling-1] c.s.s.trade.service.TradeService - Error processing managed asset trades for user igor.bialas@gmail.com: failed to lazily initialize a collection of role: com.stockviewer.stockapi.wallet.entity.Wallet.ownedAssets: could not initialize proxy - no Session
org.hibernate.LazyInitializationException: failed to lazily initialize a collection of role: com.stockviewer.stockapi.wallet.entity.Wallet.ownedAssets: could not initialize proxy - no Session
	at org.hibernate.collection.spi.AbstractPersistentCollection.throwLazyInitializationException(AbstractPersistentCollection.java:635)
	at org.hibernate.collection.spi.AbstractPersistentCollection.withTemporarySessionIfNeeded(AbstractPersistentCollection.java:219)
	at org.hibernate.collection.spi.AbstractPersistentCollection.initialize(AbstractPersistentCollection.java:614)
	at org.hibernate.collection.spi.AbstractPersistentCollection.read(AbstractPersistentCollection.java:138)
	at org.hibernate.collection.spi.PersistentSet.iterator(PersistentSet.java:166)
	at java.base/java.util.Spliterators$IteratorSpliterator.estimateSize(Unknown Source)
	at java.base/java.util.Spliterator.getExactSizeIfKnown(Unknown Source)
	at java.base/java.util.stream.AbstractPipeline.copyIntoWithCancel(Unknown Source)
	at java.base/java.util.stream.AbstractPipeline.copyInto(Unknown Source)
	at java.base/java.util.stream.AbstractPipeline.wrapAndCopyInto(Unknown Source)
	at java.base/java.util.stream.FindOps$FindOp.evaluateSequential(Unknown Source)
	at java.base/java.util.stream.AbstractPipeline.evaluate(Unknown Source)
	at java.base/java.util.stream.ReferencePipeline.findFirst(Unknown Source)
	at com.stockviewer.stockapi.trade.service.TradeService.getOwnedAssetAmountFromWallet(TradeService.java:283)
	at com.stockviewer.stockapi.trade.service.TradeService.executeTradeForManagedAssets(TradeService.java:175)
	at com.stockviewer.stockapi.trade.service.TradeExecutor.executeTradesForManagedAssets(TradeExecutor.java:44)
	at java.base/jdk.internal.reflect.DirectMethodHandleAccessor.invoke(Unknown Source)
	at java.base/java.lang.reflect.Method.invoke(Unknown Source)
	at org.springframework.scheduling.support.ScheduledMethodRunnable.runInternal(ScheduledMethodRunnable.java:130)
	at org.springframework.scheduling.support.ScheduledMethodRunnable.lambda$run$2(ScheduledMethodRunnable.java:124)
	at io.micrometer.observation.Observation.observe(Observation.java:498)
	at org.springframework.scheduling.support.ScheduledMethodRunnable.run(ScheduledMethodRunnable.java:124)
	at org.springframework.scheduling.config.Task$OutcomeTrackingRunnable.run(Task.java:85)
	at org.springframework.scheduling.support.DelegatingErrorHandlingRunnable.run(DelegatingErrorHandlingRunnable.java:54)
	at org.springframework.scheduling.concurrent.ReschedulingRunnable.run(ReschedulingRunnable.java:96)
	at java.base/java.util.concurrent.Executors$RunnableAdapter.call(Unknown Source)
	at java.base/java.util.concurrent.FutureTask.run(Unknown Source)
	at java.base/java.util.concurrent.ScheduledThreadPoolExecutor$ScheduledFutureTask.run(Unknown Source)
	at java.base/java.util.concurrent.ThreadPoolExecutor.runWorker(Unknown Source)
	at java.base/java.util.concurrent.ThreadPoolExecutor$Worker.run(Unknown Source)
	at java.base/java.lang.Thread.run(Unknown Source)
2026-01-03 19:02:32.428 INFO  [scheduling-1] c.s.s.trade.service.TradeExecutor - [ETHUSDC] Executing trades for managed accounts...
2026-01-03 19:02:32.430 INFO  [scheduling-1] c.s.s.trade.service.TradeService - Executing trades for managed assets for pair ETHUSDC
2026-01-03 19:02:32.430 INFO  [scheduling-1] c.s.s.trade.service.TradeService - Found 0 users with managed assets for pair ETHUSDC
2026-01-03 19:03:00.006 INFO  [scheduling-1] c.s.s.w.s.WalletWorthSnapshotScheduler - Taking wallet worth snapshot for wallet from user: igor.bialas@gmail.com
2026-01-03 19:03:02.458 INFO  [org.springframework.kafka.KafkaListenerEndpointContainer#0-0-C-1] c.s.s.indicators.IndicatorListener - Received Message in group stockapi: ["fecc5bf4-48d7-4560-b8f7-f3b8201b3a44"]
2026-01-03 19:03:02.466 INFO  [org.springframework.kafka.KafkaListenerEndpointContainer#0-0-C-1] c.s.s.indicators.IndicatorCalculator - Number of candles retrieved for BarSeries: 212
2026-01-03 19:03:02.466 INFO  [org.springframework.kafka.KafkaListenerEndpointContainer#0-0-C-1] c.s.s.indicators.IndicatorCalculator - List of candles:
2026-01-03 19:03:02.475 INFO  [org.springframework.kafka.KafkaListenerEndpointContainer#0-0-C-1] c.s.s.indicators.IndicatorCalculator - Number of candles retrieved for BarSeries: 212
2026-01-03 19:03:02.475 INFO  [org.springframework.kafka.KafkaListenerEndpointContainer#0-0-C-1] c.s.s.indicators.IndicatorCalculator - List of candles:
2026-01-03 19:03:02.483 INFO  [org.springframework.kafka.KafkaListenerEndpointContainer#0-0-C-1] c.s.s.indicators.IndicatorCalculator - Number of candles retrieved for BarSeries: 212
2026-01-03 19:03:02.483 INFO  [org.springframework.kafka.KafkaListenerEndpointContainer#0-0-C-1] c.s.s.indicators.IndicatorCalculator - List of candles:
2026-01-03 19:03:02.485 INFO  [org.springframework.kafka.KafkaListenerEndpointContainer#0-0-C-1] c.s.s.indicators.IndicatorListener - Saved Indicator Event in group stockapi
2026-01-03 19:03:02.488 INFO  [org.springframework.kafka.KafkaListenerEndpointContainer#0-0-C-1] c.s.s.indicators.IndicatorListener - Received Message in group stockapi: ["b9276740-ea9e-4334-b6c6-9c50678c78da"]
2026-01-03 19:03:02.494 INFO  [org.springframework.kafka.KafkaListenerEndpointContainer#0-0-C-1] c.s.s.indicators.IndicatorCalculator - Number of candles retrieved for BarSeries: 212
2026-01-03 19:03:02.495 INFO  [org.springframework.kafka.KafkaListenerEndpointContainer#0-0-C-1] c.s.s.indicators.IndicatorCalculator - List of candles:
2026-01-03 19:03:02.501 INFO  [org.springframework.kafka.KafkaListenerEndpointContainer#0-0-C-1] c.s.s.indicators.IndicatorCalculator - Number of candles retrieved for BarSeries: 212
2026-01-03 19:03:02.501 INFO  [org.springframework.kafka.KafkaListenerEndpointContainer#0-0-C-1] c.s.s.indicators.IndicatorCalculator - List of candles:
2026-01-03 19:03:02.508 INFO  [org.springframework.kafka.KafkaListenerEndpointContainer#0-0-C-1] c.s.s.indicators.IndicatorCalculator - Number of candles retrieved for BarSeries: 212
2026-01-03 19:03:02.508 INFO  [org.springframework.kafka.KafkaListenerEndpointContainer#0-0-C-1] c.s.s.indicators.IndicatorCalculator - List of candles:
2026-01-03 19:03:02.510 INFO  [org.springframework.kafka.KafkaListenerEndpointContainer#0-0-C-1] c.s.s.indicators.IndicatorListener - Saved Indicator Event in group stockapi
2026-01-03 19:03:02.513 INFO  [org.springframework.kafka.KafkaListenerEndpointContainer#0-0-C-1] c.s.s.indicators.IndicatorListener - Received Message in group stockapi: ["d07ca498-5ff9-4175-b70c-19d784521fc1"]
2026-01-03 19:03:02.521 INFO  [org.springframework.kafka.KafkaListenerEndpointContainer#0-0-C-1] c.s.s.indicators.IndicatorCalculator - Number of candles retrieved for BarSeries: 212
2026-01-03 19:03:02.521 INFO  [org.springframework.kafka.KafkaListenerEndpointContainer#0-0-C-1] c.s.s.indicators.IndicatorCalculator - List of candles:
2026-01-03 19:03:02.532 INFO  [org.springframework.kafka.KafkaListenerEndpointContainer#0-0-C-1] c.s.s.indicators.IndicatorCalculator - Number of candles retrieved for BarSeries: 212
2026-01-03 19:03:02.532 INFO  [org.springframework.kafka.KafkaListenerEndpointContainer#0-0-C-1] c.s.s.indicators.IndicatorCalculator - List of candles:
2026-01-03 19:03:02.540 INFO  [org.springframework.kafka.KafkaListenerEndpointContainer#0-0-C-1] c.s.s.indicators.IndicatorCalculator - Number of candles retrieved for BarSeries: 212
2026-01-03 19:03:02.540 INFO  [org.springframework.kafka.KafkaListenerEndpointContainer#0-0-C-1] c.s.s.indicators.IndicatorCalculator - List of candles:
2026-01-03 19:03:02.542 INFO  [org.springframework.kafka.KafkaListenerEndpointContainer#0-0-C-1] c.s.s.indicators.IndicatorListener - Saved Indicator Event in group stockapi
2026-01-03 19:03:02.543 INFO  [org.springframework.kafka.KafkaListenerEndpointContainer#0-0-C-1] c.s.s.indicators.IndicatorListener - Received Message in group stockapi: ["51a6ae48-4e67-4aaf-b290-5a4247e89d41"]
2026-01-03 19:03:02.548 INFO  [org.springframework.kafka.KafkaListenerEndpointContainer#0-0-C-1] c.s.s.indicators.IndicatorCalculator - Number of candles retrieved for BarSeries: 212
2026-01-03 19:03:02.548 INFO  [org.springframework.kafka.KafkaListenerEndpointContainer#0-0-C-1] c.s.s.indicators.IndicatorCalculator - List of candles:
2026-01-03 19:03:02.554 INFO  [org.springframework.kafka.KafkaListenerEndpointContainer#0-0-C-1] c.s.s.indicators.IndicatorCalculator - Number of candles retrieved for BarSeries: 212
2026-01-03 19:03:02.555 INFO  [org.springframework.kafka.KafkaListenerEndpointContainer#0-0-C-1] c.s.s.indicators.IndicatorCalculator - List of candles:
2026-01-03 19:03:02.561 INFO  [org.springframework.kafka.KafkaListenerEndpointContainer#0-0-C-1] c.s.s.indicators.IndicatorCalculator - Number of candles retrieved for BarSeries: 212
2026-01-03 19:03:02.561 INFO  [org.springframework.kafka.KafkaListenerEndpointContainer#0-0-C-1] c.s.s.indicators.IndicatorCalculator - List of candles:
2026-01-03 19:03:02.563 INFO  [org.springframework.kafka.KafkaListenerEndpointContainer#0-0-C-1] c.s.s.indicators.IndicatorListener - Saved Indicator Event in group stockapi
2026-01-03 19:03:15.006 ERROR [scheduling-1] o.s.s.s.TaskUtils$LoggingErrorHandler - Unexpected error occurred in scheduled task
org.springframework.dao.IncorrectResultSizeDataAccessException: Query did not return a unique result: 212 results were returned
	at org.springframework.orm.jpa.vendor.HibernateJpaDialect.convertHibernateAccessException(HibernateJpaDialect.java:305)
	at org.springframework.orm.jpa.vendor.HibernateJpaDialect.convertHibernateAccessException(HibernateJpaDialect.java:256)
	at org.springframework.orm.jpa.vendor.HibernateJpaDialect.translateExceptionIfPossible(HibernateJpaDialect.java:244)
	at org.springframework.orm.jpa.AbstractEntityManagerFactoryBean.translateExceptionIfPossible(AbstractEntityManagerFactoryBean.java:560)
	at org.springframework.dao.support.ChainedPersistenceExceptionTranslator.translateExceptionIfPossible(ChainedPersistenceExceptionTranslator.java:61)
	at org.springframework.dao.support.DataAccessUtils.translateIfNecessary(DataAccessUtils.java:343)
	at org.springframework.dao.support.PersistenceExceptionTranslationInterceptor.invoke(PersistenceExceptionTranslationInterceptor.java:160)
	at org.springframework.aop.framework.ReflectiveMethodInvocation.proceed(ReflectiveMethodInvocation.java:184)
	at org.springframework.data.jpa.repository.support.CrudMethodMetadataPostProcessor$CrudMethodMetadataPopulatingMethodInterceptor.invoke(CrudMethodMetadataPostProcessor.java:136)
	at org.springframework.aop.framework.ReflectiveMethodInvocation.proceed(ReflectiveMethodInvocation.java:184)
	at org.springframework.aop.framework.JdkDynamicAopProxy.invoke(JdkDynamicAopProxy.java:223)
	at jdk.proxy2/jdk.proxy2.$Proxy169.findTopByPairAndTimeframeOrderByTimestampDesc(Unknown Source)
	at com.stockviewer.stockapi.candle.service.CandleService.getLatestCandleForPair(CandleService.java:133)
	at com.stockviewer.stockapi.trade.service.TradeExecutor.checkStopLossTakeProfit(TradeExecutor.java:30)
	at java.base/jdk.internal.reflect.DirectMethodHandleAccessor.invoke(Unknown Source)
	at java.base/java.lang.reflect.Method.invoke(Unknown Source)
	at org.springframework.scheduling.support.ScheduledMethodRunnable.runInternal(ScheduledMethodRunnable.java:130)
	at org.springframework.scheduling.support.ScheduledMethodRunnable.lambda$run$2(ScheduledMethodRunnable.java:124)
	at io.micrometer.observation.Observation.observe(Observation.java:498)
	at org.springframework.scheduling.support.ScheduledMethodRunnable.run(ScheduledMethodRunnable.java:124)
	at org.springframework.scheduling.config.Task$OutcomeTrackingRunnable.run(Task.java:85)
	at org.springframework.scheduling.support.DelegatingErrorHandlingRunnable.run(DelegatingErrorHandlingRunnable.java:54)
	at org.springframework.scheduling.concurrent.ReschedulingRunnable.run(ReschedulingRunnable.java:96)
	at java.base/java.util.concurrent.Executors$RunnableAdapter.call(Unknown Source)
	at java.base/java.util.concurrent.FutureTask.run(Unknown Source)
	at java.base/java.util.concurrent.ScheduledThreadPoolExecutor$ScheduledFutureTask.run(Unknown Source)
	at java.base/java.util.concurrent.ThreadPoolExecutor.runWorker(Unknown Source)
	at java.base/java.util.concurrent.ThreadPoolExecutor$Worker.run(Unknown Source)
	at java.base/java.lang.Thread.run(Unknown Source)
Caused by: org.hibernate.NonUniqueResultException: Query did not return a unique result: 212 results were returned
	at org.hibernate.query.spi.AbstractSelectionQuery.uniqueElement(AbstractSelectionQuery.java:298)
	at org.hibernate.query.spi.AbstractSelectionQuery.getSingleResult(AbstractSelectionQuery.java:281)
	at java.base/jdk.internal.reflect.DirectMethodHandleAccessor.invoke(Unknown Source)
	at java.base/java.lang.reflect.Method.invoke(Unknown Source)
	at org.springframework.orm.jpa.SharedEntityManagerCreator$DeferredQueryInvocationHandler.invoke(SharedEntityManagerCreator.java:419)
	at jdk.proxy2/jdk.proxy2.$Proxy197.getSingleResult(Unknown Source)
	at org.springframework.data.jpa.repository.query.JpaQueryExecution$SingleEntityExecution.doExecute(JpaQueryExecution.java:224)
	at org.springframework.data.jpa.repository.query.JpaQueryExecution.execute(JpaQueryExecution.java:93)
	at org.springframework.data.jpa.repository.query.AbstractJpaQuery.doExecute(AbstractJpaQuery.java:152)
	at org.springframework.data.jpa.repository.query.AbstractJpaQuery.execute(AbstractJpaQuery.java:140)
	at org.springframework.data.repository.core.support.RepositoryMethodInvoker.doInvoke(RepositoryMethodInvoker.java:170)
	at org.springframework.data.repository.core.support.RepositoryMethodInvoker.invoke(RepositoryMethodInvoker.java:158)
	at org.springframework.data.repository.core.support.QueryExecutorMethodInterceptor.doInvoke(QueryExecutorMethodInterceptor.java:170)
	at org.springframework.data.repository.core.support.QueryExecutorMethodInterceptor.invoke(QueryExecutorMethodInterceptor.java:149)
	at org.springframework.aop.framework.ReflectiveMethodInvocation.proceed(ReflectiveMethodInvocation.java:184)
	at org.springframework.data.projection.DefaultMethodInvokingMethodInterceptor.invoke(DefaultMethodInvokingMethodInterceptor.java:69)
	at org.springframework.aop.framework.ReflectiveMethodInvocation.proceed(ReflectiveMethodInvocation.java:184)
	at org.springframework.transaction.interceptor.TransactionAspectSupport.invokeWithinTransaction(TransactionAspectSupport.java:380)
	at org.springframework.transaction.interceptor.TransactionInterceptor.invoke(TransactionInterceptor.java:119)
	at org.springframework.aop.framework.ReflectiveMethodInvocation.proceed(ReflectiveMethodInvocation.java:184)
	at org.springframework.dao.support.PersistenceExceptionTranslationInterceptor.invoke(PersistenceExceptionTranslationInterceptor.java:138)
	... 22 common frames omitted
2026-01-03 19:03:30.004 INFO  [scheduling-1] c.s.s.trade.service.TradeExecutor - [BTCUSDC] Executing trades for managed accounts...
2026-01-03 19:03:30.006 INFO  [scheduling-1] c.s.s.trade.service.TradeService - Executing trades for managed assets for pair BTCUSDC
2026-01-03 19:03:30.006 INFO  [scheduling-1] c.s.s.trade.service.TradeService - Found 0 users with managed assets for pair BTCUSDC
2026-01-03 19:03:31.390 INFO  [scheduling-1] c.s.s.trade.service.TradeExecutor - [ETHBTC] Executing trades for managed accounts...
2026-01-03 19:03:31.393 INFO  [scheduling-1] c.s.s.trade.service.TradeService - Executing trades for managed assets for pair ETHBTC
2026-01-03 19:03:31.393 INFO  [scheduling-1] c.s.s.trade.service.TradeService - Found 0 users with managed assets for pair ETHBTC
2026-01-03 19:03:31.811 INFO  [scheduling-1] c.s.s.trade.service.TradeExecutor - [SOLUSDC] Executing trades for managed accounts...
2026-01-03 19:03:31.814 INFO  [scheduling-1] c.s.s.trade.service.TradeService - Executing trades for managed assets for pair SOLUSDC
2026-01-03 19:03:31.814 INFO  [scheduling-1] c.s.s.trade.service.TradeService - Found 1 users with managed assets for pair SOLUSDC
2026-01-03 19:03:32.326 INFO  [scheduling-1] c.s.s.trade.service.TradeService - Checking user igor.bialas@gmail.com for managed asset trades...
2026-01-03 19:03:32.339 ERROR [scheduling-1] c.s.s.trade.service.TradeService - Error processing managed asset trades for user igor.bialas@gmail.com: failed to lazily initialize a collection of role: com.stockviewer.stockapi.wallet.entity.Wallet.ownedAssets: could not initialize proxy - no Session
org.hibernate.LazyInitializationException: failed to lazily initialize a collection of role: com.stockviewer.stockapi.wallet.entity.Wallet.ownedAssets: could not initialize proxy - no Session
	at org.hibernate.collection.spi.AbstractPersistentCollection.throwLazyInitializationException(AbstractPersistentCollection.java:635)
	at org.hibernate.collection.spi.AbstractPersistentCollection.withTemporarySessionIfNeeded(AbstractPersistentCollection.java:219)
	at org.hibernate.collection.spi.AbstractPersistentCollection.initialize(AbstractPersistentCollection.java:614)
	at org.hibernate.collection.spi.AbstractPersistentCollection.read(AbstractPersistentCollection.java:138)
	at org.hibernate.collection.spi.PersistentSet.iterator(PersistentSet.java:166)
	at java.base/java.util.Spliterators$IteratorSpliterator.estimateSize(Unknown Source)
	at java.base/java.util.Spliterator.getExactSizeIfKnown(Unknown Source)
	at java.base/java.util.stream.AbstractPipeline.copyIntoWithCancel(Unknown Source)
	at java.base/java.util.stream.AbstractPipeline.copyInto(Unknown Source)
	at java.base/java.util.stream.AbstractPipeline.wrapAndCopyInto(Unknown Source)
	at java.base/java.util.stream.FindOps$FindOp.evaluateSequential(Unknown Source)
	at java.base/java.util.stream.AbstractPipeline.evaluate(Unknown Source)
	at java.base/java.util.stream.ReferencePipeline.findFirst(Unknown Source)
	at com.stockviewer.stockapi.trade.service.TradeService.getOwnedAssetAmountFromWallet(TradeService.java:283)
	at com.stockviewer.stockapi.trade.service.TradeService.executeTradeForManagedAssets(TradeService.java:175)
	at com.stockviewer.stockapi.trade.service.TradeExecutor.executeTradesForManagedAssets(TradeExecutor.java:44)
	at java.base/jdk.internal.reflect.DirectMethodHandleAccessor.invoke(Unknown Source)
	at java.base/java.lang.reflect.Method.invoke(Unknown Source)
	at org.springframework.scheduling.support.ScheduledMethodRunnable.runInternal(ScheduledMethodRunnable.java:130)
	at org.springframework.scheduling.support.ScheduledMethodRunnable.lambda$run$2(ScheduledMethodRunnable.java:124)
	at io.micrometer.observation.Observation.observe(Observation.java:498)
	at org.springframework.scheduling.support.ScheduledMethodRunnable.run(ScheduledMethodRunnable.java:124)
	at org.springframework.scheduling.config.Task$OutcomeTrackingRunnable.run(Task.java:85)
	at org.springframework.scheduling.support.DelegatingErrorHandlingRunnable.run(DelegatingErrorHandlingRunnable.java:54)
	at org.springframework.scheduling.concurrent.ReschedulingRunnable.run(ReschedulingRunnable.java:96)
	at java.base/java.util.concurrent.Executors$RunnableAdapter.call(Unknown Source)
	at java.base/java.util.concurrent.FutureTask.run(Unknown Source)
	at java.base/java.util.concurrent.ScheduledThreadPoolExecutor$ScheduledFutureTask.run(Unknown Source)
	at java.base/java.util.concurrent.ThreadPoolExecutor.runWorker(Unknown Source)
	at java.base/java.util.concurrent.ThreadPoolExecutor$Worker.run(Unknown Source)
	at java.base/java.lang.Thread.run(Unknown Source)
2026-01-03 19:03:32.339 INFO  [scheduling-1] c.s.s.trade.service.TradeExecutor - [ETHUSDC] Executing trades for managed accounts...
2026-01-03 19:03:32.341 INFO  [scheduling-1] c.s.s.trade.service.TradeService - Executing trades for managed assets for pair ETHUSDC
2026-01-03 19:03:32.341 INFO  [scheduling-1] c.s.s.trade.service.TradeService - Found 0 users with managed assets for pair ETHUSDC
2026-01-03 19:03:36.310 INFO  [org.springframework.kafka.KafkaListenerEndpointContainer#0-0-C-1] o.a.k.c.c.i.ConsumerRebalanceListenerInvoker - [Consumer clientId=consumer-stockapi-1, groupId=stockapi] Revoke previously assigned partitions indicator_events-0
2026-01-03 19:03:36.310 INFO  [org.springframework.kafka.KafkaListenerEndpointContainer#0-0-C-1] o.s.k.l.KafkaMessageListenerContainer - stockapi: partitions revoked: [indicator_events-0]
2026-01-03 19:03:36.311 INFO  [org.springframework.kafka.KafkaListenerEndpointContainer#0-0-C-1] o.a.k.c.c.i.ConsumerCoordinator - [Consumer clientId=consumer-stockapi-1, groupId=stockapi] Member consumer-stockapi-1-d8715473-723d-4aaf-ab41-5a9c1e193cc7 sending LeaveGroup request to coordinator kafka:9092 (id: 2147483646 rack: null) due to the consumer unsubscribed from all topics
2026-01-03 19:03:36.311 INFO  [org.springframework.kafka.KafkaListenerEndpointContainer#0-0-C-1] o.a.k.c.c.i.ConsumerCoordinator - [Consumer clientId=consumer-stockapi-1, groupId=stockapi] Resetting generation and member id due to: consumer pro-actively leaving the group
2026-01-03 19:03:36.311 INFO  [org.springframework.kafka.KafkaListenerEndpointContainer#0-0-C-1] o.a.k.c.c.i.ConsumerCoordinator - [Consumer clientId=consumer-stockapi-1, groupId=stockapi] Request joining group due to: consumer pro-actively leaving the group
2026-01-03 19:03:36.311 INFO  [org.springframework.kafka.KafkaListenerEndpointContainer#0-0-C-1] o.a.k.c.c.i.LegacyKafkaConsumer - [Consumer clientId=consumer-stockapi-1, groupId=stockapi] Unsubscribed all topics or patterns and assigned partitions
2026-01-03 19:03:36.312 INFO  [org.springframework.kafka.KafkaListenerEndpointContainer#0-0-C-1] o.a.k.c.c.i.ConsumerCoordinator - [Consumer clientId=consumer-stockapi-1, groupId=stockapi] Resetting generation and member id due to: consumer pro-actively leaving the group
2026-01-03 19:03:36.312 INFO  [org.springframework.kafka.KafkaListenerEndpointContainer#0-0-C-1] o.a.k.c.c.i.ConsumerCoordinator - [Consumer clientId=consumer-stockapi-1, groupId=stockapi] Request joining group due to: consumer pro-actively leaving the group
2026-01-03 19:03:36.625 INFO  [org.springframework.kafka.KafkaListenerEndpointContainer#0-0-C-1] o.a.kafka.common.metrics.Metrics - Metrics scheduler closed
2026-01-03 19:03:36.625 INFO  [org.springframework.kafka.KafkaListenerEndpointContainer#0-0-C-1] o.a.kafka.common.metrics.Metrics - Closing reporter org.apache.kafka.common.metrics.JmxReporter
2026-01-03 19:03:36.626 INFO  [org.springframework.kafka.KafkaListenerEndpointContainer#0-0-C-1] o.a.kafka.common.metrics.Metrics - Closing reporter org.apache.kafka.common.telemetry.internals.ClientTelemetryReporter
2026-01-03 19:03:36.626 INFO  [org.springframework.kafka.KafkaListenerEndpointContainer#0-0-C-1] o.a.kafka.common.metrics.Metrics - Metrics reporters closed
2026-01-03 19:03:36.630 INFO  [org.springframework.kafka.KafkaListenerEndpointContainer#0-0-C-1] o.a.kafka.common.utils.AppInfoParser - App info kafka.consumer for consumer-stockapi-1 unregistered
2026-01-03 19:03:36.631 INFO  [org.springframework.kafka.KafkaListenerEndpointContainer#0-0-C-1] o.s.k.l.KafkaMessageListenerContainer - stockapi: Consumer stopped
2026-01-03 19:03:36.632 INFO  [SpringApplicationShutdownHook] o.s.b.w.e.tomcat.GracefulShutdown - Commencing graceful shutdown. Waiting for active requests to complete
2026-01-03 19:03:36.634 INFO  [tomcat-shutdown] o.s.b.w.e.tomcat.GracefulShutdown - Graceful shutdown complete
2026-01-03 19:03:36.644 INFO  [SpringApplicationShutdownHook] o.s.o.j.LocalContainerEntityManagerFactoryBean - Closing JPA EntityManagerFactory for persistence unit 'default'
2026-01-03 19:03:36.646 INFO  [SpringApplicationShutdownHook] com.zaxxer.hikari.HikariDataSource - HikariPool-1 - Shutdown initiated...
2026-01-03 19:03:36.648 INFO  [SpringApplicationShutdownHook] com.zaxxer.hikari.HikariDataSource - HikariPool-1 - Shutdown completed.
