2025-12-25 16:07:59.641 INFO  [background-preinit] o.h.validator.internal.util.Version - HV000001: Hibernate Validator 8.0.2.Final
2025-12-25 16:07:59.691 INFO  [main] c.s.stockapi.StockapiApplication - Starting StockapiApplication v0.0.1-SNAPSHOT using Java 21.0.9 with PID 1 (/app/app.jar started by root in /app)
2025-12-25 16:07:59.692 INFO  [main] c.s.stockapi.StockapiApplication - The following 1 profile is active: "dev"
2025-12-25 16:08:00.860 INFO  [main] o.s.d.r.c.RepositoryConfigurationDelegate - Bootstrapping Spring Data JPA repositories in DEFAULT mode.
2025-12-25 16:08:00.947 INFO  [main] o.s.d.r.c.RepositoryConfigurationDelegate - Finished Spring Data repository scanning in 75 ms. Found 10 JPA repository interfaces.
2025-12-25 16:08:01.965 INFO  [main] o.s.b.w.e.tomcat.TomcatWebServer - Tomcat initialized with port 8080 (http)
2025-12-25 16:08:01.982 INFO  [main] o.a.coyote.http11.Http11NioProtocol - Initializing ProtocolHandler ["http-nio-8080"]
2025-12-25 16:08:01.984 INFO  [main] o.a.catalina.core.StandardService - Starting service [Tomcat]
2025-12-25 16:08:01.984 INFO  [main] o.a.catalina.core.StandardEngine - Starting Servlet engine: [Apache Tomcat/10.1.40]
2025-12-25 16:08:02.017 INFO  [main] o.a.c.c.C.[Tomcat].[localhost].[/] - Initializing Spring embedded WebApplicationContext
2025-12-25 16:08:02.017 INFO  [main] o.s.b.w.s.c.ServletWebServerApplicationContext - Root WebApplicationContext: initialization completed in 2279 ms
2025-12-25 16:08:02.455 INFO  [main] com.zaxxer.hikari.HikariDataSource - HikariPool-1 - Starting...
2025-12-25 16:08:02.699 INFO  [main] com.zaxxer.hikari.pool.HikariPool - HikariPool-1 - Added connection org.postgresql.jdbc.PgConnection@1e6d30c0
2025-12-25 16:08:02.702 INFO  [main] com.zaxxer.hikari.HikariDataSource - HikariPool-1 - Start completed.
2025-12-25 16:08:02.754 INFO  [main] o.h.jpa.internal.util.LogHelper - HHH000204: Processing PersistenceUnitInfo [name: default]
2025-12-25 16:08:02.846 INFO  [main] org.hibernate.Version - HHH000412: Hibernate ORM core version 6.6.13.Final
2025-12-25 16:08:02.906 INFO  [main] o.h.c.i.RegionFactoryInitiator - HHH000026: Second-level cache disabled
2025-12-25 16:08:03.245 INFO  [main] o.s.o.j.p.SpringPersistenceUnitInfo - No LoadTimeWeaver setup: ignoring JPA class transformer
2025-12-25 16:08:03.312 WARN  [main] org.hibernate.orm.deprecation - HHH90000025: PostgreSQLDialect does not need to be specified explicitly using 'hibernate.dialect' (remove the property setting and it will be selected by default)
2025-12-25 16:08:03.335 INFO  [main] o.hibernate.orm.connections.pooling - HHH10001005: Database info:
	Database JDBC URL [Connecting through datasource 'HikariDataSource (HikariPool-1)']
	Database driver: undefined/unknown
	Database version: 15.15
	Autocommit mode: undefined/unknown
	Isolation level: undefined/unknown
	Minimum pool size: undefined/unknown
	Maximum pool size: undefined/unknown
2025-12-25 16:08:04.689 INFO  [main] o.h.e.t.j.p.i.JtaPlatformInitiator - HHH000489: No JTA platform available (set 'hibernate.transaction.jta.platform' to enable JTA platform integration)
2025-12-25 16:08:04.693 INFO  [main] o.s.o.j.LocalContainerEntityManagerFactoryBean - Initialized JPA EntityManagerFactory for persistence unit 'default'
2025-12-25 16:08:05.039 INFO  [main] o.s.d.j.r.query.QueryEnhancerFactory - Hibernate is in classpath; If applicable, HQL parser will be used.
2025-12-25 16:08:06.089 INFO  [main] o.s.s.c.a.a.c.InitializeAuthenticationProviderBeanManagerConfigurer$InitializeAuthenticationProviderManagerConfigurer - Global AuthenticationManager configured with AuthenticationProvider bean with name authenticationProvider
2025-12-25 16:08:06.186 WARN  [main] o.s.b.a.o.j.JpaBaseConfiguration$JpaWebConfiguration - spring.jpa.open-in-view is enabled by default. Therefore, database queries may be performed during view rendering. Explicitly configure spring.jpa.open-in-view to disable this warning
2025-12-25 16:08:06.299 WARN  [main] o.s.s.c.a.w.c.AuthorizeHttpRequestsConfigurer$AuthorizationManagerRequestMatcherRegistry - One of the patterns in [candles/**, users/**, /actuator/health] is missing a leading slash. This is discouraged; please include the leading slash in all your request matcher patterns. In future versions of Spring Security, leaving out the leading slash will result in an exception.
2025-12-25 16:08:06.676 INFO  [main] o.s.b.a.e.web.EndpointLinksResolver - Exposing 2 endpoints beneath base path '/actuator'
2025-12-25 16:08:07.364 INFO  [main] o.a.coyote.http11.Http11NioProtocol - Starting ProtocolHandler ["http-nio-8080"]
2025-12-25 16:08:07.391 INFO  [main] o.s.b.w.e.tomcat.TomcatWebServer - Tomcat started on port 8080 (http) with context path '/'
2025-12-25 16:08:07.450 INFO  [main] o.a.k.c.consumer.ConsumerConfig - ConsumerConfig values: 
	allow.auto.create.topics = true
	auto.commit.interval.ms = 5000
	auto.include.jmx.reporter = true
	auto.offset.reset = latest
	bootstrap.servers = [kafka:9092]
	check.crcs = true
	client.dns.lookup = use_all_dns_ips
	client.id = consumer-stockapi-1
	client.rack = 
	connections.max.idle.ms = 540000
	default.api.timeout.ms = 60000
	enable.auto.commit = false
	enable.metrics.push = true
	exclude.internal.topics = true
	fetch.max.bytes = 52428800
	fetch.max.wait.ms = 500
	fetch.min.bytes = 1
	group.id = stockapi
	group.instance.id = null
	group.protocol = classic
	group.remote.assignor = null
	heartbeat.interval.ms = 3000
	interceptor.classes = []
	internal.leave.group.on.close = true
	internal.throw.on.fetch.stable.offset.unsupported = false
	isolation.level = read_uncommitted
	key.deserializer = class org.apache.kafka.common.serialization.StringDeserializer
	max.partition.fetch.bytes = 1048576
	max.poll.interval.ms = 300000
	max.poll.records = 500
	metadata.max.age.ms = 300000
	metadata.recovery.strategy = none
	metric.reporters = []
	metrics.num.samples = 2
	metrics.recording.level = INFO
	metrics.sample.window.ms = 30000
	partition.assignment.strategy = [class org.apache.kafka.clients.consumer.RangeAssignor, class org.apache.kafka.clients.consumer.CooperativeStickyAssignor]
	receive.buffer.bytes = 65536
	reconnect.backoff.max.ms = 1000
	reconnect.backoff.ms = 50
	request.timeout.ms = 30000
	retry.backoff.max.ms = 1000
	retry.backoff.ms = 100
	sasl.client.callback.handler.class = null
	sasl.jaas.config = null
	sasl.kerberos.kinit.cmd = /usr/bin/kinit
	sasl.kerberos.min.time.before.relogin = 60000
	sasl.kerberos.service.name = null
	sasl.kerberos.ticket.renew.jitter = 0.05
	sasl.kerberos.ticket.renew.window.factor = 0.8
	sasl.login.callback.handler.class = null
	sasl.login.class = null
	sasl.login.connect.timeout.ms = null
	sasl.login.read.timeout.ms = null
	sasl.login.refresh.buffer.seconds = 300
	sasl.login.refresh.min.period.seconds = 60
	sasl.login.refresh.window.factor = 0.8
	sasl.login.refresh.window.jitter = 0.05
	sasl.login.retry.backoff.max.ms = 10000
	sasl.login.retry.backoff.ms = 100
	sasl.mechanism = GSSAPI
	sasl.oauthbearer.clock.skew.seconds = 30
	sasl.oauthbearer.expected.audience = null
	sasl.oauthbearer.expected.issuer = null
	sasl.oauthbearer.jwks.endpoint.refresh.ms = 3600000
	sasl.oauthbearer.jwks.endpoint.retry.backoff.max.ms = 10000
	sasl.oauthbearer.jwks.endpoint.retry.backoff.ms = 100
	sasl.oauthbearer.jwks.endpoint.url = null
	sasl.oauthbearer.scope.claim.name = scope
	sasl.oauthbearer.sub.claim.name = sub
	sasl.oauthbearer.token.endpoint.url = null
	security.protocol = PLAINTEXT
	security.providers = null
	send.buffer.bytes = 131072
	session.timeout.ms = 45000
	socket.connection.setup.timeout.max.ms = 30000
	socket.connection.setup.timeout.ms = 10000
	ssl.cipher.suites = null
	ssl.enabled.protocols = [TLSv1.2, TLSv1.3]
	ssl.endpoint.identification.algorithm = https
	ssl.engine.factory.class = null
	ssl.key.password = null
	ssl.keymanager.algorithm = SunX509
	ssl.keystore.certificate.chain = null
	ssl.keystore.key = null
	ssl.keystore.location = null
	ssl.keystore.password = null
	ssl.keystore.type = JKS
	ssl.protocol = TLSv1.3
	ssl.provider = null
	ssl.secure.random.implementation = null
	ssl.trustmanager.algorithm = PKIX
	ssl.truststore.certificates = null
	ssl.truststore.location = null
	ssl.truststore.password = null
	ssl.truststore.type = JKS
	value.deserializer = class org.apache.kafka.common.serialization.StringDeserializer

2025-12-25 16:08:07.513 INFO  [main] o.a.k.c.t.i.KafkaMetricsCollector - initializing Kafka metrics collector
2025-12-25 16:08:07.669 INFO  [main] o.a.kafka.common.utils.AppInfoParser - Kafka version: 3.8.1
2025-12-25 16:08:07.669 INFO  [main] o.a.kafka.common.utils.AppInfoParser - Kafka commitId: 70d6ff42debf7e17
2025-12-25 16:08:07.669 INFO  [main] o.a.kafka.common.utils.AppInfoParser - Kafka startTimeMs: 1766678887668
2025-12-25 16:08:07.681 INFO  [main] o.a.k.c.c.i.LegacyKafkaConsumer - [Consumer clientId=consumer-stockapi-1, groupId=stockapi] Subscribed to topic(s): indicator_events
2025-12-25 16:08:07.713 INFO  [main] c.s.stockapi.StockapiApplication - Started StockapiApplication in 8.67 seconds (process running for 9.229)
2025-12-25 16:08:08.102 INFO  [org.springframework.kafka.KafkaListenerEndpointContainer#0-0-C-1] org.apache.kafka.clients.Metadata - [Consumer clientId=consumer-stockapi-1, groupId=stockapi] Cluster ID: 5L6g3nShT-eMCtK--X86sw
2025-12-25 16:08:08.103 INFO  [org.springframework.kafka.KafkaListenerEndpointContainer#0-0-C-1] o.a.k.c.c.i.ConsumerCoordinator - [Consumer clientId=consumer-stockapi-1, groupId=stockapi] Discovered group coordinator kafka:9092 (id: 2147483646 rack: null)
2025-12-25 16:08:08.105 INFO  [org.springframework.kafka.KafkaListenerEndpointContainer#0-0-C-1] o.a.k.c.c.i.ConsumerCoordinator - [Consumer clientId=consumer-stockapi-1, groupId=stockapi] (Re-)joining group
2025-12-25 16:08:08.134 INFO  [org.springframework.kafka.KafkaListenerEndpointContainer#0-0-C-1] o.a.k.c.c.i.ConsumerCoordinator - [Consumer clientId=consumer-stockapi-1, groupId=stockapi] Request joining group due to: need to re-join with the given member-id: consumer-stockapi-1-09b65d31-94b5-41c8-993d-0cbdc8ca6fb0
2025-12-25 16:08:08.134 INFO  [org.springframework.kafka.KafkaListenerEndpointContainer#0-0-C-1] o.a.k.c.c.i.ConsumerCoordinator - [Consumer clientId=consumer-stockapi-1, groupId=stockapi] (Re-)joining group
2025-12-25 16:08:08.680 INFO  [http-nio-8080-exec-1] o.a.c.c.C.[Tomcat].[localhost].[/] - Initializing Spring DispatcherServlet 'dispatcherServlet'
2025-12-25 16:08:08.680 INFO  [http-nio-8080-exec-1] o.s.web.servlet.DispatcherServlet - Initializing Servlet 'dispatcherServlet'
2025-12-25 16:08:08.682 INFO  [http-nio-8080-exec-1] o.s.web.servlet.DispatcherServlet - Completed initialization in 1 ms
2025-12-25 16:08:11.149 INFO  [org.springframework.kafka.KafkaListenerEndpointContainer#0-0-C-1] o.a.k.c.c.i.ConsumerCoordinator - [Consumer clientId=consumer-stockapi-1, groupId=stockapi] Successfully joined group with generation Generation{generationId=13, memberId='consumer-stockapi-1-09b65d31-94b5-41c8-993d-0cbdc8ca6fb0', protocol='range'}
2025-12-25 16:08:11.160 INFO  [org.springframework.kafka.KafkaListenerEndpointContainer#0-0-C-1] o.a.k.c.c.i.ConsumerCoordinator - [Consumer clientId=consumer-stockapi-1, groupId=stockapi] Finished assignment for group at generation 13: {consumer-stockapi-1-09b65d31-94b5-41c8-993d-0cbdc8ca6fb0=Assignment(partitions=[indicator_events-0])}
2025-12-25 16:08:11.179 INFO  [org.springframework.kafka.KafkaListenerEndpointContainer#0-0-C-1] o.a.k.c.c.i.ConsumerCoordinator - [Consumer clientId=consumer-stockapi-1, groupId=stockapi] Successfully synced group in generation Generation{generationId=13, memberId='consumer-stockapi-1-09b65d31-94b5-41c8-993d-0cbdc8ca6fb0', protocol='range'}
2025-12-25 16:08:11.180 INFO  [org.springframework.kafka.KafkaListenerEndpointContainer#0-0-C-1] o.a.k.c.c.i.ConsumerCoordinator - [Consumer clientId=consumer-stockapi-1, groupId=stockapi] Notifying assignor about the new Assignment(partitions=[indicator_events-0])
2025-12-25 16:08:11.183 INFO  [org.springframework.kafka.KafkaListenerEndpointContainer#0-0-C-1] o.a.k.c.c.i.ConsumerRebalanceListenerInvoker - [Consumer clientId=consumer-stockapi-1, groupId=stockapi] Adding newly assigned partitions: indicator_events-0
2025-12-25 16:08:11.204 INFO  [org.springframework.kafka.KafkaListenerEndpointContainer#0-0-C-1] o.a.k.c.c.internals.ConsumerUtils - Setting offset for partition indicator_events-0 to the committed offset FetchPosition{offset=2100, offsetEpoch=Optional.empty, currentLeader=LeaderAndEpoch{leader=Optional[kafka:9092 (id: 1 rack: null)], epoch=12}}
2025-12-25 16:08:11.206 INFO  [org.springframework.kafka.KafkaListenerEndpointContainer#0-0-C-1] o.s.k.l.KafkaMessageListenerContainer - stockapi: partitions assigned: [indicator_events-0]
2025-12-25 16:08:11.274 INFO  [org.springframework.kafka.KafkaListenerEndpointContainer#0-0-C-1] c.s.s.indicators.IndicatorListener - Received Message in group stockapi: ["293cce8f-92ed-4c43-b6d8-b8f4b184b9f5"]
2025-12-25 16:08:11.485 INFO  [org.springframework.kafka.KafkaListenerEndpointContainer#0-0-C-1] c.s.s.indicators.IndicatorListener - Candle Found: 293cce8f-92ed-4c43-b6d8-b8f4b184b9f5
2025-12-25 16:08:11.485 INFO  [org.springframework.kafka.KafkaListenerEndpointContainer#0-0-C-1] c.s.s.indicators.IndicatorListener - Candle with values: Open: 88266.21000000, Close: 88263.07000000, High: 88292.83000000, Low: 88263.06000000, OpenTime: 2025-12-25T15:07, CloseTime: 2025-12-25T15:07:59
2025-12-25 16:08:11.621 INFO  [org.springframework.kafka.KafkaListenerEndpointContainer#0-0-C-1] c.s.s.indicators.IndicatorCalculator - Number of candles retrieved for BarSeries: 224
2025-12-25 16:08:11.622 INFO  [org.springframework.kafka.KafkaListenerEndpointContainer#0-0-C-1] c.s.s.indicators.IndicatorCalculator - List of candles:
2025-12-25 16:08:11.622 INFO  [org.springframework.kafka.KafkaListenerEndpointContainer#0-0-C-1] c.s.s.indicators.IndicatorCalculator - Open: 87511.01000000, Close: 87489.00000000, High: 87511.01000000, Low: 87462.19000000, OpenTime: 2025-12-25T11:25, CloseTime: 2025-12-25T11:25:59
2025-12-25 16:08:11.622 INFO  [org.springframework.kafka.KafkaListenerEndpointContainer#0-0-C-1] c.s.s.indicators.IndicatorCalculator - Open: 87487.00000000, Close: 87494.81000000, High: 87494.81000000, Low: 87487.00000000, OpenTime: 2025-12-25T11:26, CloseTime: 2025-12-25T11:26:59
2025-12-25 16:08:11.622 INFO  [org.springframework.kafka.KafkaListenerEndpointContainer#0-0-C-1] c.s.s.indicators.IndicatorCalculator - Open: 87494.80000000, Close: 87528.67000000, High: 87528.68000000, Low: 87494.80000000, OpenTime: 2025-12-25T11:27, CloseTime: 2025-12-25T11:27:59
2025-12-25 16:08:11.622 INFO  [org.springframework.kafka.KafkaListenerEndpointContainer#0-0-C-1] c.s.s.indicators.IndicatorCalculator - Open: 87528.68000000, Close: 87526.99000000, High: 87550.00000000, Low: 87523.75000000, OpenTime: 2025-12-25T11:28, CloseTime: 2025-12-25T11:28:59
2025-12-25 16:08:11.622 INFO  [org.springframework.kafka.KafkaListenerEndpointContainer#0-0-C-1] c.s.s.indicators.IndicatorCalculator - Open: 87527.00000000, Close: 87535.37000000, High: 87535.38000000, Low: 87526.99000000, OpenTime: 2025-12-25T11:29, CloseTime: 2025-12-25T11:29:59
2025-12-25 16:08:11.622 INFO  [org.springframework.kafka.KafkaListenerEndpointContainer#0-0-C-1] c.s.s.indicators.IndicatorCalculator - Open: 87535.38000000, Close: 87536.10000000, High: 87537.28000000, Low: 87534.00000000, OpenTime: 2025-12-25T11:30, CloseTime: 2025-12-25T11:30:59
2025-12-25 16:08:11.622 INFO  [org.springframework.kafka.KafkaListenerEndpointContainer#0-0-C-1] c.s.s.indicators.IndicatorCalculator - Open: 87536.09000000, Close: 87549.49000000, High: 87549.49000000, Low: 87528.43000000, OpenTime: 2025-12-25T11:31, CloseTime: 2025-12-25T11:31:59
2025-12-25 16:08:11.622 INFO  [org.springframework.kafka.KafkaListenerEndpointContainer#0-0-C-1] c.s.s.indicators.IndicatorCalculator - Open: 87549.48000000, Close: 87550.00000000, High: 87550.00000000, Low: 87527.59000000, OpenTime: 2025-12-25T11:32, CloseTime: 2025-12-25T11:32:59
2025-12-25 16:08:11.622 INFO  [org.springframework.kafka.KafkaListenerEndpointContainer#0-0-C-1] c.s.s.indicators.IndicatorCalculator - Open: 87549.99000000, Close: 87551.00000000, High: 87551.30000000, Low: 87541.86000000, OpenTime: 2025-12-25T11:33, CloseTime: 2025-12-25T11:33:59
2025-12-25 16:08:11.622 INFO  [org.springframework.kafka.KafkaListenerEndpointContainer#0-0-C-1] c.s.s.indicators.IndicatorCalculator - Open: 87551.00000000, Close: 87558.99000000, High: 87559.00000000, Low: 87550.99000000, OpenTime: 2025-12-25T11:34, CloseTime: 2025-12-25T11:34:59
2025-12-25 16:08:11.734 INFO  [org.springframework.kafka.KafkaListenerEndpointContainer#0-0-C-1] c.s.s.indicators.IndicatorCalculator - Number of candles retrieved for BarSeries: 224
2025-12-25 16:08:11.734 INFO  [org.springframework.kafka.KafkaListenerEndpointContainer#0-0-C-1] c.s.s.indicators.IndicatorCalculator - List of candles:
2025-12-25 16:08:11.734 INFO  [org.springframework.kafka.KafkaListenerEndpointContainer#0-0-C-1] c.s.s.indicators.IndicatorCalculator - Open: 87511.01000000, Close: 87489.00000000, High: 87511.01000000, Low: 87462.19000000, OpenTime: 2025-12-25T11:25, CloseTime: 2025-12-25T11:25:59
2025-12-25 16:08:11.734 INFO  [org.springframework.kafka.KafkaListenerEndpointContainer#0-0-C-1] c.s.s.indicators.IndicatorCalculator - Open: 87487.00000000, Close: 87494.81000000, High: 87494.81000000, Low: 87487.00000000, OpenTime: 2025-12-25T11:26, CloseTime: 2025-12-25T11:26:59
2025-12-25 16:08:11.734 INFO  [org.springframework.kafka.KafkaListenerEndpointContainer#0-0-C-1] c.s.s.indicators.IndicatorCalculator - Open: 87494.80000000, Close: 87528.67000000, High: 87528.68000000, Low: 87494.80000000, OpenTime: 2025-12-25T11:27, CloseTime: 2025-12-25T11:27:59
2025-12-25 16:08:11.734 INFO  [org.springframework.kafka.KafkaListenerEndpointContainer#0-0-C-1] c.s.s.indicators.IndicatorCalculator - Open: 87528.68000000, Close: 87526.99000000, High: 87550.00000000, Low: 87523.75000000, OpenTime: 2025-12-25T11:28, CloseTime: 2025-12-25T11:28:59
2025-12-25 16:08:11.734 INFO  [org.springframework.kafka.KafkaListenerEndpointContainer#0-0-C-1] c.s.s.indicators.IndicatorCalculator - Open: 87527.00000000, Close: 87535.37000000, High: 87535.38000000, Low: 87526.99000000, OpenTime: 2025-12-25T11:29, CloseTime: 2025-12-25T11:29:59
2025-12-25 16:08:11.734 INFO  [org.springframework.kafka.KafkaListenerEndpointContainer#0-0-C-1] c.s.s.indicators.IndicatorCalculator - Open: 87535.38000000, Close: 87536.10000000, High: 87537.28000000, Low: 87534.00000000, OpenTime: 2025-12-25T11:30, CloseTime: 2025-12-25T11:30:59
2025-12-25 16:08:11.734 INFO  [org.springframework.kafka.KafkaListenerEndpointContainer#0-0-C-1] c.s.s.indicators.IndicatorCalculator - Open: 87536.09000000, Close: 87549.49000000, High: 87549.49000000, Low: 87528.43000000, OpenTime: 2025-12-25T11:31, CloseTime: 2025-12-25T11:31:59
2025-12-25 16:08:11.735 INFO  [org.springframework.kafka.KafkaListenerEndpointContainer#0-0-C-1] c.s.s.indicators.IndicatorCalculator - Open: 87549.48000000, Close: 87550.00000000, High: 87550.00000000, Low: 87527.59000000, OpenTime: 2025-12-25T11:32, CloseTime: 2025-12-25T11:32:59
2025-12-25 16:08:11.735 INFO  [org.springframework.kafka.KafkaListenerEndpointContainer#0-0-C-1] c.s.s.indicators.IndicatorCalculator - Open: 87549.99000000, Close: 87551.00000000, High: 87551.30000000, Low: 87541.86000000, OpenTime: 2025-12-25T11:33, CloseTime: 2025-12-25T11:33:59
2025-12-25 16:08:11.735 INFO  [org.springframework.kafka.KafkaListenerEndpointContainer#0-0-C-1] c.s.s.indicators.IndicatorCalculator - Open: 87551.00000000, Close: 87558.99000000, High: 87559.00000000, Low: 87550.99000000, OpenTime: 2025-12-25T11:34, CloseTime: 2025-12-25T11:34:59
2025-12-25 16:08:11.781 INFO  [org.springframework.kafka.KafkaListenerEndpointContainer#0-0-C-1] c.s.s.indicators.IndicatorCalculator - Number of candles retrieved for BarSeries: 224
2025-12-25 16:08:11.782 INFO  [org.springframework.kafka.KafkaListenerEndpointContainer#0-0-C-1] c.s.s.indicators.IndicatorCalculator - List of candles:
2025-12-25 16:08:11.782 INFO  [org.springframework.kafka.KafkaListenerEndpointContainer#0-0-C-1] c.s.s.indicators.IndicatorCalculator - Open: 87511.01000000, Close: 87489.00000000, High: 87511.01000000, Low: 87462.19000000, OpenTime: 2025-12-25T11:25, CloseTime: 2025-12-25T11:25:59
2025-12-25 16:08:11.782 INFO  [org.springframework.kafka.KafkaListenerEndpointContainer#0-0-C-1] c.s.s.indicators.IndicatorCalculator - Open: 87487.00000000, Close: 87494.81000000, High: 87494.81000000, Low: 87487.00000000, OpenTime: 2025-12-25T11:26, CloseTime: 2025-12-25T11:26:59
2025-12-25 16:08:11.782 INFO  [org.springframework.kafka.KafkaListenerEndpointContainer#0-0-C-1] c.s.s.indicators.IndicatorCalculator - Open: 87494.80000000, Close: 87528.67000000, High: 87528.68000000, Low: 87494.80000000, OpenTime: 2025-12-25T11:27, CloseTime: 2025-12-25T11:27:59
2025-12-25 16:08:11.782 INFO  [org.springframework.kafka.KafkaListenerEndpointContainer#0-0-C-1] c.s.s.indicators.IndicatorCalculator - Open: 87528.68000000, Close: 87526.99000000, High: 87550.00000000, Low: 87523.75000000, OpenTime: 2025-12-25T11:28, CloseTime: 2025-12-25T11:28:59
2025-12-25 16:08:11.782 INFO  [org.springframework.kafka.KafkaListenerEndpointContainer#0-0-C-1] c.s.s.indicators.IndicatorCalculator - Open: 87527.00000000, Close: 87535.37000000, High: 87535.38000000, Low: 87526.99000000, OpenTime: 2025-12-25T11:29, CloseTime: 2025-12-25T11:29:59
2025-12-25 16:08:11.782 INFO  [org.springframework.kafka.KafkaListenerEndpointContainer#0-0-C-1] c.s.s.indicators.IndicatorCalculator - Open: 87535.38000000, Close: 87536.10000000, High: 87537.28000000, Low: 87534.00000000, OpenTime: 2025-12-25T11:30, CloseTime: 2025-12-25T11:30:59
2025-12-25 16:08:11.782 INFO  [org.springframework.kafka.KafkaListenerEndpointContainer#0-0-C-1] c.s.s.indicators.IndicatorCalculator - Open: 87536.09000000, Close: 87549.49000000, High: 87549.49000000, Low: 87528.43000000, OpenTime: 2025-12-25T11:31, CloseTime: 2025-12-25T11:31:59
2025-12-25 16:08:11.782 INFO  [org.springframework.kafka.KafkaListenerEndpointContainer#0-0-C-1] c.s.s.indicators.IndicatorCalculator - Open: 87549.48000000, Close: 87550.00000000, High: 87550.00000000, Low: 87527.59000000, OpenTime: 2025-12-25T11:32, CloseTime: 2025-12-25T11:32:59
2025-12-25 16:08:11.782 INFO  [org.springframework.kafka.KafkaListenerEndpointContainer#0-0-C-1] c.s.s.indicators.IndicatorCalculator - Open: 87549.99000000, Close: 87551.00000000, High: 87551.30000000, Low: 87541.86000000, OpenTime: 2025-12-25T11:33, CloseTime: 2025-12-25T11:33:59
2025-12-25 16:08:11.782 INFO  [org.springframework.kafka.KafkaListenerEndpointContainer#0-0-C-1] c.s.s.indicators.IndicatorCalculator - Open: 87551.00000000, Close: 87558.99000000, High: 87559.00000000, Low: 87550.99000000, OpenTime: 2025-12-25T11:34, CloseTime: 2025-12-25T11:34:59
2025-12-25 16:08:11.794 INFO  [org.springframework.kafka.KafkaListenerEndpointContainer#0-0-C-1] c.s.s.indicators.IndicatorListener - Saved Indicator Event in group stockapi
2025-12-25 16:08:11.795 INFO  [org.springframework.kafka.KafkaListenerEndpointContainer#0-0-C-1] c.s.s.indicators.IndicatorListener - Received Message in group stockapi: ["607389e3-7baa-457b-9413-b8c98ecfd6e0"]
2025-12-25 16:08:11.803 INFO  [org.springframework.kafka.KafkaListenerEndpointContainer#0-0-C-1] c.s.s.indicators.IndicatorListener - Candle Found: 607389e3-7baa-457b-9413-b8c98ecfd6e0
2025-12-25 16:08:11.803 INFO  [org.springframework.kafka.KafkaListenerEndpointContainer#0-0-C-1] c.s.s.indicators.IndicatorListener - Candle with values: Open: 2956.93000000, Close: 2957.45000000, High: 2958.98000000, Low: 2956.88000000, OpenTime: 2025-12-25T15:07, CloseTime: 2025-12-25T15:07:59
2025-12-25 16:08:11.833 INFO  [org.springframework.kafka.KafkaListenerEndpointContainer#0-0-C-1] c.s.s.indicators.IndicatorCalculator - Number of candles retrieved for BarSeries: 224
2025-12-25 16:08:11.833 INFO  [org.springframework.kafka.KafkaListenerEndpointContainer#0-0-C-1] c.s.s.indicators.IndicatorCalculator - List of candles:
2025-12-25 16:08:11.833 INFO  [org.springframework.kafka.KafkaListenerEndpointContainer#0-0-C-1] c.s.s.indicators.IndicatorCalculator - Open: 2925.60000000, Close: 2924.60000000, High: 2925.60000000, Low: 2924.14000000, OpenTime: 2025-12-25T11:25, CloseTime: 2025-12-25T11:25:59
2025-12-25 16:08:11.834 INFO  [org.springframework.kafka.KafkaListenerEndpointContainer#0-0-C-1] c.s.s.indicators.IndicatorCalculator - Open: 2924.61000000, Close: 2925.02000000, High: 2925.02000000, Low: 2924.61000000, OpenTime: 2025-12-25T11:26, CloseTime: 2025-12-25T11:26:59
2025-12-25 16:08:11.834 INFO  [org.springframework.kafka.KafkaListenerEndpointContainer#0-0-C-1] c.s.s.indicators.IndicatorCalculator - Open: 2925.03000000, Close: 2926.10000000, High: 2926.10000000, Low: 2925.03000000, OpenTime: 2025-12-25T11:27, CloseTime: 2025-12-25T11:27:59
2025-12-25 16:08:11.834 INFO  [org.springframework.kafka.KafkaListenerEndpointContainer#0-0-C-1] c.s.s.indicators.IndicatorCalculator - Open: 2926.19000000, Close: 2926.20000000, High: 2926.89000000, Low: 2926.19000000, OpenTime: 2025-12-25T11:28, CloseTime: 2025-12-25T11:28:59
2025-12-25 16:08:11.834 INFO  [org.springframework.kafka.KafkaListenerEndpointContainer#0-0-C-1] c.s.s.indicators.IndicatorCalculator - Open: 2926.21000000, Close: 2926.61000000, High: 2926.70000000, Low: 2926.21000000, OpenTime: 2025-12-25T11:29, CloseTime: 2025-12-25T11:29:59
2025-12-25 16:08:11.834 INFO  [org.springframework.kafka.KafkaListenerEndpointContainer#0-0-C-1] c.s.s.indicators.IndicatorCalculator - Open: 2926.79000000, Close: 2926.64000000, High: 2926.79000000, Low: 2926.64000000, OpenTime: 2025-12-25T11:30, CloseTime: 2025-12-25T11:30:59
2025-12-25 16:08:11.834 INFO  [org.springframework.kafka.KafkaListenerEndpointContainer#0-0-C-1] c.s.s.indicators.IndicatorCalculator - Open: 2926.51000000, Close: 2927.66000000, High: 2927.66000000, Low: 2926.51000000, OpenTime: 2025-12-25T11:31, CloseTime: 2025-12-25T11:31:59
2025-12-25 16:08:11.834 INFO  [org.springframework.kafka.KafkaListenerEndpointContainer#0-0-C-1] c.s.s.indicators.IndicatorCalculator - Open: 2927.67000000, Close: 2927.67000000, High: 2928.23000000, Low: 2926.78000000, OpenTime: 2025-12-25T11:32, CloseTime: 2025-12-25T11:32:59
2025-12-25 16:08:11.834 INFO  [org.springframework.kafka.KafkaListenerEndpointContainer#0-0-C-1] c.s.s.indicators.IndicatorCalculator - Open: 2927.79000000, Close: 2927.55000000, High: 2927.89000000, Low: 2927.40000000, OpenTime: 2025-12-25T11:33, CloseTime: 2025-12-25T11:33:59
2025-12-25 16:08:11.834 INFO  [org.springframework.kafka.KafkaListenerEndpointContainer#0-0-C-1] c.s.s.indicators.IndicatorCalculator - Open: 2927.75000000, Close: 2928.57000000, High: 2928.84000000, Low: 2927.75000000, OpenTime: 2025-12-25T11:34, CloseTime: 2025-12-25T11:34:59
2025-12-25 16:08:11.870 INFO  [org.springframework.kafka.KafkaListenerEndpointContainer#0-0-C-1] c.s.s.indicators.IndicatorCalculator - Number of candles retrieved for BarSeries: 224
2025-12-25 16:08:11.871 INFO  [org.springframework.kafka.KafkaListenerEndpointContainer#0-0-C-1] c.s.s.indicators.IndicatorCalculator - List of candles:
2025-12-25 16:08:11.871 INFO  [org.springframework.kafka.KafkaListenerEndpointContainer#0-0-C-1] c.s.s.indicators.IndicatorCalculator - Open: 2925.60000000, Close: 2924.60000000, High: 2925.60000000, Low: 2924.14000000, OpenTime: 2025-12-25T11:25, CloseTime: 2025-12-25T11:25:59
2025-12-25 16:08:11.871 INFO  [org.springframework.kafka.KafkaListenerEndpointContainer#0-0-C-1] c.s.s.indicators.IndicatorCalculator - Open: 2924.61000000, Close: 2925.02000000, High: 2925.02000000, Low: 2924.61000000, OpenTime: 2025-12-25T11:26, CloseTime: 2025-12-25T11:26:59
2025-12-25 16:08:11.871 INFO  [org.springframework.kafka.KafkaListenerEndpointContainer#0-0-C-1] c.s.s.indicators.IndicatorCalculator - Open: 2925.03000000, Close: 2926.10000000, High: 2926.10000000, Low: 2925.03000000, OpenTime: 2025-12-25T11:27, CloseTime: 2025-12-25T11:27:59
2025-12-25 16:08:11.871 INFO  [org.springframework.kafka.KafkaListenerEndpointContainer#0-0-C-1] c.s.s.indicators.IndicatorCalculator - Open: 2926.19000000, Close: 2926.20000000, High: 2926.89000000, Low: 2926.19000000, OpenTime: 2025-12-25T11:28, CloseTime: 2025-12-25T11:28:59
2025-12-25 16:08:11.871 INFO  [org.springframework.kafka.KafkaListenerEndpointContainer#0-0-C-1] c.s.s.indicators.IndicatorCalculator - Open: 2926.21000000, Close: 2926.61000000, High: 2926.70000000, Low: 2926.21000000, OpenTime: 2025-12-25T11:29, CloseTime: 2025-12-25T11:29:59
2025-12-25 16:08:11.871 INFO  [org.springframework.kafka.KafkaListenerEndpointContainer#0-0-C-1] c.s.s.indicators.IndicatorCalculator - Open: 2926.79000000, Close: 2926.64000000, High: 2926.79000000, Low: 2926.64000000, OpenTime: 2025-12-25T11:30, CloseTime: 2025-12-25T11:30:59
2025-12-25 16:08:11.872 INFO  [org.springframework.kafka.KafkaListenerEndpointContainer#0-0-C-1] c.s.s.indicators.IndicatorCalculator - Open: 2926.51000000, Close: 2927.66000000, High: 2927.66000000, Low: 2926.51000000, OpenTime: 2025-12-25T11:31, CloseTime: 2025-12-25T11:31:59
2025-12-25 16:08:11.872 INFO  [org.springframework.kafka.KafkaListenerEndpointContainer#0-0-C-1] c.s.s.indicators.IndicatorCalculator - Open: 2927.67000000, Close: 2927.67000000, High: 2928.23000000, Low: 2926.78000000, OpenTime: 2025-12-25T11:32, CloseTime: 2025-12-25T11:32:59
2025-12-25 16:08:11.872 INFO  [org.springframework.kafka.KafkaListenerEndpointContainer#0-0-C-1] c.s.s.indicators.IndicatorCalculator - Open: 2927.79000000, Close: 2927.55000000, High: 2927.89000000, Low: 2927.40000000, OpenTime: 2025-12-25T11:33, CloseTime: 2025-12-25T11:33:59
2025-12-25 16:08:11.872 INFO  [org.springframework.kafka.KafkaListenerEndpointContainer#0-0-C-1] c.s.s.indicators.IndicatorCalculator - Open: 2927.75000000, Close: 2928.57000000, High: 2928.84000000, Low: 2927.75000000, OpenTime: 2025-12-25T11:34, CloseTime: 2025-12-25T11:34:59
2025-12-25 16:08:11.909 INFO  [org.springframework.kafka.KafkaListenerEndpointContainer#0-0-C-1] c.s.s.indicators.IndicatorCalculator - Number of candles retrieved for BarSeries: 224
2025-12-25 16:08:11.909 INFO  [org.springframework.kafka.KafkaListenerEndpointContainer#0-0-C-1] c.s.s.indicators.IndicatorCalculator - List of candles:
2025-12-25 16:08:11.909 INFO  [org.springframework.kafka.KafkaListenerEndpointContainer#0-0-C-1] c.s.s.indicators.IndicatorCalculator - Open: 2925.60000000, Close: 2924.60000000, High: 2925.60000000, Low: 2924.14000000, OpenTime: 2025-12-25T11:25, CloseTime: 2025-12-25T11:25:59
2025-12-25 16:08:11.909 INFO  [org.springframework.kafka.KafkaListenerEndpointContainer#0-0-C-1] c.s.s.indicators.IndicatorCalculator - Open: 2924.61000000, Close: 2925.02000000, High: 2925.02000000, Low: 2924.61000000, OpenTime: 2025-12-25T11:26, CloseTime: 2025-12-25T11:26:59
2025-12-25 16:08:11.909 INFO  [org.springframework.kafka.KafkaListenerEndpointContainer#0-0-C-1] c.s.s.indicators.IndicatorCalculator - Open: 2925.03000000, Close: 2926.10000000, High: 2926.10000000, Low: 2925.03000000, OpenTime: 2025-12-25T11:27, CloseTime: 2025-12-25T11:27:59
2025-12-25 16:08:11.909 INFO  [org.springframework.kafka.KafkaListenerEndpointContainer#0-0-C-1] c.s.s.indicators.IndicatorCalculator - Open: 2926.19000000, Close: 2926.20000000, High: 2926.89000000, Low: 2926.19000000, OpenTime: 2025-12-25T11:28, CloseTime: 2025-12-25T11:28:59
2025-12-25 16:08:11.909 INFO  [org.springframework.kafka.KafkaListenerEndpointContainer#0-0-C-1] c.s.s.indicators.IndicatorCalculator - Open: 2926.21000000, Close: 2926.61000000, High: 2926.70000000, Low: 2926.21000000, OpenTime: 2025-12-25T11:29, CloseTime: 2025-12-25T11:29:59
2025-12-25 16:08:11.909 INFO  [org.springframework.kafka.KafkaListenerEndpointContainer#0-0-C-1] c.s.s.indicators.IndicatorCalculator - Open: 2926.79000000, Close: 2926.64000000, High: 2926.79000000, Low: 2926.64000000, OpenTime: 2025-12-25T11:30, CloseTime: 2025-12-25T11:30:59
2025-12-25 16:08:11.909 INFO  [org.springframework.kafka.KafkaListenerEndpointContainer#0-0-C-1] c.s.s.indicators.IndicatorCalculator - Open: 2926.51000000, Close: 2927.66000000, High: 2927.66000000, Low: 2926.51000000, OpenTime: 2025-12-25T11:31, CloseTime: 2025-12-25T11:31:59
2025-12-25 16:08:11.909 INFO  [org.springframework.kafka.KafkaListenerEndpointContainer#0-0-C-1] c.s.s.indicators.IndicatorCalculator - Open: 2927.67000000, Close: 2927.67000000, High: 2928.23000000, Low: 2926.78000000, OpenTime: 2025-12-25T11:32, CloseTime: 2025-12-25T11:32:59
2025-12-25 16:08:11.909 INFO  [org.springframework.kafka.KafkaListenerEndpointContainer#0-0-C-1] c.s.s.indicators.IndicatorCalculator - Open: 2927.79000000, Close: 2927.55000000, High: 2927.89000000, Low: 2927.40000000, OpenTime: 2025-12-25T11:33, CloseTime: 2025-12-25T11:33:59
2025-12-25 16:08:11.910 INFO  [org.springframework.kafka.KafkaListenerEndpointContainer#0-0-C-1] c.s.s.indicators.IndicatorCalculator - Open: 2927.75000000, Close: 2928.57000000, High: 2928.84000000, Low: 2927.75000000, OpenTime: 2025-12-25T11:34, CloseTime: 2025-12-25T11:34:59
2025-12-25 16:08:11.920 INFO  [org.springframework.kafka.KafkaListenerEndpointContainer#0-0-C-1] c.s.s.indicators.IndicatorListener - Saved Indicator Event in group stockapi
2025-12-25 16:08:11.920 INFO  [org.springframework.kafka.KafkaListenerEndpointContainer#0-0-C-1] c.s.s.indicators.IndicatorListener - Received Message in group stockapi: ["2c2bf3eb-c490-443d-9c4a-5e3d18775292"]
2025-12-25 16:08:11.925 INFO  [org.springframework.kafka.KafkaListenerEndpointContainer#0-0-C-1] c.s.s.indicators.IndicatorListener - Candle Found: 2c2bf3eb-c490-443d-9c4a-5e3d18775292
2025-12-25 16:08:11.925 INFO  [org.springframework.kafka.KafkaListenerEndpointContainer#0-0-C-1] c.s.s.indicators.IndicatorListener - Candle with values: Open: 0.03350000, Close: 0.03352000, High: 0.03352000, Low: 0.03350000, OpenTime: 2025-12-25T15:07, CloseTime: 2025-12-25T15:07:59
2025-12-25 16:08:11.945 INFO  [org.springframework.kafka.KafkaListenerEndpointContainer#0-0-C-1] c.s.s.indicators.IndicatorCalculator - Number of candles retrieved for BarSeries: 224
2025-12-25 16:08:11.945 INFO  [org.springframework.kafka.KafkaListenerEndpointContainer#0-0-C-1] c.s.s.indicators.IndicatorCalculator - List of candles:
2025-12-25 16:08:11.945 INFO  [org.springframework.kafka.KafkaListenerEndpointContainer#0-0-C-1] c.s.s.indicators.IndicatorCalculator - Open: 0.03344000, Close: 0.03344000, High: 0.03344000, Low: 0.03344000, OpenTime: 2025-12-25T11:25, CloseTime: 2025-12-25T11:25:59
2025-12-25 16:08:11.945 INFO  [org.springframework.kafka.KafkaListenerEndpointContainer#0-0-C-1] c.s.s.indicators.IndicatorCalculator - Open: 0.03344000, Close: 0.03344000, High: 0.03344000, Low: 0.03344000, OpenTime: 2025-12-25T11:26, CloseTime: 2025-12-25T11:26:59
2025-12-25 16:08:11.945 INFO  [org.springframework.kafka.KafkaListenerEndpointContainer#0-0-C-1] c.s.s.indicators.IndicatorCalculator - Open: 0.03343000, Close: 0.03343000, High: 0.03343000, Low: 0.03343000, OpenTime: 2025-12-25T11:27, CloseTime: 2025-12-25T11:27:59
2025-12-25 16:08:11.945 INFO  [org.springframework.kafka.KafkaListenerEndpointContainer#0-0-C-1] c.s.s.indicators.IndicatorCalculator - Open: 0.03343000, Close: 0.03343000, High: 0.03343000, Low: 0.03343000, OpenTime: 2025-12-25T11:28, CloseTime: 2025-12-25T11:28:59
2025-12-25 16:08:11.945 INFO  [org.springframework.kafka.KafkaListenerEndpointContainer#0-0-C-1] c.s.s.indicators.IndicatorCalculator - Open: 0.03343000, Close: 0.03344000, High: 0.03344000, Low: 0.03343000, OpenTime: 2025-12-25T11:29, CloseTime: 2025-12-25T11:29:59
2025-12-25 16:08:11.946 INFO  [org.springframework.kafka.KafkaListenerEndpointContainer#0-0-C-1] c.s.s.indicators.IndicatorCalculator - Open: 0.03343000, Close: 0.03343000, High: 0.03343000, Low: 0.03343000, OpenTime: 2025-12-25T11:30, CloseTime: 2025-12-25T11:30:59
2025-12-25 16:08:11.946 INFO  [org.springframework.kafka.KafkaListenerEndpointContainer#0-0-C-1] c.s.s.indicators.IndicatorCalculator - Open: 0.03343000, Close: 0.03343000, High: 0.03343000, Low: 0.03343000, OpenTime: 2025-12-25T11:31, CloseTime: 2025-12-25T11:31:59
2025-12-25 16:08:11.946 INFO  [org.springframework.kafka.KafkaListenerEndpointContainer#0-0-C-1] c.s.s.indicators.IndicatorCalculator - Open: 0.03344000, Close: 0.03343000, High: 0.03344000, Low: 0.03343000, OpenTime: 2025-12-25T11:32, CloseTime: 2025-12-25T11:32:59
2025-12-25 16:08:11.946 INFO  [org.springframework.kafka.KafkaListenerEndpointContainer#0-0-C-1] c.s.s.indicators.IndicatorCalculator - Open: 0.03343000, Close: 0.03343000, High: 0.03343000, Low: 0.03343000, OpenTime: 2025-12-25T11:33, CloseTime: 2025-12-25T11:33:59
2025-12-25 16:08:11.946 INFO  [org.springframework.kafka.KafkaListenerEndpointContainer#0-0-C-1] c.s.s.indicators.IndicatorCalculator - Open: 0.03344000, Close: 0.03344000, High: 0.03344000, Low: 0.03344000, OpenTime: 2025-12-25T11:34, CloseTime: 2025-12-25T11:34:59
2025-12-25 16:08:11.978 INFO  [org.springframework.kafka.KafkaListenerEndpointContainer#0-0-C-1] c.s.s.indicators.IndicatorCalculator - Number of candles retrieved for BarSeries: 224
2025-12-25 16:08:11.978 INFO  [org.springframework.kafka.KafkaListenerEndpointContainer#0-0-C-1] c.s.s.indicators.IndicatorCalculator - List of candles:
2025-12-25 16:08:11.979 INFO  [org.springframework.kafka.KafkaListenerEndpointContainer#0-0-C-1] c.s.s.indicators.IndicatorCalculator - Open: 0.03344000, Close: 0.03344000, High: 0.03344000, Low: 0.03344000, OpenTime: 2025-12-25T11:25, CloseTime: 2025-12-25T11:25:59
2025-12-25 16:08:11.979 INFO  [org.springframework.kafka.KafkaListenerEndpointContainer#0-0-C-1] c.s.s.indicators.IndicatorCalculator - Open: 0.03344000, Close: 0.03344000, High: 0.03344000, Low: 0.03344000, OpenTime: 2025-12-25T11:26, CloseTime: 2025-12-25T11:26:59
2025-12-25 16:08:11.979 INFO  [org.springframework.kafka.KafkaListenerEndpointContainer#0-0-C-1] c.s.s.indicators.IndicatorCalculator - Open: 0.03343000, Close: 0.03343000, High: 0.03343000, Low: 0.03343000, OpenTime: 2025-12-25T11:27, CloseTime: 2025-12-25T11:27:59
2025-12-25 16:08:11.979 INFO  [org.springframework.kafka.KafkaListenerEndpointContainer#0-0-C-1] c.s.s.indicators.IndicatorCalculator - Open: 0.03343000, Close: 0.03343000, High: 0.03343000, Low: 0.03343000, OpenTime: 2025-12-25T11:28, CloseTime: 2025-12-25T11:28:59
2025-12-25 16:08:11.979 INFO  [org.springframework.kafka.KafkaListenerEndpointContainer#0-0-C-1] c.s.s.indicators.IndicatorCalculator - Open: 0.03343000, Close: 0.03344000, High: 0.03344000, Low: 0.03343000, OpenTime: 2025-12-25T11:29, CloseTime: 2025-12-25T11:29:59
2025-12-25 16:08:11.979 INFO  [org.springframework.kafka.KafkaListenerEndpointContainer#0-0-C-1] c.s.s.indicators.IndicatorCalculator - Open: 0.03343000, Close: 0.03343000, High: 0.03343000, Low: 0.03343000, OpenTime: 2025-12-25T11:30, CloseTime: 2025-12-25T11:30:59
2025-12-25 16:08:11.980 INFO  [org.springframework.kafka.KafkaListenerEndpointContainer#0-0-C-1] c.s.s.indicators.IndicatorCalculator - Open: 0.03343000, Close: 0.03343000, High: 0.03343000, Low: 0.03343000, OpenTime: 2025-12-25T11:31, CloseTime: 2025-12-25T11:31:59
2025-12-25 16:08:11.980 INFO  [org.springframework.kafka.KafkaListenerEndpointContainer#0-0-C-1] c.s.s.indicators.IndicatorCalculator - Open: 0.03344000, Close: 0.03343000, High: 0.03344000, Low: 0.03343000, OpenTime: 2025-12-25T11:32, CloseTime: 2025-12-25T11:32:59
2025-12-25 16:08:11.980 INFO  [org.springframework.kafka.KafkaListenerEndpointContainer#0-0-C-1] c.s.s.indicators.IndicatorCalculator - Open: 0.03343000, Close: 0.03343000, High: 0.03343000, Low: 0.03343000, OpenTime: 2025-12-25T11:33, CloseTime: 2025-12-25T11:33:59
2025-12-25 16:08:11.980 INFO  [org.springframework.kafka.KafkaListenerEndpointContainer#0-0-C-1] c.s.s.indicators.IndicatorCalculator - Open: 0.03344000, Close: 0.03344000, High: 0.03344000, Low: 0.03344000, OpenTime: 2025-12-25T11:34, CloseTime: 2025-12-25T11:34:59
2025-12-25 16:08:12.005 INFO  [org.springframework.kafka.KafkaListenerEndpointContainer#0-0-C-1] c.s.s.indicators.IndicatorCalculator - Number of candles retrieved for BarSeries: 224
2025-12-25 16:08:12.005 INFO  [org.springframework.kafka.KafkaListenerEndpointContainer#0-0-C-1] c.s.s.indicators.IndicatorCalculator - List of candles:
2025-12-25 16:08:12.005 INFO  [org.springframework.kafka.KafkaListenerEndpointContainer#0-0-C-1] c.s.s.indicators.IndicatorCalculator - Open: 0.03344000, Close: 0.03344000, High: 0.03344000, Low: 0.03344000, OpenTime: 2025-12-25T11:25, CloseTime: 2025-12-25T11:25:59
2025-12-25 16:08:12.006 INFO  [org.springframework.kafka.KafkaListenerEndpointContainer#0-0-C-1] c.s.s.indicators.IndicatorCalculator - Open: 0.03344000, Close: 0.03344000, High: 0.03344000, Low: 0.03344000, OpenTime: 2025-12-25T11:26, CloseTime: 2025-12-25T11:26:59
2025-12-25 16:08:12.006 INFO  [org.springframework.kafka.KafkaListenerEndpointContainer#0-0-C-1] c.s.s.indicators.IndicatorCalculator - Open: 0.03343000, Close: 0.03343000, High: 0.03343000, Low: 0.03343000, OpenTime: 2025-12-25T11:27, CloseTime: 2025-12-25T11:27:59
2025-12-25 16:08:12.006 INFO  [org.springframework.kafka.KafkaListenerEndpointContainer#0-0-C-1] c.s.s.indicators.IndicatorCalculator - Open: 0.03343000, Close: 0.03343000, High: 0.03343000, Low: 0.03343000, OpenTime: 2025-12-25T11:28, CloseTime: 2025-12-25T11:28:59
2025-12-25 16:08:12.006 INFO  [org.springframework.kafka.KafkaListenerEndpointContainer#0-0-C-1] c.s.s.indicators.IndicatorCalculator - Open: 0.03343000, Close: 0.03344000, High: 0.03344000, Low: 0.03343000, OpenTime: 2025-12-25T11:29, CloseTime: 2025-12-25T11:29:59
2025-12-25 16:08:12.006 INFO  [org.springframework.kafka.KafkaListenerEndpointContainer#0-0-C-1] c.s.s.indicators.IndicatorCalculator - Open: 0.03343000, Close: 0.03343000, High: 0.03343000, Low: 0.03343000, OpenTime: 2025-12-25T11:30, CloseTime: 2025-12-25T11:30:59
2025-12-25 16:08:12.006 INFO  [org.springframework.kafka.KafkaListenerEndpointContainer#0-0-C-1] c.s.s.indicators.IndicatorCalculator - Open: 0.03343000, Close: 0.03343000, High: 0.03343000, Low: 0.03343000, OpenTime: 2025-12-25T11:31, CloseTime: 2025-12-25T11:31:59
2025-12-25 16:08:12.006 INFO  [org.springframework.kafka.KafkaListenerEndpointContainer#0-0-C-1] c.s.s.indicators.IndicatorCalculator - Open: 0.03344000, Close: 0.03343000, High: 0.03344000, Low: 0.03343000, OpenTime: 2025-12-25T11:32, CloseTime: 2025-12-25T11:32:59
2025-12-25 16:08:12.006 INFO  [org.springframework.kafka.KafkaListenerEndpointContainer#0-0-C-1] c.s.s.indicators.IndicatorCalculator - Open: 0.03343000, Close: 0.03343000, High: 0.03343000, Low: 0.03343000, OpenTime: 2025-12-25T11:33, CloseTime: 2025-12-25T11:33:59
2025-12-25 16:08:12.006 INFO  [org.springframework.kafka.KafkaListenerEndpointContainer#0-0-C-1] c.s.s.indicators.IndicatorCalculator - Open: 0.03344000, Close: 0.03344000, High: 0.03344000, Low: 0.03344000, OpenTime: 2025-12-25T11:34, CloseTime: 2025-12-25T11:34:59
2025-12-25 16:08:12.016 INFO  [org.springframework.kafka.KafkaListenerEndpointContainer#0-0-C-1] c.s.s.indicators.IndicatorListener - Saved Indicator Event in group stockapi
2025-12-25 16:08:12.017 INFO  [org.springframework.kafka.KafkaListenerEndpointContainer#0-0-C-1] c.s.s.indicators.IndicatorListener - Received Message in group stockapi: ["b99658c3-053b-4494-bf93-af8fba256e99"]
2025-12-25 16:08:12.023 INFO  [org.springframework.kafka.KafkaListenerEndpointContainer#0-0-C-1] c.s.s.indicators.IndicatorListener - Candle Found: b99658c3-053b-4494-bf93-af8fba256e99
2025-12-25 16:08:12.023 INFO  [org.springframework.kafka.KafkaListenerEndpointContainer#0-0-C-1] c.s.s.indicators.IndicatorListener - Candle with values: Open: 123.54000000, Close: 123.59000000, High: 123.62000000, Low: 123.54000000, OpenTime: 2025-12-25T15:07, CloseTime: 2025-12-25T15:07:59
2025-12-25 16:08:12.044 INFO  [org.springframework.kafka.KafkaListenerEndpointContainer#0-0-C-1] c.s.s.indicators.IndicatorCalculator - Number of candles retrieved for BarSeries: 224
2025-12-25 16:08:12.044 INFO  [org.springframework.kafka.KafkaListenerEndpointContainer#0-0-C-1] c.s.s.indicators.IndicatorCalculator - List of candles:
2025-12-25 16:08:12.044 INFO  [org.springframework.kafka.KafkaListenerEndpointContainer#0-0-C-1] c.s.s.indicators.IndicatorCalculator - Open: 121.83000000, Close: 121.75000000, High: 121.83000000, Low: 121.74000000, OpenTime: 2025-12-25T11:25, CloseTime: 2025-12-25T11:25:59
2025-12-25 16:08:12.044 INFO  [org.springframework.kafka.KafkaListenerEndpointContainer#0-0-C-1] c.s.s.indicators.IndicatorCalculator - Open: 121.75000000, Close: 121.80000000, High: 121.80000000, Low: 121.75000000, OpenTime: 2025-12-25T11:26, CloseTime: 2025-12-25T11:26:59
2025-12-25 16:08:12.045 INFO  [org.springframework.kafka.KafkaListenerEndpointContainer#0-0-C-1] c.s.s.indicators.IndicatorCalculator - Open: 121.79000000, Close: 121.83000000, High: 121.84000000, Low: 121.79000000, OpenTime: 2025-12-25T11:27, CloseTime: 2025-12-25T11:27:59
2025-12-25 16:08:12.045 INFO  [org.springframework.kafka.KafkaListenerEndpointContainer#0-0-C-1] c.s.s.indicators.IndicatorCalculator - Open: 121.84000000, Close: 121.85000000, High: 121.92000000, Low: 121.84000000, OpenTime: 2025-12-25T11:28, CloseTime: 2025-12-25T11:28:59
2025-12-25 16:08:12.045 INFO  [org.springframework.kafka.KafkaListenerEndpointContainer#0-0-C-1] c.s.s.indicators.IndicatorCalculator - Open: 121.86000000, Close: 121.91000000, High: 121.91000000, Low: 121.86000000, OpenTime: 2025-12-25T11:29, CloseTime: 2025-12-25T11:29:59
2025-12-25 16:08:12.045 INFO  [org.springframework.kafka.KafkaListenerEndpointContainer#0-0-C-1] c.s.s.indicators.IndicatorCalculator - Open: 121.91000000, Close: 121.87000000, High: 121.93000000, Low: 121.87000000, OpenTime: 2025-12-25T11:30, CloseTime: 2025-12-25T11:30:59
2025-12-25 16:08:12.045 INFO  [org.springframework.kafka.KafkaListenerEndpointContainer#0-0-C-1] c.s.s.indicators.IndicatorCalculator - Open: 121.87000000, Close: 121.89000000, High: 121.89000000, Low: 121.87000000, OpenTime: 2025-12-25T11:31, CloseTime: 2025-12-25T11:31:59
2025-12-25 16:08:12.045 INFO  [org.springframework.kafka.KafkaListenerEndpointContainer#0-0-C-1] c.s.s.indicators.IndicatorCalculator - Open: 121.88000000, Close: 121.87000000, High: 121.89000000, Low: 121.83000000, OpenTime: 2025-12-25T11:32, CloseTime: 2025-12-25T11:32:59
2025-12-25 16:08:12.045 INFO  [org.springframework.kafka.KafkaListenerEndpointContainer#0-0-C-1] c.s.s.indicators.IndicatorCalculator - Open: 121.87000000, Close: 121.84000000, High: 121.87000000, Low: 121.83000000, OpenTime: 2025-12-25T11:33, CloseTime: 2025-12-25T11:33:59
2025-12-25 16:08:12.045 INFO  [org.springframework.kafka.KafkaListenerEndpointContainer#0-0-C-1] c.s.s.indicators.IndicatorCalculator - Open: 121.85000000, Close: 121.86000000, High: 121.87000000, Low: 121.85000000, OpenTime: 2025-12-25T11:34, CloseTime: 2025-12-25T11:34:59
2025-12-25 16:08:12.068 INFO  [org.springframework.kafka.KafkaListenerEndpointContainer#0-0-C-1] c.s.s.indicators.IndicatorCalculator - Number of candles retrieved for BarSeries: 224
2025-12-25 16:08:12.068 INFO  [org.springframework.kafka.KafkaListenerEndpointContainer#0-0-C-1] c.s.s.indicators.IndicatorCalculator - List of candles:
2025-12-25 16:08:12.068 INFO  [org.springframework.kafka.KafkaListenerEndpointContainer#0-0-C-1] c.s.s.indicators.IndicatorCalculator - Open: 121.83000000, Close: 121.75000000, High: 121.83000000, Low: 121.74000000, OpenTime: 2025-12-25T11:25, CloseTime: 2025-12-25T11:25:59
2025-12-25 16:08:12.068 INFO  [org.springframework.kafka.KafkaListenerEndpointContainer#0-0-C-1] c.s.s.indicators.IndicatorCalculator - Open: 121.75000000, Close: 121.80000000, High: 121.80000000, Low: 121.75000000, OpenTime: 2025-12-25T11:26, CloseTime: 2025-12-25T11:26:59
2025-12-25 16:08:12.068 INFO  [org.springframework.kafka.KafkaListenerEndpointContainer#0-0-C-1] c.s.s.indicators.IndicatorCalculator - Open: 121.79000000, Close: 121.83000000, High: 121.84000000, Low: 121.79000000, OpenTime: 2025-12-25T11:27, CloseTime: 2025-12-25T11:27:59
2025-12-25 16:08:12.069 INFO  [org.springframework.kafka.KafkaListenerEndpointContainer#0-0-C-1] c.s.s.indicators.IndicatorCalculator - Open: 121.84000000, Close: 121.85000000, High: 121.92000000, Low: 121.84000000, OpenTime: 2025-12-25T11:28, CloseTime: 2025-12-25T11:28:59
2025-12-25 16:08:12.069 INFO  [org.springframework.kafka.KafkaListenerEndpointContainer#0-0-C-1] c.s.s.indicators.IndicatorCalculator - Open: 121.86000000, Close: 121.91000000, High: 121.91000000, Low: 121.86000000, OpenTime: 2025-12-25T11:29, CloseTime: 2025-12-25T11:29:59
2025-12-25 16:08:12.069 INFO  [org.springframework.kafka.KafkaListenerEndpointContainer#0-0-C-1] c.s.s.indicators.IndicatorCalculator - Open: 121.91000000, Close: 121.87000000, High: 121.93000000, Low: 121.87000000, OpenTime: 2025-12-25T11:30, CloseTime: 2025-12-25T11:30:59
2025-12-25 16:08:12.069 INFO  [org.springframework.kafka.KafkaListenerEndpointContainer#0-0-C-1] c.s.s.indicators.IndicatorCalculator - Open: 121.87000000, Close: 121.89000000, High: 121.89000000, Low: 121.87000000, OpenTime: 2025-12-25T11:31, CloseTime: 2025-12-25T11:31:59
2025-12-25 16:08:12.069 INFO  [org.springframework.kafka.KafkaListenerEndpointContainer#0-0-C-1] c.s.s.indicators.IndicatorCalculator - Open: 121.88000000, Close: 121.87000000, High: 121.89000000, Low: 121.83000000, OpenTime: 2025-12-25T11:32, CloseTime: 2025-12-25T11:32:59
2025-12-25 16:08:12.069 INFO  [org.springframework.kafka.KafkaListenerEndpointContainer#0-0-C-1] c.s.s.indicators.IndicatorCalculator - Open: 121.87000000, Close: 121.84000000, High: 121.87000000, Low: 121.83000000, OpenTime: 2025-12-25T11:33, CloseTime: 2025-12-25T11:33:59
2025-12-25 16:08:12.069 INFO  [org.springframework.kafka.KafkaListenerEndpointContainer#0-0-C-1] c.s.s.indicators.IndicatorCalculator - Open: 121.85000000, Close: 121.86000000, High: 121.87000000, Low: 121.85000000, OpenTime: 2025-12-25T11:34, CloseTime: 2025-12-25T11:34:59
2025-12-25 16:08:12.089 INFO  [org.springframework.kafka.KafkaListenerEndpointContainer#0-0-C-1] c.s.s.indicators.IndicatorCalculator - Number of candles retrieved for BarSeries: 224
2025-12-25 16:08:12.090 INFO  [org.springframework.kafka.KafkaListenerEndpointContainer#0-0-C-1] c.s.s.indicators.IndicatorCalculator - List of candles:
2025-12-25 16:08:12.090 INFO  [org.springframework.kafka.KafkaListenerEndpointContainer#0-0-C-1] c.s.s.indicators.IndicatorCalculator - Open: 121.83000000, Close: 121.75000000, High: 121.83000000, Low: 121.74000000, OpenTime: 2025-12-25T11:25, CloseTime: 2025-12-25T11:25:59
2025-12-25 16:08:12.090 INFO  [org.springframework.kafka.KafkaListenerEndpointContainer#0-0-C-1] c.s.s.indicators.IndicatorCalculator - Open: 121.75000000, Close: 121.80000000, High: 121.80000000, Low: 121.75000000, OpenTime: 2025-12-25T11:26, CloseTime: 2025-12-25T11:26:59
2025-12-25 16:08:12.090 INFO  [org.springframework.kafka.KafkaListenerEndpointContainer#0-0-C-1] c.s.s.indicators.IndicatorCalculator - Open: 121.79000000, Close: 121.83000000, High: 121.84000000, Low: 121.79000000, OpenTime: 2025-12-25T11:27, CloseTime: 2025-12-25T11:27:59
2025-12-25 16:08:12.090 INFO  [org.springframework.kafka.KafkaListenerEndpointContainer#0-0-C-1] c.s.s.indicators.IndicatorCalculator - Open: 121.84000000, Close: 121.85000000, High: 121.92000000, Low: 121.84000000, OpenTime: 2025-12-25T11:28, CloseTime: 2025-12-25T11:28:59
2025-12-25 16:08:12.090 INFO  [org.springframework.kafka.KafkaListenerEndpointContainer#0-0-C-1] c.s.s.indicators.IndicatorCalculator - Open: 121.86000000, Close: 121.91000000, High: 121.91000000, Low: 121.86000000, OpenTime: 2025-12-25T11:29, CloseTime: 2025-12-25T11:29:59
2025-12-25 16:08:12.090 INFO  [org.springframework.kafka.KafkaListenerEndpointContainer#0-0-C-1] c.s.s.indicators.IndicatorCalculator - Open: 121.91000000, Close: 121.87000000, High: 121.93000000, Low: 121.87000000, OpenTime: 2025-12-25T11:30, CloseTime: 2025-12-25T11:30:59
2025-12-25 16:08:12.090 INFO  [org.springframework.kafka.KafkaListenerEndpointContainer#0-0-C-1] c.s.s.indicators.IndicatorCalculator - Open: 121.87000000, Close: 121.89000000, High: 121.89000000, Low: 121.87000000, OpenTime: 2025-12-25T11:31, CloseTime: 2025-12-25T11:31:59
2025-12-25 16:08:12.090 INFO  [org.springframework.kafka.KafkaListenerEndpointContainer#0-0-C-1] c.s.s.indicators.IndicatorCalculator - Open: 121.88000000, Close: 121.87000000, High: 121.89000000, Low: 121.83000000, OpenTime: 2025-12-25T11:32, CloseTime: 2025-12-25T11:32:59
2025-12-25 16:08:12.090 INFO  [org.springframework.kafka.KafkaListenerEndpointContainer#0-0-C-1] c.s.s.indicators.IndicatorCalculator - Open: 121.87000000, Close: 121.84000000, High: 121.87000000, Low: 121.83000000, OpenTime: 2025-12-25T11:33, CloseTime: 2025-12-25T11:33:59
2025-12-25 16:08:12.090 INFO  [org.springframework.kafka.KafkaListenerEndpointContainer#0-0-C-1] c.s.s.indicators.IndicatorCalculator - Open: 121.85000000, Close: 121.86000000, High: 121.87000000, Low: 121.85000000, OpenTime: 2025-12-25T11:34, CloseTime: 2025-12-25T11:34:59
2025-12-25 16:08:12.099 INFO  [org.springframework.kafka.KafkaListenerEndpointContainer#0-0-C-1] c.s.s.indicators.IndicatorListener - Saved Indicator Event in group stockapi
2025-12-25 16:08:12.099 INFO  [org.springframework.kafka.KafkaListenerEndpointContainer#0-0-C-1] c.s.s.indicators.IndicatorListener - Received Message in group stockapi: ["494f5a2e-ade9-4c4a-856d-c619038f3cea"]
2025-12-25 16:08:12.105 INFO  [org.springframework.kafka.KafkaListenerEndpointContainer#0-0-C-1] c.s.s.indicators.IndicatorListener - Candle Found: 494f5a2e-ade9-4c4a-856d-c619038f3cea
2025-12-25 16:08:12.105 INFO  [org.springframework.kafka.KafkaListenerEndpointContainer#0-0-C-1] c.s.s.indicators.IndicatorListener - Candle with values: Open: 88263.07000000, Close: 88272.01000000, High: 88274.35000000, Low: 88263.07000000, OpenTime: 2025-12-25T15:08, CloseTime: 2025-12-25T15:08:59
2025-12-25 16:08:12.129 INFO  [org.springframework.kafka.KafkaListenerEndpointContainer#0-0-C-1] c.s.s.indicators.IndicatorCalculator - Number of candles retrieved for BarSeries: 224
2025-12-25 16:08:12.129 INFO  [org.springframework.kafka.KafkaListenerEndpointContainer#0-0-C-1] c.s.s.indicators.IndicatorCalculator - List of candles:
2025-12-25 16:08:12.129 INFO  [org.springframework.kafka.KafkaListenerEndpointContainer#0-0-C-1] c.s.s.indicators.IndicatorCalculator - Open: 87511.01000000, Close: 87489.00000000, High: 87511.01000000, Low: 87462.19000000, OpenTime: 2025-12-25T11:25, CloseTime: 2025-12-25T11:25:59
2025-12-25 16:08:12.129 INFO  [org.springframework.kafka.KafkaListenerEndpointContainer#0-0-C-1] c.s.s.indicators.IndicatorCalculator - Open: 87487.00000000, Close: 87494.81000000, High: 87494.81000000, Low: 87487.00000000, OpenTime: 2025-12-25T11:26, CloseTime: 2025-12-25T11:26:59
2025-12-25 16:08:12.129 INFO  [org.springframework.kafka.KafkaListenerEndpointContainer#0-0-C-1] c.s.s.indicators.IndicatorCalculator - Open: 87494.80000000, Close: 87528.67000000, High: 87528.68000000, Low: 87494.80000000, OpenTime: 2025-12-25T11:27, CloseTime: 2025-12-25T11:27:59
2025-12-25 16:08:12.129 INFO  [org.springframework.kafka.KafkaListenerEndpointContainer#0-0-C-1] c.s.s.indicators.IndicatorCalculator - Open: 87528.68000000, Close: 87526.99000000, High: 87550.00000000, Low: 87523.75000000, OpenTime: 2025-12-25T11:28, CloseTime: 2025-12-25T11:28:59
2025-12-25 16:08:12.129 INFO  [org.springframework.kafka.KafkaListenerEndpointContainer#0-0-C-1] c.s.s.indicators.IndicatorCalculator - Open: 87527.00000000, Close: 87535.37000000, High: 87535.38000000, Low: 87526.99000000, OpenTime: 2025-12-25T11:29, CloseTime: 2025-12-25T11:29:59
2025-12-25 16:08:12.129 INFO  [org.springframework.kafka.KafkaListenerEndpointContainer#0-0-C-1] c.s.s.indicators.IndicatorCalculator - Open: 87535.38000000, Close: 87536.10000000, High: 87537.28000000, Low: 87534.00000000, OpenTime: 2025-12-25T11:30, CloseTime: 2025-12-25T11:30:59
2025-12-25 16:08:12.129 INFO  [org.springframework.kafka.KafkaListenerEndpointContainer#0-0-C-1] c.s.s.indicators.IndicatorCalculator - Open: 87536.09000000, Close: 87549.49000000, High: 87549.49000000, Low: 87528.43000000, OpenTime: 2025-12-25T11:31, CloseTime: 2025-12-25T11:31:59
2025-12-25 16:08:12.129 INFO  [org.springframework.kafka.KafkaListenerEndpointContainer#0-0-C-1] c.s.s.indicators.IndicatorCalculator - Open: 87549.48000000, Close: 87550.00000000, High: 87550.00000000, Low: 87527.59000000, OpenTime: 2025-12-25T11:32, CloseTime: 2025-12-25T11:32:59
2025-12-25 16:08:12.129 INFO  [org.springframework.kafka.KafkaListenerEndpointContainer#0-0-C-1] c.s.s.indicators.IndicatorCalculator - Open: 87549.99000000, Close: 87551.00000000, High: 87551.30000000, Low: 87541.86000000, OpenTime: 2025-12-25T11:33, CloseTime: 2025-12-25T11:33:59
2025-12-25 16:08:12.129 INFO  [org.springframework.kafka.KafkaListenerEndpointContainer#0-0-C-1] c.s.s.indicators.IndicatorCalculator - Open: 87551.00000000, Close: 87558.99000000, High: 87559.00000000, Low: 87550.99000000, OpenTime: 2025-12-25T11:34, CloseTime: 2025-12-25T11:34:59
2025-12-25 16:08:12.152 INFO  [org.springframework.kafka.KafkaListenerEndpointContainer#0-0-C-1] c.s.s.indicators.IndicatorCalculator - Number of candles retrieved for BarSeries: 224
2025-12-25 16:08:12.152 INFO  [org.springframework.kafka.KafkaListenerEndpointContainer#0-0-C-1] c.s.s.indicators.IndicatorCalculator - List of candles:
2025-12-25 16:08:12.152 INFO  [org.springframework.kafka.KafkaListenerEndpointContainer#0-0-C-1] c.s.s.indicators.IndicatorCalculator - Open: 87511.01000000, Close: 87489.00000000, High: 87511.01000000, Low: 87462.19000000, OpenTime: 2025-12-25T11:25, CloseTime: 2025-12-25T11:25:59
2025-12-25 16:08:12.152 INFO  [org.springframework.kafka.KafkaListenerEndpointContainer#0-0-C-1] c.s.s.indicators.IndicatorCalculator - Open: 87487.00000000, Close: 87494.81000000, High: 87494.81000000, Low: 87487.00000000, OpenTime: 2025-12-25T11:26, CloseTime: 2025-12-25T11:26:59
2025-12-25 16:08:12.153 INFO  [org.springframework.kafka.KafkaListenerEndpointContainer#0-0-C-1] c.s.s.indicators.IndicatorCalculator - Open: 87494.80000000, Close: 87528.67000000, High: 87528.68000000, Low: 87494.80000000, OpenTime: 2025-12-25T11:27, CloseTime: 2025-12-25T11:27:59
2025-12-25 16:08:12.153 INFO  [org.springframework.kafka.KafkaListenerEndpointContainer#0-0-C-1] c.s.s.indicators.IndicatorCalculator - Open: 87528.68000000, Close: 87526.99000000, High: 87550.00000000, Low: 87523.75000000, OpenTime: 2025-12-25T11:28, CloseTime: 2025-12-25T11:28:59
2025-12-25 16:08:12.153 INFO  [org.springframework.kafka.KafkaListenerEndpointContainer#0-0-C-1] c.s.s.indicators.IndicatorCalculator - Open: 87527.00000000, Close: 87535.37000000, High: 87535.38000000, Low: 87526.99000000, OpenTime: 2025-12-25T11:29, CloseTime: 2025-12-25T11:29:59
2025-12-25 16:08:12.153 INFO  [org.springframework.kafka.KafkaListenerEndpointContainer#0-0-C-1] c.s.s.indicators.IndicatorCalculator - Open: 87535.38000000, Close: 87536.10000000, High: 87537.28000000, Low: 87534.00000000, OpenTime: 2025-12-25T11:30, CloseTime: 2025-12-25T11:30:59
2025-12-25 16:08:12.153 INFO  [org.springframework.kafka.KafkaListenerEndpointContainer#0-0-C-1] c.s.s.indicators.IndicatorCalculator - Open: 87536.09000000, Close: 87549.49000000, High: 87549.49000000, Low: 87528.43000000, OpenTime: 2025-12-25T11:31, CloseTime: 2025-12-25T11:31:59
2025-12-25 16:08:12.153 INFO  [org.springframework.kafka.KafkaListenerEndpointContainer#0-0-C-1] c.s.s.indicators.IndicatorCalculator - Open: 87549.48000000, Close: 87550.00000000, High: 87550.00000000, Low: 87527.59000000, OpenTime: 2025-12-25T11:32, CloseTime: 2025-12-25T11:32:59
2025-12-25 16:08:12.153 INFO  [org.springframework.kafka.KafkaListenerEndpointContainer#0-0-C-1] c.s.s.indicators.IndicatorCalculator - Open: 87549.99000000, Close: 87551.00000000, High: 87551.30000000, Low: 87541.86000000, OpenTime: 2025-12-25T11:33, CloseTime: 2025-12-25T11:33:59
2025-12-25 16:08:12.153 INFO  [org.springframework.kafka.KafkaListenerEndpointContainer#0-0-C-1] c.s.s.indicators.IndicatorCalculator - Open: 87551.00000000, Close: 87558.99000000, High: 87559.00000000, Low: 87550.99000000, OpenTime: 2025-12-25T11:34, CloseTime: 2025-12-25T11:34:59
2025-12-25 16:08:12.174 INFO  [org.springframework.kafka.KafkaListenerEndpointContainer#0-0-C-1] c.s.s.indicators.IndicatorCalculator - Number of candles retrieved for BarSeries: 224
2025-12-25 16:08:12.174 INFO  [org.springframework.kafka.KafkaListenerEndpointContainer#0-0-C-1] c.s.s.indicators.IndicatorCalculator - List of candles:
2025-12-25 16:08:12.174 INFO  [org.springframework.kafka.KafkaListenerEndpointContainer#0-0-C-1] c.s.s.indicators.IndicatorCalculator - Open: 87511.01000000, Close: 87489.00000000, High: 87511.01000000, Low: 87462.19000000, OpenTime: 2025-12-25T11:25, CloseTime: 2025-12-25T11:25:59
2025-12-25 16:08:12.174 INFO  [org.springframework.kafka.KafkaListenerEndpointContainer#0-0-C-1] c.s.s.indicators.IndicatorCalculator - Open: 87487.00000000, Close: 87494.81000000, High: 87494.81000000, Low: 87487.00000000, OpenTime: 2025-12-25T11:26, CloseTime: 2025-12-25T11:26:59
2025-12-25 16:08:12.174 INFO  [org.springframework.kafka.KafkaListenerEndpointContainer#0-0-C-1] c.s.s.indicators.IndicatorCalculator - Open: 87494.80000000, Close: 87528.67000000, High: 87528.68000000, Low: 87494.80000000, OpenTime: 2025-12-25T11:27, CloseTime: 2025-12-25T11:27:59
2025-12-25 16:08:12.175 INFO  [org.springframework.kafka.KafkaListenerEndpointContainer#0-0-C-1] c.s.s.indicators.IndicatorCalculator - Open: 87528.68000000, Close: 87526.99000000, High: 87550.00000000, Low: 87523.75000000, OpenTime: 2025-12-25T11:28, CloseTime: 2025-12-25T11:28:59
2025-12-25 16:08:12.175 INFO  [org.springframework.kafka.KafkaListenerEndpointContainer#0-0-C-1] c.s.s.indicators.IndicatorCalculator - Open: 87527.00000000, Close: 87535.37000000, High: 87535.38000000, Low: 87526.99000000, OpenTime: 2025-12-25T11:29, CloseTime: 2025-12-25T11:29:59
2025-12-25 16:08:12.175 INFO  [org.springframework.kafka.KafkaListenerEndpointContainer#0-0-C-1] c.s.s.indicators.IndicatorCalculator - Open: 87535.38000000, Close: 87536.10000000, High: 87537.28000000, Low: 87534.00000000, OpenTime: 2025-12-25T11:30, CloseTime: 2025-12-25T11:30:59
2025-12-25 16:08:12.175 INFO  [org.springframework.kafka.KafkaListenerEndpointContainer#0-0-C-1] c.s.s.indicators.IndicatorCalculator - Open: 87536.09000000, Close: 87549.49000000, High: 87549.49000000, Low: 87528.43000000, OpenTime: 2025-12-25T11:31, CloseTime: 2025-12-25T11:31:59
2025-12-25 16:08:12.175 INFO  [org.springframework.kafka.KafkaListenerEndpointContainer#0-0-C-1] c.s.s.indicators.IndicatorCalculator - Open: 87549.48000000, Close: 87550.00000000, High: 87550.00000000, Low: 87527.59000000, OpenTime: 2025-12-25T11:32, CloseTime: 2025-12-25T11:32:59
2025-12-25 16:08:12.175 INFO  [org.springframework.kafka.KafkaListenerEndpointContainer#0-0-C-1] c.s.s.indicators.IndicatorCalculator - Open: 87549.99000000, Close: 87551.00000000, High: 87551.30000000, Low: 87541.86000000, OpenTime: 2025-12-25T11:33, CloseTime: 2025-12-25T11:33:59
2025-12-25 16:08:12.175 INFO  [org.springframework.kafka.KafkaListenerEndpointContainer#0-0-C-1] c.s.s.indicators.IndicatorCalculator - Open: 87551.00000000, Close: 87558.99000000, High: 87559.00000000, Low: 87550.99000000, OpenTime: 2025-12-25T11:34, CloseTime: 2025-12-25T11:34:59
2025-12-25 16:08:12.183 INFO  [org.springframework.kafka.KafkaListenerEndpointContainer#0-0-C-1] c.s.s.indicators.IndicatorListener - Saved Indicator Event in group stockapi
2025-12-25 16:08:12.184 INFO  [org.springframework.kafka.KafkaListenerEndpointContainer#0-0-C-1] c.s.s.indicators.IndicatorListener - Received Message in group stockapi: ["105597a5-d061-4cd8-80d9-b114b9ff12a4"]
2025-12-25 16:08:12.188 INFO  [org.springframework.kafka.KafkaListenerEndpointContainer#0-0-C-1] c.s.s.indicators.IndicatorListener - Candle Found: 105597a5-d061-4cd8-80d9-b114b9ff12a4
2025-12-25 16:08:12.188 INFO  [org.springframework.kafka.KafkaListenerEndpointContainer#0-0-C-1] c.s.s.indicators.IndicatorListener - Candle with values: Open: 0.03352000, Close: 0.03352000, High: 0.03352000, Low: 0.03352000, OpenTime: 2025-12-25T15:08, CloseTime: 2025-12-25T15:08:59
2025-12-25 16:08:12.202 INFO  [org.springframework.kafka.KafkaListenerEndpointContainer#0-0-C-1] c.s.s.indicators.IndicatorCalculator - Number of candles retrieved for BarSeries: 224
2025-12-25 16:08:12.202 INFO  [org.springframework.kafka.KafkaListenerEndpointContainer#0-0-C-1] c.s.s.indicators.IndicatorCalculator - List of candles:
2025-12-25 16:08:12.203 INFO  [org.springframework.kafka.KafkaListenerEndpointContainer#0-0-C-1] c.s.s.indicators.IndicatorCalculator - Open: 0.03344000, Close: 0.03344000, High: 0.03344000, Low: 0.03344000, OpenTime: 2025-12-25T11:25, CloseTime: 2025-12-25T11:25:59
2025-12-25 16:08:12.203 INFO  [org.springframework.kafka.KafkaListenerEndpointContainer#0-0-C-1] c.s.s.indicators.IndicatorCalculator - Open: 0.03344000, Close: 0.03344000, High: 0.03344000, Low: 0.03344000, OpenTime: 2025-12-25T11:26, CloseTime: 2025-12-25T11:26:59
2025-12-25 16:08:12.203 INFO  [org.springframework.kafka.KafkaListenerEndpointContainer#0-0-C-1] c.s.s.indicators.IndicatorCalculator - Open: 0.03343000, Close: 0.03343000, High: 0.03343000, Low: 0.03343000, OpenTime: 2025-12-25T11:27, CloseTime: 2025-12-25T11:27:59
2025-12-25 16:08:12.203 INFO  [org.springframework.kafka.KafkaListenerEndpointContainer#0-0-C-1] c.s.s.indicators.IndicatorCalculator - Open: 0.03343000, Close: 0.03343000, High: 0.03343000, Low: 0.03343000, OpenTime: 2025-12-25T11:28, CloseTime: 2025-12-25T11:28:59
2025-12-25 16:08:12.203 INFO  [org.springframework.kafka.KafkaListenerEndpointContainer#0-0-C-1] c.s.s.indicators.IndicatorCalculator - Open: 0.03343000, Close: 0.03344000, High: 0.03344000, Low: 0.03343000, OpenTime: 2025-12-25T11:29, CloseTime: 2025-12-25T11:29:59
2025-12-25 16:08:12.203 INFO  [org.springframework.kafka.KafkaListenerEndpointContainer#0-0-C-1] c.s.s.indicators.IndicatorCalculator - Open: 0.03343000, Close: 0.03343000, High: 0.03343000, Low: 0.03343000, OpenTime: 2025-12-25T11:30, CloseTime: 2025-12-25T11:30:59
2025-12-25 16:08:12.203 INFO  [org.springframework.kafka.KafkaListenerEndpointContainer#0-0-C-1] c.s.s.indicators.IndicatorCalculator - Open: 0.03343000, Close: 0.03343000, High: 0.03343000, Low: 0.03343000, OpenTime: 2025-12-25T11:31, CloseTime: 2025-12-25T11:31:59
2025-12-25 16:08:12.203 INFO  [org.springframework.kafka.KafkaListenerEndpointContainer#0-0-C-1] c.s.s.indicators.IndicatorCalculator - Open: 0.03344000, Close: 0.03343000, High: 0.03344000, Low: 0.03343000, OpenTime: 2025-12-25T11:32, CloseTime: 2025-12-25T11:32:59
2025-12-25 16:08:12.203 INFO  [org.springframework.kafka.KafkaListenerEndpointContainer#0-0-C-1] c.s.s.indicators.IndicatorCalculator - Open: 0.03343000, Close: 0.03343000, High: 0.03343000, Low: 0.03343000, OpenTime: 2025-12-25T11:33, CloseTime: 2025-12-25T11:33:59
2025-12-25 16:08:12.203 INFO  [org.springframework.kafka.KafkaListenerEndpointContainer#0-0-C-1] c.s.s.indicators.IndicatorCalculator - Open: 0.03344000, Close: 0.03344000, High: 0.03344000, Low: 0.03344000, OpenTime: 2025-12-25T11:34, CloseTime: 2025-12-25T11:34:59
2025-12-25 16:08:12.223 INFO  [org.springframework.kafka.KafkaListenerEndpointContainer#0-0-C-1] c.s.s.indicators.IndicatorCalculator - Number of candles retrieved for BarSeries: 224
2025-12-25 16:08:12.223 INFO  [org.springframework.kafka.KafkaListenerEndpointContainer#0-0-C-1] c.s.s.indicators.IndicatorCalculator - List of candles:
2025-12-25 16:08:12.223 INFO  [org.springframework.kafka.KafkaListenerEndpointContainer#0-0-C-1] c.s.s.indicators.IndicatorCalculator - Open: 0.03344000, Close: 0.03344000, High: 0.03344000, Low: 0.03344000, OpenTime: 2025-12-25T11:25, CloseTime: 2025-12-25T11:25:59
2025-12-25 16:08:12.223 INFO  [org.springframework.kafka.KafkaListenerEndpointContainer#0-0-C-1] c.s.s.indicators.IndicatorCalculator - Open: 0.03344000, Close: 0.03344000, High: 0.03344000, Low: 0.03344000, OpenTime: 2025-12-25T11:26, CloseTime: 2025-12-25T11:26:59
2025-12-25 16:08:12.223 INFO  [org.springframework.kafka.KafkaListenerEndpointContainer#0-0-C-1] c.s.s.indicators.IndicatorCalculator - Open: 0.03343000, Close: 0.03343000, High: 0.03343000, Low: 0.03343000, OpenTime: 2025-12-25T11:27, CloseTime: 2025-12-25T11:27:59
2025-12-25 16:08:12.224 INFO  [org.springframework.kafka.KafkaListenerEndpointContainer#0-0-C-1] c.s.s.indicators.IndicatorCalculator - Open: 0.03343000, Close: 0.03343000, High: 0.03343000, Low: 0.03343000, OpenTime: 2025-12-25T11:28, CloseTime: 2025-12-25T11:28:59
2025-12-25 16:08:12.224 INFO  [org.springframework.kafka.KafkaListenerEndpointContainer#0-0-C-1] c.s.s.indicators.IndicatorCalculator - Open: 0.03343000, Close: 0.03344000, High: 0.03344000, Low: 0.03343000, OpenTime: 2025-12-25T11:29, CloseTime: 2025-12-25T11:29:59
2025-12-25 16:08:12.224 INFO  [org.springframework.kafka.KafkaListenerEndpointContainer#0-0-C-1] c.s.s.indicators.IndicatorCalculator - Open: 0.03343000, Close: 0.03343000, High: 0.03343000, Low: 0.03343000, OpenTime: 2025-12-25T11:30, CloseTime: 2025-12-25T11:30:59
2025-12-25 16:08:12.224 INFO  [org.springframework.kafka.KafkaListenerEndpointContainer#0-0-C-1] c.s.s.indicators.IndicatorCalculator - Open: 0.03343000, Close: 0.03343000, High: 0.03343000, Low: 0.03343000, OpenTime: 2025-12-25T11:31, CloseTime: 2025-12-25T11:31:59
2025-12-25 16:08:12.224 INFO  [org.springframework.kafka.KafkaListenerEndpointContainer#0-0-C-1] c.s.s.indicators.IndicatorCalculator - Open: 0.03344000, Close: 0.03343000, High: 0.03344000, Low: 0.03343000, OpenTime: 2025-12-25T11:32, CloseTime: 2025-12-25T11:32:59
2025-12-25 16:08:12.224 INFO  [org.springframework.kafka.KafkaListenerEndpointContainer#0-0-C-1] c.s.s.indicators.IndicatorCalculator - Open: 0.03343000, Close: 0.03343000, High: 0.03343000, Low: 0.03343000, OpenTime: 2025-12-25T11:33, CloseTime: 2025-12-25T11:33:59
2025-12-25 16:08:12.224 INFO  [org.springframework.kafka.KafkaListenerEndpointContainer#0-0-C-1] c.s.s.indicators.IndicatorCalculator - Open: 0.03344000, Close: 0.03344000, High: 0.03344000, Low: 0.03344000, OpenTime: 2025-12-25T11:34, CloseTime: 2025-12-25T11:34:59
2025-12-25 16:08:12.247 INFO  [org.springframework.kafka.KafkaListenerEndpointContainer#0-0-C-1] c.s.s.indicators.IndicatorCalculator - Number of candles retrieved for BarSeries: 224
2025-12-25 16:08:12.248 INFO  [org.springframework.kafka.KafkaListenerEndpointContainer#0-0-C-1] c.s.s.indicators.IndicatorCalculator - List of candles:
2025-12-25 16:08:12.248 INFO  [org.springframework.kafka.KafkaListenerEndpointContainer#0-0-C-1] c.s.s.indicators.IndicatorCalculator - Open: 0.03344000, Close: 0.03344000, High: 0.03344000, Low: 0.03344000, OpenTime: 2025-12-25T11:25, CloseTime: 2025-12-25T11:25:59
2025-12-25 16:08:12.248 INFO  [org.springframework.kafka.KafkaListenerEndpointContainer#0-0-C-1] c.s.s.indicators.IndicatorCalculator - Open: 0.03344000, Close: 0.03344000, High: 0.03344000, Low: 0.03344000, OpenTime: 2025-12-25T11:26, CloseTime: 2025-12-25T11:26:59
2025-12-25 16:08:12.248 INFO  [org.springframework.kafka.KafkaListenerEndpointContainer#0-0-C-1] c.s.s.indicators.IndicatorCalculator - Open: 0.03343000, Close: 0.03343000, High: 0.03343000, Low: 0.03343000, OpenTime: 2025-12-25T11:27, CloseTime: 2025-12-25T11:27:59
2025-12-25 16:08:12.248 INFO  [org.springframework.kafka.KafkaListenerEndpointContainer#0-0-C-1] c.s.s.indicators.IndicatorCalculator - Open: 0.03343000, Close: 0.03343000, High: 0.03343000, Low: 0.03343000, OpenTime: 2025-12-25T11:28, CloseTime: 2025-12-25T11:28:59
2025-12-25 16:08:12.248 INFO  [org.springframework.kafka.KafkaListenerEndpointContainer#0-0-C-1] c.s.s.indicators.IndicatorCalculator - Open: 0.03343000, Close: 0.03344000, High: 0.03344000, Low: 0.03343000, OpenTime: 2025-12-25T11:29, CloseTime: 2025-12-25T11:29:59
2025-12-25 16:08:12.248 INFO  [org.springframework.kafka.KafkaListenerEndpointContainer#0-0-C-1] c.s.s.indicators.IndicatorCalculator - Open: 0.03343000, Close: 0.03343000, High: 0.03343000, Low: 0.03343000, OpenTime: 2025-12-25T11:30, CloseTime: 2025-12-25T11:30:59
2025-12-25 16:08:12.249 INFO  [org.springframework.kafka.KafkaListenerEndpointContainer#0-0-C-1] c.s.s.indicators.IndicatorCalculator - Open: 0.03343000, Close: 0.03343000, High: 0.03343000, Low: 0.03343000, OpenTime: 2025-12-25T11:31, CloseTime: 2025-12-25T11:31:59
2025-12-25 16:08:12.249 INFO  [org.springframework.kafka.KafkaListenerEndpointContainer#0-0-C-1] c.s.s.indicators.IndicatorCalculator - Open: 0.03344000, Close: 0.03343000, High: 0.03344000, Low: 0.03343000, OpenTime: 2025-12-25T11:32, CloseTime: 2025-12-25T11:32:59
2025-12-25 16:08:12.249 INFO  [org.springframework.kafka.KafkaListenerEndpointContainer#0-0-C-1] c.s.s.indicators.IndicatorCalculator - Open: 0.03343000, Close: 0.03343000, High: 0.03343000, Low: 0.03343000, OpenTime: 2025-12-25T11:33, CloseTime: 2025-12-25T11:33:59
2025-12-25 16:08:12.249 INFO  [org.springframework.kafka.KafkaListenerEndpointContainer#0-0-C-1] c.s.s.indicators.IndicatorCalculator - Open: 0.03344000, Close: 0.03344000, High: 0.03344000, Low: 0.03344000, OpenTime: 2025-12-25T11:34, CloseTime: 2025-12-25T11:34:59
2025-12-25 16:08:12.257 INFO  [org.springframework.kafka.KafkaListenerEndpointContainer#0-0-C-1] c.s.s.indicators.IndicatorListener - Saved Indicator Event in group stockapi
2025-12-25 16:08:12.257 INFO  [org.springframework.kafka.KafkaListenerEndpointContainer#0-0-C-1] c.s.s.indicators.IndicatorListener - Received Message in group stockapi: ["37904153-4194-4f36-922c-fc9cfe862805"]
2025-12-25 16:08:12.262 INFO  [org.springframework.kafka.KafkaListenerEndpointContainer#0-0-C-1] c.s.s.indicators.IndicatorListener - Candle Found: 37904153-4194-4f36-922c-fc9cfe862805
2025-12-25 16:08:12.263 INFO  [org.springframework.kafka.KafkaListenerEndpointContainer#0-0-C-1] c.s.s.indicators.IndicatorListener - Candle with values: Open: 2957.46000000, Close: 2957.79000000, High: 2957.79000000, Low: 2957.46000000, OpenTime: 2025-12-25T15:08, CloseTime: 2025-12-25T15:08:59
2025-12-25 16:08:12.274 INFO  [org.springframework.kafka.KafkaListenerEndpointContainer#0-0-C-1] c.s.s.indicators.IndicatorCalculator - Number of candles retrieved for BarSeries: 224
2025-12-25 16:08:12.275 INFO  [org.springframework.kafka.KafkaListenerEndpointContainer#0-0-C-1] c.s.s.indicators.IndicatorCalculator - List of candles:
2025-12-25 16:08:12.275 INFO  [org.springframework.kafka.KafkaListenerEndpointContainer#0-0-C-1] c.s.s.indicators.IndicatorCalculator - Open: 2925.60000000, Close: 2924.60000000, High: 2925.60000000, Low: 2924.14000000, OpenTime: 2025-12-25T11:25, CloseTime: 2025-12-25T11:25:59
2025-12-25 16:08:12.275 INFO  [org.springframework.kafka.KafkaListenerEndpointContainer#0-0-C-1] c.s.s.indicators.IndicatorCalculator - Open: 2924.61000000, Close: 2925.02000000, High: 2925.02000000, Low: 2924.61000000, OpenTime: 2025-12-25T11:26, CloseTime: 2025-12-25T11:26:59
2025-12-25 16:08:12.275 INFO  [org.springframework.kafka.KafkaListenerEndpointContainer#0-0-C-1] c.s.s.indicators.IndicatorCalculator - Open: 2925.03000000, Close: 2926.10000000, High: 2926.10000000, Low: 2925.03000000, OpenTime: 2025-12-25T11:27, CloseTime: 2025-12-25T11:27:59
2025-12-25 16:08:12.275 INFO  [org.springframework.kafka.KafkaListenerEndpointContainer#0-0-C-1] c.s.s.indicators.IndicatorCalculator - Open: 2926.19000000, Close: 2926.20000000, High: 2926.89000000, Low: 2926.19000000, OpenTime: 2025-12-25T11:28, CloseTime: 2025-12-25T11:28:59
2025-12-25 16:08:12.275 INFO  [org.springframework.kafka.KafkaListenerEndpointContainer#0-0-C-1] c.s.s.indicators.IndicatorCalculator - Open: 2926.21000000, Close: 2926.61000000, High: 2926.70000000, Low: 2926.21000000, OpenTime: 2025-12-25T11:29, CloseTime: 2025-12-25T11:29:59
2025-12-25 16:08:12.275 INFO  [org.springframework.kafka.KafkaListenerEndpointContainer#0-0-C-1] c.s.s.indicators.IndicatorCalculator - Open: 2926.79000000, Close: 2926.64000000, High: 2926.79000000, Low: 2926.64000000, OpenTime: 2025-12-25T11:30, CloseTime: 2025-12-25T11:30:59
2025-12-25 16:08:12.275 INFO  [org.springframework.kafka.KafkaListenerEndpointContainer#0-0-C-1] c.s.s.indicators.IndicatorCalculator - Open: 2926.51000000, Close: 2927.66000000, High: 2927.66000000, Low: 2926.51000000, OpenTime: 2025-12-25T11:31, CloseTime: 2025-12-25T11:31:59
2025-12-25 16:08:12.275 INFO  [org.springframework.kafka.KafkaListenerEndpointContainer#0-0-C-1] c.s.s.indicators.IndicatorCalculator - Open: 2927.67000000, Close: 2927.67000000, High: 2928.23000000, Low: 2926.78000000, OpenTime: 2025-12-25T11:32, CloseTime: 2025-12-25T11:32:59
2025-12-25 16:08:12.275 INFO  [org.springframework.kafka.KafkaListenerEndpointContainer#0-0-C-1] c.s.s.indicators.IndicatorCalculator - Open: 2927.79000000, Close: 2927.55000000, High: 2927.89000000, Low: 2927.40000000, OpenTime: 2025-12-25T11:33, CloseTime: 2025-12-25T11:33:59
2025-12-25 16:08:12.275 INFO  [org.springframework.kafka.KafkaListenerEndpointContainer#0-0-C-1] c.s.s.indicators.IndicatorCalculator - Open: 2927.75000000, Close: 2928.57000000, High: 2928.84000000, Low: 2927.75000000, OpenTime: 2025-12-25T11:34, CloseTime: 2025-12-25T11:34:59
2025-12-25 16:08:12.304 INFO  [org.springframework.kafka.KafkaListenerEndpointContainer#0-0-C-1] c.s.s.indicators.IndicatorCalculator - Number of candles retrieved for BarSeries: 224
2025-12-25 16:08:12.304 INFO  [org.springframework.kafka.KafkaListenerEndpointContainer#0-0-C-1] c.s.s.indicators.IndicatorCalculator - List of candles:
2025-12-25 16:08:12.304 INFO  [org.springframework.kafka.KafkaListenerEndpointContainer#0-0-C-1] c.s.s.indicators.IndicatorCalculator - Open: 2925.60000000, Close: 2924.60000000, High: 2925.60000000, Low: 2924.14000000, OpenTime: 2025-12-25T11:25, CloseTime: 2025-12-25T11:25:59
2025-12-25 16:08:12.304 INFO  [org.springframework.kafka.KafkaListenerEndpointContainer#0-0-C-1] c.s.s.indicators.IndicatorCalculator - Open: 2924.61000000, Close: 2925.02000000, High: 2925.02000000, Low: 2924.61000000, OpenTime: 2025-12-25T11:26, CloseTime: 2025-12-25T11:26:59
2025-12-25 16:08:12.304 INFO  [org.springframework.kafka.KafkaListenerEndpointContainer#0-0-C-1] c.s.s.indicators.IndicatorCalculator - Open: 2925.03000000, Close: 2926.10000000, High: 2926.10000000, Low: 2925.03000000, OpenTime: 2025-12-25T11:27, CloseTime: 2025-12-25T11:27:59
2025-12-25 16:08:12.305 INFO  [org.springframework.kafka.KafkaListenerEndpointContainer#0-0-C-1] c.s.s.indicators.IndicatorCalculator - Open: 2926.19000000, Close: 2926.20000000, High: 2926.89000000, Low: 2926.19000000, OpenTime: 2025-12-25T11:28, CloseTime: 2025-12-25T11:28:59
2025-12-25 16:08:12.305 INFO  [org.springframework.kafka.KafkaListenerEndpointContainer#0-0-C-1] c.s.s.indicators.IndicatorCalculator - Open: 2926.21000000, Close: 2926.61000000, High: 2926.70000000, Low: 2926.21000000, OpenTime: 2025-12-25T11:29, CloseTime: 2025-12-25T11:29:59
2025-12-25 16:08:12.306 INFO  [org.springframework.kafka.KafkaListenerEndpointContainer#0-0-C-1] c.s.s.indicators.IndicatorCalculator - Open: 2926.79000000, Close: 2926.64000000, High: 2926.79000000, Low: 2926.64000000, OpenTime: 2025-12-25T11:30, CloseTime: 2025-12-25T11:30:59
2025-12-25 16:08:12.306 INFO  [org.springframework.kafka.KafkaListenerEndpointContainer#0-0-C-1] c.s.s.indicators.IndicatorCalculator - Open: 2926.51000000, Close: 2927.66000000, High: 2927.66000000, Low: 2926.51000000, OpenTime: 2025-12-25T11:31, CloseTime: 2025-12-25T11:31:59
2025-12-25 16:08:12.306 INFO  [org.springframework.kafka.KafkaListenerEndpointContainer#0-0-C-1] c.s.s.indicators.IndicatorCalculator - Open: 2927.67000000, Close: 2927.67000000, High: 2928.23000000, Low: 2926.78000000, OpenTime: 2025-12-25T11:32, CloseTime: 2025-12-25T11:32:59
2025-12-25 16:08:12.306 INFO  [org.springframework.kafka.KafkaListenerEndpointContainer#0-0-C-1] c.s.s.indicators.IndicatorCalculator - Open: 2927.79000000, Close: 2927.55000000, High: 2927.89000000, Low: 2927.40000000, OpenTime: 2025-12-25T11:33, CloseTime: 2025-12-25T11:33:59
2025-12-25 16:08:12.306 INFO  [org.springframework.kafka.KafkaListenerEndpointContainer#0-0-C-1] c.s.s.indicators.IndicatorCalculator - Open: 2927.75000000, Close: 2928.57000000, High: 2928.84000000, Low: 2927.75000000, OpenTime: 2025-12-25T11:34, CloseTime: 2025-12-25T11:34:59
2025-12-25 16:08:12.327 INFO  [org.springframework.kafka.KafkaListenerEndpointContainer#0-0-C-1] c.s.s.indicators.IndicatorCalculator - Number of candles retrieved for BarSeries: 224
2025-12-25 16:08:12.327 INFO  [org.springframework.kafka.KafkaListenerEndpointContainer#0-0-C-1] c.s.s.indicators.IndicatorCalculator - List of candles:
2025-12-25 16:08:12.327 INFO  [org.springframework.kafka.KafkaListenerEndpointContainer#0-0-C-1] c.s.s.indicators.IndicatorCalculator - Open: 2925.60000000, Close: 2924.60000000, High: 2925.60000000, Low: 2924.14000000, OpenTime: 2025-12-25T11:25, CloseTime: 2025-12-25T11:25:59
2025-12-25 16:08:12.327 INFO  [org.springframework.kafka.KafkaListenerEndpointContainer#0-0-C-1] c.s.s.indicators.IndicatorCalculator - Open: 2924.61000000, Close: 2925.02000000, High: 2925.02000000, Low: 2924.61000000, OpenTime: 2025-12-25T11:26, CloseTime: 2025-12-25T11:26:59
2025-12-25 16:08:12.327 INFO  [org.springframework.kafka.KafkaListenerEndpointContainer#0-0-C-1] c.s.s.indicators.IndicatorCalculator - Open: 2925.03000000, Close: 2926.10000000, High: 2926.10000000, Low: 2925.03000000, OpenTime: 2025-12-25T11:27, CloseTime: 2025-12-25T11:27:59
2025-12-25 16:08:12.328 INFO  [org.springframework.kafka.KafkaListenerEndpointContainer#0-0-C-1] c.s.s.indicators.IndicatorCalculator - Open: 2926.19000000, Close: 2926.20000000, High: 2926.89000000, Low: 2926.19000000, OpenTime: 2025-12-25T11:28, CloseTime: 2025-12-25T11:28:59
2025-12-25 16:08:12.328 INFO  [org.springframework.kafka.KafkaListenerEndpointContainer#0-0-C-1] c.s.s.indicators.IndicatorCalculator - Open: 2926.21000000, Close: 2926.61000000, High: 2926.70000000, Low: 2926.21000000, OpenTime: 2025-12-25T11:29, CloseTime: 2025-12-25T11:29:59
2025-12-25 16:08:12.328 INFO  [org.springframework.kafka.KafkaListenerEndpointContainer#0-0-C-1] c.s.s.indicators.IndicatorCalculator - Open: 2926.79000000, Close: 2926.64000000, High: 2926.79000000, Low: 2926.64000000, OpenTime: 2025-12-25T11:30, CloseTime: 2025-12-25T11:30:59
2025-12-25 16:08:12.328 INFO  [org.springframework.kafka.KafkaListenerEndpointContainer#0-0-C-1] c.s.s.indicators.IndicatorCalculator - Open: 2926.51000000, Close: 2927.66000000, High: 2927.66000000, Low: 2926.51000000, OpenTime: 2025-12-25T11:31, CloseTime: 2025-12-25T11:31:59
2025-12-25 16:08:12.328 INFO  [org.springframework.kafka.KafkaListenerEndpointContainer#0-0-C-1] c.s.s.indicators.IndicatorCalculator - Open: 2927.67000000, Close: 2927.67000000, High: 2928.23000000, Low: 2926.78000000, OpenTime: 2025-12-25T11:32, CloseTime: 2025-12-25T11:32:59
2025-12-25 16:08:12.328 INFO  [org.springframework.kafka.KafkaListenerEndpointContainer#0-0-C-1] c.s.s.indicators.IndicatorCalculator - Open: 2927.79000000, Close: 2927.55000000, High: 2927.89000000, Low: 2927.40000000, OpenTime: 2025-12-25T11:33, CloseTime: 2025-12-25T11:33:59
2025-12-25 16:08:12.328 INFO  [org.springframework.kafka.KafkaListenerEndpointContainer#0-0-C-1] c.s.s.indicators.IndicatorCalculator - Open: 2927.75000000, Close: 2928.57000000, High: 2928.84000000, Low: 2927.75000000, OpenTime: 2025-12-25T11:34, CloseTime: 2025-12-25T11:34:59
2025-12-25 16:08:12.334 INFO  [org.springframework.kafka.KafkaListenerEndpointContainer#0-0-C-1] c.s.s.indicators.IndicatorListener - Saved Indicator Event in group stockapi
2025-12-25 16:08:12.334 INFO  [org.springframework.kafka.KafkaListenerEndpointContainer#0-0-C-1] c.s.s.indicators.IndicatorListener - Received Message in group stockapi: ["5346229a-4ec5-4d69-ae4b-be7e96377849"]
2025-12-25 16:08:12.337 INFO  [org.springframework.kafka.KafkaListenerEndpointContainer#0-0-C-1] c.s.s.indicators.IndicatorListener - Candle Found: 5346229a-4ec5-4d69-ae4b-be7e96377849
2025-12-25 16:08:12.338 INFO  [org.springframework.kafka.KafkaListenerEndpointContainer#0-0-C-1] c.s.s.indicators.IndicatorListener - Candle with values: Open: 123.60000000, Close: 123.60000000, High: 123.61000000, Low: 123.60000000, OpenTime: 2025-12-25T15:08, CloseTime: 2025-12-25T15:08:59
2025-12-25 16:08:12.354 INFO  [org.springframework.kafka.KafkaListenerEndpointContainer#0-0-C-1] c.s.s.indicators.IndicatorCalculator - Number of candles retrieved for BarSeries: 224
2025-12-25 16:08:12.354 INFO  [org.springframework.kafka.KafkaListenerEndpointContainer#0-0-C-1] c.s.s.indicators.IndicatorCalculator - List of candles:
2025-12-25 16:08:12.354 INFO  [org.springframework.kafka.KafkaListenerEndpointContainer#0-0-C-1] c.s.s.indicators.IndicatorCalculator - Open: 121.83000000, Close: 121.75000000, High: 121.83000000, Low: 121.74000000, OpenTime: 2025-12-25T11:25, CloseTime: 2025-12-25T11:25:59
2025-12-25 16:08:12.354 INFO  [org.springframework.kafka.KafkaListenerEndpointContainer#0-0-C-1] c.s.s.indicators.IndicatorCalculator - Open: 121.75000000, Close: 121.80000000, High: 121.80000000, Low: 121.75000000, OpenTime: 2025-12-25T11:26, CloseTime: 2025-12-25T11:26:59
2025-12-25 16:08:12.354 INFO  [org.springframework.kafka.KafkaListenerEndpointContainer#0-0-C-1] c.s.s.indicators.IndicatorCalculator - Open: 121.79000000, Close: 121.83000000, High: 121.84000000, Low: 121.79000000, OpenTime: 2025-12-25T11:27, CloseTime: 2025-12-25T11:27:59
2025-12-25 16:08:12.354 INFO  [org.springframework.kafka.KafkaListenerEndpointContainer#0-0-C-1] c.s.s.indicators.IndicatorCalculator - Open: 121.84000000, Close: 121.85000000, High: 121.92000000, Low: 121.84000000, OpenTime: 2025-12-25T11:28, CloseTime: 2025-12-25T11:28:59
2025-12-25 16:08:12.354 INFO  [org.springframework.kafka.KafkaListenerEndpointContainer#0-0-C-1] c.s.s.indicators.IndicatorCalculator - Open: 121.86000000, Close: 121.91000000, High: 121.91000000, Low: 121.86000000, OpenTime: 2025-12-25T11:29, CloseTime: 2025-12-25T11:29:59
2025-12-25 16:08:12.354 INFO  [org.springframework.kafka.KafkaListenerEndpointContainer#0-0-C-1] c.s.s.indicators.IndicatorCalculator - Open: 121.91000000, Close: 121.87000000, High: 121.93000000, Low: 121.87000000, OpenTime: 2025-12-25T11:30, CloseTime: 2025-12-25T11:30:59
2025-12-25 16:08:12.354 INFO  [org.springframework.kafka.KafkaListenerEndpointContainer#0-0-C-1] c.s.s.indicators.IndicatorCalculator - Open: 121.87000000, Close: 121.89000000, High: 121.89000000, Low: 121.87000000, OpenTime: 2025-12-25T11:31, CloseTime: 2025-12-25T11:31:59
2025-12-25 16:08:12.354 INFO  [org.springframework.kafka.KafkaListenerEndpointContainer#0-0-C-1] c.s.s.indicators.IndicatorCalculator - Open: 121.88000000, Close: 121.87000000, High: 121.89000000, Low: 121.83000000, OpenTime: 2025-12-25T11:32, CloseTime: 2025-12-25T11:32:59
2025-12-25 16:08:12.354 INFO  [org.springframework.kafka.KafkaListenerEndpointContainer#0-0-C-1] c.s.s.indicators.IndicatorCalculator - Open: 121.87000000, Close: 121.84000000, High: 121.87000000, Low: 121.83000000, OpenTime: 2025-12-25T11:33, CloseTime: 2025-12-25T11:33:59
2025-12-25 16:08:12.354 INFO  [org.springframework.kafka.KafkaListenerEndpointContainer#0-0-C-1] c.s.s.indicators.IndicatorCalculator - Open: 121.85000000, Close: 121.86000000, High: 121.87000000, Low: 121.85000000, OpenTime: 2025-12-25T11:34, CloseTime: 2025-12-25T11:34:59
2025-12-25 16:08:12.370 INFO  [org.springframework.kafka.KafkaListenerEndpointContainer#0-0-C-1] c.s.s.indicators.IndicatorCalculator - Number of candles retrieved for BarSeries: 224
2025-12-25 16:08:12.370 INFO  [org.springframework.kafka.KafkaListenerEndpointContainer#0-0-C-1] c.s.s.indicators.IndicatorCalculator - List of candles:
2025-12-25 16:08:12.370 INFO  [org.springframework.kafka.KafkaListenerEndpointContainer#0-0-C-1] c.s.s.indicators.IndicatorCalculator - Open: 121.83000000, Close: 121.75000000, High: 121.83000000, Low: 121.74000000, OpenTime: 2025-12-25T11:25, CloseTime: 2025-12-25T11:25:59
2025-12-25 16:08:12.370 INFO  [org.springframework.kafka.KafkaListenerEndpointContainer#0-0-C-1] c.s.s.indicators.IndicatorCalculator - Open: 121.75000000, Close: 121.80000000, High: 121.80000000, Low: 121.75000000, OpenTime: 2025-12-25T11:26, CloseTime: 2025-12-25T11:26:59
2025-12-25 16:08:12.370 INFO  [org.springframework.kafka.KafkaListenerEndpointContainer#0-0-C-1] c.s.s.indicators.IndicatorCalculator - Open: 121.79000000, Close: 121.83000000, High: 121.84000000, Low: 121.79000000, OpenTime: 2025-12-25T11:27, CloseTime: 2025-12-25T11:27:59
2025-12-25 16:08:12.370 INFO  [org.springframework.kafka.KafkaListenerEndpointContainer#0-0-C-1] c.s.s.indicators.IndicatorCalculator - Open: 121.84000000, Close: 121.85000000, High: 121.92000000, Low: 121.84000000, OpenTime: 2025-12-25T11:28, CloseTime: 2025-12-25T11:28:59
2025-12-25 16:08:12.370 INFO  [org.springframework.kafka.KafkaListenerEndpointContainer#0-0-C-1] c.s.s.indicators.IndicatorCalculator - Open: 121.86000000, Close: 121.91000000, High: 121.91000000, Low: 121.86000000, OpenTime: 2025-12-25T11:29, CloseTime: 2025-12-25T11:29:59
2025-12-25 16:08:12.370 INFO  [org.springframework.kafka.KafkaListenerEndpointContainer#0-0-C-1] c.s.s.indicators.IndicatorCalculator - Open: 121.91000000, Close: 121.87000000, High: 121.93000000, Low: 121.87000000, OpenTime: 2025-12-25T11:30, CloseTime: 2025-12-25T11:30:59
2025-12-25 16:08:12.370 INFO  [org.springframework.kafka.KafkaListenerEndpointContainer#0-0-C-1] c.s.s.indicators.IndicatorCalculator - Open: 121.87000000, Close: 121.89000000, High: 121.89000000, Low: 121.87000000, OpenTime: 2025-12-25T11:31, CloseTime: 2025-12-25T11:31:59
2025-12-25 16:08:12.370 INFO  [org.springframework.kafka.KafkaListenerEndpointContainer#0-0-C-1] c.s.s.indicators.IndicatorCalculator - Open: 121.88000000, Close: 121.87000000, High: 121.89000000, Low: 121.83000000, OpenTime: 2025-12-25T11:32, CloseTime: 2025-12-25T11:32:59
2025-12-25 16:08:12.370 INFO  [org.springframework.kafka.KafkaListenerEndpointContainer#0-0-C-1] c.s.s.indicators.IndicatorCalculator - Open: 121.87000000, Close: 121.84000000, High: 121.87000000, Low: 121.83000000, OpenTime: 2025-12-25T11:33, CloseTime: 2025-12-25T11:33:59
2025-12-25 16:08:12.370 INFO  [org.springframework.kafka.KafkaListenerEndpointContainer#0-0-C-1] c.s.s.indicators.IndicatorCalculator - Open: 121.85000000, Close: 121.86000000, High: 121.87000000, Low: 121.85000000, OpenTime: 2025-12-25T11:34, CloseTime: 2025-12-25T11:34:59
2025-12-25 16:08:12.387 INFO  [org.springframework.kafka.KafkaListenerEndpointContainer#0-0-C-1] c.s.s.indicators.IndicatorCalculator - Number of candles retrieved for BarSeries: 224
2025-12-25 16:08:12.387 INFO  [org.springframework.kafka.KafkaListenerEndpointContainer#0-0-C-1] c.s.s.indicators.IndicatorCalculator - List of candles:
2025-12-25 16:08:12.388 INFO  [org.springframework.kafka.KafkaListenerEndpointContainer#0-0-C-1] c.s.s.indicators.IndicatorCalculator - Open: 121.83000000, Close: 121.75000000, High: 121.83000000, Low: 121.74000000, OpenTime: 2025-12-25T11:25, CloseTime: 2025-12-25T11:25:59
2025-12-25 16:08:12.388 INFO  [org.springframework.kafka.KafkaListenerEndpointContainer#0-0-C-1] c.s.s.indicators.IndicatorCalculator - Open: 121.75000000, Close: 121.80000000, High: 121.80000000, Low: 121.75000000, OpenTime: 2025-12-25T11:26, CloseTime: 2025-12-25T11:26:59
2025-12-25 16:08:12.388 INFO  [org.springframework.kafka.KafkaListenerEndpointContainer#0-0-C-1] c.s.s.indicators.IndicatorCalculator - Open: 121.79000000, Close: 121.83000000, High: 121.84000000, Low: 121.79000000, OpenTime: 2025-12-25T11:27, CloseTime: 2025-12-25T11:27:59
2025-12-25 16:08:12.388 INFO  [org.springframework.kafka.KafkaListenerEndpointContainer#0-0-C-1] c.s.s.indicators.IndicatorCalculator - Open: 121.84000000, Close: 121.85000000, High: 121.92000000, Low: 121.84000000, OpenTime: 2025-12-25T11:28, CloseTime: 2025-12-25T11:28:59
2025-12-25 16:08:12.388 INFO  [org.springframework.kafka.KafkaListenerEndpointContainer#0-0-C-1] c.s.s.indicators.IndicatorCalculator - Open: 121.86000000, Close: 121.91000000, High: 121.91000000, Low: 121.86000000, OpenTime: 2025-12-25T11:29, CloseTime: 2025-12-25T11:29:59
2025-12-25 16:08:12.388 INFO  [org.springframework.kafka.KafkaListenerEndpointContainer#0-0-C-1] c.s.s.indicators.IndicatorCalculator - Open: 121.91000000, Close: 121.87000000, High: 121.93000000, Low: 121.87000000, OpenTime: 2025-12-25T11:30, CloseTime: 2025-12-25T11:30:59
2025-12-25 16:08:12.388 INFO  [org.springframework.kafka.KafkaListenerEndpointContainer#0-0-C-1] c.s.s.indicators.IndicatorCalculator - Open: 121.87000000, Close: 121.89000000, High: 121.89000000, Low: 121.87000000, OpenTime: 2025-12-25T11:31, CloseTime: 2025-12-25T11:31:59
2025-12-25 16:08:12.388 INFO  [org.springframework.kafka.KafkaListenerEndpointContainer#0-0-C-1] c.s.s.indicators.IndicatorCalculator - Open: 121.88000000, Close: 121.87000000, High: 121.89000000, Low: 121.83000000, OpenTime: 2025-12-25T11:32, CloseTime: 2025-12-25T11:32:59
2025-12-25 16:08:12.388 INFO  [org.springframework.kafka.KafkaListenerEndpointContainer#0-0-C-1] c.s.s.indicators.IndicatorCalculator - Open: 121.87000000, Close: 121.84000000, High: 121.87000000, Low: 121.83000000, OpenTime: 2025-12-25T11:33, CloseTime: 2025-12-25T11:33:59
2025-12-25 16:08:12.388 INFO  [org.springframework.kafka.KafkaListenerEndpointContainer#0-0-C-1] c.s.s.indicators.IndicatorCalculator - Open: 121.85000000, Close: 121.86000000, High: 121.87000000, Low: 121.85000000, OpenTime: 2025-12-25T11:34, CloseTime: 2025-12-25T11:34:59
2025-12-25 16:08:12.392 INFO  [org.springframework.kafka.KafkaListenerEndpointContainer#0-0-C-1] c.s.s.indicators.IndicatorListener - Saved Indicator Event in group stockapi
2025-12-25 16:08:53.091 INFO  [org.springframework.kafka.KafkaListenerEndpointContainer#0-0-C-1] o.a.k.c.c.i.ConsumerRebalanceListenerInvoker - [Consumer clientId=consumer-stockapi-1, groupId=stockapi] Revoke previously assigned partitions indicator_events-0
2025-12-25 16:08:53.092 INFO  [org.springframework.kafka.KafkaListenerEndpointContainer#0-0-C-1] o.s.k.l.KafkaMessageListenerContainer - stockapi: partitions revoked: [indicator_events-0]
2025-12-25 16:08:53.093 INFO  [org.springframework.kafka.KafkaListenerEndpointContainer#0-0-C-1] o.a.k.c.c.i.ConsumerCoordinator - [Consumer clientId=consumer-stockapi-1, groupId=stockapi] Member consumer-stockapi-1-09b65d31-94b5-41c8-993d-0cbdc8ca6fb0 sending LeaveGroup request to coordinator kafka:9092 (id: 2147483646 rack: null) due to the consumer unsubscribed from all topics
2025-12-25 16:08:53.093 INFO  [org.springframework.kafka.KafkaListenerEndpointContainer#0-0-C-1] o.a.k.c.c.i.ConsumerCoordinator - [Consumer clientId=consumer-stockapi-1, groupId=stockapi] Resetting generation and member id due to: consumer pro-actively leaving the group
2025-12-25 16:08:53.093 INFO  [org.springframework.kafka.KafkaListenerEndpointContainer#0-0-C-1] o.a.k.c.c.i.ConsumerCoordinator - [Consumer clientId=consumer-stockapi-1, groupId=stockapi] Request joining group due to: consumer pro-actively leaving the group
2025-12-25 16:08:53.094 INFO  [org.springframework.kafka.KafkaListenerEndpointContainer#0-0-C-1] o.a.k.c.c.i.LegacyKafkaConsumer - [Consumer clientId=consumer-stockapi-1, groupId=stockapi] Unsubscribed all topics or patterns and assigned partitions
2025-12-25 16:08:53.095 INFO  [org.springframework.kafka.KafkaListenerEndpointContainer#0-0-C-1] o.a.k.c.c.i.ConsumerCoordinator - [Consumer clientId=consumer-stockapi-1, groupId=stockapi] Resetting generation and member id due to: consumer pro-actively leaving the group
2025-12-25 16:08:53.095 INFO  [org.springframework.kafka.KafkaListenerEndpointContainer#0-0-C-1] o.a.k.c.c.i.ConsumerCoordinator - [Consumer clientId=consumer-stockapi-1, groupId=stockapi] Request joining group due to: consumer pro-actively leaving the group
2025-12-25 16:08:53.262 INFO  [org.springframework.kafka.KafkaListenerEndpointContainer#0-0-C-1] o.a.kafka.common.metrics.Metrics - Metrics scheduler closed
2025-12-25 16:08:53.262 INFO  [org.springframework.kafka.KafkaListenerEndpointContainer#0-0-C-1] o.a.kafka.common.metrics.Metrics - Closing reporter org.apache.kafka.common.metrics.JmxReporter
2025-12-25 16:08:53.263 INFO  [org.springframework.kafka.KafkaListenerEndpointContainer#0-0-C-1] o.a.kafka.common.metrics.Metrics - Closing reporter org.apache.kafka.common.telemetry.internals.ClientTelemetryReporter
2025-12-25 16:08:53.263 INFO  [org.springframework.kafka.KafkaListenerEndpointContainer#0-0-C-1] o.a.kafka.common.metrics.Metrics - Metrics reporters closed
2025-12-25 16:08:53.271 INFO  [org.springframework.kafka.KafkaListenerEndpointContainer#0-0-C-1] o.a.kafka.common.utils.AppInfoParser - App info kafka.consumer for consumer-stockapi-1 unregistered
2025-12-25 16:08:53.272 INFO  [org.springframework.kafka.KafkaListenerEndpointContainer#0-0-C-1] o.s.k.l.KafkaMessageListenerContainer - stockapi: Consumer stopped
2025-12-25 16:08:53.274 INFO  [SpringApplicationShutdownHook] o.s.b.w.e.tomcat.GracefulShutdown - Commencing graceful shutdown. Waiting for active requests to complete
2025-12-25 16:08:53.278 INFO  [tomcat-shutdown] o.s.b.w.e.tomcat.GracefulShutdown - Graceful shutdown complete
2025-12-25 16:08:53.291 INFO  [SpringApplicationShutdownHook] o.s.o.j.LocalContainerEntityManagerFactoryBean - Closing JPA EntityManagerFactory for persistence unit 'default'
2025-12-25 16:08:53.293 INFO  [SpringApplicationShutdownHook] com.zaxxer.hikari.HikariDataSource - HikariPool-1 - Shutdown initiated...
2025-12-25 16:08:53.297 INFO  [SpringApplicationShutdownHook] com.zaxxer.hikari.HikariDataSource - HikariPool-1 - Shutdown completed.
