2025-12-25 16:13:50.977 INFO  [background-preinit] o.h.validator.internal.util.Version - HV000001: Hibernate Validator 8.0.2.Final
2025-12-25 16:13:51.057 INFO  [main] c.s.stockapi.StockapiApplication - Starting StockapiApplication v0.0.1-SNAPSHOT using Java 21.0.9 with PID 1 (/app/app.jar started by root in /app)
2025-12-25 16:13:51.058 INFO  [main] c.s.stockapi.StockapiApplication - The following 1 profile is active: "dev"
2025-12-25 16:13:52.185 INFO  [main] o.s.d.r.c.RepositoryConfigurationDelegate - Bootstrapping Spring Data JPA repositories in DEFAULT mode.
2025-12-25 16:13:52.275 INFO  [main] o.s.d.r.c.RepositoryConfigurationDelegate - Finished Spring Data repository scanning in 79 ms. Found 10 JPA repository interfaces.
2025-12-25 16:13:53.360 INFO  [main] o.s.b.w.e.tomcat.TomcatWebServer - Tomcat initialized with port 8080 (http)
2025-12-25 16:13:53.378 INFO  [main] o.a.coyote.http11.Http11NioProtocol - Initializing ProtocolHandler ["http-nio-8080"]
2025-12-25 16:13:53.380 INFO  [main] o.a.catalina.core.StandardService - Starting service [Tomcat]
2025-12-25 16:13:53.380 INFO  [main] o.a.catalina.core.StandardEngine - Starting Servlet engine: [Apache Tomcat/10.1.40]
2025-12-25 16:13:53.412 INFO  [main] o.a.c.c.C.[Tomcat].[localhost].[/] - Initializing Spring embedded WebApplicationContext
2025-12-25 16:13:53.413 INFO  [main] o.s.b.w.s.c.ServletWebServerApplicationContext - Root WebApplicationContext: initialization completed in 2306 ms
2025-12-25 16:13:53.821 INFO  [main] com.zaxxer.hikari.HikariDataSource - HikariPool-1 - Starting...
2025-12-25 16:13:54.015 INFO  [main] com.zaxxer.hikari.pool.HikariPool - HikariPool-1 - Added connection org.postgresql.jdbc.PgConnection@402a69f
2025-12-25 16:13:54.018 INFO  [main] com.zaxxer.hikari.HikariDataSource - HikariPool-1 - Start completed.
2025-12-25 16:13:54.070 INFO  [main] o.h.jpa.internal.util.LogHelper - HHH000204: Processing PersistenceUnitInfo [name: default]
2025-12-25 16:13:54.161 INFO  [main] org.hibernate.Version - HHH000412: Hibernate ORM core version 6.6.13.Final
2025-12-25 16:13:54.226 INFO  [main] o.h.c.i.RegionFactoryInitiator - HHH000026: Second-level cache disabled
2025-12-25 16:13:54.543 INFO  [main] o.s.o.j.p.SpringPersistenceUnitInfo - No LoadTimeWeaver setup: ignoring JPA class transformer
2025-12-25 16:13:54.621 WARN  [main] org.hibernate.orm.deprecation - HHH90000025: PostgreSQLDialect does not need to be specified explicitly using 'hibernate.dialect' (remove the property setting and it will be selected by default)
2025-12-25 16:13:54.644 INFO  [main] o.hibernate.orm.connections.pooling - HHH10001005: Database info:
	Database JDBC URL [Connecting through datasource 'HikariDataSource (HikariPool-1)']
	Database driver: undefined/unknown
	Database version: 15.15
	Autocommit mode: undefined/unknown
	Isolation level: undefined/unknown
	Minimum pool size: undefined/unknown
	Maximum pool size: undefined/unknown
2025-12-25 16:13:56.118 INFO  [main] o.h.e.t.j.p.i.JtaPlatformInitiator - HHH000489: No JTA platform available (set 'hibernate.transaction.jta.platform' to enable JTA platform integration)
2025-12-25 16:13:56.131 INFO  [main] o.s.o.j.LocalContainerEntityManagerFactoryBean - Initialized JPA EntityManagerFactory for persistence unit 'default'
2025-12-25 16:13:56.439 INFO  [main] o.s.d.j.r.query.QueryEnhancerFactory - Hibernate is in classpath; If applicable, HQL parser will be used.
2025-12-25 16:13:57.546 INFO  [main] o.s.s.c.a.a.c.InitializeAuthenticationProviderBeanManagerConfigurer$InitializeAuthenticationProviderManagerConfigurer - Global AuthenticationManager configured with AuthenticationProvider bean with name authenticationProvider
2025-12-25 16:13:57.674 WARN  [main] o.s.b.a.o.j.JpaBaseConfiguration$JpaWebConfiguration - spring.jpa.open-in-view is enabled by default. Therefore, database queries may be performed during view rendering. Explicitly configure spring.jpa.open-in-view to disable this warning
2025-12-25 16:13:57.790 WARN  [main] o.s.s.c.a.w.c.AuthorizeHttpRequestsConfigurer$AuthorizationManagerRequestMatcherRegistry - One of the patterns in [candles/**, users/**, /actuator/health] is missing a leading slash. This is discouraged; please include the leading slash in all your request matcher patterns. In future versions of Spring Security, leaving out the leading slash will result in an exception.
2025-12-25 16:13:58.109 INFO  [main] o.s.b.a.e.web.EndpointLinksResolver - Exposing 2 endpoints beneath base path '/actuator'
2025-12-25 16:13:58.828 INFO  [main] o.a.coyote.http11.Http11NioProtocol - Starting ProtocolHandler ["http-nio-8080"]
2025-12-25 16:13:58.841 INFO  [main] o.s.b.w.e.tomcat.TomcatWebServer - Tomcat started on port 8080 (http) with context path '/'
2025-12-25 16:13:58.882 INFO  [main] o.a.k.c.consumer.ConsumerConfig - ConsumerConfig values: 
	allow.auto.create.topics = true
	auto.commit.interval.ms = 5000
	auto.include.jmx.reporter = true
	auto.offset.reset = latest
	bootstrap.servers = [kafka:9092]
	check.crcs = true
	client.dns.lookup = use_all_dns_ips
	client.id = consumer-stockapi-1
	client.rack = 
	connections.max.idle.ms = 540000
	default.api.timeout.ms = 60000
	enable.auto.commit = false
	enable.metrics.push = true
	exclude.internal.topics = true
	fetch.max.bytes = 52428800
	fetch.max.wait.ms = 500
	fetch.min.bytes = 1
	group.id = stockapi
	group.instance.id = null
	group.protocol = classic
	group.remote.assignor = null
	heartbeat.interval.ms = 3000
	interceptor.classes = []
	internal.leave.group.on.close = true
	internal.throw.on.fetch.stable.offset.unsupported = false
	isolation.level = read_uncommitted
	key.deserializer = class org.apache.kafka.common.serialization.StringDeserializer
	max.partition.fetch.bytes = 1048576
	max.poll.interval.ms = 300000
	max.poll.records = 500
	metadata.max.age.ms = 300000
	metadata.recovery.strategy = none
	metric.reporters = []
	metrics.num.samples = 2
	metrics.recording.level = INFO
	metrics.sample.window.ms = 30000
	partition.assignment.strategy = [class org.apache.kafka.clients.consumer.RangeAssignor, class org.apache.kafka.clients.consumer.CooperativeStickyAssignor]
	receive.buffer.bytes = 65536
	reconnect.backoff.max.ms = 1000
	reconnect.backoff.ms = 50
	request.timeout.ms = 30000
	retry.backoff.max.ms = 1000
	retry.backoff.ms = 100
	sasl.client.callback.handler.class = null
	sasl.jaas.config = null
	sasl.kerberos.kinit.cmd = /usr/bin/kinit
	sasl.kerberos.min.time.before.relogin = 60000
	sasl.kerberos.service.name = null
	sasl.kerberos.ticket.renew.jitter = 0.05
	sasl.kerberos.ticket.renew.window.factor = 0.8
	sasl.login.callback.handler.class = null
	sasl.login.class = null
	sasl.login.connect.timeout.ms = null
	sasl.login.read.timeout.ms = null
	sasl.login.refresh.buffer.seconds = 300
	sasl.login.refresh.min.period.seconds = 60
	sasl.login.refresh.window.factor = 0.8
	sasl.login.refresh.window.jitter = 0.05
	sasl.login.retry.backoff.max.ms = 10000
	sasl.login.retry.backoff.ms = 100
	sasl.mechanism = GSSAPI
	sasl.oauthbearer.clock.skew.seconds = 30
	sasl.oauthbearer.expected.audience = null
	sasl.oauthbearer.expected.issuer = null
	sasl.oauthbearer.jwks.endpoint.refresh.ms = 3600000
	sasl.oauthbearer.jwks.endpoint.retry.backoff.max.ms = 10000
	sasl.oauthbearer.jwks.endpoint.retry.backoff.ms = 100
	sasl.oauthbearer.jwks.endpoint.url = null
	sasl.oauthbearer.scope.claim.name = scope
	sasl.oauthbearer.sub.claim.name = sub
	sasl.oauthbearer.token.endpoint.url = null
	security.protocol = PLAINTEXT
	security.providers = null
	send.buffer.bytes = 131072
	session.timeout.ms = 45000
	socket.connection.setup.timeout.max.ms = 30000
	socket.connection.setup.timeout.ms = 10000
	ssl.cipher.suites = null
	ssl.enabled.protocols = [TLSv1.2, TLSv1.3]
	ssl.endpoint.identification.algorithm = https
	ssl.engine.factory.class = null
	ssl.key.password = null
	ssl.keymanager.algorithm = SunX509
	ssl.keystore.certificate.chain = null
	ssl.keystore.key = null
	ssl.keystore.location = null
	ssl.keystore.password = null
	ssl.keystore.type = JKS
	ssl.protocol = TLSv1.3
	ssl.provider = null
	ssl.secure.random.implementation = null
	ssl.trustmanager.algorithm = PKIX
	ssl.truststore.certificates = null
	ssl.truststore.location = null
	ssl.truststore.password = null
	ssl.truststore.type = JKS
	value.deserializer = class org.apache.kafka.common.serialization.StringDeserializer

2025-12-25 16:13:58.936 INFO  [main] o.a.k.c.t.i.KafkaMetricsCollector - initializing Kafka metrics collector
2025-12-25 16:13:59.089 INFO  [main] o.a.kafka.common.utils.AppInfoParser - Kafka version: 3.8.1
2025-12-25 16:13:59.089 INFO  [main] o.a.kafka.common.utils.AppInfoParser - Kafka commitId: 70d6ff42debf7e17
2025-12-25 16:13:59.089 INFO  [main] o.a.kafka.common.utils.AppInfoParser - Kafka startTimeMs: 1766679239087
2025-12-25 16:13:59.101 INFO  [main] o.a.k.c.c.i.LegacyKafkaConsumer - [Consumer clientId=consumer-stockapi-1, groupId=stockapi] Subscribed to topic(s): indicator_events
2025-12-25 16:13:59.126 INFO  [main] c.s.stockapi.StockapiApplication - Started StockapiApplication in 8.732 seconds (process running for 9.226)
2025-12-25 16:13:59.533 INFO  [org.springframework.kafka.KafkaListenerEndpointContainer#0-0-C-1] org.apache.kafka.clients.Metadata - [Consumer clientId=consumer-stockapi-1, groupId=stockapi] Cluster ID: 5L6g3nShT-eMCtK--X86sw
2025-12-25 16:13:59.535 INFO  [org.springframework.kafka.KafkaListenerEndpointContainer#0-0-C-1] o.a.k.c.c.i.ConsumerCoordinator - [Consumer clientId=consumer-stockapi-1, groupId=stockapi] Discovered group coordinator kafka:9092 (id: 2147483646 rack: null)
2025-12-25 16:13:59.539 INFO  [org.springframework.kafka.KafkaListenerEndpointContainer#0-0-C-1] o.a.k.c.c.i.ConsumerCoordinator - [Consumer clientId=consumer-stockapi-1, groupId=stockapi] (Re-)joining group
2025-12-25 16:13:59.565 INFO  [org.springframework.kafka.KafkaListenerEndpointContainer#0-0-C-1] o.a.k.c.c.i.ConsumerCoordinator - [Consumer clientId=consumer-stockapi-1, groupId=stockapi] Request joining group due to: need to re-join with the given member-id: consumer-stockapi-1-14b5d87a-112a-4e28-aabd-9f278980d391
2025-12-25 16:13:59.566 INFO  [org.springframework.kafka.KafkaListenerEndpointContainer#0-0-C-1] o.a.k.c.c.i.ConsumerCoordinator - [Consumer clientId=consumer-stockapi-1, groupId=stockapi] (Re-)joining group
2025-12-25 16:14:00.119 INFO  [http-nio-8080-exec-1] o.a.c.c.C.[Tomcat].[localhost].[/] - Initializing Spring DispatcherServlet 'dispatcherServlet'
2025-12-25 16:14:00.119 INFO  [http-nio-8080-exec-1] o.s.web.servlet.DispatcherServlet - Initializing Servlet 'dispatcherServlet'
2025-12-25 16:14:00.124 INFO  [http-nio-8080-exec-1] o.s.web.servlet.DispatcherServlet - Completed initialization in 4 ms
2025-12-25 16:14:02.579 INFO  [org.springframework.kafka.KafkaListenerEndpointContainer#0-0-C-1] o.a.k.c.c.i.ConsumerCoordinator - [Consumer clientId=consumer-stockapi-1, groupId=stockapi] Successfully joined group with generation Generation{generationId=19, memberId='consumer-stockapi-1-14b5d87a-112a-4e28-aabd-9f278980d391', protocol='range'}
2025-12-25 16:14:02.589 INFO  [org.springframework.kafka.KafkaListenerEndpointContainer#0-0-C-1] o.a.k.c.c.i.ConsumerCoordinator - [Consumer clientId=consumer-stockapi-1, groupId=stockapi] Finished assignment for group at generation 19: {consumer-stockapi-1-14b5d87a-112a-4e28-aabd-9f278980d391=Assignment(partitions=[indicator_events-0])}
2025-12-25 16:14:02.613 INFO  [org.springframework.kafka.KafkaListenerEndpointContainer#0-0-C-1] o.a.k.c.c.i.ConsumerCoordinator - [Consumer clientId=consumer-stockapi-1, groupId=stockapi] Successfully synced group in generation Generation{generationId=19, memberId='consumer-stockapi-1-14b5d87a-112a-4e28-aabd-9f278980d391', protocol='range'}
2025-12-25 16:14:02.614 INFO  [org.springframework.kafka.KafkaListenerEndpointContainer#0-0-C-1] o.a.k.c.c.i.ConsumerCoordinator - [Consumer clientId=consumer-stockapi-1, groupId=stockapi] Notifying assignor about the new Assignment(partitions=[indicator_events-0])
2025-12-25 16:14:02.617 INFO  [org.springframework.kafka.KafkaListenerEndpointContainer#0-0-C-1] o.a.k.c.c.i.ConsumerRebalanceListenerInvoker - [Consumer clientId=consumer-stockapi-1, groupId=stockapi] Adding newly assigned partitions: indicator_events-0
2025-12-25 16:14:02.637 INFO  [org.springframework.kafka.KafkaListenerEndpointContainer#0-0-C-1] o.a.k.c.c.internals.ConsumerUtils - Setting offset for partition indicator_events-0 to the committed offset FetchPosition{offset=2124, offsetEpoch=Optional.empty, currentLeader=LeaderAndEpoch{leader=Optional[kafka:9092 (id: 1 rack: null)], epoch=18}}
2025-12-25 16:14:02.639 INFO  [org.springframework.kafka.KafkaListenerEndpointContainer#0-0-C-1] o.s.k.l.KafkaMessageListenerContainer - stockapi: partitions assigned: [indicator_events-0]
2025-12-25 16:14:02.703 INFO  [org.springframework.kafka.KafkaListenerEndpointContainer#0-0-C-1] c.s.s.indicators.IndicatorListener - Received Message in group stockapi: ["4911bf34-3c62-41db-bc40-4f5cb8e52f6d"]
2025-12-25 16:14:02.933 INFO  [org.springframework.kafka.KafkaListenerEndpointContainer#0-0-C-1] c.s.s.indicators.IndicatorListener - Candle Found: 4911bf34-3c62-41db-bc40-4f5cb8e52f6d
2025-12-25 16:14:02.934 INFO  [org.springframework.kafka.KafkaListenerEndpointContainer#0-0-C-1] c.s.s.indicators.IndicatorListener - Candle with values: Open: 123.63000000, Close: 123.74000000, High: 123.75000000, Low: 123.63000000, OpenTime: 2025-12-25T15:13, CloseTime: 2025-12-25T15:13:59
2025-12-25 16:14:03.062 INFO  [org.springframework.kafka.KafkaListenerEndpointContainer#0-0-C-1] c.s.s.indicators.IndicatorCalculator - Number of candles retrieved for BarSeries: 229
2025-12-25 16:14:03.062 INFO  [org.springframework.kafka.KafkaListenerEndpointContainer#0-0-C-1] c.s.s.indicators.IndicatorCalculator - List of candles:
2025-12-25 16:14:03.062 INFO  [org.springframework.kafka.KafkaListenerEndpointContainer#0-0-C-1] c.s.s.indicators.IndicatorCalculator - Open: 121.83000000, Close: 121.75000000, High: 121.83000000, Low: 121.74000000, OpenTime: 2025-12-25T11:25, CloseTime: 2025-12-25T11:25:59
2025-12-25 16:14:03.062 INFO  [org.springframework.kafka.KafkaListenerEndpointContainer#0-0-C-1] c.s.s.indicators.IndicatorCalculator - Open: 121.75000000, Close: 121.80000000, High: 121.80000000, Low: 121.75000000, OpenTime: 2025-12-25T11:26, CloseTime: 2025-12-25T11:26:59
2025-12-25 16:14:03.062 INFO  [org.springframework.kafka.KafkaListenerEndpointContainer#0-0-C-1] c.s.s.indicators.IndicatorCalculator - Open: 121.79000000, Close: 121.83000000, High: 121.84000000, Low: 121.79000000, OpenTime: 2025-12-25T11:27, CloseTime: 2025-12-25T11:27:59
2025-12-25 16:14:03.063 INFO  [org.springframework.kafka.KafkaListenerEndpointContainer#0-0-C-1] c.s.s.indicators.IndicatorCalculator - Open: 121.84000000, Close: 121.85000000, High: 121.92000000, Low: 121.84000000, OpenTime: 2025-12-25T11:28, CloseTime: 2025-12-25T11:28:59
2025-12-25 16:14:03.063 INFO  [org.springframework.kafka.KafkaListenerEndpointContainer#0-0-C-1] c.s.s.indicators.IndicatorCalculator - Open: 121.86000000, Close: 121.91000000, High: 121.91000000, Low: 121.86000000, OpenTime: 2025-12-25T11:29, CloseTime: 2025-12-25T11:29:59
2025-12-25 16:14:03.063 INFO  [org.springframework.kafka.KafkaListenerEndpointContainer#0-0-C-1] c.s.s.indicators.IndicatorCalculator - Open: 121.91000000, Close: 121.87000000, High: 121.93000000, Low: 121.87000000, OpenTime: 2025-12-25T11:30, CloseTime: 2025-12-25T11:30:59
2025-12-25 16:14:03.063 INFO  [org.springframework.kafka.KafkaListenerEndpointContainer#0-0-C-1] c.s.s.indicators.IndicatorCalculator - Open: 121.87000000, Close: 121.89000000, High: 121.89000000, Low: 121.87000000, OpenTime: 2025-12-25T11:31, CloseTime: 2025-12-25T11:31:59
2025-12-25 16:14:03.063 INFO  [org.springframework.kafka.KafkaListenerEndpointContainer#0-0-C-1] c.s.s.indicators.IndicatorCalculator - Open: 121.88000000, Close: 121.87000000, High: 121.89000000, Low: 121.83000000, OpenTime: 2025-12-25T11:32, CloseTime: 2025-12-25T11:32:59
2025-12-25 16:14:03.063 INFO  [org.springframework.kafka.KafkaListenerEndpointContainer#0-0-C-1] c.s.s.indicators.IndicatorCalculator - Open: 121.87000000, Close: 121.84000000, High: 121.87000000, Low: 121.83000000, OpenTime: 2025-12-25T11:33, CloseTime: 2025-12-25T11:33:59
2025-12-25 16:14:03.063 INFO  [org.springframework.kafka.KafkaListenerEndpointContainer#0-0-C-1] c.s.s.indicators.IndicatorCalculator - Open: 121.85000000, Close: 121.86000000, High: 121.87000000, Low: 121.85000000, OpenTime: 2025-12-25T11:34, CloseTime: 2025-12-25T11:34:59
2025-12-25 16:14:03.212 INFO  [org.springframework.kafka.KafkaListenerEndpointContainer#0-0-C-1] c.s.s.indicators.IndicatorCalculator - Number of candles retrieved for BarSeries: 229
2025-12-25 16:14:03.212 INFO  [org.springframework.kafka.KafkaListenerEndpointContainer#0-0-C-1] c.s.s.indicators.IndicatorCalculator - List of candles:
2025-12-25 16:14:03.212 INFO  [org.springframework.kafka.KafkaListenerEndpointContainer#0-0-C-1] c.s.s.indicators.IndicatorCalculator - Open: 121.83000000, Close: 121.75000000, High: 121.83000000, Low: 121.74000000, OpenTime: 2025-12-25T11:25, CloseTime: 2025-12-25T11:25:59
2025-12-25 16:14:03.212 INFO  [org.springframework.kafka.KafkaListenerEndpointContainer#0-0-C-1] c.s.s.indicators.IndicatorCalculator - Open: 121.75000000, Close: 121.80000000, High: 121.80000000, Low: 121.75000000, OpenTime: 2025-12-25T11:26, CloseTime: 2025-12-25T11:26:59
2025-12-25 16:14:03.213 INFO  [org.springframework.kafka.KafkaListenerEndpointContainer#0-0-C-1] c.s.s.indicators.IndicatorCalculator - Open: 121.79000000, Close: 121.83000000, High: 121.84000000, Low: 121.79000000, OpenTime: 2025-12-25T11:27, CloseTime: 2025-12-25T11:27:59
2025-12-25 16:14:03.213 INFO  [org.springframework.kafka.KafkaListenerEndpointContainer#0-0-C-1] c.s.s.indicators.IndicatorCalculator - Open: 121.84000000, Close: 121.85000000, High: 121.92000000, Low: 121.84000000, OpenTime: 2025-12-25T11:28, CloseTime: 2025-12-25T11:28:59
2025-12-25 16:14:03.213 INFO  [org.springframework.kafka.KafkaListenerEndpointContainer#0-0-C-1] c.s.s.indicators.IndicatorCalculator - Open: 121.86000000, Close: 121.91000000, High: 121.91000000, Low: 121.86000000, OpenTime: 2025-12-25T11:29, CloseTime: 2025-12-25T11:29:59
2025-12-25 16:14:03.213 INFO  [org.springframework.kafka.KafkaListenerEndpointContainer#0-0-C-1] c.s.s.indicators.IndicatorCalculator - Open: 121.91000000, Close: 121.87000000, High: 121.93000000, Low: 121.87000000, OpenTime: 2025-12-25T11:30, CloseTime: 2025-12-25T11:30:59
2025-12-25 16:14:03.213 INFO  [org.springframework.kafka.KafkaListenerEndpointContainer#0-0-C-1] c.s.s.indicators.IndicatorCalculator - Open: 121.87000000, Close: 121.89000000, High: 121.89000000, Low: 121.87000000, OpenTime: 2025-12-25T11:31, CloseTime: 2025-12-25T11:31:59
2025-12-25 16:14:03.213 INFO  [org.springframework.kafka.KafkaListenerEndpointContainer#0-0-C-1] c.s.s.indicators.IndicatorCalculator - Open: 121.88000000, Close: 121.87000000, High: 121.89000000, Low: 121.83000000, OpenTime: 2025-12-25T11:32, CloseTime: 2025-12-25T11:32:59
2025-12-25 16:14:03.213 INFO  [org.springframework.kafka.KafkaListenerEndpointContainer#0-0-C-1] c.s.s.indicators.IndicatorCalculator - Open: 121.87000000, Close: 121.84000000, High: 121.87000000, Low: 121.83000000, OpenTime: 2025-12-25T11:33, CloseTime: 2025-12-25T11:33:59
2025-12-25 16:14:03.213 INFO  [org.springframework.kafka.KafkaListenerEndpointContainer#0-0-C-1] c.s.s.indicators.IndicatorCalculator - Open: 121.85000000, Close: 121.86000000, High: 121.87000000, Low: 121.85000000, OpenTime: 2025-12-25T11:34, CloseTime: 2025-12-25T11:34:59
2025-12-25 16:14:03.269 INFO  [org.springframework.kafka.KafkaListenerEndpointContainer#0-0-C-1] c.s.s.indicators.IndicatorCalculator - Number of candles retrieved for BarSeries: 229
2025-12-25 16:14:03.270 INFO  [org.springframework.kafka.KafkaListenerEndpointContainer#0-0-C-1] c.s.s.indicators.IndicatorCalculator - List of candles:
2025-12-25 16:14:03.270 INFO  [org.springframework.kafka.KafkaListenerEndpointContainer#0-0-C-1] c.s.s.indicators.IndicatorCalculator - Open: 121.83000000, Close: 121.75000000, High: 121.83000000, Low: 121.74000000, OpenTime: 2025-12-25T11:25, CloseTime: 2025-12-25T11:25:59
2025-12-25 16:14:03.270 INFO  [org.springframework.kafka.KafkaListenerEndpointContainer#0-0-C-1] c.s.s.indicators.IndicatorCalculator - Open: 121.75000000, Close: 121.80000000, High: 121.80000000, Low: 121.75000000, OpenTime: 2025-12-25T11:26, CloseTime: 2025-12-25T11:26:59
2025-12-25 16:14:03.270 INFO  [org.springframework.kafka.KafkaListenerEndpointContainer#0-0-C-1] c.s.s.indicators.IndicatorCalculator - Open: 121.79000000, Close: 121.83000000, High: 121.84000000, Low: 121.79000000, OpenTime: 2025-12-25T11:27, CloseTime: 2025-12-25T11:27:59
2025-12-25 16:14:03.270 INFO  [org.springframework.kafka.KafkaListenerEndpointContainer#0-0-C-1] c.s.s.indicators.IndicatorCalculator - Open: 121.84000000, Close: 121.85000000, High: 121.92000000, Low: 121.84000000, OpenTime: 2025-12-25T11:28, CloseTime: 2025-12-25T11:28:59
2025-12-25 16:14:03.270 INFO  [org.springframework.kafka.KafkaListenerEndpointContainer#0-0-C-1] c.s.s.indicators.IndicatorCalculator - Open: 121.86000000, Close: 121.91000000, High: 121.91000000, Low: 121.86000000, OpenTime: 2025-12-25T11:29, CloseTime: 2025-12-25T11:29:59
2025-12-25 16:14:03.270 INFO  [org.springframework.kafka.KafkaListenerEndpointContainer#0-0-C-1] c.s.s.indicators.IndicatorCalculator - Open: 121.91000000, Close: 121.87000000, High: 121.93000000, Low: 121.87000000, OpenTime: 2025-12-25T11:30, CloseTime: 2025-12-25T11:30:59
2025-12-25 16:14:03.270 INFO  [org.springframework.kafka.KafkaListenerEndpointContainer#0-0-C-1] c.s.s.indicators.IndicatorCalculator - Open: 121.87000000, Close: 121.89000000, High: 121.89000000, Low: 121.87000000, OpenTime: 2025-12-25T11:31, CloseTime: 2025-12-25T11:31:59
2025-12-25 16:14:03.271 INFO  [org.springframework.kafka.KafkaListenerEndpointContainer#0-0-C-1] c.s.s.indicators.IndicatorCalculator - Open: 121.88000000, Close: 121.87000000, High: 121.89000000, Low: 121.83000000, OpenTime: 2025-12-25T11:32, CloseTime: 2025-12-25T11:32:59
2025-12-25 16:14:03.271 INFO  [org.springframework.kafka.KafkaListenerEndpointContainer#0-0-C-1] c.s.s.indicators.IndicatorCalculator - Open: 121.87000000, Close: 121.84000000, High: 121.87000000, Low: 121.83000000, OpenTime: 2025-12-25T11:33, CloseTime: 2025-12-25T11:33:59
2025-12-25 16:14:03.271 INFO  [org.springframework.kafka.KafkaListenerEndpointContainer#0-0-C-1] c.s.s.indicators.IndicatorCalculator - Open: 121.85000000, Close: 121.86000000, High: 121.87000000, Low: 121.85000000, OpenTime: 2025-12-25T11:34, CloseTime: 2025-12-25T11:34:59
2025-12-25 16:14:03.286 INFO  [org.springframework.kafka.KafkaListenerEndpointContainer#0-0-C-1] c.s.s.indicators.IndicatorListener - Saved Indicator Event in group stockapi
2025-12-25 16:14:03.287 INFO  [org.springframework.kafka.KafkaListenerEndpointContainer#0-0-C-1] c.s.s.indicators.IndicatorListener - Received Message in group stockapi: ["b203983d-6ee4-4f50-ac88-4fd4a8f4b233"]
2025-12-25 16:14:03.296 INFO  [org.springframework.kafka.KafkaListenerEndpointContainer#0-0-C-1] c.s.s.indicators.IndicatorListener - Candle Found: b203983d-6ee4-4f50-ac88-4fd4a8f4b233
2025-12-25 16:14:03.296 INFO  [org.springframework.kafka.KafkaListenerEndpointContainer#0-0-C-1] c.s.s.indicators.IndicatorListener - Candle with values: Open: 2957.40000000, Close: 2958.56000000, High: 2958.68000000, Low: 2957.40000000, OpenTime: 2025-12-25T15:13, CloseTime: 2025-12-25T15:13:59
2025-12-25 16:14:03.323 INFO  [org.springframework.kafka.KafkaListenerEndpointContainer#0-0-C-1] c.s.s.indicators.IndicatorCalculator - Number of candles retrieved for BarSeries: 229
2025-12-25 16:14:03.323 INFO  [org.springframework.kafka.KafkaListenerEndpointContainer#0-0-C-1] c.s.s.indicators.IndicatorCalculator - List of candles:
2025-12-25 16:14:03.323 INFO  [org.springframework.kafka.KafkaListenerEndpointContainer#0-0-C-1] c.s.s.indicators.IndicatorCalculator - Open: 2925.60000000, Close: 2924.60000000, High: 2925.60000000, Low: 2924.14000000, OpenTime: 2025-12-25T11:25, CloseTime: 2025-12-25T11:25:59
2025-12-25 16:14:03.324 INFO  [org.springframework.kafka.KafkaListenerEndpointContainer#0-0-C-1] c.s.s.indicators.IndicatorCalculator - Open: 2924.61000000, Close: 2925.02000000, High: 2925.02000000, Low: 2924.61000000, OpenTime: 2025-12-25T11:26, CloseTime: 2025-12-25T11:26:59
2025-12-25 16:14:03.324 INFO  [org.springframework.kafka.KafkaListenerEndpointContainer#0-0-C-1] c.s.s.indicators.IndicatorCalculator - Open: 2925.03000000, Close: 2926.10000000, High: 2926.10000000, Low: 2925.03000000, OpenTime: 2025-12-25T11:27, CloseTime: 2025-12-25T11:27:59
2025-12-25 16:14:03.324 INFO  [org.springframework.kafka.KafkaListenerEndpointContainer#0-0-C-1] c.s.s.indicators.IndicatorCalculator - Open: 2926.19000000, Close: 2926.20000000, High: 2926.89000000, Low: 2926.19000000, OpenTime: 2025-12-25T11:28, CloseTime: 2025-12-25T11:28:59
2025-12-25 16:14:03.324 INFO  [org.springframework.kafka.KafkaListenerEndpointContainer#0-0-C-1] c.s.s.indicators.IndicatorCalculator - Open: 2926.21000000, Close: 2926.61000000, High: 2926.70000000, Low: 2926.21000000, OpenTime: 2025-12-25T11:29, CloseTime: 2025-12-25T11:29:59
2025-12-25 16:14:03.324 INFO  [org.springframework.kafka.KafkaListenerEndpointContainer#0-0-C-1] c.s.s.indicators.IndicatorCalculator - Open: 2926.79000000, Close: 2926.64000000, High: 2926.79000000, Low: 2926.64000000, OpenTime: 2025-12-25T11:30, CloseTime: 2025-12-25T11:30:59
2025-12-25 16:14:03.324 INFO  [org.springframework.kafka.KafkaListenerEndpointContainer#0-0-C-1] c.s.s.indicators.IndicatorCalculator - Open: 2926.51000000, Close: 2927.66000000, High: 2927.66000000, Low: 2926.51000000, OpenTime: 2025-12-25T11:31, CloseTime: 2025-12-25T11:31:59
2025-12-25 16:14:03.324 INFO  [org.springframework.kafka.KafkaListenerEndpointContainer#0-0-C-1] c.s.s.indicators.IndicatorCalculator - Open: 2927.67000000, Close: 2927.67000000, High: 2928.23000000, Low: 2926.78000000, OpenTime: 2025-12-25T11:32, CloseTime: 2025-12-25T11:32:59
2025-12-25 16:14:03.324 INFO  [org.springframework.kafka.KafkaListenerEndpointContainer#0-0-C-1] c.s.s.indicators.IndicatorCalculator - Open: 2927.79000000, Close: 2927.55000000, High: 2927.89000000, Low: 2927.40000000, OpenTime: 2025-12-25T11:33, CloseTime: 2025-12-25T11:33:59
2025-12-25 16:14:03.324 INFO  [org.springframework.kafka.KafkaListenerEndpointContainer#0-0-C-1] c.s.s.indicators.IndicatorCalculator - Open: 2927.75000000, Close: 2928.57000000, High: 2928.84000000, Low: 2927.75000000, OpenTime: 2025-12-25T11:34, CloseTime: 2025-12-25T11:34:59
2025-12-25 16:14:03.353 INFO  [org.springframework.kafka.KafkaListenerEndpointContainer#0-0-C-1] c.s.s.indicators.IndicatorCalculator - Number of candles retrieved for BarSeries: 229
2025-12-25 16:14:03.353 INFO  [org.springframework.kafka.KafkaListenerEndpointContainer#0-0-C-1] c.s.s.indicators.IndicatorCalculator - List of candles:
2025-12-25 16:14:03.353 INFO  [org.springframework.kafka.KafkaListenerEndpointContainer#0-0-C-1] c.s.s.indicators.IndicatorCalculator - Open: 2925.60000000, Close: 2924.60000000, High: 2925.60000000, Low: 2924.14000000, OpenTime: 2025-12-25T11:25, CloseTime: 2025-12-25T11:25:59
2025-12-25 16:14:03.353 INFO  [org.springframework.kafka.KafkaListenerEndpointContainer#0-0-C-1] c.s.s.indicators.IndicatorCalculator - Open: 2924.61000000, Close: 2925.02000000, High: 2925.02000000, Low: 2924.61000000, OpenTime: 2025-12-25T11:26, CloseTime: 2025-12-25T11:26:59
2025-12-25 16:14:03.353 INFO  [org.springframework.kafka.KafkaListenerEndpointContainer#0-0-C-1] c.s.s.indicators.IndicatorCalculator - Open: 2925.03000000, Close: 2926.10000000, High: 2926.10000000, Low: 2925.03000000, OpenTime: 2025-12-25T11:27, CloseTime: 2025-12-25T11:27:59
2025-12-25 16:14:03.353 INFO  [org.springframework.kafka.KafkaListenerEndpointContainer#0-0-C-1] c.s.s.indicators.IndicatorCalculator - Open: 2926.19000000, Close: 2926.20000000, High: 2926.89000000, Low: 2926.19000000, OpenTime: 2025-12-25T11:28, CloseTime: 2025-12-25T11:28:59
2025-12-25 16:14:03.354 INFO  [org.springframework.kafka.KafkaListenerEndpointContainer#0-0-C-1] c.s.s.indicators.IndicatorCalculator - Open: 2926.21000000, Close: 2926.61000000, High: 2926.70000000, Low: 2926.21000000, OpenTime: 2025-12-25T11:29, CloseTime: 2025-12-25T11:29:59
2025-12-25 16:14:03.354 INFO  [org.springframework.kafka.KafkaListenerEndpointContainer#0-0-C-1] c.s.s.indicators.IndicatorCalculator - Open: 2926.79000000, Close: 2926.64000000, High: 2926.79000000, Low: 2926.64000000, OpenTime: 2025-12-25T11:30, CloseTime: 2025-12-25T11:30:59
2025-12-25 16:14:03.354 INFO  [org.springframework.kafka.KafkaListenerEndpointContainer#0-0-C-1] c.s.s.indicators.IndicatorCalculator - Open: 2926.51000000, Close: 2927.66000000, High: 2927.66000000, Low: 2926.51000000, OpenTime: 2025-12-25T11:31, CloseTime: 2025-12-25T11:31:59
2025-12-25 16:14:03.354 INFO  [org.springframework.kafka.KafkaListenerEndpointContainer#0-0-C-1] c.s.s.indicators.IndicatorCalculator - Open: 2927.67000000, Close: 2927.67000000, High: 2928.23000000, Low: 2926.78000000, OpenTime: 2025-12-25T11:32, CloseTime: 2025-12-25T11:32:59
2025-12-25 16:14:03.354 INFO  [org.springframework.kafka.KafkaListenerEndpointContainer#0-0-C-1] c.s.s.indicators.IndicatorCalculator - Open: 2927.79000000, Close: 2927.55000000, High: 2927.89000000, Low: 2927.40000000, OpenTime: 2025-12-25T11:33, CloseTime: 2025-12-25T11:33:59
2025-12-25 16:14:03.354 INFO  [org.springframework.kafka.KafkaListenerEndpointContainer#0-0-C-1] c.s.s.indicators.IndicatorCalculator - Open: 2927.75000000, Close: 2928.57000000, High: 2928.84000000, Low: 2927.75000000, OpenTime: 2025-12-25T11:34, CloseTime: 2025-12-25T11:34:59
2025-12-25 16:14:03.391 INFO  [org.springframework.kafka.KafkaListenerEndpointContainer#0-0-C-1] c.s.s.indicators.IndicatorCalculator - Number of candles retrieved for BarSeries: 229
2025-12-25 16:14:03.391 INFO  [org.springframework.kafka.KafkaListenerEndpointContainer#0-0-C-1] c.s.s.indicators.IndicatorCalculator - List of candles:
2025-12-25 16:14:03.392 INFO  [org.springframework.kafka.KafkaListenerEndpointContainer#0-0-C-1] c.s.s.indicators.IndicatorCalculator - Open: 2925.60000000, Close: 2924.60000000, High: 2925.60000000, Low: 2924.14000000, OpenTime: 2025-12-25T11:25, CloseTime: 2025-12-25T11:25:59
2025-12-25 16:14:03.392 INFO  [org.springframework.kafka.KafkaListenerEndpointContainer#0-0-C-1] c.s.s.indicators.IndicatorCalculator - Open: 2924.61000000, Close: 2925.02000000, High: 2925.02000000, Low: 2924.61000000, OpenTime: 2025-12-25T11:26, CloseTime: 2025-12-25T11:26:59
2025-12-25 16:14:03.392 INFO  [org.springframework.kafka.KafkaListenerEndpointContainer#0-0-C-1] c.s.s.indicators.IndicatorCalculator - Open: 2925.03000000, Close: 2926.10000000, High: 2926.10000000, Low: 2925.03000000, OpenTime: 2025-12-25T11:27, CloseTime: 2025-12-25T11:27:59
2025-12-25 16:14:03.392 INFO  [org.springframework.kafka.KafkaListenerEndpointContainer#0-0-C-1] c.s.s.indicators.IndicatorCalculator - Open: 2926.19000000, Close: 2926.20000000, High: 2926.89000000, Low: 2926.19000000, OpenTime: 2025-12-25T11:28, CloseTime: 2025-12-25T11:28:59
2025-12-25 16:14:03.392 INFO  [org.springframework.kafka.KafkaListenerEndpointContainer#0-0-C-1] c.s.s.indicators.IndicatorCalculator - Open: 2926.21000000, Close: 2926.61000000, High: 2926.70000000, Low: 2926.21000000, OpenTime: 2025-12-25T11:29, CloseTime: 2025-12-25T11:29:59
2025-12-25 16:14:03.392 INFO  [org.springframework.kafka.KafkaListenerEndpointContainer#0-0-C-1] c.s.s.indicators.IndicatorCalculator - Open: 2926.79000000, Close: 2926.64000000, High: 2926.79000000, Low: 2926.64000000, OpenTime: 2025-12-25T11:30, CloseTime: 2025-12-25T11:30:59
2025-12-25 16:14:03.392 INFO  [org.springframework.kafka.KafkaListenerEndpointContainer#0-0-C-1] c.s.s.indicators.IndicatorCalculator - Open: 2926.51000000, Close: 2927.66000000, High: 2927.66000000, Low: 2926.51000000, OpenTime: 2025-12-25T11:31, CloseTime: 2025-12-25T11:31:59
2025-12-25 16:14:03.392 INFO  [org.springframework.kafka.KafkaListenerEndpointContainer#0-0-C-1] c.s.s.indicators.IndicatorCalculator - Open: 2927.67000000, Close: 2927.67000000, High: 2928.23000000, Low: 2926.78000000, OpenTime: 2025-12-25T11:32, CloseTime: 2025-12-25T11:32:59
2025-12-25 16:14:03.392 INFO  [org.springframework.kafka.KafkaListenerEndpointContainer#0-0-C-1] c.s.s.indicators.IndicatorCalculator - Open: 2927.79000000, Close: 2927.55000000, High: 2927.89000000, Low: 2927.40000000, OpenTime: 2025-12-25T11:33, CloseTime: 2025-12-25T11:33:59
2025-12-25 16:14:03.392 INFO  [org.springframework.kafka.KafkaListenerEndpointContainer#0-0-C-1] c.s.s.indicators.IndicatorCalculator - Open: 2927.75000000, Close: 2928.57000000, High: 2928.84000000, Low: 2927.75000000, OpenTime: 2025-12-25T11:34, CloseTime: 2025-12-25T11:34:59
2025-12-25 16:14:03.399 INFO  [org.springframework.kafka.KafkaListenerEndpointContainer#0-0-C-1] c.s.s.indicators.IndicatorListener - Saved Indicator Event in group stockapi
2025-12-25 16:14:03.400 INFO  [org.springframework.kafka.KafkaListenerEndpointContainer#0-0-C-1] c.s.s.indicators.IndicatorListener - Received Message in group stockapi: ["7f656bf3-1e58-4653-a191-f287fde0e444"]
2025-12-25 16:14:03.406 INFO  [org.springframework.kafka.KafkaListenerEndpointContainer#0-0-C-1] c.s.s.indicators.IndicatorListener - Candle Found: 7f656bf3-1e58-4653-a191-f287fde0e444
2025-12-25 16:14:03.406 INFO  [org.springframework.kafka.KafkaListenerEndpointContainer#0-0-C-1] c.s.s.indicators.IndicatorListener - Candle with values: Open: 0.03353000, Close: 0.03353000, High: 0.03353000, Low: 0.03353000, OpenTime: 2025-12-25T15:13, CloseTime: 2025-12-25T15:13:59
2025-12-25 16:14:03.423 INFO  [org.springframework.kafka.KafkaListenerEndpointContainer#0-0-C-1] c.s.s.indicators.IndicatorCalculator - Number of candles retrieved for BarSeries: 229
2025-12-25 16:14:03.423 INFO  [org.springframework.kafka.KafkaListenerEndpointContainer#0-0-C-1] c.s.s.indicators.IndicatorCalculator - List of candles:
2025-12-25 16:14:03.423 INFO  [org.springframework.kafka.KafkaListenerEndpointContainer#0-0-C-1] c.s.s.indicators.IndicatorCalculator - Open: 0.03344000, Close: 0.03344000, High: 0.03344000, Low: 0.03344000, OpenTime: 2025-12-25T11:25, CloseTime: 2025-12-25T11:25:59
2025-12-25 16:14:03.423 INFO  [org.springframework.kafka.KafkaListenerEndpointContainer#0-0-C-1] c.s.s.indicators.IndicatorCalculator - Open: 0.03344000, Close: 0.03344000, High: 0.03344000, Low: 0.03344000, OpenTime: 2025-12-25T11:26, CloseTime: 2025-12-25T11:26:59
2025-12-25 16:14:03.423 INFO  [org.springframework.kafka.KafkaListenerEndpointContainer#0-0-C-1] c.s.s.indicators.IndicatorCalculator - Open: 0.03343000, Close: 0.03343000, High: 0.03343000, Low: 0.03343000, OpenTime: 2025-12-25T11:27, CloseTime: 2025-12-25T11:27:59
2025-12-25 16:14:03.423 INFO  [org.springframework.kafka.KafkaListenerEndpointContainer#0-0-C-1] c.s.s.indicators.IndicatorCalculator - Open: 0.03343000, Close: 0.03343000, High: 0.03343000, Low: 0.03343000, OpenTime: 2025-12-25T11:28, CloseTime: 2025-12-25T11:28:59
2025-12-25 16:14:03.423 INFO  [org.springframework.kafka.KafkaListenerEndpointContainer#0-0-C-1] c.s.s.indicators.IndicatorCalculator - Open: 0.03343000, Close: 0.03344000, High: 0.03344000, Low: 0.03343000, OpenTime: 2025-12-25T11:29, CloseTime: 2025-12-25T11:29:59
2025-12-25 16:14:03.423 INFO  [org.springframework.kafka.KafkaListenerEndpointContainer#0-0-C-1] c.s.s.indicators.IndicatorCalculator - Open: 0.03343000, Close: 0.03343000, High: 0.03343000, Low: 0.03343000, OpenTime: 2025-12-25T11:30, CloseTime: 2025-12-25T11:30:59
2025-12-25 16:14:03.423 INFO  [org.springframework.kafka.KafkaListenerEndpointContainer#0-0-C-1] c.s.s.indicators.IndicatorCalculator - Open: 0.03343000, Close: 0.03343000, High: 0.03343000, Low: 0.03343000, OpenTime: 2025-12-25T11:31, CloseTime: 2025-12-25T11:31:59
2025-12-25 16:14:03.424 INFO  [org.springframework.kafka.KafkaListenerEndpointContainer#0-0-C-1] c.s.s.indicators.IndicatorCalculator - Open: 0.03344000, Close: 0.03343000, High: 0.03344000, Low: 0.03343000, OpenTime: 2025-12-25T11:32, CloseTime: 2025-12-25T11:32:59
2025-12-25 16:14:03.424 INFO  [org.springframework.kafka.KafkaListenerEndpointContainer#0-0-C-1] c.s.s.indicators.IndicatorCalculator - Open: 0.03343000, Close: 0.03343000, High: 0.03343000, Low: 0.03343000, OpenTime: 2025-12-25T11:33, CloseTime: 2025-12-25T11:33:59
2025-12-25 16:14:03.424 INFO  [org.springframework.kafka.KafkaListenerEndpointContainer#0-0-C-1] c.s.s.indicators.IndicatorCalculator - Open: 0.03344000, Close: 0.03344000, High: 0.03344000, Low: 0.03344000, OpenTime: 2025-12-25T11:34, CloseTime: 2025-12-25T11:34:59
2025-12-25 16:14:03.448 INFO  [org.springframework.kafka.KafkaListenerEndpointContainer#0-0-C-1] c.s.s.indicators.IndicatorCalculator - Number of candles retrieved for BarSeries: 229
2025-12-25 16:14:03.448 INFO  [org.springframework.kafka.KafkaListenerEndpointContainer#0-0-C-1] c.s.s.indicators.IndicatorCalculator - List of candles:
2025-12-25 16:14:03.448 INFO  [org.springframework.kafka.KafkaListenerEndpointContainer#0-0-C-1] c.s.s.indicators.IndicatorCalculator - Open: 0.03344000, Close: 0.03344000, High: 0.03344000, Low: 0.03344000, OpenTime: 2025-12-25T11:25, CloseTime: 2025-12-25T11:25:59
2025-12-25 16:14:03.449 INFO  [org.springframework.kafka.KafkaListenerEndpointContainer#0-0-C-1] c.s.s.indicators.IndicatorCalculator - Open: 0.03344000, Close: 0.03344000, High: 0.03344000, Low: 0.03344000, OpenTime: 2025-12-25T11:26, CloseTime: 2025-12-25T11:26:59
2025-12-25 16:14:03.449 INFO  [org.springframework.kafka.KafkaListenerEndpointContainer#0-0-C-1] c.s.s.indicators.IndicatorCalculator - Open: 0.03343000, Close: 0.03343000, High: 0.03343000, Low: 0.03343000, OpenTime: 2025-12-25T11:27, CloseTime: 2025-12-25T11:27:59
2025-12-25 16:14:03.449 INFO  [org.springframework.kafka.KafkaListenerEndpointContainer#0-0-C-1] c.s.s.indicators.IndicatorCalculator - Open: 0.03343000, Close: 0.03343000, High: 0.03343000, Low: 0.03343000, OpenTime: 2025-12-25T11:28, CloseTime: 2025-12-25T11:28:59
2025-12-25 16:14:03.449 INFO  [org.springframework.kafka.KafkaListenerEndpointContainer#0-0-C-1] c.s.s.indicators.IndicatorCalculator - Open: 0.03343000, Close: 0.03344000, High: 0.03344000, Low: 0.03343000, OpenTime: 2025-12-25T11:29, CloseTime: 2025-12-25T11:29:59
2025-12-25 16:14:03.449 INFO  [org.springframework.kafka.KafkaListenerEndpointContainer#0-0-C-1] c.s.s.indicators.IndicatorCalculator - Open: 0.03343000, Close: 0.03343000, High: 0.03343000, Low: 0.03343000, OpenTime: 2025-12-25T11:30, CloseTime: 2025-12-25T11:30:59
2025-12-25 16:14:03.449 INFO  [org.springframework.kafka.KafkaListenerEndpointContainer#0-0-C-1] c.s.s.indicators.IndicatorCalculator - Open: 0.03343000, Close: 0.03343000, High: 0.03343000, Low: 0.03343000, OpenTime: 2025-12-25T11:31, CloseTime: 2025-12-25T11:31:59
2025-12-25 16:14:03.449 INFO  [org.springframework.kafka.KafkaListenerEndpointContainer#0-0-C-1] c.s.s.indicators.IndicatorCalculator - Open: 0.03344000, Close: 0.03343000, High: 0.03344000, Low: 0.03343000, OpenTime: 2025-12-25T11:32, CloseTime: 2025-12-25T11:32:59
2025-12-25 16:14:03.449 INFO  [org.springframework.kafka.KafkaListenerEndpointContainer#0-0-C-1] c.s.s.indicators.IndicatorCalculator - Open: 0.03343000, Close: 0.03343000, High: 0.03343000, Low: 0.03343000, OpenTime: 2025-12-25T11:33, CloseTime: 2025-12-25T11:33:59
2025-12-25 16:14:03.449 INFO  [org.springframework.kafka.KafkaListenerEndpointContainer#0-0-C-1] c.s.s.indicators.IndicatorCalculator - Open: 0.03344000, Close: 0.03344000, High: 0.03344000, Low: 0.03344000, OpenTime: 2025-12-25T11:34, CloseTime: 2025-12-25T11:34:59
2025-12-25 16:14:03.476 INFO  [org.springframework.kafka.KafkaListenerEndpointContainer#0-0-C-1] c.s.s.indicators.IndicatorCalculator - Number of candles retrieved for BarSeries: 229
2025-12-25 16:14:03.476 INFO  [org.springframework.kafka.KafkaListenerEndpointContainer#0-0-C-1] c.s.s.indicators.IndicatorCalculator - List of candles:
2025-12-25 16:14:03.476 INFO  [org.springframework.kafka.KafkaListenerEndpointContainer#0-0-C-1] c.s.s.indicators.IndicatorCalculator - Open: 0.03344000, Close: 0.03344000, High: 0.03344000, Low: 0.03344000, OpenTime: 2025-12-25T11:25, CloseTime: 2025-12-25T11:25:59
2025-12-25 16:14:03.477 INFO  [org.springframework.kafka.KafkaListenerEndpointContainer#0-0-C-1] c.s.s.indicators.IndicatorCalculator - Open: 0.03344000, Close: 0.03344000, High: 0.03344000, Low: 0.03344000, OpenTime: 2025-12-25T11:26, CloseTime: 2025-12-25T11:26:59
2025-12-25 16:14:03.477 INFO  [org.springframework.kafka.KafkaListenerEndpointContainer#0-0-C-1] c.s.s.indicators.IndicatorCalculator - Open: 0.03343000, Close: 0.03343000, High: 0.03343000, Low: 0.03343000, OpenTime: 2025-12-25T11:27, CloseTime: 2025-12-25T11:27:59
2025-12-25 16:14:03.477 INFO  [org.springframework.kafka.KafkaListenerEndpointContainer#0-0-C-1] c.s.s.indicators.IndicatorCalculator - Open: 0.03343000, Close: 0.03343000, High: 0.03343000, Low: 0.03343000, OpenTime: 2025-12-25T11:28, CloseTime: 2025-12-25T11:28:59
2025-12-25 16:14:03.477 INFO  [org.springframework.kafka.KafkaListenerEndpointContainer#0-0-C-1] c.s.s.indicators.IndicatorCalculator - Open: 0.03343000, Close: 0.03344000, High: 0.03344000, Low: 0.03343000, OpenTime: 2025-12-25T11:29, CloseTime: 2025-12-25T11:29:59
2025-12-25 16:14:03.477 INFO  [org.springframework.kafka.KafkaListenerEndpointContainer#0-0-C-1] c.s.s.indicators.IndicatorCalculator - Open: 0.03343000, Close: 0.03343000, High: 0.03343000, Low: 0.03343000, OpenTime: 2025-12-25T11:30, CloseTime: 2025-12-25T11:30:59
2025-12-25 16:14:03.477 INFO  [org.springframework.kafka.KafkaListenerEndpointContainer#0-0-C-1] c.s.s.indicators.IndicatorCalculator - Open: 0.03343000, Close: 0.03343000, High: 0.03343000, Low: 0.03343000, OpenTime: 2025-12-25T11:31, CloseTime: 2025-12-25T11:31:59
2025-12-25 16:14:03.477 INFO  [org.springframework.kafka.KafkaListenerEndpointContainer#0-0-C-1] c.s.s.indicators.IndicatorCalculator - Open: 0.03344000, Close: 0.03343000, High: 0.03344000, Low: 0.03343000, OpenTime: 2025-12-25T11:32, CloseTime: 2025-12-25T11:32:59
2025-12-25 16:14:03.477 INFO  [org.springframework.kafka.KafkaListenerEndpointContainer#0-0-C-1] c.s.s.indicators.IndicatorCalculator - Open: 0.03343000, Close: 0.03343000, High: 0.03343000, Low: 0.03343000, OpenTime: 2025-12-25T11:33, CloseTime: 2025-12-25T11:33:59
2025-12-25 16:14:03.477 INFO  [org.springframework.kafka.KafkaListenerEndpointContainer#0-0-C-1] c.s.s.indicators.IndicatorCalculator - Open: 0.03344000, Close: 0.03344000, High: 0.03344000, Low: 0.03344000, OpenTime: 2025-12-25T11:34, CloseTime: 2025-12-25T11:34:59
2025-12-25 16:14:03.483 INFO  [org.springframework.kafka.KafkaListenerEndpointContainer#0-0-C-1] c.s.s.indicators.IndicatorListener - Saved Indicator Event in group stockapi
2025-12-25 16:14:03.484 INFO  [org.springframework.kafka.KafkaListenerEndpointContainer#0-0-C-1] c.s.s.indicators.IndicatorListener - Received Message in group stockapi: ["30b778d7-f6be-4f69-adcc-d282c0929ff6"]
2025-12-25 16:14:03.489 INFO  [org.springframework.kafka.KafkaListenerEndpointContainer#0-0-C-1] c.s.s.indicators.IndicatorListener - Candle Found: 30b778d7-f6be-4f69-adcc-d282c0929ff6
2025-12-25 16:14:03.490 INFO  [org.springframework.kafka.KafkaListenerEndpointContainer#0-0-C-1] c.s.s.indicators.IndicatorListener - Candle with values: Open: 88185.72000000, Close: 88235.87000000, High: 88244.00000000, Low: 88185.72000000, OpenTime: 2025-12-25T15:13, CloseTime: 2025-12-25T15:13:59
2025-12-25 16:14:03.516 INFO  [org.springframework.kafka.KafkaListenerEndpointContainer#0-0-C-1] c.s.s.indicators.IndicatorCalculator - Number of candles retrieved for BarSeries: 229
2025-12-25 16:14:03.517 INFO  [org.springframework.kafka.KafkaListenerEndpointContainer#0-0-C-1] c.s.s.indicators.IndicatorCalculator - List of candles:
2025-12-25 16:14:03.517 INFO  [org.springframework.kafka.KafkaListenerEndpointContainer#0-0-C-1] c.s.s.indicators.IndicatorCalculator - Open: 87511.01000000, Close: 87489.00000000, High: 87511.01000000, Low: 87462.19000000, OpenTime: 2025-12-25T11:25, CloseTime: 2025-12-25T11:25:59
2025-12-25 16:14:03.517 INFO  [org.springframework.kafka.KafkaListenerEndpointContainer#0-0-C-1] c.s.s.indicators.IndicatorCalculator - Open: 87487.00000000, Close: 87494.81000000, High: 87494.81000000, Low: 87487.00000000, OpenTime: 2025-12-25T11:26, CloseTime: 2025-12-25T11:26:59
2025-12-25 16:14:03.517 INFO  [org.springframework.kafka.KafkaListenerEndpointContainer#0-0-C-1] c.s.s.indicators.IndicatorCalculator - Open: 87494.80000000, Close: 87528.67000000, High: 87528.68000000, Low: 87494.80000000, OpenTime: 2025-12-25T11:27, CloseTime: 2025-12-25T11:27:59
2025-12-25 16:14:03.517 INFO  [org.springframework.kafka.KafkaListenerEndpointContainer#0-0-C-1] c.s.s.indicators.IndicatorCalculator - Open: 87528.68000000, Close: 87526.99000000, High: 87550.00000000, Low: 87523.75000000, OpenTime: 2025-12-25T11:28, CloseTime: 2025-12-25T11:28:59
2025-12-25 16:14:03.517 INFO  [org.springframework.kafka.KafkaListenerEndpointContainer#0-0-C-1] c.s.s.indicators.IndicatorCalculator - Open: 87527.00000000, Close: 87535.37000000, High: 87535.38000000, Low: 87526.99000000, OpenTime: 2025-12-25T11:29, CloseTime: 2025-12-25T11:29:59
2025-12-25 16:14:03.517 INFO  [org.springframework.kafka.KafkaListenerEndpointContainer#0-0-C-1] c.s.s.indicators.IndicatorCalculator - Open: 87535.38000000, Close: 87536.10000000, High: 87537.28000000, Low: 87534.00000000, OpenTime: 2025-12-25T11:30, CloseTime: 2025-12-25T11:30:59
2025-12-25 16:14:03.517 INFO  [org.springframework.kafka.KafkaListenerEndpointContainer#0-0-C-1] c.s.s.indicators.IndicatorCalculator - Open: 87536.09000000, Close: 87549.49000000, High: 87549.49000000, Low: 87528.43000000, OpenTime: 2025-12-25T11:31, CloseTime: 2025-12-25T11:31:59
2025-12-25 16:14:03.517 INFO  [org.springframework.kafka.KafkaListenerEndpointContainer#0-0-C-1] c.s.s.indicators.IndicatorCalculator - Open: 87549.48000000, Close: 87550.00000000, High: 87550.00000000, Low: 87527.59000000, OpenTime: 2025-12-25T11:32, CloseTime: 2025-12-25T11:32:59
2025-12-25 16:14:03.517 INFO  [org.springframework.kafka.KafkaListenerEndpointContainer#0-0-C-1] c.s.s.indicators.IndicatorCalculator - Open: 87549.99000000, Close: 87551.00000000, High: 87551.30000000, Low: 87541.86000000, OpenTime: 2025-12-25T11:33, CloseTime: 2025-12-25T11:33:59
2025-12-25 16:14:03.517 INFO  [org.springframework.kafka.KafkaListenerEndpointContainer#0-0-C-1] c.s.s.indicators.IndicatorCalculator - Open: 87551.00000000, Close: 87558.99000000, High: 87559.00000000, Low: 87550.99000000, OpenTime: 2025-12-25T11:34, CloseTime: 2025-12-25T11:34:59
2025-12-25 16:14:03.551 INFO  [org.springframework.kafka.KafkaListenerEndpointContainer#0-0-C-1] c.s.s.indicators.IndicatorCalculator - Number of candles retrieved for BarSeries: 229
2025-12-25 16:14:03.552 INFO  [org.springframework.kafka.KafkaListenerEndpointContainer#0-0-C-1] c.s.s.indicators.IndicatorCalculator - List of candles:
2025-12-25 16:14:03.552 INFO  [org.springframework.kafka.KafkaListenerEndpointContainer#0-0-C-1] c.s.s.indicators.IndicatorCalculator - Open: 87511.01000000, Close: 87489.00000000, High: 87511.01000000, Low: 87462.19000000, OpenTime: 2025-12-25T11:25, CloseTime: 2025-12-25T11:25:59
2025-12-25 16:14:03.552 INFO  [org.springframework.kafka.KafkaListenerEndpointContainer#0-0-C-1] c.s.s.indicators.IndicatorCalculator - Open: 87487.00000000, Close: 87494.81000000, High: 87494.81000000, Low: 87487.00000000, OpenTime: 2025-12-25T11:26, CloseTime: 2025-12-25T11:26:59
2025-12-25 16:14:03.552 INFO  [org.springframework.kafka.KafkaListenerEndpointContainer#0-0-C-1] c.s.s.indicators.IndicatorCalculator - Open: 87494.80000000, Close: 87528.67000000, High: 87528.68000000, Low: 87494.80000000, OpenTime: 2025-12-25T11:27, CloseTime: 2025-12-25T11:27:59
2025-12-25 16:14:03.552 INFO  [org.springframework.kafka.KafkaListenerEndpointContainer#0-0-C-1] c.s.s.indicators.IndicatorCalculator - Open: 87528.68000000, Close: 87526.99000000, High: 87550.00000000, Low: 87523.75000000, OpenTime: 2025-12-25T11:28, CloseTime: 2025-12-25T11:28:59
2025-12-25 16:14:03.553 INFO  [org.springframework.kafka.KafkaListenerEndpointContainer#0-0-C-1] c.s.s.indicators.IndicatorCalculator - Open: 87527.00000000, Close: 87535.37000000, High: 87535.38000000, Low: 87526.99000000, OpenTime: 2025-12-25T11:29, CloseTime: 2025-12-25T11:29:59
2025-12-25 16:14:03.553 INFO  [org.springframework.kafka.KafkaListenerEndpointContainer#0-0-C-1] c.s.s.indicators.IndicatorCalculator - Open: 87535.38000000, Close: 87536.10000000, High: 87537.28000000, Low: 87534.00000000, OpenTime: 2025-12-25T11:30, CloseTime: 2025-12-25T11:30:59
2025-12-25 16:14:03.553 INFO  [org.springframework.kafka.KafkaListenerEndpointContainer#0-0-C-1] c.s.s.indicators.IndicatorCalculator - Open: 87536.09000000, Close: 87549.49000000, High: 87549.49000000, Low: 87528.43000000, OpenTime: 2025-12-25T11:31, CloseTime: 2025-12-25T11:31:59
2025-12-25 16:14:03.553 INFO  [org.springframework.kafka.KafkaListenerEndpointContainer#0-0-C-1] c.s.s.indicators.IndicatorCalculator - Open: 87549.48000000, Close: 87550.00000000, High: 87550.00000000, Low: 87527.59000000, OpenTime: 2025-12-25T11:32, CloseTime: 2025-12-25T11:32:59
2025-12-25 16:14:03.553 INFO  [org.springframework.kafka.KafkaListenerEndpointContainer#0-0-C-1] c.s.s.indicators.IndicatorCalculator - Open: 87549.99000000, Close: 87551.00000000, High: 87551.30000000, Low: 87541.86000000, OpenTime: 2025-12-25T11:33, CloseTime: 2025-12-25T11:33:59
2025-12-25 16:14:03.553 INFO  [org.springframework.kafka.KafkaListenerEndpointContainer#0-0-C-1] c.s.s.indicators.IndicatorCalculator - Open: 87551.00000000, Close: 87558.99000000, High: 87559.00000000, Low: 87550.99000000, OpenTime: 2025-12-25T11:34, CloseTime: 2025-12-25T11:34:59
2025-12-25 16:14:03.575 INFO  [org.springframework.kafka.KafkaListenerEndpointContainer#0-0-C-1] c.s.s.indicators.IndicatorCalculator - Number of candles retrieved for BarSeries: 229
2025-12-25 16:14:03.576 INFO  [org.springframework.kafka.KafkaListenerEndpointContainer#0-0-C-1] c.s.s.indicators.IndicatorCalculator - List of candles:
2025-12-25 16:14:03.576 INFO  [org.springframework.kafka.KafkaListenerEndpointContainer#0-0-C-1] c.s.s.indicators.IndicatorCalculator - Open: 87511.01000000, Close: 87489.00000000, High: 87511.01000000, Low: 87462.19000000, OpenTime: 2025-12-25T11:25, CloseTime: 2025-12-25T11:25:59
2025-12-25 16:14:03.576 INFO  [org.springframework.kafka.KafkaListenerEndpointContainer#0-0-C-1] c.s.s.indicators.IndicatorCalculator - Open: 87487.00000000, Close: 87494.81000000, High: 87494.81000000, Low: 87487.00000000, OpenTime: 2025-12-25T11:26, CloseTime: 2025-12-25T11:26:59
2025-12-25 16:14:03.576 INFO  [org.springframework.kafka.KafkaListenerEndpointContainer#0-0-C-1] c.s.s.indicators.IndicatorCalculator - Open: 87494.80000000, Close: 87528.67000000, High: 87528.68000000, Low: 87494.80000000, OpenTime: 2025-12-25T11:27, CloseTime: 2025-12-25T11:27:59
2025-12-25 16:14:03.576 INFO  [org.springframework.kafka.KafkaListenerEndpointContainer#0-0-C-1] c.s.s.indicators.IndicatorCalculator - Open: 87528.68000000, Close: 87526.99000000, High: 87550.00000000, Low: 87523.75000000, OpenTime: 2025-12-25T11:28, CloseTime: 2025-12-25T11:28:59
2025-12-25 16:14:03.576 INFO  [org.springframework.kafka.KafkaListenerEndpointContainer#0-0-C-1] c.s.s.indicators.IndicatorCalculator - Open: 87527.00000000, Close: 87535.37000000, High: 87535.38000000, Low: 87526.99000000, OpenTime: 2025-12-25T11:29, CloseTime: 2025-12-25T11:29:59
2025-12-25 16:14:03.576 INFO  [org.springframework.kafka.KafkaListenerEndpointContainer#0-0-C-1] c.s.s.indicators.IndicatorCalculator - Open: 87535.38000000, Close: 87536.10000000, High: 87537.28000000, Low: 87534.00000000, OpenTime: 2025-12-25T11:30, CloseTime: 2025-12-25T11:30:59
2025-12-25 16:14:03.576 INFO  [org.springframework.kafka.KafkaListenerEndpointContainer#0-0-C-1] c.s.s.indicators.IndicatorCalculator - Open: 87536.09000000, Close: 87549.49000000, High: 87549.49000000, Low: 87528.43000000, OpenTime: 2025-12-25T11:31, CloseTime: 2025-12-25T11:31:59
2025-12-25 16:14:03.576 INFO  [org.springframework.kafka.KafkaListenerEndpointContainer#0-0-C-1] c.s.s.indicators.IndicatorCalculator - Open: 87549.48000000, Close: 87550.00000000, High: 87550.00000000, Low: 87527.59000000, OpenTime: 2025-12-25T11:32, CloseTime: 2025-12-25T11:32:59
2025-12-25 16:14:03.576 INFO  [org.springframework.kafka.KafkaListenerEndpointContainer#0-0-C-1] c.s.s.indicators.IndicatorCalculator - Open: 87549.99000000, Close: 87551.00000000, High: 87551.30000000, Low: 87541.86000000, OpenTime: 2025-12-25T11:33, CloseTime: 2025-12-25T11:33:59
2025-12-25 16:14:03.576 INFO  [org.springframework.kafka.KafkaListenerEndpointContainer#0-0-C-1] c.s.s.indicators.IndicatorCalculator - Open: 87551.00000000, Close: 87558.99000000, High: 87559.00000000, Low: 87550.99000000, OpenTime: 2025-12-25T11:34, CloseTime: 2025-12-25T11:34:59
2025-12-25 16:14:03.583 INFO  [org.springframework.kafka.KafkaListenerEndpointContainer#0-0-C-1] c.s.s.indicators.IndicatorListener - Saved Indicator Event in group stockapi
2025-12-25 16:15:02.330 INFO  [org.springframework.kafka.KafkaListenerEndpointContainer#0-0-C-1] c.s.s.indicators.IndicatorListener - Received Message in group stockapi: ["374aa6a7-fd62-4b72-813d-a472b3ad0fc6"]
2025-12-25 16:15:02.337 INFO  [org.springframework.kafka.KafkaListenerEndpointContainer#0-0-C-1] c.s.s.indicators.IndicatorListener - Candle Found: 374aa6a7-fd62-4b72-813d-a472b3ad0fc6
2025-12-25 16:15:02.337 INFO  [org.springframework.kafka.KafkaListenerEndpointContainer#0-0-C-1] c.s.s.indicators.IndicatorListener - Candle with values: Open: 88242.00000000, Close: 88266.00000000, High: 88272.81000000, Low: 88241.99000000, OpenTime: 2025-12-25T15:14, CloseTime: 2025-12-25T15:14:59
2025-12-25 16:15:02.357 INFO  [org.springframework.kafka.KafkaListenerEndpointContainer#0-0-C-1] c.s.s.indicators.IndicatorCalculator - Number of candles retrieved for BarSeries: 230
2025-12-25 16:15:02.357 INFO  [org.springframework.kafka.KafkaListenerEndpointContainer#0-0-C-1] c.s.s.indicators.IndicatorCalculator - List of candles:
2025-12-25 16:15:02.358 INFO  [org.springframework.kafka.KafkaListenerEndpointContainer#0-0-C-1] c.s.s.indicators.IndicatorCalculator - Open: 87511.01000000, Close: 87489.00000000, High: 87511.01000000, Low: 87462.19000000, OpenTime: 2025-12-25T11:25, CloseTime: 2025-12-25T11:25:59
2025-12-25 16:15:02.358 INFO  [org.springframework.kafka.KafkaListenerEndpointContainer#0-0-C-1] c.s.s.indicators.IndicatorCalculator - Open: 87487.00000000, Close: 87494.81000000, High: 87494.81000000, Low: 87487.00000000, OpenTime: 2025-12-25T11:26, CloseTime: 2025-12-25T11:26:59
2025-12-25 16:15:02.358 INFO  [org.springframework.kafka.KafkaListenerEndpointContainer#0-0-C-1] c.s.s.indicators.IndicatorCalculator - Open: 87494.80000000, Close: 87528.67000000, High: 87528.68000000, Low: 87494.80000000, OpenTime: 2025-12-25T11:27, CloseTime: 2025-12-25T11:27:59
2025-12-25 16:15:02.358 INFO  [org.springframework.kafka.KafkaListenerEndpointContainer#0-0-C-1] c.s.s.indicators.IndicatorCalculator - Open: 87528.68000000, Close: 87526.99000000, High: 87550.00000000, Low: 87523.75000000, OpenTime: 2025-12-25T11:28, CloseTime: 2025-12-25T11:28:59
2025-12-25 16:15:02.358 INFO  [org.springframework.kafka.KafkaListenerEndpointContainer#0-0-C-1] c.s.s.indicators.IndicatorCalculator - Open: 87527.00000000, Close: 87535.37000000, High: 87535.38000000, Low: 87526.99000000, OpenTime: 2025-12-25T11:29, CloseTime: 2025-12-25T11:29:59
2025-12-25 16:15:02.358 INFO  [org.springframework.kafka.KafkaListenerEndpointContainer#0-0-C-1] c.s.s.indicators.IndicatorCalculator - Open: 87535.38000000, Close: 87536.10000000, High: 87537.28000000, Low: 87534.00000000, OpenTime: 2025-12-25T11:30, CloseTime: 2025-12-25T11:30:59
2025-12-25 16:15:02.358 INFO  [org.springframework.kafka.KafkaListenerEndpointContainer#0-0-C-1] c.s.s.indicators.IndicatorCalculator - Open: 87536.09000000, Close: 87549.49000000, High: 87549.49000000, Low: 87528.43000000, OpenTime: 2025-12-25T11:31, CloseTime: 2025-12-25T11:31:59
2025-12-25 16:15:02.358 INFO  [org.springframework.kafka.KafkaListenerEndpointContainer#0-0-C-1] c.s.s.indicators.IndicatorCalculator - Open: 87549.48000000, Close: 87550.00000000, High: 87550.00000000, Low: 87527.59000000, OpenTime: 2025-12-25T11:32, CloseTime: 2025-12-25T11:32:59
2025-12-25 16:15:02.358 INFO  [org.springframework.kafka.KafkaListenerEndpointContainer#0-0-C-1] c.s.s.indicators.IndicatorCalculator - Open: 87549.99000000, Close: 87551.00000000, High: 87551.30000000, Low: 87541.86000000, OpenTime: 2025-12-25T11:33, CloseTime: 2025-12-25T11:33:59
2025-12-25 16:15:02.358 INFO  [org.springframework.kafka.KafkaListenerEndpointContainer#0-0-C-1] c.s.s.indicators.IndicatorCalculator - Open: 87551.00000000, Close: 87558.99000000, High: 87559.00000000, Low: 87550.99000000, OpenTime: 2025-12-25T11:34, CloseTime: 2025-12-25T11:34:59
2025-12-25 16:15:02.387 INFO  [org.springframework.kafka.KafkaListenerEndpointContainer#0-0-C-1] c.s.s.indicators.IndicatorCalculator - Number of candles retrieved for BarSeries: 230
2025-12-25 16:15:02.387 INFO  [org.springframework.kafka.KafkaListenerEndpointContainer#0-0-C-1] c.s.s.indicators.IndicatorCalculator - List of candles:
2025-12-25 16:15:02.387 INFO  [org.springframework.kafka.KafkaListenerEndpointContainer#0-0-C-1] c.s.s.indicators.IndicatorCalculator - Open: 87511.01000000, Close: 87489.00000000, High: 87511.01000000, Low: 87462.19000000, OpenTime: 2025-12-25T11:25, CloseTime: 2025-12-25T11:25:59
2025-12-25 16:15:02.387 INFO  [org.springframework.kafka.KafkaListenerEndpointContainer#0-0-C-1] c.s.s.indicators.IndicatorCalculator - Open: 87487.00000000, Close: 87494.81000000, High: 87494.81000000, Low: 87487.00000000, OpenTime: 2025-12-25T11:26, CloseTime: 2025-12-25T11:26:59
2025-12-25 16:15:02.387 INFO  [org.springframework.kafka.KafkaListenerEndpointContainer#0-0-C-1] c.s.s.indicators.IndicatorCalculator - Open: 87494.80000000, Close: 87528.67000000, High: 87528.68000000, Low: 87494.80000000, OpenTime: 2025-12-25T11:27, CloseTime: 2025-12-25T11:27:59
2025-12-25 16:15:02.387 INFO  [org.springframework.kafka.KafkaListenerEndpointContainer#0-0-C-1] c.s.s.indicators.IndicatorCalculator - Open: 87528.68000000, Close: 87526.99000000, High: 87550.00000000, Low: 87523.75000000, OpenTime: 2025-12-25T11:28, CloseTime: 2025-12-25T11:28:59
2025-12-25 16:15:02.387 INFO  [org.springframework.kafka.KafkaListenerEndpointContainer#0-0-C-1] c.s.s.indicators.IndicatorCalculator - Open: 87527.00000000, Close: 87535.37000000, High: 87535.38000000, Low: 87526.99000000, OpenTime: 2025-12-25T11:29, CloseTime: 2025-12-25T11:29:59
2025-12-25 16:15:02.388 INFO  [org.springframework.kafka.KafkaListenerEndpointContainer#0-0-C-1] c.s.s.indicators.IndicatorCalculator - Open: 87535.38000000, Close: 87536.10000000, High: 87537.28000000, Low: 87534.00000000, OpenTime: 2025-12-25T11:30, CloseTime: 2025-12-25T11:30:59
2025-12-25 16:15:02.388 INFO  [org.springframework.kafka.KafkaListenerEndpointContainer#0-0-C-1] c.s.s.indicators.IndicatorCalculator - Open: 87536.09000000, Close: 87549.49000000, High: 87549.49000000, Low: 87528.43000000, OpenTime: 2025-12-25T11:31, CloseTime: 2025-12-25T11:31:59
2025-12-25 16:15:02.388 INFO  [org.springframework.kafka.KafkaListenerEndpointContainer#0-0-C-1] c.s.s.indicators.IndicatorCalculator - Open: 87549.48000000, Close: 87550.00000000, High: 87550.00000000, Low: 87527.59000000, OpenTime: 2025-12-25T11:32, CloseTime: 2025-12-25T11:32:59
2025-12-25 16:15:02.388 INFO  [org.springframework.kafka.KafkaListenerEndpointContainer#0-0-C-1] c.s.s.indicators.IndicatorCalculator - Open: 87549.99000000, Close: 87551.00000000, High: 87551.30000000, Low: 87541.86000000, OpenTime: 2025-12-25T11:33, CloseTime: 2025-12-25T11:33:59
2025-12-25 16:15:02.388 INFO  [org.springframework.kafka.KafkaListenerEndpointContainer#0-0-C-1] c.s.s.indicators.IndicatorCalculator - Open: 87551.00000000, Close: 87558.99000000, High: 87559.00000000, Low: 87550.99000000, OpenTime: 2025-12-25T11:34, CloseTime: 2025-12-25T11:34:59
2025-12-25 16:15:02.407 INFO  [org.springframework.kafka.KafkaListenerEndpointContainer#0-0-C-1] c.s.s.indicators.IndicatorCalculator - Number of candles retrieved for BarSeries: 230
2025-12-25 16:15:02.407 INFO  [org.springframework.kafka.KafkaListenerEndpointContainer#0-0-C-1] c.s.s.indicators.IndicatorCalculator - List of candles:
2025-12-25 16:15:02.407 INFO  [org.springframework.kafka.KafkaListenerEndpointContainer#0-0-C-1] c.s.s.indicators.IndicatorCalculator - Open: 87511.01000000, Close: 87489.00000000, High: 87511.01000000, Low: 87462.19000000, OpenTime: 2025-12-25T11:25, CloseTime: 2025-12-25T11:25:59
2025-12-25 16:15:02.407 INFO  [org.springframework.kafka.KafkaListenerEndpointContainer#0-0-C-1] c.s.s.indicators.IndicatorCalculator - Open: 87487.00000000, Close: 87494.81000000, High: 87494.81000000, Low: 87487.00000000, OpenTime: 2025-12-25T11:26, CloseTime: 2025-12-25T11:26:59
2025-12-25 16:15:02.407 INFO  [org.springframework.kafka.KafkaListenerEndpointContainer#0-0-C-1] c.s.s.indicators.IndicatorCalculator - Open: 87494.80000000, Close: 87528.67000000, High: 87528.68000000, Low: 87494.80000000, OpenTime: 2025-12-25T11:27, CloseTime: 2025-12-25T11:27:59
2025-12-25 16:15:02.407 INFO  [org.springframework.kafka.KafkaListenerEndpointContainer#0-0-C-1] c.s.s.indicators.IndicatorCalculator - Open: 87528.68000000, Close: 87526.99000000, High: 87550.00000000, Low: 87523.75000000, OpenTime: 2025-12-25T11:28, CloseTime: 2025-12-25T11:28:59
2025-12-25 16:15:02.407 INFO  [org.springframework.kafka.KafkaListenerEndpointContainer#0-0-C-1] c.s.s.indicators.IndicatorCalculator - Open: 87527.00000000, Close: 87535.37000000, High: 87535.38000000, Low: 87526.99000000, OpenTime: 2025-12-25T11:29, CloseTime: 2025-12-25T11:29:59
2025-12-25 16:15:02.407 INFO  [org.springframework.kafka.KafkaListenerEndpointContainer#0-0-C-1] c.s.s.indicators.IndicatorCalculator - Open: 87535.38000000, Close: 87536.10000000, High: 87537.28000000, Low: 87534.00000000, OpenTime: 2025-12-25T11:30, CloseTime: 2025-12-25T11:30:59
2025-12-25 16:15:02.407 INFO  [org.springframework.kafka.KafkaListenerEndpointContainer#0-0-C-1] c.s.s.indicators.IndicatorCalculator - Open: 87536.09000000, Close: 87549.49000000, High: 87549.49000000, Low: 87528.43000000, OpenTime: 2025-12-25T11:31, CloseTime: 2025-12-25T11:31:59
2025-12-25 16:15:02.407 INFO  [org.springframework.kafka.KafkaListenerEndpointContainer#0-0-C-1] c.s.s.indicators.IndicatorCalculator - Open: 87549.48000000, Close: 87550.00000000, High: 87550.00000000, Low: 87527.59000000, OpenTime: 2025-12-25T11:32, CloseTime: 2025-12-25T11:32:59
2025-12-25 16:15:02.407 INFO  [org.springframework.kafka.KafkaListenerEndpointContainer#0-0-C-1] c.s.s.indicators.IndicatorCalculator - Open: 87549.99000000, Close: 87551.00000000, High: 87551.30000000, Low: 87541.86000000, OpenTime: 2025-12-25T11:33, CloseTime: 2025-12-25T11:33:59
2025-12-25 16:15:02.407 INFO  [org.springframework.kafka.KafkaListenerEndpointContainer#0-0-C-1] c.s.s.indicators.IndicatorCalculator - Open: 87551.00000000, Close: 87558.99000000, High: 87559.00000000, Low: 87550.99000000, OpenTime: 2025-12-25T11:34, CloseTime: 2025-12-25T11:34:59
2025-12-25 16:15:02.414 INFO  [org.springframework.kafka.KafkaListenerEndpointContainer#0-0-C-1] c.s.s.indicators.IndicatorListener - Saved Indicator Event in group stockapi
2025-12-25 16:15:02.418 INFO  [org.springframework.kafka.KafkaListenerEndpointContainer#0-0-C-1] c.s.s.indicators.IndicatorListener - Received Message in group stockapi: ["d4e5afff-89fb-46f0-8fb9-07f6b99d6f99"]
2025-12-25 16:15:02.423 INFO  [org.springframework.kafka.KafkaListenerEndpointContainer#0-0-C-1] c.s.s.indicators.IndicatorListener - Candle Found: d4e5afff-89fb-46f0-8fb9-07f6b99d6f99
2025-12-25 16:15:02.423 INFO  [org.springframework.kafka.KafkaListenerEndpointContainer#0-0-C-1] c.s.s.indicators.IndicatorListener - Candle with values: Open: 0.03353000, Close: 0.03352000, High: 0.03353000, Low: 0.03352000, OpenTime: 2025-12-25T15:14, CloseTime: 2025-12-25T15:14:59
2025-12-25 16:15:02.438 INFO  [org.springframework.kafka.KafkaListenerEndpointContainer#0-0-C-1] c.s.s.indicators.IndicatorCalculator - Number of candles retrieved for BarSeries: 230
2025-12-25 16:15:02.438 INFO  [org.springframework.kafka.KafkaListenerEndpointContainer#0-0-C-1] c.s.s.indicators.IndicatorCalculator - List of candles:
2025-12-25 16:15:02.438 INFO  [org.springframework.kafka.KafkaListenerEndpointContainer#0-0-C-1] c.s.s.indicators.IndicatorCalculator - Open: 0.03344000, Close: 0.03344000, High: 0.03344000, Low: 0.03344000, OpenTime: 2025-12-25T11:25, CloseTime: 2025-12-25T11:25:59
2025-12-25 16:15:02.438 INFO  [org.springframework.kafka.KafkaListenerEndpointContainer#0-0-C-1] c.s.s.indicators.IndicatorCalculator - Open: 0.03344000, Close: 0.03344000, High: 0.03344000, Low: 0.03344000, OpenTime: 2025-12-25T11:26, CloseTime: 2025-12-25T11:26:59
2025-12-25 16:15:02.438 INFO  [org.springframework.kafka.KafkaListenerEndpointContainer#0-0-C-1] c.s.s.indicators.IndicatorCalculator - Open: 0.03343000, Close: 0.03343000, High: 0.03343000, Low: 0.03343000, OpenTime: 2025-12-25T11:27, CloseTime: 2025-12-25T11:27:59
2025-12-25 16:15:02.438 INFO  [org.springframework.kafka.KafkaListenerEndpointContainer#0-0-C-1] c.s.s.indicators.IndicatorCalculator - Open: 0.03343000, Close: 0.03343000, High: 0.03343000, Low: 0.03343000, OpenTime: 2025-12-25T11:28, CloseTime: 2025-12-25T11:28:59
2025-12-25 16:15:02.438 INFO  [org.springframework.kafka.KafkaListenerEndpointContainer#0-0-C-1] c.s.s.indicators.IndicatorCalculator - Open: 0.03343000, Close: 0.03344000, High: 0.03344000, Low: 0.03343000, OpenTime: 2025-12-25T11:29, CloseTime: 2025-12-25T11:29:59
2025-12-25 16:15:02.438 INFO  [org.springframework.kafka.KafkaListenerEndpointContainer#0-0-C-1] c.s.s.indicators.IndicatorCalculator - Open: 0.03343000, Close: 0.03343000, High: 0.03343000, Low: 0.03343000, OpenTime: 2025-12-25T11:30, CloseTime: 2025-12-25T11:30:59
2025-12-25 16:15:02.438 INFO  [org.springframework.kafka.KafkaListenerEndpointContainer#0-0-C-1] c.s.s.indicators.IndicatorCalculator - Open: 0.03343000, Close: 0.03343000, High: 0.03343000, Low: 0.03343000, OpenTime: 2025-12-25T11:31, CloseTime: 2025-12-25T11:31:59
2025-12-25 16:15:02.439 INFO  [org.springframework.kafka.KafkaListenerEndpointContainer#0-0-C-1] c.s.s.indicators.IndicatorCalculator - Open: 0.03344000, Close: 0.03343000, High: 0.03344000, Low: 0.03343000, OpenTime: 2025-12-25T11:32, CloseTime: 2025-12-25T11:32:59
2025-12-25 16:15:02.439 INFO  [org.springframework.kafka.KafkaListenerEndpointContainer#0-0-C-1] c.s.s.indicators.IndicatorCalculator - Open: 0.03343000, Close: 0.03343000, High: 0.03343000, Low: 0.03343000, OpenTime: 2025-12-25T11:33, CloseTime: 2025-12-25T11:33:59
2025-12-25 16:15:02.439 INFO  [org.springframework.kafka.KafkaListenerEndpointContainer#0-0-C-1] c.s.s.indicators.IndicatorCalculator - Open: 0.03344000, Close: 0.03344000, High: 0.03344000, Low: 0.03344000, OpenTime: 2025-12-25T11:34, CloseTime: 2025-12-25T11:34:59
2025-12-25 16:15:02.466 INFO  [org.springframework.kafka.KafkaListenerEndpointContainer#0-0-C-1] c.s.s.indicators.IndicatorCalculator - Number of candles retrieved for BarSeries: 230
2025-12-25 16:15:02.466 INFO  [org.springframework.kafka.KafkaListenerEndpointContainer#0-0-C-1] c.s.s.indicators.IndicatorCalculator - List of candles:
2025-12-25 16:15:02.466 INFO  [org.springframework.kafka.KafkaListenerEndpointContainer#0-0-C-1] c.s.s.indicators.IndicatorCalculator - Open: 0.03344000, Close: 0.03344000, High: 0.03344000, Low: 0.03344000, OpenTime: 2025-12-25T11:25, CloseTime: 2025-12-25T11:25:59
2025-12-25 16:15:02.466 INFO  [org.springframework.kafka.KafkaListenerEndpointContainer#0-0-C-1] c.s.s.indicators.IndicatorCalculator - Open: 0.03344000, Close: 0.03344000, High: 0.03344000, Low: 0.03344000, OpenTime: 2025-12-25T11:26, CloseTime: 2025-12-25T11:26:59
2025-12-25 16:15:02.466 INFO  [org.springframework.kafka.KafkaListenerEndpointContainer#0-0-C-1] c.s.s.indicators.IndicatorCalculator - Open: 0.03343000, Close: 0.03343000, High: 0.03343000, Low: 0.03343000, OpenTime: 2025-12-25T11:27, CloseTime: 2025-12-25T11:27:59
2025-12-25 16:15:02.466 INFO  [org.springframework.kafka.KafkaListenerEndpointContainer#0-0-C-1] c.s.s.indicators.IndicatorCalculator - Open: 0.03343000, Close: 0.03343000, High: 0.03343000, Low: 0.03343000, OpenTime: 2025-12-25T11:28, CloseTime: 2025-12-25T11:28:59
2025-12-25 16:15:02.466 INFO  [org.springframework.kafka.KafkaListenerEndpointContainer#0-0-C-1] c.s.s.indicators.IndicatorCalculator - Open: 0.03343000, Close: 0.03344000, High: 0.03344000, Low: 0.03343000, OpenTime: 2025-12-25T11:29, CloseTime: 2025-12-25T11:29:59
2025-12-25 16:15:02.467 INFO  [org.springframework.kafka.KafkaListenerEndpointContainer#0-0-C-1] c.s.s.indicators.IndicatorCalculator - Open: 0.03343000, Close: 0.03343000, High: 0.03343000, Low: 0.03343000, OpenTime: 2025-12-25T11:30, CloseTime: 2025-12-25T11:30:59
2025-12-25 16:15:02.467 INFO  [org.springframework.kafka.KafkaListenerEndpointContainer#0-0-C-1] c.s.s.indicators.IndicatorCalculator - Open: 0.03343000, Close: 0.03343000, High: 0.03343000, Low: 0.03343000, OpenTime: 2025-12-25T11:31, CloseTime: 2025-12-25T11:31:59
2025-12-25 16:15:02.467 INFO  [org.springframework.kafka.KafkaListenerEndpointContainer#0-0-C-1] c.s.s.indicators.IndicatorCalculator - Open: 0.03344000, Close: 0.03343000, High: 0.03344000, Low: 0.03343000, OpenTime: 2025-12-25T11:32, CloseTime: 2025-12-25T11:32:59
2025-12-25 16:15:02.467 INFO  [org.springframework.kafka.KafkaListenerEndpointContainer#0-0-C-1] c.s.s.indicators.IndicatorCalculator - Open: 0.03343000, Close: 0.03343000, High: 0.03343000, Low: 0.03343000, OpenTime: 2025-12-25T11:33, CloseTime: 2025-12-25T11:33:59
2025-12-25 16:15:02.467 INFO  [org.springframework.kafka.KafkaListenerEndpointContainer#0-0-C-1] c.s.s.indicators.IndicatorCalculator - Open: 0.03344000, Close: 0.03344000, High: 0.03344000, Low: 0.03344000, OpenTime: 2025-12-25T11:34, CloseTime: 2025-12-25T11:34:59
2025-12-25 16:15:02.489 INFO  [org.springframework.kafka.KafkaListenerEndpointContainer#0-0-C-1] c.s.s.indicators.IndicatorCalculator - Number of candles retrieved for BarSeries: 230
2025-12-25 16:15:02.489 INFO  [org.springframework.kafka.KafkaListenerEndpointContainer#0-0-C-1] c.s.s.indicators.IndicatorCalculator - List of candles:
2025-12-25 16:15:02.489 INFO  [org.springframework.kafka.KafkaListenerEndpointContainer#0-0-C-1] c.s.s.indicators.IndicatorCalculator - Open: 0.03344000, Close: 0.03344000, High: 0.03344000, Low: 0.03344000, OpenTime: 2025-12-25T11:25, CloseTime: 2025-12-25T11:25:59
2025-12-25 16:15:02.489 INFO  [org.springframework.kafka.KafkaListenerEndpointContainer#0-0-C-1] c.s.s.indicators.IndicatorCalculator - Open: 0.03344000, Close: 0.03344000, High: 0.03344000, Low: 0.03344000, OpenTime: 2025-12-25T11:26, CloseTime: 2025-12-25T11:26:59
2025-12-25 16:15:02.489 INFO  [org.springframework.kafka.KafkaListenerEndpointContainer#0-0-C-1] c.s.s.indicators.IndicatorCalculator - Open: 0.03343000, Close: 0.03343000, High: 0.03343000, Low: 0.03343000, OpenTime: 2025-12-25T11:27, CloseTime: 2025-12-25T11:27:59
2025-12-25 16:15:02.489 INFO  [org.springframework.kafka.KafkaListenerEndpointContainer#0-0-C-1] c.s.s.indicators.IndicatorCalculator - Open: 0.03343000, Close: 0.03343000, High: 0.03343000, Low: 0.03343000, OpenTime: 2025-12-25T11:28, CloseTime: 2025-12-25T11:28:59
2025-12-25 16:15:02.489 INFO  [org.springframework.kafka.KafkaListenerEndpointContainer#0-0-C-1] c.s.s.indicators.IndicatorCalculator - Open: 0.03343000, Close: 0.03344000, High: 0.03344000, Low: 0.03343000, OpenTime: 2025-12-25T11:29, CloseTime: 2025-12-25T11:29:59
2025-12-25 16:15:02.489 INFO  [org.springframework.kafka.KafkaListenerEndpointContainer#0-0-C-1] c.s.s.indicators.IndicatorCalculator - Open: 0.03343000, Close: 0.03343000, High: 0.03343000, Low: 0.03343000, OpenTime: 2025-12-25T11:30, CloseTime: 2025-12-25T11:30:59
2025-12-25 16:15:02.489 INFO  [org.springframework.kafka.KafkaListenerEndpointContainer#0-0-C-1] c.s.s.indicators.IndicatorCalculator - Open: 0.03343000, Close: 0.03343000, High: 0.03343000, Low: 0.03343000, OpenTime: 2025-12-25T11:31, CloseTime: 2025-12-25T11:31:59
2025-12-25 16:15:02.489 INFO  [org.springframework.kafka.KafkaListenerEndpointContainer#0-0-C-1] c.s.s.indicators.IndicatorCalculator - Open: 0.03344000, Close: 0.03343000, High: 0.03344000, Low: 0.03343000, OpenTime: 2025-12-25T11:32, CloseTime: 2025-12-25T11:32:59
2025-12-25 16:15:02.489 INFO  [org.springframework.kafka.KafkaListenerEndpointContainer#0-0-C-1] c.s.s.indicators.IndicatorCalculator - Open: 0.03343000, Close: 0.03343000, High: 0.03343000, Low: 0.03343000, OpenTime: 2025-12-25T11:33, CloseTime: 2025-12-25T11:33:59
2025-12-25 16:15:02.489 INFO  [org.springframework.kafka.KafkaListenerEndpointContainer#0-0-C-1] c.s.s.indicators.IndicatorCalculator - Open: 0.03344000, Close: 0.03344000, High: 0.03344000, Low: 0.03344000, OpenTime: 2025-12-25T11:34, CloseTime: 2025-12-25T11:34:59
2025-12-25 16:15:02.494 INFO  [org.springframework.kafka.KafkaListenerEndpointContainer#0-0-C-1] c.s.s.indicators.IndicatorListener - Saved Indicator Event in group stockapi
2025-12-25 16:15:02.499 INFO  [org.springframework.kafka.KafkaListenerEndpointContainer#0-0-C-1] c.s.s.indicators.IndicatorListener - Received Message in group stockapi: ["f31c8c2b-47e0-4ea8-b4de-6c8dd9f1f034"]
2025-12-25 16:15:02.503 INFO  [org.springframework.kafka.KafkaListenerEndpointContainer#0-0-C-1] c.s.s.indicators.IndicatorListener - Candle Found: f31c8c2b-47e0-4ea8-b4de-6c8dd9f1f034
2025-12-25 16:15:02.503 INFO  [org.springframework.kafka.KafkaListenerEndpointContainer#0-0-C-1] c.s.s.indicators.IndicatorListener - Candle with values: Open: 123.74000000, Close: 123.74000000, High: 123.80000000, Low: 123.73000000, OpenTime: 2025-12-25T15:14, CloseTime: 2025-12-25T15:14:59
2025-12-25 16:15:02.516 INFO  [org.springframework.kafka.KafkaListenerEndpointContainer#0-0-C-1] c.s.s.indicators.IndicatorCalculator - Number of candles retrieved for BarSeries: 230
2025-12-25 16:15:02.516 INFO  [org.springframework.kafka.KafkaListenerEndpointContainer#0-0-C-1] c.s.s.indicators.IndicatorCalculator - List of candles:
2025-12-25 16:15:02.516 INFO  [org.springframework.kafka.KafkaListenerEndpointContainer#0-0-C-1] c.s.s.indicators.IndicatorCalculator - Open: 121.83000000, Close: 121.75000000, High: 121.83000000, Low: 121.74000000, OpenTime: 2025-12-25T11:25, CloseTime: 2025-12-25T11:25:59
2025-12-25 16:15:02.516 INFO  [org.springframework.kafka.KafkaListenerEndpointContainer#0-0-C-1] c.s.s.indicators.IndicatorCalculator - Open: 121.75000000, Close: 121.80000000, High: 121.80000000, Low: 121.75000000, OpenTime: 2025-12-25T11:26, CloseTime: 2025-12-25T11:26:59
2025-12-25 16:15:02.516 INFO  [org.springframework.kafka.KafkaListenerEndpointContainer#0-0-C-1] c.s.s.indicators.IndicatorCalculator - Open: 121.79000000, Close: 121.83000000, High: 121.84000000, Low: 121.79000000, OpenTime: 2025-12-25T11:27, CloseTime: 2025-12-25T11:27:59
2025-12-25 16:15:02.516 INFO  [org.springframework.kafka.KafkaListenerEndpointContainer#0-0-C-1] c.s.s.indicators.IndicatorCalculator - Open: 121.84000000, Close: 121.85000000, High: 121.92000000, Low: 121.84000000, OpenTime: 2025-12-25T11:28, CloseTime: 2025-12-25T11:28:59
2025-12-25 16:15:02.516 INFO  [org.springframework.kafka.KafkaListenerEndpointContainer#0-0-C-1] c.s.s.indicators.IndicatorCalculator - Open: 121.86000000, Close: 121.91000000, High: 121.91000000, Low: 121.86000000, OpenTime: 2025-12-25T11:29, CloseTime: 2025-12-25T11:29:59
2025-12-25 16:15:02.516 INFO  [org.springframework.kafka.KafkaListenerEndpointContainer#0-0-C-1] c.s.s.indicators.IndicatorCalculator - Open: 121.91000000, Close: 121.87000000, High: 121.93000000, Low: 121.87000000, OpenTime: 2025-12-25T11:30, CloseTime: 2025-12-25T11:30:59
2025-12-25 16:15:02.516 INFO  [org.springframework.kafka.KafkaListenerEndpointContainer#0-0-C-1] c.s.s.indicators.IndicatorCalculator - Open: 121.87000000, Close: 121.89000000, High: 121.89000000, Low: 121.87000000, OpenTime: 2025-12-25T11:31, CloseTime: 2025-12-25T11:31:59
2025-12-25 16:15:02.516 INFO  [org.springframework.kafka.KafkaListenerEndpointContainer#0-0-C-1] c.s.s.indicators.IndicatorCalculator - Open: 121.88000000, Close: 121.87000000, High: 121.89000000, Low: 121.83000000, OpenTime: 2025-12-25T11:32, CloseTime: 2025-12-25T11:32:59
2025-12-25 16:15:02.516 INFO  [org.springframework.kafka.KafkaListenerEndpointContainer#0-0-C-1] c.s.s.indicators.IndicatorCalculator - Open: 121.87000000, Close: 121.84000000, High: 121.87000000, Low: 121.83000000, OpenTime: 2025-12-25T11:33, CloseTime: 2025-12-25T11:33:59
2025-12-25 16:15:02.516 INFO  [org.springframework.kafka.KafkaListenerEndpointContainer#0-0-C-1] c.s.s.indicators.IndicatorCalculator - Open: 121.85000000, Close: 121.86000000, High: 121.87000000, Low: 121.85000000, OpenTime: 2025-12-25T11:34, CloseTime: 2025-12-25T11:34:59
2025-12-25 16:15:02.537 INFO  [org.springframework.kafka.KafkaListenerEndpointContainer#0-0-C-1] c.s.s.indicators.IndicatorCalculator - Number of candles retrieved for BarSeries: 230
2025-12-25 16:15:02.537 INFO  [org.springframework.kafka.KafkaListenerEndpointContainer#0-0-C-1] c.s.s.indicators.IndicatorCalculator - List of candles:
2025-12-25 16:15:02.537 INFO  [org.springframework.kafka.KafkaListenerEndpointContainer#0-0-C-1] c.s.s.indicators.IndicatorCalculator - Open: 121.83000000, Close: 121.75000000, High: 121.83000000, Low: 121.74000000, OpenTime: 2025-12-25T11:25, CloseTime: 2025-12-25T11:25:59
2025-12-25 16:15:02.537 INFO  [org.springframework.kafka.KafkaListenerEndpointContainer#0-0-C-1] c.s.s.indicators.IndicatorCalculator - Open: 121.75000000, Close: 121.80000000, High: 121.80000000, Low: 121.75000000, OpenTime: 2025-12-25T11:26, CloseTime: 2025-12-25T11:26:59
2025-12-25 16:15:02.537 INFO  [org.springframework.kafka.KafkaListenerEndpointContainer#0-0-C-1] c.s.s.indicators.IndicatorCalculator - Open: 121.79000000, Close: 121.83000000, High: 121.84000000, Low: 121.79000000, OpenTime: 2025-12-25T11:27, CloseTime: 2025-12-25T11:27:59
2025-12-25 16:15:02.538 INFO  [org.springframework.kafka.KafkaListenerEndpointContainer#0-0-C-1] c.s.s.indicators.IndicatorCalculator - Open: 121.84000000, Close: 121.85000000, High: 121.92000000, Low: 121.84000000, OpenTime: 2025-12-25T11:28, CloseTime: 2025-12-25T11:28:59
2025-12-25 16:15:02.538 INFO  [org.springframework.kafka.KafkaListenerEndpointContainer#0-0-C-1] c.s.s.indicators.IndicatorCalculator - Open: 121.86000000, Close: 121.91000000, High: 121.91000000, Low: 121.86000000, OpenTime: 2025-12-25T11:29, CloseTime: 2025-12-25T11:29:59
2025-12-25 16:15:02.538 INFO  [org.springframework.kafka.KafkaListenerEndpointContainer#0-0-C-1] c.s.s.indicators.IndicatorCalculator - Open: 121.91000000, Close: 121.87000000, High: 121.93000000, Low: 121.87000000, OpenTime: 2025-12-25T11:30, CloseTime: 2025-12-25T11:30:59
2025-12-25 16:15:02.538 INFO  [org.springframework.kafka.KafkaListenerEndpointContainer#0-0-C-1] c.s.s.indicators.IndicatorCalculator - Open: 121.87000000, Close: 121.89000000, High: 121.89000000, Low: 121.87000000, OpenTime: 2025-12-25T11:31, CloseTime: 2025-12-25T11:31:59
2025-12-25 16:15:02.538 INFO  [org.springframework.kafka.KafkaListenerEndpointContainer#0-0-C-1] c.s.s.indicators.IndicatorCalculator - Open: 121.88000000, Close: 121.87000000, High: 121.89000000, Low: 121.83000000, OpenTime: 2025-12-25T11:32, CloseTime: 2025-12-25T11:32:59
2025-12-25 16:15:02.538 INFO  [org.springframework.kafka.KafkaListenerEndpointContainer#0-0-C-1] c.s.s.indicators.IndicatorCalculator - Open: 121.87000000, Close: 121.84000000, High: 121.87000000, Low: 121.83000000, OpenTime: 2025-12-25T11:33, CloseTime: 2025-12-25T11:33:59
2025-12-25 16:15:02.538 INFO  [org.springframework.kafka.KafkaListenerEndpointContainer#0-0-C-1] c.s.s.indicators.IndicatorCalculator - Open: 121.85000000, Close: 121.86000000, High: 121.87000000, Low: 121.85000000, OpenTime: 2025-12-25T11:34, CloseTime: 2025-12-25T11:34:59
2025-12-25 16:15:02.562 INFO  [org.springframework.kafka.KafkaListenerEndpointContainer#0-0-C-1] c.s.s.indicators.IndicatorCalculator - Number of candles retrieved for BarSeries: 230
2025-12-25 16:15:02.563 INFO  [org.springframework.kafka.KafkaListenerEndpointContainer#0-0-C-1] c.s.s.indicators.IndicatorCalculator - List of candles:
2025-12-25 16:15:02.563 INFO  [org.springframework.kafka.KafkaListenerEndpointContainer#0-0-C-1] c.s.s.indicators.IndicatorCalculator - Open: 121.83000000, Close: 121.75000000, High: 121.83000000, Low: 121.74000000, OpenTime: 2025-12-25T11:25, CloseTime: 2025-12-25T11:25:59
2025-12-25 16:15:02.563 INFO  [org.springframework.kafka.KafkaListenerEndpointContainer#0-0-C-1] c.s.s.indicators.IndicatorCalculator - Open: 121.75000000, Close: 121.80000000, High: 121.80000000, Low: 121.75000000, OpenTime: 2025-12-25T11:26, CloseTime: 2025-12-25T11:26:59
2025-12-25 16:15:02.563 INFO  [org.springframework.kafka.KafkaListenerEndpointContainer#0-0-C-1] c.s.s.indicators.IndicatorCalculator - Open: 121.79000000, Close: 121.83000000, High: 121.84000000, Low: 121.79000000, OpenTime: 2025-12-25T11:27, CloseTime: 2025-12-25T11:27:59
2025-12-25 16:15:02.563 INFO  [org.springframework.kafka.KafkaListenerEndpointContainer#0-0-C-1] c.s.s.indicators.IndicatorCalculator - Open: 121.84000000, Close: 121.85000000, High: 121.92000000, Low: 121.84000000, OpenTime: 2025-12-25T11:28, CloseTime: 2025-12-25T11:28:59
2025-12-25 16:15:02.563 INFO  [org.springframework.kafka.KafkaListenerEndpointContainer#0-0-C-1] c.s.s.indicators.IndicatorCalculator - Open: 121.86000000, Close: 121.91000000, High: 121.91000000, Low: 121.86000000, OpenTime: 2025-12-25T11:29, CloseTime: 2025-12-25T11:29:59
2025-12-25 16:15:02.563 INFO  [org.springframework.kafka.KafkaListenerEndpointContainer#0-0-C-1] c.s.s.indicators.IndicatorCalculator - Open: 121.91000000, Close: 121.87000000, High: 121.93000000, Low: 121.87000000, OpenTime: 2025-12-25T11:30, CloseTime: 2025-12-25T11:30:59
2025-12-25 16:15:02.563 INFO  [org.springframework.kafka.KafkaListenerEndpointContainer#0-0-C-1] c.s.s.indicators.IndicatorCalculator - Open: 121.87000000, Close: 121.89000000, High: 121.89000000, Low: 121.87000000, OpenTime: 2025-12-25T11:31, CloseTime: 2025-12-25T11:31:59
2025-12-25 16:15:02.563 INFO  [org.springframework.kafka.KafkaListenerEndpointContainer#0-0-C-1] c.s.s.indicators.IndicatorCalculator - Open: 121.88000000, Close: 121.87000000, High: 121.89000000, Low: 121.83000000, OpenTime: 2025-12-25T11:32, CloseTime: 2025-12-25T11:32:59
2025-12-25 16:15:02.563 INFO  [org.springframework.kafka.KafkaListenerEndpointContainer#0-0-C-1] c.s.s.indicators.IndicatorCalculator - Open: 121.87000000, Close: 121.84000000, High: 121.87000000, Low: 121.83000000, OpenTime: 2025-12-25T11:33, CloseTime: 2025-12-25T11:33:59
2025-12-25 16:15:02.563 INFO  [org.springframework.kafka.KafkaListenerEndpointContainer#0-0-C-1] c.s.s.indicators.IndicatorCalculator - Open: 121.85000000, Close: 121.86000000, High: 121.87000000, Low: 121.85000000, OpenTime: 2025-12-25T11:34, CloseTime: 2025-12-25T11:34:59
2025-12-25 16:15:02.571 INFO  [org.springframework.kafka.KafkaListenerEndpointContainer#0-0-C-1] c.s.s.indicators.IndicatorListener - Saved Indicator Event in group stockapi
2025-12-25 16:15:02.572 INFO  [org.springframework.kafka.KafkaListenerEndpointContainer#0-0-C-1] c.s.s.indicators.IndicatorListener - Received Message in group stockapi: ["7ab5dc55-1866-4c99-acba-27a251cec58c"]
2025-12-25 16:15:02.577 INFO  [org.springframework.kafka.KafkaListenerEndpointContainer#0-0-C-1] c.s.s.indicators.IndicatorListener - Candle Found: 7ab5dc55-1866-4c99-acba-27a251cec58c
2025-12-25 16:15:02.578 INFO  [org.springframework.kafka.KafkaListenerEndpointContainer#0-0-C-1] c.s.s.indicators.IndicatorListener - Candle with values: Open: 2958.71000000, Close: 2958.93000000, High: 2959.88000000, Low: 2958.42000000, OpenTime: 2025-12-25T15:14, CloseTime: 2025-12-25T15:14:59
2025-12-25 16:15:02.597 INFO  [org.springframework.kafka.KafkaListenerEndpointContainer#0-0-C-1] c.s.s.indicators.IndicatorCalculator - Number of candles retrieved for BarSeries: 230
2025-12-25 16:15:02.597 INFO  [org.springframework.kafka.KafkaListenerEndpointContainer#0-0-C-1] c.s.s.indicators.IndicatorCalculator - List of candles:
2025-12-25 16:15:02.597 INFO  [org.springframework.kafka.KafkaListenerEndpointContainer#0-0-C-1] c.s.s.indicators.IndicatorCalculator - Open: 2925.60000000, Close: 2924.60000000, High: 2925.60000000, Low: 2924.14000000, OpenTime: 2025-12-25T11:25, CloseTime: 2025-12-25T11:25:59
2025-12-25 16:15:02.598 INFO  [org.springframework.kafka.KafkaListenerEndpointContainer#0-0-C-1] c.s.s.indicators.IndicatorCalculator - Open: 2924.61000000, Close: 2925.02000000, High: 2925.02000000, Low: 2924.61000000, OpenTime: 2025-12-25T11:26, CloseTime: 2025-12-25T11:26:59
2025-12-25 16:15:02.598 INFO  [org.springframework.kafka.KafkaListenerEndpointContainer#0-0-C-1] c.s.s.indicators.IndicatorCalculator - Open: 2925.03000000, Close: 2926.10000000, High: 2926.10000000, Low: 2925.03000000, OpenTime: 2025-12-25T11:27, CloseTime: 2025-12-25T11:27:59
2025-12-25 16:15:02.598 INFO  [org.springframework.kafka.KafkaListenerEndpointContainer#0-0-C-1] c.s.s.indicators.IndicatorCalculator - Open: 2926.19000000, Close: 2926.20000000, High: 2926.89000000, Low: 2926.19000000, OpenTime: 2025-12-25T11:28, CloseTime: 2025-12-25T11:28:59
2025-12-25 16:15:02.598 INFO  [org.springframework.kafka.KafkaListenerEndpointContainer#0-0-C-1] c.s.s.indicators.IndicatorCalculator - Open: 2926.21000000, Close: 2926.61000000, High: 2926.70000000, Low: 2926.21000000, OpenTime: 2025-12-25T11:29, CloseTime: 2025-12-25T11:29:59
2025-12-25 16:15:02.598 INFO  [org.springframework.kafka.KafkaListenerEndpointContainer#0-0-C-1] c.s.s.indicators.IndicatorCalculator - Open: 2926.79000000, Close: 2926.64000000, High: 2926.79000000, Low: 2926.64000000, OpenTime: 2025-12-25T11:30, CloseTime: 2025-12-25T11:30:59
2025-12-25 16:15:02.598 INFO  [org.springframework.kafka.KafkaListenerEndpointContainer#0-0-C-1] c.s.s.indicators.IndicatorCalculator - Open: 2926.51000000, Close: 2927.66000000, High: 2927.66000000, Low: 2926.51000000, OpenTime: 2025-12-25T11:31, CloseTime: 2025-12-25T11:31:59
2025-12-25 16:15:02.598 INFO  [org.springframework.kafka.KafkaListenerEndpointContainer#0-0-C-1] c.s.s.indicators.IndicatorCalculator - Open: 2927.67000000, Close: 2927.67000000, High: 2928.23000000, Low: 2926.78000000, OpenTime: 2025-12-25T11:32, CloseTime: 2025-12-25T11:32:59
2025-12-25 16:15:02.598 INFO  [org.springframework.kafka.KafkaListenerEndpointContainer#0-0-C-1] c.s.s.indicators.IndicatorCalculator - Open: 2927.79000000, Close: 2927.55000000, High: 2927.89000000, Low: 2927.40000000, OpenTime: 2025-12-25T11:33, CloseTime: 2025-12-25T11:33:59
2025-12-25 16:15:02.598 INFO  [org.springframework.kafka.KafkaListenerEndpointContainer#0-0-C-1] c.s.s.indicators.IndicatorCalculator - Open: 2927.75000000, Close: 2928.57000000, High: 2928.84000000, Low: 2927.75000000, OpenTime: 2025-12-25T11:34, CloseTime: 2025-12-25T11:34:59
2025-12-25 16:15:02.622 INFO  [org.springframework.kafka.KafkaListenerEndpointContainer#0-0-C-1] c.s.s.indicators.IndicatorCalculator - Number of candles retrieved for BarSeries: 230
2025-12-25 16:15:02.622 INFO  [org.springframework.kafka.KafkaListenerEndpointContainer#0-0-C-1] c.s.s.indicators.IndicatorCalculator - List of candles:
2025-12-25 16:15:02.622 INFO  [org.springframework.kafka.KafkaListenerEndpointContainer#0-0-C-1] c.s.s.indicators.IndicatorCalculator - Open: 2925.60000000, Close: 2924.60000000, High: 2925.60000000, Low: 2924.14000000, OpenTime: 2025-12-25T11:25, CloseTime: 2025-12-25T11:25:59
2025-12-25 16:15:02.622 INFO  [org.springframework.kafka.KafkaListenerEndpointContainer#0-0-C-1] c.s.s.indicators.IndicatorCalculator - Open: 2924.61000000, Close: 2925.02000000, High: 2925.02000000, Low: 2924.61000000, OpenTime: 2025-12-25T11:26, CloseTime: 2025-12-25T11:26:59
2025-12-25 16:15:02.622 INFO  [org.springframework.kafka.KafkaListenerEndpointContainer#0-0-C-1] c.s.s.indicators.IndicatorCalculator - Open: 2925.03000000, Close: 2926.10000000, High: 2926.10000000, Low: 2925.03000000, OpenTime: 2025-12-25T11:27, CloseTime: 2025-12-25T11:27:59
2025-12-25 16:15:02.622 INFO  [org.springframework.kafka.KafkaListenerEndpointContainer#0-0-C-1] c.s.s.indicators.IndicatorCalculator - Open: 2926.19000000, Close: 2926.20000000, High: 2926.89000000, Low: 2926.19000000, OpenTime: 2025-12-25T11:28, CloseTime: 2025-12-25T11:28:59
2025-12-25 16:15:02.622 INFO  [org.springframework.kafka.KafkaListenerEndpointContainer#0-0-C-1] c.s.s.indicators.IndicatorCalculator - Open: 2926.21000000, Close: 2926.61000000, High: 2926.70000000, Low: 2926.21000000, OpenTime: 2025-12-25T11:29, CloseTime: 2025-12-25T11:29:59
2025-12-25 16:15:02.622 INFO  [org.springframework.kafka.KafkaListenerEndpointContainer#0-0-C-1] c.s.s.indicators.IndicatorCalculator - Open: 2926.79000000, Close: 2926.64000000, High: 2926.79000000, Low: 2926.64000000, OpenTime: 2025-12-25T11:30, CloseTime: 2025-12-25T11:30:59
2025-12-25 16:15:02.623 INFO  [org.springframework.kafka.KafkaListenerEndpointContainer#0-0-C-1] c.s.s.indicators.IndicatorCalculator - Open: 2926.51000000, Close: 2927.66000000, High: 2927.66000000, Low: 2926.51000000, OpenTime: 2025-12-25T11:31, CloseTime: 2025-12-25T11:31:59
2025-12-25 16:15:02.623 INFO  [org.springframework.kafka.KafkaListenerEndpointContainer#0-0-C-1] c.s.s.indicators.IndicatorCalculator - Open: 2927.67000000, Close: 2927.67000000, High: 2928.23000000, Low: 2926.78000000, OpenTime: 2025-12-25T11:32, CloseTime: 2025-12-25T11:32:59
2025-12-25 16:15:02.623 INFO  [org.springframework.kafka.KafkaListenerEndpointContainer#0-0-C-1] c.s.s.indicators.IndicatorCalculator - Open: 2927.79000000, Close: 2927.55000000, High: 2927.89000000, Low: 2927.40000000, OpenTime: 2025-12-25T11:33, CloseTime: 2025-12-25T11:33:59
2025-12-25 16:15:02.623 INFO  [org.springframework.kafka.KafkaListenerEndpointContainer#0-0-C-1] c.s.s.indicators.IndicatorCalculator - Open: 2927.75000000, Close: 2928.57000000, High: 2928.84000000, Low: 2927.75000000, OpenTime: 2025-12-25T11:34, CloseTime: 2025-12-25T11:34:59
2025-12-25 16:15:02.644 INFO  [org.springframework.kafka.KafkaListenerEndpointContainer#0-0-C-1] c.s.s.indicators.IndicatorCalculator - Number of candles retrieved for BarSeries: 230
2025-12-25 16:15:02.644 INFO  [org.springframework.kafka.KafkaListenerEndpointContainer#0-0-C-1] c.s.s.indicators.IndicatorCalculator - List of candles:
2025-12-25 16:15:02.644 INFO  [org.springframework.kafka.KafkaListenerEndpointContainer#0-0-C-1] c.s.s.indicators.IndicatorCalculator - Open: 2925.60000000, Close: 2924.60000000, High: 2925.60000000, Low: 2924.14000000, OpenTime: 2025-12-25T11:25, CloseTime: 2025-12-25T11:25:59
2025-12-25 16:15:02.644 INFO  [org.springframework.kafka.KafkaListenerEndpointContainer#0-0-C-1] c.s.s.indicators.IndicatorCalculator - Open: 2924.61000000, Close: 2925.02000000, High: 2925.02000000, Low: 2924.61000000, OpenTime: 2025-12-25T11:26, CloseTime: 2025-12-25T11:26:59
2025-12-25 16:15:02.644 INFO  [org.springframework.kafka.KafkaListenerEndpointContainer#0-0-C-1] c.s.s.indicators.IndicatorCalculator - Open: 2925.03000000, Close: 2926.10000000, High: 2926.10000000, Low: 2925.03000000, OpenTime: 2025-12-25T11:27, CloseTime: 2025-12-25T11:27:59
2025-12-25 16:15:02.644 INFO  [org.springframework.kafka.KafkaListenerEndpointContainer#0-0-C-1] c.s.s.indicators.IndicatorCalculator - Open: 2926.19000000, Close: 2926.20000000, High: 2926.89000000, Low: 2926.19000000, OpenTime: 2025-12-25T11:28, CloseTime: 2025-12-25T11:28:59
2025-12-25 16:15:02.644 INFO  [org.springframework.kafka.KafkaListenerEndpointContainer#0-0-C-1] c.s.s.indicators.IndicatorCalculator - Open: 2926.21000000, Close: 2926.61000000, High: 2926.70000000, Low: 2926.21000000, OpenTime: 2025-12-25T11:29, CloseTime: 2025-12-25T11:29:59
2025-12-25 16:15:02.644 INFO  [org.springframework.kafka.KafkaListenerEndpointContainer#0-0-C-1] c.s.s.indicators.IndicatorCalculator - Open: 2926.79000000, Close: 2926.64000000, High: 2926.79000000, Low: 2926.64000000, OpenTime: 2025-12-25T11:30, CloseTime: 2025-12-25T11:30:59
2025-12-25 16:15:02.644 INFO  [org.springframework.kafka.KafkaListenerEndpointContainer#0-0-C-1] c.s.s.indicators.IndicatorCalculator - Open: 2926.51000000, Close: 2927.66000000, High: 2927.66000000, Low: 2926.51000000, OpenTime: 2025-12-25T11:31, CloseTime: 2025-12-25T11:31:59
2025-12-25 16:15:02.644 INFO  [org.springframework.kafka.KafkaListenerEndpointContainer#0-0-C-1] c.s.s.indicators.IndicatorCalculator - Open: 2927.67000000, Close: 2927.67000000, High: 2928.23000000, Low: 2926.78000000, OpenTime: 2025-12-25T11:32, CloseTime: 2025-12-25T11:32:59
2025-12-25 16:15:02.644 INFO  [org.springframework.kafka.KafkaListenerEndpointContainer#0-0-C-1] c.s.s.indicators.IndicatorCalculator - Open: 2927.79000000, Close: 2927.55000000, High: 2927.89000000, Low: 2927.40000000, OpenTime: 2025-12-25T11:33, CloseTime: 2025-12-25T11:33:59
2025-12-25 16:15:02.644 INFO  [org.springframework.kafka.KafkaListenerEndpointContainer#0-0-C-1] c.s.s.indicators.IndicatorCalculator - Open: 2927.75000000, Close: 2928.57000000, High: 2928.84000000, Low: 2927.75000000, OpenTime: 2025-12-25T11:34, CloseTime: 2025-12-25T11:34:59
2025-12-25 16:15:02.650 INFO  [org.springframework.kafka.KafkaListenerEndpointContainer#0-0-C-1] c.s.s.indicators.IndicatorListener - Saved Indicator Event in group stockapi
2025-12-25 16:15:46.500 INFO  [org.springframework.kafka.KafkaListenerEndpointContainer#0-0-C-1] o.a.k.c.c.i.ConsumerRebalanceListenerInvoker - [Consumer clientId=consumer-stockapi-1, groupId=stockapi] Revoke previously assigned partitions indicator_events-0
2025-12-25 16:15:46.500 INFO  [org.springframework.kafka.KafkaListenerEndpointContainer#0-0-C-1] o.s.k.l.KafkaMessageListenerContainer - stockapi: partitions revoked: [indicator_events-0]
2025-12-25 16:15:46.501 INFO  [org.springframework.kafka.KafkaListenerEndpointContainer#0-0-C-1] o.a.k.c.c.i.ConsumerCoordinator - [Consumer clientId=consumer-stockapi-1, groupId=stockapi] Member consumer-stockapi-1-14b5d87a-112a-4e28-aabd-9f278980d391 sending LeaveGroup request to coordinator kafka:9092 (id: 2147483646 rack: null) due to the consumer unsubscribed from all topics
2025-12-25 16:15:46.501 INFO  [org.springframework.kafka.KafkaListenerEndpointContainer#0-0-C-1] o.a.k.c.c.i.ConsumerCoordinator - [Consumer clientId=consumer-stockapi-1, groupId=stockapi] Resetting generation and member id due to: consumer pro-actively leaving the group
2025-12-25 16:15:46.502 INFO  [org.springframework.kafka.KafkaListenerEndpointContainer#0-0-C-1] o.a.k.c.c.i.ConsumerCoordinator - [Consumer clientId=consumer-stockapi-1, groupId=stockapi] Request joining group due to: consumer pro-actively leaving the group
2025-12-25 16:15:46.502 INFO  [org.springframework.kafka.KafkaListenerEndpointContainer#0-0-C-1] o.a.k.c.c.i.LegacyKafkaConsumer - [Consumer clientId=consumer-stockapi-1, groupId=stockapi] Unsubscribed all topics or patterns and assigned partitions
2025-12-25 16:15:46.503 INFO  [org.springframework.kafka.KafkaListenerEndpointContainer#0-0-C-1] o.a.k.c.c.i.ConsumerCoordinator - [Consumer clientId=consumer-stockapi-1, groupId=stockapi] Resetting generation and member id due to: consumer pro-actively leaving the group
2025-12-25 16:15:46.503 INFO  [org.springframework.kafka.KafkaListenerEndpointContainer#0-0-C-1] o.a.k.c.c.i.ConsumerCoordinator - [Consumer clientId=consumer-stockapi-1, groupId=stockapi] Request joining group due to: consumer pro-actively leaving the group
2025-12-25 16:15:46.815 INFO  [org.springframework.kafka.KafkaListenerEndpointContainer#0-0-C-1] o.a.kafka.common.metrics.Metrics - Metrics scheduler closed
2025-12-25 16:15:46.815 INFO  [org.springframework.kafka.KafkaListenerEndpointContainer#0-0-C-1] o.a.kafka.common.metrics.Metrics - Closing reporter org.apache.kafka.common.metrics.JmxReporter
2025-12-25 16:15:46.815 INFO  [org.springframework.kafka.KafkaListenerEndpointContainer#0-0-C-1] o.a.kafka.common.metrics.Metrics - Closing reporter org.apache.kafka.common.telemetry.internals.ClientTelemetryReporter
2025-12-25 16:15:46.816 INFO  [org.springframework.kafka.KafkaListenerEndpointContainer#0-0-C-1] o.a.kafka.common.metrics.Metrics - Metrics reporters closed
2025-12-25 16:15:46.824 INFO  [org.springframework.kafka.KafkaListenerEndpointContainer#0-0-C-1] o.a.kafka.common.utils.AppInfoParser - App info kafka.consumer for consumer-stockapi-1 unregistered
2025-12-25 16:15:46.825 INFO  [org.springframework.kafka.KafkaListenerEndpointContainer#0-0-C-1] o.s.k.l.KafkaMessageListenerContainer - stockapi: Consumer stopped
2025-12-25 16:15:46.827 INFO  [SpringApplicationShutdownHook] o.s.b.w.e.tomcat.GracefulShutdown - Commencing graceful shutdown. Waiting for active requests to complete
2025-12-25 16:15:46.830 INFO  [tomcat-shutdown] o.s.b.w.e.tomcat.GracefulShutdown - Graceful shutdown complete
2025-12-25 16:15:46.840 INFO  [SpringApplicationShutdownHook] o.s.o.j.LocalContainerEntityManagerFactoryBean - Closing JPA EntityManagerFactory for persistence unit 'default'
2025-12-25 16:15:46.842 INFO  [SpringApplicationShutdownHook] com.zaxxer.hikari.HikariDataSource - HikariPool-1 - Shutdown initiated...
2025-12-25 16:15:46.844 INFO  [SpringApplicationShutdownHook] com.zaxxer.hikari.HikariDataSource - HikariPool-1 - Shutdown completed.
