2025-12-25 16:09:23.524 INFO  [background-preinit] o.h.validator.internal.util.Version - HV000001: Hibernate Validator 8.0.2.Final
2025-12-25 16:09:23.593 INFO  [main] c.s.stockapi.StockapiApplication - Starting StockapiApplication v0.0.1-SNAPSHOT using Java 21.0.9 with PID 1 (/app/app.jar started by root in /app)
2025-12-25 16:09:23.594 INFO  [main] c.s.stockapi.StockapiApplication - The following 1 profile is active: "dev"
2025-12-25 16:09:24.755 INFO  [main] o.s.d.r.c.RepositoryConfigurationDelegate - Bootstrapping Spring Data JPA repositories in DEFAULT mode.
2025-12-25 16:09:24.848 INFO  [main] o.s.d.r.c.RepositoryConfigurationDelegate - Finished Spring Data repository scanning in 80 ms. Found 10 JPA repository interfaces.
2025-12-25 16:09:25.902 INFO  [main] o.s.b.w.e.tomcat.TomcatWebServer - Tomcat initialized with port 8080 (http)
2025-12-25 16:09:25.917 INFO  [main] o.a.coyote.http11.Http11NioProtocol - Initializing ProtocolHandler ["http-nio-8080"]
2025-12-25 16:09:25.919 INFO  [main] o.a.catalina.core.StandardService - Starting service [Tomcat]
2025-12-25 16:09:25.919 INFO  [main] o.a.catalina.core.StandardEngine - Starting Servlet engine: [Apache Tomcat/10.1.40]
2025-12-25 16:09:25.951 INFO  [main] o.a.c.c.C.[Tomcat].[localhost].[/] - Initializing Spring embedded WebApplicationContext
2025-12-25 16:09:25.952 INFO  [main] o.s.b.w.s.c.ServletWebServerApplicationContext - Root WebApplicationContext: initialization completed in 2302 ms
2025-12-25 16:09:26.309 INFO  [main] com.zaxxer.hikari.HikariDataSource - HikariPool-1 - Starting...
2025-12-25 16:09:26.546 INFO  [main] com.zaxxer.hikari.pool.HikariPool - HikariPool-1 - Added connection org.postgresql.jdbc.PgConnection@175ac243
2025-12-25 16:09:26.549 INFO  [main] com.zaxxer.hikari.HikariDataSource - HikariPool-1 - Start completed.
2025-12-25 16:09:26.607 INFO  [main] o.h.jpa.internal.util.LogHelper - HHH000204: Processing PersistenceUnitInfo [name: default]
2025-12-25 16:09:26.689 INFO  [main] org.hibernate.Version - HHH000412: Hibernate ORM core version 6.6.13.Final
2025-12-25 16:09:26.730 INFO  [main] o.h.c.i.RegionFactoryInitiator - HHH000026: Second-level cache disabled
2025-12-25 16:09:27.073 INFO  [main] o.s.o.j.p.SpringPersistenceUnitInfo - No LoadTimeWeaver setup: ignoring JPA class transformer
2025-12-25 16:09:27.142 WARN  [main] org.hibernate.orm.deprecation - HHH90000025: PostgreSQLDialect does not need to be specified explicitly using 'hibernate.dialect' (remove the property setting and it will be selected by default)
2025-12-25 16:09:27.165 INFO  [main] o.hibernate.orm.connections.pooling - HHH10001005: Database info:
	Database JDBC URL [Connecting through datasource 'HikariDataSource (HikariPool-1)']
	Database driver: undefined/unknown
	Database version: 15.15
	Autocommit mode: undefined/unknown
	Isolation level: undefined/unknown
	Minimum pool size: undefined/unknown
	Maximum pool size: undefined/unknown
2025-12-25 16:09:28.647 INFO  [main] o.h.e.t.j.p.i.JtaPlatformInitiator - HHH000489: No JTA platform available (set 'hibernate.transaction.jta.platform' to enable JTA platform integration)
2025-12-25 16:09:28.650 INFO  [main] o.s.o.j.LocalContainerEntityManagerFactoryBean - Initialized JPA EntityManagerFactory for persistence unit 'default'
2025-12-25 16:09:29.042 INFO  [main] o.s.d.j.r.query.QueryEnhancerFactory - Hibernate is in classpath; If applicable, HQL parser will be used.
2025-12-25 16:09:30.083 INFO  [main] o.s.s.c.a.a.c.InitializeAuthenticationProviderBeanManagerConfigurer$InitializeAuthenticationProviderManagerConfigurer - Global AuthenticationManager configured with AuthenticationProvider bean with name authenticationProvider
2025-12-25 16:09:30.207 WARN  [main] o.s.b.a.o.j.JpaBaseConfiguration$JpaWebConfiguration - spring.jpa.open-in-view is enabled by default. Therefore, database queries may be performed during view rendering. Explicitly configure spring.jpa.open-in-view to disable this warning
2025-12-25 16:09:30.327 WARN  [main] o.s.s.c.a.w.c.AuthorizeHttpRequestsConfigurer$AuthorizationManagerRequestMatcherRegistry - One of the patterns in [candles/**, users/**, /actuator/health] is missing a leading slash. This is discouraged; please include the leading slash in all your request matcher patterns. In future versions of Spring Security, leaving out the leading slash will result in an exception.
2025-12-25 16:09:30.704 INFO  [main] o.s.b.a.e.web.EndpointLinksResolver - Exposing 2 endpoints beneath base path '/actuator'
2025-12-25 16:09:31.340 INFO  [main] o.a.coyote.http11.Http11NioProtocol - Starting ProtocolHandler ["http-nio-8080"]
2025-12-25 16:09:31.354 INFO  [main] o.s.b.w.e.tomcat.TomcatWebServer - Tomcat started on port 8080 (http) with context path '/'
2025-12-25 16:09:31.407 INFO  [main] o.a.k.c.consumer.ConsumerConfig - ConsumerConfig values: 
	allow.auto.create.topics = true
	auto.commit.interval.ms = 5000
	auto.include.jmx.reporter = true
	auto.offset.reset = latest
	bootstrap.servers = [kafka:9092]
	check.crcs = true
	client.dns.lookup = use_all_dns_ips
	client.id = consumer-stockapi-1
	client.rack = 
	connections.max.idle.ms = 540000
	default.api.timeout.ms = 60000
	enable.auto.commit = false
	enable.metrics.push = true
	exclude.internal.topics = true
	fetch.max.bytes = 52428800
	fetch.max.wait.ms = 500
	fetch.min.bytes = 1
	group.id = stockapi
	group.instance.id = null
	group.protocol = classic
	group.remote.assignor = null
	heartbeat.interval.ms = 3000
	interceptor.classes = []
	internal.leave.group.on.close = true
	internal.throw.on.fetch.stable.offset.unsupported = false
	isolation.level = read_uncommitted
	key.deserializer = class org.apache.kafka.common.serialization.StringDeserializer
	max.partition.fetch.bytes = 1048576
	max.poll.interval.ms = 300000
	max.poll.records = 500
	metadata.max.age.ms = 300000
	metadata.recovery.strategy = none
	metric.reporters = []
	metrics.num.samples = 2
	metrics.recording.level = INFO
	metrics.sample.window.ms = 30000
	partition.assignment.strategy = [class org.apache.kafka.clients.consumer.RangeAssignor, class org.apache.kafka.clients.consumer.CooperativeStickyAssignor]
	receive.buffer.bytes = 65536
	reconnect.backoff.max.ms = 1000
	reconnect.backoff.ms = 50
	request.timeout.ms = 30000
	retry.backoff.max.ms = 1000
	retry.backoff.ms = 100
	sasl.client.callback.handler.class = null
	sasl.jaas.config = null
	sasl.kerberos.kinit.cmd = /usr/bin/kinit
	sasl.kerberos.min.time.before.relogin = 60000
	sasl.kerberos.service.name = null
	sasl.kerberos.ticket.renew.jitter = 0.05
	sasl.kerberos.ticket.renew.window.factor = 0.8
	sasl.login.callback.handler.class = null
	sasl.login.class = null
	sasl.login.connect.timeout.ms = null
	sasl.login.read.timeout.ms = null
	sasl.login.refresh.buffer.seconds = 300
	sasl.login.refresh.min.period.seconds = 60
	sasl.login.refresh.window.factor = 0.8
	sasl.login.refresh.window.jitter = 0.05
	sasl.login.retry.backoff.max.ms = 10000
	sasl.login.retry.backoff.ms = 100
	sasl.mechanism = GSSAPI
	sasl.oauthbearer.clock.skew.seconds = 30
	sasl.oauthbearer.expected.audience = null
	sasl.oauthbearer.expected.issuer = null
	sasl.oauthbearer.jwks.endpoint.refresh.ms = 3600000
	sasl.oauthbearer.jwks.endpoint.retry.backoff.max.ms = 10000
	sasl.oauthbearer.jwks.endpoint.retry.backoff.ms = 100
	sasl.oauthbearer.jwks.endpoint.url = null
	sasl.oauthbearer.scope.claim.name = scope
	sasl.oauthbearer.sub.claim.name = sub
	sasl.oauthbearer.token.endpoint.url = null
	security.protocol = PLAINTEXT
	security.providers = null
	send.buffer.bytes = 131072
	session.timeout.ms = 45000
	socket.connection.setup.timeout.max.ms = 30000
	socket.connection.setup.timeout.ms = 10000
	ssl.cipher.suites = null
	ssl.enabled.protocols = [TLSv1.2, TLSv1.3]
	ssl.endpoint.identification.algorithm = https
	ssl.engine.factory.class = null
	ssl.key.password = null
	ssl.keymanager.algorithm = SunX509
	ssl.keystore.certificate.chain = null
	ssl.keystore.key = null
	ssl.keystore.location = null
	ssl.keystore.password = null
	ssl.keystore.type = JKS
	ssl.protocol = TLSv1.3
	ssl.provider = null
	ssl.secure.random.implementation = null
	ssl.trustmanager.algorithm = PKIX
	ssl.truststore.certificates = null
	ssl.truststore.location = null
	ssl.truststore.password = null
	ssl.truststore.type = JKS
	value.deserializer = class org.apache.kafka.common.serialization.StringDeserializer

2025-12-25 16:09:31.476 INFO  [main] o.a.k.c.t.i.KafkaMetricsCollector - initializing Kafka metrics collector
2025-12-25 16:09:31.653 INFO  [main] o.a.kafka.common.utils.AppInfoParser - Kafka version: 3.8.1
2025-12-25 16:09:31.653 INFO  [main] o.a.kafka.common.utils.AppInfoParser - Kafka commitId: 70d6ff42debf7e17
2025-12-25 16:09:31.653 INFO  [main] o.a.kafka.common.utils.AppInfoParser - Kafka startTimeMs: 1766678971652
2025-12-25 16:09:31.665 INFO  [main] o.a.k.c.c.i.LegacyKafkaConsumer - [Consumer clientId=consumer-stockapi-1, groupId=stockapi] Subscribed to topic(s): indicator_events
2025-12-25 16:09:31.693 INFO  [main] c.s.stockapi.StockapiApplication - Started StockapiApplication in 8.744 seconds (process running for 9.237)
2025-12-25 16:09:32.025 INFO  [org.springframework.kafka.KafkaListenerEndpointContainer#0-0-C-1] org.apache.kafka.clients.Metadata - [Consumer clientId=consumer-stockapi-1, groupId=stockapi] Cluster ID: 5L6g3nShT-eMCtK--X86sw
2025-12-25 16:09:32.027 INFO  [org.springframework.kafka.KafkaListenerEndpointContainer#0-0-C-1] o.a.k.c.c.i.ConsumerCoordinator - [Consumer clientId=consumer-stockapi-1, groupId=stockapi] Discovered group coordinator kafka:9092 (id: 2147483646 rack: null)
2025-12-25 16:09:32.030 INFO  [org.springframework.kafka.KafkaListenerEndpointContainer#0-0-C-1] o.a.k.c.c.i.ConsumerCoordinator - [Consumer clientId=consumer-stockapi-1, groupId=stockapi] (Re-)joining group
2025-12-25 16:09:32.056 INFO  [org.springframework.kafka.KafkaListenerEndpointContainer#0-0-C-1] o.a.k.c.c.i.ConsumerCoordinator - [Consumer clientId=consumer-stockapi-1, groupId=stockapi] Request joining group due to: need to re-join with the given member-id: consumer-stockapi-1-3f3e925a-5dce-4372-a996-b2edcb8fc5cf
2025-12-25 16:09:32.057 INFO  [org.springframework.kafka.KafkaListenerEndpointContainer#0-0-C-1] o.a.k.c.c.i.ConsumerCoordinator - [Consumer clientId=consumer-stockapi-1, groupId=stockapi] (Re-)joining group
2025-12-25 16:09:32.643 INFO  [http-nio-8080-exec-1] o.a.c.c.C.[Tomcat].[localhost].[/] - Initializing Spring DispatcherServlet 'dispatcherServlet'
2025-12-25 16:09:32.643 INFO  [http-nio-8080-exec-1] o.s.web.servlet.DispatcherServlet - Initializing Servlet 'dispatcherServlet'
2025-12-25 16:09:32.645 INFO  [http-nio-8080-exec-1] o.s.web.servlet.DispatcherServlet - Completed initialization in 2 ms
2025-12-25 16:09:35.075 INFO  [org.springframework.kafka.KafkaListenerEndpointContainer#0-0-C-1] o.a.k.c.c.i.ConsumerCoordinator - [Consumer clientId=consumer-stockapi-1, groupId=stockapi] Successfully joined group with generation Generation{generationId=15, memberId='consumer-stockapi-1-3f3e925a-5dce-4372-a996-b2edcb8fc5cf', protocol='range'}
2025-12-25 16:09:35.086 INFO  [org.springframework.kafka.KafkaListenerEndpointContainer#0-0-C-1] o.a.k.c.c.i.ConsumerCoordinator - [Consumer clientId=consumer-stockapi-1, groupId=stockapi] Finished assignment for group at generation 15: {consumer-stockapi-1-3f3e925a-5dce-4372-a996-b2edcb8fc5cf=Assignment(partitions=[indicator_events-0])}
2025-12-25 16:09:35.110 INFO  [org.springframework.kafka.KafkaListenerEndpointContainer#0-0-C-1] o.a.k.c.c.i.ConsumerCoordinator - [Consumer clientId=consumer-stockapi-1, groupId=stockapi] Successfully synced group in generation Generation{generationId=15, memberId='consumer-stockapi-1-3f3e925a-5dce-4372-a996-b2edcb8fc5cf', protocol='range'}
2025-12-25 16:09:35.111 INFO  [org.springframework.kafka.KafkaListenerEndpointContainer#0-0-C-1] o.a.k.c.c.i.ConsumerCoordinator - [Consumer clientId=consumer-stockapi-1, groupId=stockapi] Notifying assignor about the new Assignment(partitions=[indicator_events-0])
2025-12-25 16:09:35.115 INFO  [org.springframework.kafka.KafkaListenerEndpointContainer#0-0-C-1] o.a.k.c.c.i.ConsumerRebalanceListenerInvoker - [Consumer clientId=consumer-stockapi-1, groupId=stockapi] Adding newly assigned partitions: indicator_events-0
2025-12-25 16:09:35.139 INFO  [org.springframework.kafka.KafkaListenerEndpointContainer#0-0-C-1] o.a.k.c.c.internals.ConsumerUtils - Setting offset for partition indicator_events-0 to the committed offset FetchPosition{offset=2108, offsetEpoch=Optional.empty, currentLeader=LeaderAndEpoch{leader=Optional[kafka:9092 (id: 1 rack: null)], epoch=14}}
2025-12-25 16:09:35.141 INFO  [org.springframework.kafka.KafkaListenerEndpointContainer#0-0-C-1] o.s.k.l.KafkaMessageListenerContainer - stockapi: partitions assigned: [indicator_events-0]
2025-12-25 16:09:35.218 INFO  [org.springframework.kafka.KafkaListenerEndpointContainer#0-0-C-1] c.s.s.indicators.IndicatorListener - Received Message in group stockapi: ["77928222-552f-4d0a-aa2f-51746a1c6786"]
2025-12-25 16:09:35.454 INFO  [org.springframework.kafka.KafkaListenerEndpointContainer#0-0-C-1] c.s.s.indicators.IndicatorListener - Candle Found: 77928222-552f-4d0a-aa2f-51746a1c6786
2025-12-25 16:09:35.455 INFO  [org.springframework.kafka.KafkaListenerEndpointContainer#0-0-C-1] c.s.s.indicators.IndicatorListener - Candle with values: Open: 2955.44000000, Close: 2954.21000000, High: 2955.99000000, Low: 2954.08000000, OpenTime: 2025-12-25T15:09, CloseTime: 2025-12-25T15:09:59
2025-12-25 16:09:35.593 INFO  [org.springframework.kafka.KafkaListenerEndpointContainer#0-0-C-1] c.s.s.indicators.IndicatorCalculator - Number of candles retrieved for BarSeries: 225
2025-12-25 16:09:35.594 INFO  [org.springframework.kafka.KafkaListenerEndpointContainer#0-0-C-1] c.s.s.indicators.IndicatorCalculator - List of candles:
2025-12-25 16:09:35.594 INFO  [org.springframework.kafka.KafkaListenerEndpointContainer#0-0-C-1] c.s.s.indicators.IndicatorCalculator - Open: 2925.60000000, Close: 2924.60000000, High: 2925.60000000, Low: 2924.14000000, OpenTime: 2025-12-25T11:25, CloseTime: 2025-12-25T11:25:59
2025-12-25 16:09:35.594 INFO  [org.springframework.kafka.KafkaListenerEndpointContainer#0-0-C-1] c.s.s.indicators.IndicatorCalculator - Open: 2924.61000000, Close: 2925.02000000, High: 2925.02000000, Low: 2924.61000000, OpenTime: 2025-12-25T11:26, CloseTime: 2025-12-25T11:26:59
2025-12-25 16:09:35.594 INFO  [org.springframework.kafka.KafkaListenerEndpointContainer#0-0-C-1] c.s.s.indicators.IndicatorCalculator - Open: 2925.03000000, Close: 2926.10000000, High: 2926.10000000, Low: 2925.03000000, OpenTime: 2025-12-25T11:27, CloseTime: 2025-12-25T11:27:59
2025-12-25 16:09:35.594 INFO  [org.springframework.kafka.KafkaListenerEndpointContainer#0-0-C-1] c.s.s.indicators.IndicatorCalculator - Open: 2926.19000000, Close: 2926.20000000, High: 2926.89000000, Low: 2926.19000000, OpenTime: 2025-12-25T11:28, CloseTime: 2025-12-25T11:28:59
2025-12-25 16:09:35.594 INFO  [org.springframework.kafka.KafkaListenerEndpointContainer#0-0-C-1] c.s.s.indicators.IndicatorCalculator - Open: 2926.21000000, Close: 2926.61000000, High: 2926.70000000, Low: 2926.21000000, OpenTime: 2025-12-25T11:29, CloseTime: 2025-12-25T11:29:59
2025-12-25 16:09:35.594 INFO  [org.springframework.kafka.KafkaListenerEndpointContainer#0-0-C-1] c.s.s.indicators.IndicatorCalculator - Open: 2926.79000000, Close: 2926.64000000, High: 2926.79000000, Low: 2926.64000000, OpenTime: 2025-12-25T11:30, CloseTime: 2025-12-25T11:30:59
2025-12-25 16:09:35.594 INFO  [org.springframework.kafka.KafkaListenerEndpointContainer#0-0-C-1] c.s.s.indicators.IndicatorCalculator - Open: 2926.51000000, Close: 2927.66000000, High: 2927.66000000, Low: 2926.51000000, OpenTime: 2025-12-25T11:31, CloseTime: 2025-12-25T11:31:59
2025-12-25 16:09:35.594 INFO  [org.springframework.kafka.KafkaListenerEndpointContainer#0-0-C-1] c.s.s.indicators.IndicatorCalculator - Open: 2927.67000000, Close: 2927.67000000, High: 2928.23000000, Low: 2926.78000000, OpenTime: 2025-12-25T11:32, CloseTime: 2025-12-25T11:32:59
2025-12-25 16:09:35.594 INFO  [org.springframework.kafka.KafkaListenerEndpointContainer#0-0-C-1] c.s.s.indicators.IndicatorCalculator - Open: 2927.79000000, Close: 2927.55000000, High: 2927.89000000, Low: 2927.40000000, OpenTime: 2025-12-25T11:33, CloseTime: 2025-12-25T11:33:59
2025-12-25 16:09:35.594 INFO  [org.springframework.kafka.KafkaListenerEndpointContainer#0-0-C-1] c.s.s.indicators.IndicatorCalculator - Open: 2927.75000000, Close: 2928.57000000, High: 2928.84000000, Low: 2927.75000000, OpenTime: 2025-12-25T11:34, CloseTime: 2025-12-25T11:34:59
2025-12-25 16:09:35.709 INFO  [org.springframework.kafka.KafkaListenerEndpointContainer#0-0-C-1] c.s.s.indicators.IndicatorCalculator - Number of candles retrieved for BarSeries: 225
2025-12-25 16:09:35.710 INFO  [org.springframework.kafka.KafkaListenerEndpointContainer#0-0-C-1] c.s.s.indicators.IndicatorCalculator - List of candles:
2025-12-25 16:09:35.710 INFO  [org.springframework.kafka.KafkaListenerEndpointContainer#0-0-C-1] c.s.s.indicators.IndicatorCalculator - Open: 2925.60000000, Close: 2924.60000000, High: 2925.60000000, Low: 2924.14000000, OpenTime: 2025-12-25T11:25, CloseTime: 2025-12-25T11:25:59
2025-12-25 16:09:35.710 INFO  [org.springframework.kafka.KafkaListenerEndpointContainer#0-0-C-1] c.s.s.indicators.IndicatorCalculator - Open: 2924.61000000, Close: 2925.02000000, High: 2925.02000000, Low: 2924.61000000, OpenTime: 2025-12-25T11:26, CloseTime: 2025-12-25T11:26:59
2025-12-25 16:09:35.710 INFO  [org.springframework.kafka.KafkaListenerEndpointContainer#0-0-C-1] c.s.s.indicators.IndicatorCalculator - Open: 2925.03000000, Close: 2926.10000000, High: 2926.10000000, Low: 2925.03000000, OpenTime: 2025-12-25T11:27, CloseTime: 2025-12-25T11:27:59
2025-12-25 16:09:35.710 INFO  [org.springframework.kafka.KafkaListenerEndpointContainer#0-0-C-1] c.s.s.indicators.IndicatorCalculator - Open: 2926.19000000, Close: 2926.20000000, High: 2926.89000000, Low: 2926.19000000, OpenTime: 2025-12-25T11:28, CloseTime: 2025-12-25T11:28:59
2025-12-25 16:09:35.710 INFO  [org.springframework.kafka.KafkaListenerEndpointContainer#0-0-C-1] c.s.s.indicators.IndicatorCalculator - Open: 2926.21000000, Close: 2926.61000000, High: 2926.70000000, Low: 2926.21000000, OpenTime: 2025-12-25T11:29, CloseTime: 2025-12-25T11:29:59
2025-12-25 16:09:35.710 INFO  [org.springframework.kafka.KafkaListenerEndpointContainer#0-0-C-1] c.s.s.indicators.IndicatorCalculator - Open: 2926.79000000, Close: 2926.64000000, High: 2926.79000000, Low: 2926.64000000, OpenTime: 2025-12-25T11:30, CloseTime: 2025-12-25T11:30:59
2025-12-25 16:09:35.710 INFO  [org.springframework.kafka.KafkaListenerEndpointContainer#0-0-C-1] c.s.s.indicators.IndicatorCalculator - Open: 2926.51000000, Close: 2927.66000000, High: 2927.66000000, Low: 2926.51000000, OpenTime: 2025-12-25T11:31, CloseTime: 2025-12-25T11:31:59
2025-12-25 16:09:35.710 INFO  [org.springframework.kafka.KafkaListenerEndpointContainer#0-0-C-1] c.s.s.indicators.IndicatorCalculator - Open: 2927.67000000, Close: 2927.67000000, High: 2928.23000000, Low: 2926.78000000, OpenTime: 2025-12-25T11:32, CloseTime: 2025-12-25T11:32:59
2025-12-25 16:09:35.710 INFO  [org.springframework.kafka.KafkaListenerEndpointContainer#0-0-C-1] c.s.s.indicators.IndicatorCalculator - Open: 2927.79000000, Close: 2927.55000000, High: 2927.89000000, Low: 2927.40000000, OpenTime: 2025-12-25T11:33, CloseTime: 2025-12-25T11:33:59
2025-12-25 16:09:35.710 INFO  [org.springframework.kafka.KafkaListenerEndpointContainer#0-0-C-1] c.s.s.indicators.IndicatorCalculator - Open: 2927.75000000, Close: 2928.57000000, High: 2928.84000000, Low: 2927.75000000, OpenTime: 2025-12-25T11:34, CloseTime: 2025-12-25T11:34:59
2025-12-25 16:09:35.749 INFO  [org.springframework.kafka.KafkaListenerEndpointContainer#0-0-C-1] c.s.s.indicators.IndicatorCalculator - Number of candles retrieved for BarSeries: 225
2025-12-25 16:09:35.749 INFO  [org.springframework.kafka.KafkaListenerEndpointContainer#0-0-C-1] c.s.s.indicators.IndicatorCalculator - List of candles:
2025-12-25 16:09:35.749 INFO  [org.springframework.kafka.KafkaListenerEndpointContainer#0-0-C-1] c.s.s.indicators.IndicatorCalculator - Open: 2925.60000000, Close: 2924.60000000, High: 2925.60000000, Low: 2924.14000000, OpenTime: 2025-12-25T11:25, CloseTime: 2025-12-25T11:25:59
2025-12-25 16:09:35.750 INFO  [org.springframework.kafka.KafkaListenerEndpointContainer#0-0-C-1] c.s.s.indicators.IndicatorCalculator - Open: 2924.61000000, Close: 2925.02000000, High: 2925.02000000, Low: 2924.61000000, OpenTime: 2025-12-25T11:26, CloseTime: 2025-12-25T11:26:59
2025-12-25 16:09:35.750 INFO  [org.springframework.kafka.KafkaListenerEndpointContainer#0-0-C-1] c.s.s.indicators.IndicatorCalculator - Open: 2925.03000000, Close: 2926.10000000, High: 2926.10000000, Low: 2925.03000000, OpenTime: 2025-12-25T11:27, CloseTime: 2025-12-25T11:27:59
2025-12-25 16:09:35.750 INFO  [org.springframework.kafka.KafkaListenerEndpointContainer#0-0-C-1] c.s.s.indicators.IndicatorCalculator - Open: 2926.19000000, Close: 2926.20000000, High: 2926.89000000, Low: 2926.19000000, OpenTime: 2025-12-25T11:28, CloseTime: 2025-12-25T11:28:59
2025-12-25 16:09:35.750 INFO  [org.springframework.kafka.KafkaListenerEndpointContainer#0-0-C-1] c.s.s.indicators.IndicatorCalculator - Open: 2926.21000000, Close: 2926.61000000, High: 2926.70000000, Low: 2926.21000000, OpenTime: 2025-12-25T11:29, CloseTime: 2025-12-25T11:29:59
2025-12-25 16:09:35.750 INFO  [org.springframework.kafka.KafkaListenerEndpointContainer#0-0-C-1] c.s.s.indicators.IndicatorCalculator - Open: 2926.79000000, Close: 2926.64000000, High: 2926.79000000, Low: 2926.64000000, OpenTime: 2025-12-25T11:30, CloseTime: 2025-12-25T11:30:59
2025-12-25 16:09:35.750 INFO  [org.springframework.kafka.KafkaListenerEndpointContainer#0-0-C-1] c.s.s.indicators.IndicatorCalculator - Open: 2926.51000000, Close: 2927.66000000, High: 2927.66000000, Low: 2926.51000000, OpenTime: 2025-12-25T11:31, CloseTime: 2025-12-25T11:31:59
2025-12-25 16:09:35.750 INFO  [org.springframework.kafka.KafkaListenerEndpointContainer#0-0-C-1] c.s.s.indicators.IndicatorCalculator - Open: 2927.67000000, Close: 2927.67000000, High: 2928.23000000, Low: 2926.78000000, OpenTime: 2025-12-25T11:32, CloseTime: 2025-12-25T11:32:59
2025-12-25 16:09:35.750 INFO  [org.springframework.kafka.KafkaListenerEndpointContainer#0-0-C-1] c.s.s.indicators.IndicatorCalculator - Open: 2927.79000000, Close: 2927.55000000, High: 2927.89000000, Low: 2927.40000000, OpenTime: 2025-12-25T11:33, CloseTime: 2025-12-25T11:33:59
2025-12-25 16:09:35.750 INFO  [org.springframework.kafka.KafkaListenerEndpointContainer#0-0-C-1] c.s.s.indicators.IndicatorCalculator - Open: 2927.75000000, Close: 2928.57000000, High: 2928.84000000, Low: 2927.75000000, OpenTime: 2025-12-25T11:34, CloseTime: 2025-12-25T11:34:59
2025-12-25 16:09:35.758 INFO  [org.springframework.kafka.KafkaListenerEndpointContainer#0-0-C-1] c.s.s.indicators.IndicatorListener - Saved Indicator Event in group stockapi
2025-12-25 16:09:35.758 INFO  [org.springframework.kafka.KafkaListenerEndpointContainer#0-0-C-1] c.s.s.indicators.IndicatorListener - Received Message in group stockapi: ["e5359d90-d8ff-44d9-b972-caebefe0459f"]
2025-12-25 16:09:35.764 INFO  [org.springframework.kafka.KafkaListenerEndpointContainer#0-0-C-1] c.s.s.indicators.IndicatorListener - Candle Found: e5359d90-d8ff-44d9-b972-caebefe0459f
2025-12-25 16:09:35.764 INFO  [org.springframework.kafka.KafkaListenerEndpointContainer#0-0-C-1] c.s.s.indicators.IndicatorListener - Candle with values: Open: 123.44000000, Close: 123.44000000, High: 123.47000000, Low: 123.42000000, OpenTime: 2025-12-25T15:09, CloseTime: 2025-12-25T15:09:59
2025-12-25 16:09:35.786 INFO  [org.springframework.kafka.KafkaListenerEndpointContainer#0-0-C-1] c.s.s.indicators.IndicatorCalculator - Number of candles retrieved for BarSeries: 225
2025-12-25 16:09:35.787 INFO  [org.springframework.kafka.KafkaListenerEndpointContainer#0-0-C-1] c.s.s.indicators.IndicatorCalculator - List of candles:
2025-12-25 16:09:35.787 INFO  [org.springframework.kafka.KafkaListenerEndpointContainer#0-0-C-1] c.s.s.indicators.IndicatorCalculator - Open: 121.83000000, Close: 121.75000000, High: 121.83000000, Low: 121.74000000, OpenTime: 2025-12-25T11:25, CloseTime: 2025-12-25T11:25:59
2025-12-25 16:09:35.787 INFO  [org.springframework.kafka.KafkaListenerEndpointContainer#0-0-C-1] c.s.s.indicators.IndicatorCalculator - Open: 121.75000000, Close: 121.80000000, High: 121.80000000, Low: 121.75000000, OpenTime: 2025-12-25T11:26, CloseTime: 2025-12-25T11:26:59
2025-12-25 16:09:35.787 INFO  [org.springframework.kafka.KafkaListenerEndpointContainer#0-0-C-1] c.s.s.indicators.IndicatorCalculator - Open: 121.79000000, Close: 121.83000000, High: 121.84000000, Low: 121.79000000, OpenTime: 2025-12-25T11:27, CloseTime: 2025-12-25T11:27:59
2025-12-25 16:09:35.787 INFO  [org.springframework.kafka.KafkaListenerEndpointContainer#0-0-C-1] c.s.s.indicators.IndicatorCalculator - Open: 121.84000000, Close: 121.85000000, High: 121.92000000, Low: 121.84000000, OpenTime: 2025-12-25T11:28, CloseTime: 2025-12-25T11:28:59
2025-12-25 16:09:35.787 INFO  [org.springframework.kafka.KafkaListenerEndpointContainer#0-0-C-1] c.s.s.indicators.IndicatorCalculator - Open: 121.86000000, Close: 121.91000000, High: 121.91000000, Low: 121.86000000, OpenTime: 2025-12-25T11:29, CloseTime: 2025-12-25T11:29:59
2025-12-25 16:09:35.787 INFO  [org.springframework.kafka.KafkaListenerEndpointContainer#0-0-C-1] c.s.s.indicators.IndicatorCalculator - Open: 121.91000000, Close: 121.87000000, High: 121.93000000, Low: 121.87000000, OpenTime: 2025-12-25T11:30, CloseTime: 2025-12-25T11:30:59
2025-12-25 16:09:35.787 INFO  [org.springframework.kafka.KafkaListenerEndpointContainer#0-0-C-1] c.s.s.indicators.IndicatorCalculator - Open: 121.87000000, Close: 121.89000000, High: 121.89000000, Low: 121.87000000, OpenTime: 2025-12-25T11:31, CloseTime: 2025-12-25T11:31:59
2025-12-25 16:09:35.787 INFO  [org.springframework.kafka.KafkaListenerEndpointContainer#0-0-C-1] c.s.s.indicators.IndicatorCalculator - Open: 121.88000000, Close: 121.87000000, High: 121.89000000, Low: 121.83000000, OpenTime: 2025-12-25T11:32, CloseTime: 2025-12-25T11:32:59
2025-12-25 16:09:35.787 INFO  [org.springframework.kafka.KafkaListenerEndpointContainer#0-0-C-1] c.s.s.indicators.IndicatorCalculator - Open: 121.87000000, Close: 121.84000000, High: 121.87000000, Low: 121.83000000, OpenTime: 2025-12-25T11:33, CloseTime: 2025-12-25T11:33:59
2025-12-25 16:09:35.787 INFO  [org.springframework.kafka.KafkaListenerEndpointContainer#0-0-C-1] c.s.s.indicators.IndicatorCalculator - Open: 121.85000000, Close: 121.86000000, High: 121.87000000, Low: 121.85000000, OpenTime: 2025-12-25T11:34, CloseTime: 2025-12-25T11:34:59
2025-12-25 16:09:35.825 INFO  [org.springframework.kafka.KafkaListenerEndpointContainer#0-0-C-1] c.s.s.indicators.IndicatorCalculator - Number of candles retrieved for BarSeries: 225
2025-12-25 16:09:35.825 INFO  [org.springframework.kafka.KafkaListenerEndpointContainer#0-0-C-1] c.s.s.indicators.IndicatorCalculator - List of candles:
2025-12-25 16:09:35.825 INFO  [org.springframework.kafka.KafkaListenerEndpointContainer#0-0-C-1] c.s.s.indicators.IndicatorCalculator - Open: 121.83000000, Close: 121.75000000, High: 121.83000000, Low: 121.74000000, OpenTime: 2025-12-25T11:25, CloseTime: 2025-12-25T11:25:59
2025-12-25 16:09:35.825 INFO  [org.springframework.kafka.KafkaListenerEndpointContainer#0-0-C-1] c.s.s.indicators.IndicatorCalculator - Open: 121.75000000, Close: 121.80000000, High: 121.80000000, Low: 121.75000000, OpenTime: 2025-12-25T11:26, CloseTime: 2025-12-25T11:26:59
2025-12-25 16:09:35.826 INFO  [org.springframework.kafka.KafkaListenerEndpointContainer#0-0-C-1] c.s.s.indicators.IndicatorCalculator - Open: 121.79000000, Close: 121.83000000, High: 121.84000000, Low: 121.79000000, OpenTime: 2025-12-25T11:27, CloseTime: 2025-12-25T11:27:59
2025-12-25 16:09:35.826 INFO  [org.springframework.kafka.KafkaListenerEndpointContainer#0-0-C-1] c.s.s.indicators.IndicatorCalculator - Open: 121.84000000, Close: 121.85000000, High: 121.92000000, Low: 121.84000000, OpenTime: 2025-12-25T11:28, CloseTime: 2025-12-25T11:28:59
2025-12-25 16:09:35.826 INFO  [org.springframework.kafka.KafkaListenerEndpointContainer#0-0-C-1] c.s.s.indicators.IndicatorCalculator - Open: 121.86000000, Close: 121.91000000, High: 121.91000000, Low: 121.86000000, OpenTime: 2025-12-25T11:29, CloseTime: 2025-12-25T11:29:59
2025-12-25 16:09:35.826 INFO  [org.springframework.kafka.KafkaListenerEndpointContainer#0-0-C-1] c.s.s.indicators.IndicatorCalculator - Open: 121.91000000, Close: 121.87000000, High: 121.93000000, Low: 121.87000000, OpenTime: 2025-12-25T11:30, CloseTime: 2025-12-25T11:30:59
2025-12-25 16:09:35.826 INFO  [org.springframework.kafka.KafkaListenerEndpointContainer#0-0-C-1] c.s.s.indicators.IndicatorCalculator - Open: 121.87000000, Close: 121.89000000, High: 121.89000000, Low: 121.87000000, OpenTime: 2025-12-25T11:31, CloseTime: 2025-12-25T11:31:59
2025-12-25 16:09:35.826 INFO  [org.springframework.kafka.KafkaListenerEndpointContainer#0-0-C-1] c.s.s.indicators.IndicatorCalculator - Open: 121.88000000, Close: 121.87000000, High: 121.89000000, Low: 121.83000000, OpenTime: 2025-12-25T11:32, CloseTime: 2025-12-25T11:32:59
2025-12-25 16:09:35.826 INFO  [org.springframework.kafka.KafkaListenerEndpointContainer#0-0-C-1] c.s.s.indicators.IndicatorCalculator - Open: 121.87000000, Close: 121.84000000, High: 121.87000000, Low: 121.83000000, OpenTime: 2025-12-25T11:33, CloseTime: 2025-12-25T11:33:59
2025-12-25 16:09:35.827 INFO  [org.springframework.kafka.KafkaListenerEndpointContainer#0-0-C-1] c.s.s.indicators.IndicatorCalculator - Open: 121.85000000, Close: 121.86000000, High: 121.87000000, Low: 121.85000000, OpenTime: 2025-12-25T11:34, CloseTime: 2025-12-25T11:34:59
2025-12-25 16:09:35.875 INFO  [org.springframework.kafka.KafkaListenerEndpointContainer#0-0-C-1] c.s.s.indicators.IndicatorCalculator - Number of candles retrieved for BarSeries: 225
2025-12-25 16:09:35.875 INFO  [org.springframework.kafka.KafkaListenerEndpointContainer#0-0-C-1] c.s.s.indicators.IndicatorCalculator - List of candles:
2025-12-25 16:09:35.875 INFO  [org.springframework.kafka.KafkaListenerEndpointContainer#0-0-C-1] c.s.s.indicators.IndicatorCalculator - Open: 121.83000000, Close: 121.75000000, High: 121.83000000, Low: 121.74000000, OpenTime: 2025-12-25T11:25, CloseTime: 2025-12-25T11:25:59
2025-12-25 16:09:35.875 INFO  [org.springframework.kafka.KafkaListenerEndpointContainer#0-0-C-1] c.s.s.indicators.IndicatorCalculator - Open: 121.75000000, Close: 121.80000000, High: 121.80000000, Low: 121.75000000, OpenTime: 2025-12-25T11:26, CloseTime: 2025-12-25T11:26:59
2025-12-25 16:09:35.875 INFO  [org.springframework.kafka.KafkaListenerEndpointContainer#0-0-C-1] c.s.s.indicators.IndicatorCalculator - Open: 121.79000000, Close: 121.83000000, High: 121.84000000, Low: 121.79000000, OpenTime: 2025-12-25T11:27, CloseTime: 2025-12-25T11:27:59
2025-12-25 16:09:35.875 INFO  [org.springframework.kafka.KafkaListenerEndpointContainer#0-0-C-1] c.s.s.indicators.IndicatorCalculator - Open: 121.84000000, Close: 121.85000000, High: 121.92000000, Low: 121.84000000, OpenTime: 2025-12-25T11:28, CloseTime: 2025-12-25T11:28:59
2025-12-25 16:09:35.875 INFO  [org.springframework.kafka.KafkaListenerEndpointContainer#0-0-C-1] c.s.s.indicators.IndicatorCalculator - Open: 121.86000000, Close: 121.91000000, High: 121.91000000, Low: 121.86000000, OpenTime: 2025-12-25T11:29, CloseTime: 2025-12-25T11:29:59
2025-12-25 16:09:35.875 INFO  [org.springframework.kafka.KafkaListenerEndpointContainer#0-0-C-1] c.s.s.indicators.IndicatorCalculator - Open: 121.91000000, Close: 121.87000000, High: 121.93000000, Low: 121.87000000, OpenTime: 2025-12-25T11:30, CloseTime: 2025-12-25T11:30:59
2025-12-25 16:09:35.875 INFO  [org.springframework.kafka.KafkaListenerEndpointContainer#0-0-C-1] c.s.s.indicators.IndicatorCalculator - Open: 121.87000000, Close: 121.89000000, High: 121.89000000, Low: 121.87000000, OpenTime: 2025-12-25T11:31, CloseTime: 2025-12-25T11:31:59
2025-12-25 16:09:35.876 INFO  [org.springframework.kafka.KafkaListenerEndpointContainer#0-0-C-1] c.s.s.indicators.IndicatorCalculator - Open: 121.88000000, Close: 121.87000000, High: 121.89000000, Low: 121.83000000, OpenTime: 2025-12-25T11:32, CloseTime: 2025-12-25T11:32:59
2025-12-25 16:09:35.876 INFO  [org.springframework.kafka.KafkaListenerEndpointContainer#0-0-C-1] c.s.s.indicators.IndicatorCalculator - Open: 121.87000000, Close: 121.84000000, High: 121.87000000, Low: 121.83000000, OpenTime: 2025-12-25T11:33, CloseTime: 2025-12-25T11:33:59
2025-12-25 16:09:35.876 INFO  [org.springframework.kafka.KafkaListenerEndpointContainer#0-0-C-1] c.s.s.indicators.IndicatorCalculator - Open: 121.85000000, Close: 121.86000000, High: 121.87000000, Low: 121.85000000, OpenTime: 2025-12-25T11:34, CloseTime: 2025-12-25T11:34:59
2025-12-25 16:09:35.884 INFO  [org.springframework.kafka.KafkaListenerEndpointContainer#0-0-C-1] c.s.s.indicators.IndicatorListener - Saved Indicator Event in group stockapi
2025-12-25 16:09:35.886 INFO  [org.springframework.kafka.KafkaListenerEndpointContainer#0-0-C-1] c.s.s.indicators.IndicatorListener - Received Message in group stockapi: ["8c81ea20-28b2-46a7-b40a-69b5e9e2718c"]
2025-12-25 16:09:35.892 INFO  [org.springframework.kafka.KafkaListenerEndpointContainer#0-0-C-1] c.s.s.indicators.IndicatorListener - Candle Found: 8c81ea20-28b2-46a7-b40a-69b5e9e2718c
2025-12-25 16:09:35.892 INFO  [org.springframework.kafka.KafkaListenerEndpointContainer#0-0-C-1] c.s.s.indicators.IndicatorListener - Candle with values: Open: 0.03351000, Close: 0.03351000, High: 0.03351000, Low: 0.03351000, OpenTime: 2025-12-25T15:09, CloseTime: 2025-12-25T15:09:59
2025-12-25 16:09:35.917 INFO  [org.springframework.kafka.KafkaListenerEndpointContainer#0-0-C-1] c.s.s.indicators.IndicatorCalculator - Number of candles retrieved for BarSeries: 225
2025-12-25 16:09:35.918 INFO  [org.springframework.kafka.KafkaListenerEndpointContainer#0-0-C-1] c.s.s.indicators.IndicatorCalculator - List of candles:
2025-12-25 16:09:35.918 INFO  [org.springframework.kafka.KafkaListenerEndpointContainer#0-0-C-1] c.s.s.indicators.IndicatorCalculator - Open: 0.03344000, Close: 0.03344000, High: 0.03344000, Low: 0.03344000, OpenTime: 2025-12-25T11:25, CloseTime: 2025-12-25T11:25:59
2025-12-25 16:09:35.918 INFO  [org.springframework.kafka.KafkaListenerEndpointContainer#0-0-C-1] c.s.s.indicators.IndicatorCalculator - Open: 0.03344000, Close: 0.03344000, High: 0.03344000, Low: 0.03344000, OpenTime: 2025-12-25T11:26, CloseTime: 2025-12-25T11:26:59
2025-12-25 16:09:35.918 INFO  [org.springframework.kafka.KafkaListenerEndpointContainer#0-0-C-1] c.s.s.indicators.IndicatorCalculator - Open: 0.03343000, Close: 0.03343000, High: 0.03343000, Low: 0.03343000, OpenTime: 2025-12-25T11:27, CloseTime: 2025-12-25T11:27:59
2025-12-25 16:09:35.918 INFO  [org.springframework.kafka.KafkaListenerEndpointContainer#0-0-C-1] c.s.s.indicators.IndicatorCalculator - Open: 0.03343000, Close: 0.03343000, High: 0.03343000, Low: 0.03343000, OpenTime: 2025-12-25T11:28, CloseTime: 2025-12-25T11:28:59
2025-12-25 16:09:35.918 INFO  [org.springframework.kafka.KafkaListenerEndpointContainer#0-0-C-1] c.s.s.indicators.IndicatorCalculator - Open: 0.03343000, Close: 0.03344000, High: 0.03344000, Low: 0.03343000, OpenTime: 2025-12-25T11:29, CloseTime: 2025-12-25T11:29:59
2025-12-25 16:09:35.918 INFO  [org.springframework.kafka.KafkaListenerEndpointContainer#0-0-C-1] c.s.s.indicators.IndicatorCalculator - Open: 0.03343000, Close: 0.03343000, High: 0.03343000, Low: 0.03343000, OpenTime: 2025-12-25T11:30, CloseTime: 2025-12-25T11:30:59
2025-12-25 16:09:35.919 INFO  [org.springframework.kafka.KafkaListenerEndpointContainer#0-0-C-1] c.s.s.indicators.IndicatorCalculator - Open: 0.03343000, Close: 0.03343000, High: 0.03343000, Low: 0.03343000, OpenTime: 2025-12-25T11:31, CloseTime: 2025-12-25T11:31:59
2025-12-25 16:09:35.919 INFO  [org.springframework.kafka.KafkaListenerEndpointContainer#0-0-C-1] c.s.s.indicators.IndicatorCalculator - Open: 0.03344000, Close: 0.03343000, High: 0.03344000, Low: 0.03343000, OpenTime: 2025-12-25T11:32, CloseTime: 2025-12-25T11:32:59
2025-12-25 16:09:35.919 INFO  [org.springframework.kafka.KafkaListenerEndpointContainer#0-0-C-1] c.s.s.indicators.IndicatorCalculator - Open: 0.03343000, Close: 0.03343000, High: 0.03343000, Low: 0.03343000, OpenTime: 2025-12-25T11:33, CloseTime: 2025-12-25T11:33:59
2025-12-25 16:09:35.919 INFO  [org.springframework.kafka.KafkaListenerEndpointContainer#0-0-C-1] c.s.s.indicators.IndicatorCalculator - Open: 0.03344000, Close: 0.03344000, High: 0.03344000, Low: 0.03344000, OpenTime: 2025-12-25T11:34, CloseTime: 2025-12-25T11:34:59
2025-12-25 16:09:35.952 INFO  [org.springframework.kafka.KafkaListenerEndpointContainer#0-0-C-1] c.s.s.indicators.IndicatorCalculator - Number of candles retrieved for BarSeries: 225
2025-12-25 16:09:35.953 INFO  [org.springframework.kafka.KafkaListenerEndpointContainer#0-0-C-1] c.s.s.indicators.IndicatorCalculator - List of candles:
2025-12-25 16:09:35.953 INFO  [org.springframework.kafka.KafkaListenerEndpointContainer#0-0-C-1] c.s.s.indicators.IndicatorCalculator - Open: 0.03344000, Close: 0.03344000, High: 0.03344000, Low: 0.03344000, OpenTime: 2025-12-25T11:25, CloseTime: 2025-12-25T11:25:59
2025-12-25 16:09:35.953 INFO  [org.springframework.kafka.KafkaListenerEndpointContainer#0-0-C-1] c.s.s.indicators.IndicatorCalculator - Open: 0.03344000, Close: 0.03344000, High: 0.03344000, Low: 0.03344000, OpenTime: 2025-12-25T11:26, CloseTime: 2025-12-25T11:26:59
2025-12-25 16:09:35.953 INFO  [org.springframework.kafka.KafkaListenerEndpointContainer#0-0-C-1] c.s.s.indicators.IndicatorCalculator - Open: 0.03343000, Close: 0.03343000, High: 0.03343000, Low: 0.03343000, OpenTime: 2025-12-25T11:27, CloseTime: 2025-12-25T11:27:59
2025-12-25 16:09:35.953 INFO  [org.springframework.kafka.KafkaListenerEndpointContainer#0-0-C-1] c.s.s.indicators.IndicatorCalculator - Open: 0.03343000, Close: 0.03343000, High: 0.03343000, Low: 0.03343000, OpenTime: 2025-12-25T11:28, CloseTime: 2025-12-25T11:28:59
2025-12-25 16:09:35.953 INFO  [org.springframework.kafka.KafkaListenerEndpointContainer#0-0-C-1] c.s.s.indicators.IndicatorCalculator - Open: 0.03343000, Close: 0.03344000, High: 0.03344000, Low: 0.03343000, OpenTime: 2025-12-25T11:29, CloseTime: 2025-12-25T11:29:59
2025-12-25 16:09:35.953 INFO  [org.springframework.kafka.KafkaListenerEndpointContainer#0-0-C-1] c.s.s.indicators.IndicatorCalculator - Open: 0.03343000, Close: 0.03343000, High: 0.03343000, Low: 0.03343000, OpenTime: 2025-12-25T11:30, CloseTime: 2025-12-25T11:30:59
2025-12-25 16:09:35.953 INFO  [org.springframework.kafka.KafkaListenerEndpointContainer#0-0-C-1] c.s.s.indicators.IndicatorCalculator - Open: 0.03343000, Close: 0.03343000, High: 0.03343000, Low: 0.03343000, OpenTime: 2025-12-25T11:31, CloseTime: 2025-12-25T11:31:59
2025-12-25 16:09:35.953 INFO  [org.springframework.kafka.KafkaListenerEndpointContainer#0-0-C-1] c.s.s.indicators.IndicatorCalculator - Open: 0.03344000, Close: 0.03343000, High: 0.03344000, Low: 0.03343000, OpenTime: 2025-12-25T11:32, CloseTime: 2025-12-25T11:32:59
2025-12-25 16:09:35.954 INFO  [org.springframework.kafka.KafkaListenerEndpointContainer#0-0-C-1] c.s.s.indicators.IndicatorCalculator - Open: 0.03343000, Close: 0.03343000, High: 0.03343000, Low: 0.03343000, OpenTime: 2025-12-25T11:33, CloseTime: 2025-12-25T11:33:59
2025-12-25 16:09:35.954 INFO  [org.springframework.kafka.KafkaListenerEndpointContainer#0-0-C-1] c.s.s.indicators.IndicatorCalculator - Open: 0.03344000, Close: 0.03344000, High: 0.03344000, Low: 0.03344000, OpenTime: 2025-12-25T11:34, CloseTime: 2025-12-25T11:34:59
2025-12-25 16:09:35.987 INFO  [org.springframework.kafka.KafkaListenerEndpointContainer#0-0-C-1] c.s.s.indicators.IndicatorCalculator - Number of candles retrieved for BarSeries: 225
2025-12-25 16:09:35.987 INFO  [org.springframework.kafka.KafkaListenerEndpointContainer#0-0-C-1] c.s.s.indicators.IndicatorCalculator - List of candles:
2025-12-25 16:09:35.987 INFO  [org.springframework.kafka.KafkaListenerEndpointContainer#0-0-C-1] c.s.s.indicators.IndicatorCalculator - Open: 0.03344000, Close: 0.03344000, High: 0.03344000, Low: 0.03344000, OpenTime: 2025-12-25T11:25, CloseTime: 2025-12-25T11:25:59
2025-12-25 16:09:35.987 INFO  [org.springframework.kafka.KafkaListenerEndpointContainer#0-0-C-1] c.s.s.indicators.IndicatorCalculator - Open: 0.03344000, Close: 0.03344000, High: 0.03344000, Low: 0.03344000, OpenTime: 2025-12-25T11:26, CloseTime: 2025-12-25T11:26:59
2025-12-25 16:09:35.987 INFO  [org.springframework.kafka.KafkaListenerEndpointContainer#0-0-C-1] c.s.s.indicators.IndicatorCalculator - Open: 0.03343000, Close: 0.03343000, High: 0.03343000, Low: 0.03343000, OpenTime: 2025-12-25T11:27, CloseTime: 2025-12-25T11:27:59
2025-12-25 16:09:35.987 INFO  [org.springframework.kafka.KafkaListenerEndpointContainer#0-0-C-1] c.s.s.indicators.IndicatorCalculator - Open: 0.03343000, Close: 0.03343000, High: 0.03343000, Low: 0.03343000, OpenTime: 2025-12-25T11:28, CloseTime: 2025-12-25T11:28:59
2025-12-25 16:09:35.987 INFO  [org.springframework.kafka.KafkaListenerEndpointContainer#0-0-C-1] c.s.s.indicators.IndicatorCalculator - Open: 0.03343000, Close: 0.03344000, High: 0.03344000, Low: 0.03343000, OpenTime: 2025-12-25T11:29, CloseTime: 2025-12-25T11:29:59
2025-12-25 16:09:35.987 INFO  [org.springframework.kafka.KafkaListenerEndpointContainer#0-0-C-1] c.s.s.indicators.IndicatorCalculator - Open: 0.03343000, Close: 0.03343000, High: 0.03343000, Low: 0.03343000, OpenTime: 2025-12-25T11:30, CloseTime: 2025-12-25T11:30:59
2025-12-25 16:09:35.987 INFO  [org.springframework.kafka.KafkaListenerEndpointContainer#0-0-C-1] c.s.s.indicators.IndicatorCalculator - Open: 0.03343000, Close: 0.03343000, High: 0.03343000, Low: 0.03343000, OpenTime: 2025-12-25T11:31, CloseTime: 2025-12-25T11:31:59
2025-12-25 16:09:35.987 INFO  [org.springframework.kafka.KafkaListenerEndpointContainer#0-0-C-1] c.s.s.indicators.IndicatorCalculator - Open: 0.03344000, Close: 0.03343000, High: 0.03344000, Low: 0.03343000, OpenTime: 2025-12-25T11:32, CloseTime: 2025-12-25T11:32:59
2025-12-25 16:09:35.987 INFO  [org.springframework.kafka.KafkaListenerEndpointContainer#0-0-C-1] c.s.s.indicators.IndicatorCalculator - Open: 0.03343000, Close: 0.03343000, High: 0.03343000, Low: 0.03343000, OpenTime: 2025-12-25T11:33, CloseTime: 2025-12-25T11:33:59
2025-12-25 16:09:35.987 INFO  [org.springframework.kafka.KafkaListenerEndpointContainer#0-0-C-1] c.s.s.indicators.IndicatorCalculator - Open: 0.03344000, Close: 0.03344000, High: 0.03344000, Low: 0.03344000, OpenTime: 2025-12-25T11:34, CloseTime: 2025-12-25T11:34:59
2025-12-25 16:09:35.998 INFO  [org.springframework.kafka.KafkaListenerEndpointContainer#0-0-C-1] c.s.s.indicators.IndicatorListener - Saved Indicator Event in group stockapi
2025-12-25 16:09:35.998 INFO  [org.springframework.kafka.KafkaListenerEndpointContainer#0-0-C-1] c.s.s.indicators.IndicatorListener - Received Message in group stockapi: ["f376de71-95cf-4c7e-8d52-b547c101e68d"]
2025-12-25 16:09:36.004 INFO  [org.springframework.kafka.KafkaListenerEndpointContainer#0-0-C-1] c.s.s.indicators.IndicatorListener - Candle Found: f376de71-95cf-4c7e-8d52-b547c101e68d
2025-12-25 16:09:36.005 INFO  [org.springframework.kafka.KafkaListenerEndpointContainer#0-0-C-1] c.s.s.indicators.IndicatorListener - Candle with values: Open: 88178.39000000, Close: 88173.01000000, High: 88190.11000000, Low: 88151.00000000, OpenTime: 2025-12-25T15:09, CloseTime: 2025-12-25T15:09:59
2025-12-25 16:09:36.034 INFO  [org.springframework.kafka.KafkaListenerEndpointContainer#0-0-C-1] c.s.s.indicators.IndicatorCalculator - Number of candles retrieved for BarSeries: 225
2025-12-25 16:09:36.034 INFO  [org.springframework.kafka.KafkaListenerEndpointContainer#0-0-C-1] c.s.s.indicators.IndicatorCalculator - List of candles:
2025-12-25 16:09:36.034 INFO  [org.springframework.kafka.KafkaListenerEndpointContainer#0-0-C-1] c.s.s.indicators.IndicatorCalculator - Open: 87511.01000000, Close: 87489.00000000, High: 87511.01000000, Low: 87462.19000000, OpenTime: 2025-12-25T11:25, CloseTime: 2025-12-25T11:25:59
2025-12-25 16:09:36.035 INFO  [org.springframework.kafka.KafkaListenerEndpointContainer#0-0-C-1] c.s.s.indicators.IndicatorCalculator - Open: 87487.00000000, Close: 87494.81000000, High: 87494.81000000, Low: 87487.00000000, OpenTime: 2025-12-25T11:26, CloseTime: 2025-12-25T11:26:59
2025-12-25 16:09:36.035 INFO  [org.springframework.kafka.KafkaListenerEndpointContainer#0-0-C-1] c.s.s.indicators.IndicatorCalculator - Open: 87494.80000000, Close: 87528.67000000, High: 87528.68000000, Low: 87494.80000000, OpenTime: 2025-12-25T11:27, CloseTime: 2025-12-25T11:27:59
2025-12-25 16:09:36.035 INFO  [org.springframework.kafka.KafkaListenerEndpointContainer#0-0-C-1] c.s.s.indicators.IndicatorCalculator - Open: 87528.68000000, Close: 87526.99000000, High: 87550.00000000, Low: 87523.75000000, OpenTime: 2025-12-25T11:28, CloseTime: 2025-12-25T11:28:59
2025-12-25 16:09:36.035 INFO  [org.springframework.kafka.KafkaListenerEndpointContainer#0-0-C-1] c.s.s.indicators.IndicatorCalculator - Open: 87527.00000000, Close: 87535.37000000, High: 87535.38000000, Low: 87526.99000000, OpenTime: 2025-12-25T11:29, CloseTime: 2025-12-25T11:29:59
2025-12-25 16:09:36.035 INFO  [org.springframework.kafka.KafkaListenerEndpointContainer#0-0-C-1] c.s.s.indicators.IndicatorCalculator - Open: 87535.38000000, Close: 87536.10000000, High: 87537.28000000, Low: 87534.00000000, OpenTime: 2025-12-25T11:30, CloseTime: 2025-12-25T11:30:59
2025-12-25 16:09:36.035 INFO  [org.springframework.kafka.KafkaListenerEndpointContainer#0-0-C-1] c.s.s.indicators.IndicatorCalculator - Open: 87536.09000000, Close: 87549.49000000, High: 87549.49000000, Low: 87528.43000000, OpenTime: 2025-12-25T11:31, CloseTime: 2025-12-25T11:31:59
2025-12-25 16:09:36.035 INFO  [org.springframework.kafka.KafkaListenerEndpointContainer#0-0-C-1] c.s.s.indicators.IndicatorCalculator - Open: 87549.48000000, Close: 87550.00000000, High: 87550.00000000, Low: 87527.59000000, OpenTime: 2025-12-25T11:32, CloseTime: 2025-12-25T11:32:59
2025-12-25 16:09:36.035 INFO  [org.springframework.kafka.KafkaListenerEndpointContainer#0-0-C-1] c.s.s.indicators.IndicatorCalculator - Open: 87549.99000000, Close: 87551.00000000, High: 87551.30000000, Low: 87541.86000000, OpenTime: 2025-12-25T11:33, CloseTime: 2025-12-25T11:33:59
2025-12-25 16:09:36.035 INFO  [org.springframework.kafka.KafkaListenerEndpointContainer#0-0-C-1] c.s.s.indicators.IndicatorCalculator - Open: 87551.00000000, Close: 87558.99000000, High: 87559.00000000, Low: 87550.99000000, OpenTime: 2025-12-25T11:34, CloseTime: 2025-12-25T11:34:59
2025-12-25 16:09:36.069 INFO  [org.springframework.kafka.KafkaListenerEndpointContainer#0-0-C-1] c.s.s.indicators.IndicatorCalculator - Number of candles retrieved for BarSeries: 225
2025-12-25 16:09:36.070 INFO  [org.springframework.kafka.KafkaListenerEndpointContainer#0-0-C-1] c.s.s.indicators.IndicatorCalculator - List of candles:
2025-12-25 16:09:36.070 INFO  [org.springframework.kafka.KafkaListenerEndpointContainer#0-0-C-1] c.s.s.indicators.IndicatorCalculator - Open: 87511.01000000, Close: 87489.00000000, High: 87511.01000000, Low: 87462.19000000, OpenTime: 2025-12-25T11:25, CloseTime: 2025-12-25T11:25:59
2025-12-25 16:09:36.070 INFO  [org.springframework.kafka.KafkaListenerEndpointContainer#0-0-C-1] c.s.s.indicators.IndicatorCalculator - Open: 87487.00000000, Close: 87494.81000000, High: 87494.81000000, Low: 87487.00000000, OpenTime: 2025-12-25T11:26, CloseTime: 2025-12-25T11:26:59
2025-12-25 16:09:36.070 INFO  [org.springframework.kafka.KafkaListenerEndpointContainer#0-0-C-1] c.s.s.indicators.IndicatorCalculator - Open: 87494.80000000, Close: 87528.67000000, High: 87528.68000000, Low: 87494.80000000, OpenTime: 2025-12-25T11:27, CloseTime: 2025-12-25T11:27:59
2025-12-25 16:09:36.070 INFO  [org.springframework.kafka.KafkaListenerEndpointContainer#0-0-C-1] c.s.s.indicators.IndicatorCalculator - Open: 87528.68000000, Close: 87526.99000000, High: 87550.00000000, Low: 87523.75000000, OpenTime: 2025-12-25T11:28, CloseTime: 2025-12-25T11:28:59
2025-12-25 16:09:36.071 INFO  [org.springframework.kafka.KafkaListenerEndpointContainer#0-0-C-1] c.s.s.indicators.IndicatorCalculator - Open: 87527.00000000, Close: 87535.37000000, High: 87535.38000000, Low: 87526.99000000, OpenTime: 2025-12-25T11:29, CloseTime: 2025-12-25T11:29:59
2025-12-25 16:09:36.071 INFO  [org.springframework.kafka.KafkaListenerEndpointContainer#0-0-C-1] c.s.s.indicators.IndicatorCalculator - Open: 87535.38000000, Close: 87536.10000000, High: 87537.28000000, Low: 87534.00000000, OpenTime: 2025-12-25T11:30, CloseTime: 2025-12-25T11:30:59
2025-12-25 16:09:36.071 INFO  [org.springframework.kafka.KafkaListenerEndpointContainer#0-0-C-1] c.s.s.indicators.IndicatorCalculator - Open: 87536.09000000, Close: 87549.49000000, High: 87549.49000000, Low: 87528.43000000, OpenTime: 2025-12-25T11:31, CloseTime: 2025-12-25T11:31:59
2025-12-25 16:09:36.071 INFO  [org.springframework.kafka.KafkaListenerEndpointContainer#0-0-C-1] c.s.s.indicators.IndicatorCalculator - Open: 87549.48000000, Close: 87550.00000000, High: 87550.00000000, Low: 87527.59000000, OpenTime: 2025-12-25T11:32, CloseTime: 2025-12-25T11:32:59
2025-12-25 16:09:36.072 INFO  [org.springframework.kafka.KafkaListenerEndpointContainer#0-0-C-1] c.s.s.indicators.IndicatorCalculator - Open: 87549.99000000, Close: 87551.00000000, High: 87551.30000000, Low: 87541.86000000, OpenTime: 2025-12-25T11:33, CloseTime: 2025-12-25T11:33:59
2025-12-25 16:09:36.072 INFO  [org.springframework.kafka.KafkaListenerEndpointContainer#0-0-C-1] c.s.s.indicators.IndicatorCalculator - Open: 87551.00000000, Close: 87558.99000000, High: 87559.00000000, Low: 87550.99000000, OpenTime: 2025-12-25T11:34, CloseTime: 2025-12-25T11:34:59
2025-12-25 16:09:36.094 INFO  [org.springframework.kafka.KafkaListenerEndpointContainer#0-0-C-1] c.s.s.indicators.IndicatorCalculator - Number of candles retrieved for BarSeries: 225
2025-12-25 16:09:36.094 INFO  [org.springframework.kafka.KafkaListenerEndpointContainer#0-0-C-1] c.s.s.indicators.IndicatorCalculator - List of candles:
2025-12-25 16:09:36.094 INFO  [org.springframework.kafka.KafkaListenerEndpointContainer#0-0-C-1] c.s.s.indicators.IndicatorCalculator - Open: 87511.01000000, Close: 87489.00000000, High: 87511.01000000, Low: 87462.19000000, OpenTime: 2025-12-25T11:25, CloseTime: 2025-12-25T11:25:59
2025-12-25 16:09:36.095 INFO  [org.springframework.kafka.KafkaListenerEndpointContainer#0-0-C-1] c.s.s.indicators.IndicatorCalculator - Open: 87487.00000000, Close: 87494.81000000, High: 87494.81000000, Low: 87487.00000000, OpenTime: 2025-12-25T11:26, CloseTime: 2025-12-25T11:26:59
2025-12-25 16:09:36.095 INFO  [org.springframework.kafka.KafkaListenerEndpointContainer#0-0-C-1] c.s.s.indicators.IndicatorCalculator - Open: 87494.80000000, Close: 87528.67000000, High: 87528.68000000, Low: 87494.80000000, OpenTime: 2025-12-25T11:27, CloseTime: 2025-12-25T11:27:59
2025-12-25 16:09:36.095 INFO  [org.springframework.kafka.KafkaListenerEndpointContainer#0-0-C-1] c.s.s.indicators.IndicatorCalculator - Open: 87528.68000000, Close: 87526.99000000, High: 87550.00000000, Low: 87523.75000000, OpenTime: 2025-12-25T11:28, CloseTime: 2025-12-25T11:28:59
2025-12-25 16:09:36.095 INFO  [org.springframework.kafka.KafkaListenerEndpointContainer#0-0-C-1] c.s.s.indicators.IndicatorCalculator - Open: 87527.00000000, Close: 87535.37000000, High: 87535.38000000, Low: 87526.99000000, OpenTime: 2025-12-25T11:29, CloseTime: 2025-12-25T11:29:59
2025-12-25 16:09:36.095 INFO  [org.springframework.kafka.KafkaListenerEndpointContainer#0-0-C-1] c.s.s.indicators.IndicatorCalculator - Open: 87535.38000000, Close: 87536.10000000, High: 87537.28000000, Low: 87534.00000000, OpenTime: 2025-12-25T11:30, CloseTime: 2025-12-25T11:30:59
2025-12-25 16:09:36.095 INFO  [org.springframework.kafka.KafkaListenerEndpointContainer#0-0-C-1] c.s.s.indicators.IndicatorCalculator - Open: 87536.09000000, Close: 87549.49000000, High: 87549.49000000, Low: 87528.43000000, OpenTime: 2025-12-25T11:31, CloseTime: 2025-12-25T11:31:59
2025-12-25 16:09:36.095 INFO  [org.springframework.kafka.KafkaListenerEndpointContainer#0-0-C-1] c.s.s.indicators.IndicatorCalculator - Open: 87549.48000000, Close: 87550.00000000, High: 87550.00000000, Low: 87527.59000000, OpenTime: 2025-12-25T11:32, CloseTime: 2025-12-25T11:32:59
2025-12-25 16:09:36.095 INFO  [org.springframework.kafka.KafkaListenerEndpointContainer#0-0-C-1] c.s.s.indicators.IndicatorCalculator - Open: 87549.99000000, Close: 87551.00000000, High: 87551.30000000, Low: 87541.86000000, OpenTime: 2025-12-25T11:33, CloseTime: 2025-12-25T11:33:59
2025-12-25 16:09:36.095 INFO  [org.springframework.kafka.KafkaListenerEndpointContainer#0-0-C-1] c.s.s.indicators.IndicatorCalculator - Open: 87551.00000000, Close: 87558.99000000, High: 87559.00000000, Low: 87550.99000000, OpenTime: 2025-12-25T11:34, CloseTime: 2025-12-25T11:34:59
2025-12-25 16:09:36.103 INFO  [org.springframework.kafka.KafkaListenerEndpointContainer#0-0-C-1] c.s.s.indicators.IndicatorListener - Saved Indicator Event in group stockapi
2025-12-25 16:10:36.809 INFO  [org.springframework.kafka.KafkaListenerEndpointContainer#0-0-C-1] o.a.k.c.c.i.ConsumerRebalanceListenerInvoker - [Consumer clientId=consumer-stockapi-1, groupId=stockapi] Revoke previously assigned partitions indicator_events-0
2025-12-25 16:10:36.811 INFO  [org.springframework.kafka.KafkaListenerEndpointContainer#0-0-C-1] o.s.k.l.KafkaMessageListenerContainer - stockapi: partitions revoked: [indicator_events-0]
2025-12-25 16:10:36.811 INFO  [org.springframework.kafka.KafkaListenerEndpointContainer#0-0-C-1] o.a.k.c.c.i.ConsumerCoordinator - [Consumer clientId=consumer-stockapi-1, groupId=stockapi] Member consumer-stockapi-1-3f3e925a-5dce-4372-a996-b2edcb8fc5cf sending LeaveGroup request to coordinator kafka:9092 (id: 2147483646 rack: null) due to the consumer unsubscribed from all topics
2025-12-25 16:10:36.812 INFO  [org.springframework.kafka.KafkaListenerEndpointContainer#0-0-C-1] o.a.k.c.c.i.ConsumerCoordinator - [Consumer clientId=consumer-stockapi-1, groupId=stockapi] Resetting generation and member id due to: consumer pro-actively leaving the group
2025-12-25 16:10:36.812 INFO  [org.springframework.kafka.KafkaListenerEndpointContainer#0-0-C-1] o.a.k.c.c.i.ConsumerCoordinator - [Consumer clientId=consumer-stockapi-1, groupId=stockapi] Request joining group due to: consumer pro-actively leaving the group
2025-12-25 16:10:36.812 INFO  [org.springframework.kafka.KafkaListenerEndpointContainer#0-0-C-1] o.a.k.c.c.i.LegacyKafkaConsumer - [Consumer clientId=consumer-stockapi-1, groupId=stockapi] Unsubscribed all topics or patterns and assigned partitions
2025-12-25 16:10:36.814 INFO  [org.springframework.kafka.KafkaListenerEndpointContainer#0-0-C-1] o.a.k.c.c.i.ConsumerCoordinator - [Consumer clientId=consumer-stockapi-1, groupId=stockapi] Resetting generation and member id due to: consumer pro-actively leaving the group
2025-12-25 16:10:36.815 INFO  [org.springframework.kafka.KafkaListenerEndpointContainer#0-0-C-1] o.a.k.c.c.i.ConsumerCoordinator - [Consumer clientId=consumer-stockapi-1, groupId=stockapi] Request joining group due to: consumer pro-actively leaving the group
2025-12-25 16:10:37.158 INFO  [org.springframework.kafka.KafkaListenerEndpointContainer#0-0-C-1] o.a.kafka.common.metrics.Metrics - Metrics scheduler closed
2025-12-25 16:10:37.159 INFO  [org.springframework.kafka.KafkaListenerEndpointContainer#0-0-C-1] o.a.kafka.common.metrics.Metrics - Closing reporter org.apache.kafka.common.metrics.JmxReporter
2025-12-25 16:10:37.159 INFO  [org.springframework.kafka.KafkaListenerEndpointContainer#0-0-C-1] o.a.kafka.common.metrics.Metrics - Closing reporter org.apache.kafka.common.telemetry.internals.ClientTelemetryReporter
2025-12-25 16:10:37.159 INFO  [org.springframework.kafka.KafkaListenerEndpointContainer#0-0-C-1] o.a.kafka.common.metrics.Metrics - Metrics reporters closed
2025-12-25 16:10:37.167 INFO  [org.springframework.kafka.KafkaListenerEndpointContainer#0-0-C-1] o.a.kafka.common.utils.AppInfoParser - App info kafka.consumer for consumer-stockapi-1 unregistered
2025-12-25 16:10:37.168 INFO  [org.springframework.kafka.KafkaListenerEndpointContainer#0-0-C-1] o.s.k.l.KafkaMessageListenerContainer - stockapi: Consumer stopped
2025-12-25 16:10:37.171 INFO  [SpringApplicationShutdownHook] o.s.b.w.e.tomcat.GracefulShutdown - Commencing graceful shutdown. Waiting for active requests to complete
2025-12-25 16:10:37.174 INFO  [tomcat-shutdown] o.s.b.w.e.tomcat.GracefulShutdown - Graceful shutdown complete
2025-12-25 16:10:37.187 INFO  [SpringApplicationShutdownHook] o.s.o.j.LocalContainerEntityManagerFactoryBean - Closing JPA EntityManagerFactory for persistence unit 'default'
2025-12-25 16:10:37.190 INFO  [SpringApplicationShutdownHook] com.zaxxer.hikari.HikariDataSource - HikariPool-1 - Shutdown initiated...
2025-12-25 16:10:37.194 INFO  [SpringApplicationShutdownHook] com.zaxxer.hikari.HikariDataSource - HikariPool-1 - Shutdown completed.
