2026-01-16 21:05:56.466 INFO  [background-preinit] o.h.validator.internal.util.Version - HV000001: Hibernate Validator 8.0.2.Final
2026-01-16 21:05:56.519 INFO  [main] c.s.stockapi.StockapiApplication - Starting StockapiApplication v0.0.1-SNAPSHOT using Java 21.0.9 with PID 1 (/app/app.jar started by root in /app)
2026-01-16 21:05:56.521 INFO  [main] c.s.stockapi.StockapiApplication - The following 1 profile is active: "dev"
2026-01-16 21:05:57.231 INFO  [main] o.s.d.r.c.RepositoryConfigurationDelegate - Bootstrapping Spring Data JPA repositories in DEFAULT mode.
2026-01-16 21:05:57.288 INFO  [main] o.s.d.r.c.RepositoryConfigurationDelegate - Finished Spring Data repository scanning in 50 ms. Found 11 JPA repository interfaces.
2026-01-16 21:05:57.982 INFO  [main] o.s.b.w.e.tomcat.TomcatWebServer - Tomcat initialized with port 8080 (http)
2026-01-16 21:05:57.992 INFO  [main] o.a.coyote.http11.Http11NioProtocol - Initializing ProtocolHandler ["http-nio-8080"]
2026-01-16 21:05:57.993 INFO  [main] o.a.catalina.core.StandardService - Starting service [Tomcat]
2026-01-16 21:05:57.993 INFO  [main] o.a.catalina.core.StandardEngine - Starting Servlet engine: [Apache Tomcat/10.1.40]
2026-01-16 21:05:58.025 INFO  [main] o.a.c.c.C.[Tomcat].[localhost].[/] - Initializing Spring embedded WebApplicationContext
2026-01-16 21:05:58.025 INFO  [main] o.s.b.w.s.c.ServletWebServerApplicationContext - Root WebApplicationContext: initialization completed in 1474 ms
2026-01-16 21:05:58.361 INFO  [main] com.zaxxer.hikari.HikariDataSource - HikariPool-1 - Starting...
2026-01-16 21:05:58.492 INFO  [main] com.zaxxer.hikari.pool.HikariPool - HikariPool-1 - Added connection org.postgresql.jdbc.PgConnection@6996bbc4
2026-01-16 21:05:58.493 INFO  [main] com.zaxxer.hikari.HikariDataSource - HikariPool-1 - Start completed.
2026-01-16 21:05:58.527 INFO  [main] o.h.jpa.internal.util.LogHelper - HHH000204: Processing PersistenceUnitInfo [name: default]
2026-01-16 21:05:58.587 INFO  [main] org.hibernate.Version - HHH000412: Hibernate ORM core version 6.6.13.Final
2026-01-16 21:05:58.623 INFO  [main] o.h.c.i.RegionFactoryInitiator - HHH000026: Second-level cache disabled
2026-01-16 21:05:58.834 INFO  [main] o.s.o.j.p.SpringPersistenceUnitInfo - No LoadTimeWeaver setup: ignoring JPA class transformer
2026-01-16 21:05:58.876 WARN  [main] org.hibernate.orm.deprecation - HHH90000025: PostgreSQLDialect does not need to be specified explicitly using 'hibernate.dialect' (remove the property setting and it will be selected by default)
2026-01-16 21:05:58.886 INFO  [main] o.hibernate.orm.connections.pooling - HHH10001005: Database info:
	Database JDBC URL [Connecting through datasource 'HikariDataSource (HikariPool-1)']
	Database driver: undefined/unknown
	Database version: 15.15
	Autocommit mode: undefined/unknown
	Isolation level: undefined/unknown
	Minimum pool size: undefined/unknown
	Maximum pool size: undefined/unknown
2026-01-16 21:05:59.775 INFO  [main] o.h.e.t.j.p.i.JtaPlatformInitiator - HHH000489: No JTA platform available (set 'hibernate.transaction.jta.platform' to enable JTA platform integration)
2026-01-16 21:05:59.777 INFO  [main] o.s.o.j.LocalContainerEntityManagerFactoryBean - Initialized JPA EntityManagerFactory for persistence unit 'default'
2026-01-16 21:06:00.042 INFO  [main] o.s.d.j.r.query.QueryEnhancerFactory - Hibernate is in classpath; If applicable, HQL parser will be used.
2026-01-16 21:06:00.864 INFO  [main] o.s.s.c.a.a.c.InitializeAuthenticationProviderBeanManagerConfigurer$InitializeAuthenticationProviderManagerConfigurer - Global AuthenticationManager configured with AuthenticationProvider bean with name authenticationProvider
2026-01-16 21:06:00.938 WARN  [main] o.s.b.a.o.j.JpaBaseConfiguration$JpaWebConfiguration - spring.jpa.open-in-view is enabled by default. Therefore, database queries may be performed during view rendering. Explicitly configure spring.jpa.open-in-view to disable this warning
2026-01-16 21:06:01.031 WARN  [main] o.s.s.c.a.w.c.AuthorizeHttpRequestsConfigurer$AuthorizationManagerRequestMatcherRegistry - One of the patterns in [candles/**, users/**, /actuator/health] is missing a leading slash. This is discouraged; please include the leading slash in all your request matcher patterns. In future versions of Spring Security, leaving out the leading slash will result in an exception.
2026-01-16 21:06:01.257 INFO  [main] o.s.b.a.e.web.EndpointLinksResolver - Exposing 2 endpoints beneath base path '/actuator'
2026-01-16 21:06:01.680 INFO  [main] o.a.coyote.http11.Http11NioProtocol - Starting ProtocolHandler ["http-nio-8080"]
2026-01-16 21:06:01.688 INFO  [main] o.s.b.w.e.tomcat.TomcatWebServer - Tomcat started on port 8080 (http) with context path '/'
2026-01-16 21:06:01.717 INFO  [main] o.a.k.c.consumer.ConsumerConfig - ConsumerConfig values: 
	allow.auto.create.topics = true
	auto.commit.interval.ms = 5000
	auto.include.jmx.reporter = true
	auto.offset.reset = latest
	bootstrap.servers = [kafka:9092]
	check.crcs = true
	client.dns.lookup = use_all_dns_ips
	client.id = consumer-stockapi-1
	client.rack = 
	connections.max.idle.ms = 540000
	default.api.timeout.ms = 60000
	enable.auto.commit = false
	enable.metrics.push = true
	exclude.internal.topics = true
	fetch.max.bytes = 52428800
	fetch.max.wait.ms = 500
	fetch.min.bytes = 1
	group.id = stockapi
	group.instance.id = null
	group.protocol = classic
	group.remote.assignor = null
	heartbeat.interval.ms = 3000
	interceptor.classes = []
	internal.leave.group.on.close = true
	internal.throw.on.fetch.stable.offset.unsupported = false
	isolation.level = read_uncommitted
	key.deserializer = class org.apache.kafka.common.serialization.StringDeserializer
	max.partition.fetch.bytes = 1048576
	max.poll.interval.ms = 300000
	max.poll.records = 500
	metadata.max.age.ms = 300000
	metadata.recovery.strategy = none
	metric.reporters = []
	metrics.num.samples = 2
	metrics.recording.level = INFO
	metrics.sample.window.ms = 30000
	partition.assignment.strategy = [class org.apache.kafka.clients.consumer.RangeAssignor, class org.apache.kafka.clients.consumer.CooperativeStickyAssignor]
	receive.buffer.bytes = 65536
	reconnect.backoff.max.ms = 1000
	reconnect.backoff.ms = 50
	request.timeout.ms = 30000
	retry.backoff.max.ms = 1000
	retry.backoff.ms = 100
	sasl.client.callback.handler.class = null
	sasl.jaas.config = null
	sasl.kerberos.kinit.cmd = /usr/bin/kinit
	sasl.kerberos.min.time.before.relogin = 60000
	sasl.kerberos.service.name = null
	sasl.kerberos.ticket.renew.jitter = 0.05
	sasl.kerberos.ticket.renew.window.factor = 0.8
	sasl.login.callback.handler.class = null
	sasl.login.class = null
	sasl.login.connect.timeout.ms = null
	sasl.login.read.timeout.ms = null
	sasl.login.refresh.buffer.seconds = 300
	sasl.login.refresh.min.period.seconds = 60
	sasl.login.refresh.window.factor = 0.8
	sasl.login.refresh.window.jitter = 0.05
	sasl.login.retry.backoff.max.ms = 10000
	sasl.login.retry.backoff.ms = 100
	sasl.mechanism = GSSAPI
	sasl.oauthbearer.clock.skew.seconds = 30
	sasl.oauthbearer.expected.audience = null
	sasl.oauthbearer.expected.issuer = null
	sasl.oauthbearer.jwks.endpoint.refresh.ms = 3600000
	sasl.oauthbearer.jwks.endpoint.retry.backoff.max.ms = 10000
	sasl.oauthbearer.jwks.endpoint.retry.backoff.ms = 100
	sasl.oauthbearer.jwks.endpoint.url = null
	sasl.oauthbearer.scope.claim.name = scope
	sasl.oauthbearer.sub.claim.name = sub
	sasl.oauthbearer.token.endpoint.url = null
	security.protocol = PLAINTEXT
	security.providers = null
	send.buffer.bytes = 131072
	session.timeout.ms = 45000
	socket.connection.setup.timeout.max.ms = 30000
	socket.connection.setup.timeout.ms = 10000
	ssl.cipher.suites = null
	ssl.enabled.protocols = [TLSv1.2, TLSv1.3]
	ssl.endpoint.identification.algorithm = https
	ssl.engine.factory.class = null
	ssl.key.password = null
	ssl.keymanager.algorithm = SunX509
	ssl.keystore.certificate.chain = null
	ssl.keystore.key = null
	ssl.keystore.location = null
	ssl.keystore.password = null
	ssl.keystore.type = JKS
	ssl.protocol = TLSv1.3
	ssl.provider = null
	ssl.secure.random.implementation = null
	ssl.trustmanager.algorithm = PKIX
	ssl.truststore.certificates = null
	ssl.truststore.location = null
	ssl.truststore.password = null
	ssl.truststore.type = JKS
	value.deserializer = class org.apache.kafka.common.serialization.StringDeserializer

2026-01-16 21:06:01.750 INFO  [main] o.a.k.c.t.i.KafkaMetricsCollector - initializing Kafka metrics collector
2026-01-16 21:06:01.876 INFO  [main] o.a.kafka.common.utils.AppInfoParser - Kafka version: 3.8.1
2026-01-16 21:06:01.876 INFO  [main] o.a.kafka.common.utils.AppInfoParser - Kafka commitId: 70d6ff42debf7e17
2026-01-16 21:06:01.876 INFO  [main] o.a.kafka.common.utils.AppInfoParser - Kafka startTimeMs: 1768593961874
2026-01-16 21:06:01.888 INFO  [main] o.a.k.c.c.i.LegacyKafkaConsumer - [Consumer clientId=consumer-stockapi-1, groupId=stockapi] Subscribed to topic(s): indicator_events
2026-01-16 21:06:01.911 INFO  [main] c.s.stockapi.StockapiApplication - Started StockapiApplication in 5.813 seconds (process running for 6.153)
2026-01-16 21:06:02.134 INFO  [org.springframework.kafka.KafkaListenerEndpointContainer#0-0-C-1] org.apache.kafka.clients.Metadata - [Consumer clientId=consumer-stockapi-1, groupId=stockapi] Cluster ID: 5L6g3nShT-eMCtK--X86sw
2026-01-16 21:06:02.134 INFO  [org.springframework.kafka.KafkaListenerEndpointContainer#0-0-C-1] o.a.k.c.c.i.ConsumerCoordinator - [Consumer clientId=consumer-stockapi-1, groupId=stockapi] Discovered group coordinator kafka:9092 (id: 2147483646 rack: null)
2026-01-16 21:06:02.136 INFO  [org.springframework.kafka.KafkaListenerEndpointContainer#0-0-C-1] o.a.k.c.c.i.ConsumerCoordinator - [Consumer clientId=consumer-stockapi-1, groupId=stockapi] (Re-)joining group
2026-01-16 21:06:02.151 INFO  [org.springframework.kafka.KafkaListenerEndpointContainer#0-0-C-1] o.a.k.c.c.i.ConsumerCoordinator - [Consumer clientId=consumer-stockapi-1, groupId=stockapi] Request joining group due to: need to re-join with the given member-id: consumer-stockapi-1-3c950fbe-0eb0-4961-8da9-31a683548b29
2026-01-16 21:06:02.151 INFO  [org.springframework.kafka.KafkaListenerEndpointContainer#0-0-C-1] o.a.k.c.c.i.ConsumerCoordinator - [Consumer clientId=consumer-stockapi-1, groupId=stockapi] (Re-)joining group
2026-01-16 21:06:05.162 INFO  [org.springframework.kafka.KafkaListenerEndpointContainer#0-0-C-1] o.a.k.c.c.i.ConsumerCoordinator - [Consumer clientId=consumer-stockapi-1, groupId=stockapi] Successfully joined group with generation Generation{generationId=15, memberId='consumer-stockapi-1-3c950fbe-0eb0-4961-8da9-31a683548b29', protocol='range'}
2026-01-16 21:06:05.167 INFO  [org.springframework.kafka.KafkaListenerEndpointContainer#0-0-C-1] o.a.k.c.c.i.ConsumerCoordinator - [Consumer clientId=consumer-stockapi-1, groupId=stockapi] Finished assignment for group at generation 15: {consumer-stockapi-1-3c950fbe-0eb0-4961-8da9-31a683548b29=Assignment(partitions=[indicator_events-0])}
2026-01-16 21:06:05.181 INFO  [org.springframework.kafka.KafkaListenerEndpointContainer#0-0-C-1] o.a.k.c.c.i.ConsumerCoordinator - [Consumer clientId=consumer-stockapi-1, groupId=stockapi] Successfully synced group in generation Generation{generationId=15, memberId='consumer-stockapi-1-3c950fbe-0eb0-4961-8da9-31a683548b29', protocol='range'}
2026-01-16 21:06:05.181 INFO  [org.springframework.kafka.KafkaListenerEndpointContainer#0-0-C-1] o.a.k.c.c.i.ConsumerCoordinator - [Consumer clientId=consumer-stockapi-1, groupId=stockapi] Notifying assignor about the new Assignment(partitions=[indicator_events-0])
2026-01-16 21:06:05.184 INFO  [org.springframework.kafka.KafkaListenerEndpointContainer#0-0-C-1] o.a.k.c.c.i.ConsumerRebalanceListenerInvoker - [Consumer clientId=consumer-stockapi-1, groupId=stockapi] Adding newly assigned partitions: indicator_events-0
2026-01-16 21:06:05.194 INFO  [org.springframework.kafka.KafkaListenerEndpointContainer#0-0-C-1] o.a.k.c.c.internals.ConsumerUtils - Setting offset for partition indicator_events-0 to the committed offset FetchPosition{offset=3441, offsetEpoch=Optional.empty, currentLeader=LeaderAndEpoch{leader=Optional[kafka:9092 (id: 1 rack: null)], epoch=14}}
2026-01-16 21:06:05.195 INFO  [org.springframework.kafka.KafkaListenerEndpointContainer#0-0-C-1] o.s.k.l.KafkaMessageListenerContainer - stockapi: partitions assigned: [indicator_events-0]
2026-01-16 21:06:05.235 INFO  [org.springframework.kafka.KafkaListenerEndpointContainer#0-0-C-1] c.s.s.indicators.IndicatorListener - Received Message in group stockapi: ["1fba72ce-6983-44ad-8ca1-559a48553f34"]
2026-01-16 21:06:05.446 INFO  [org.springframework.kafka.KafkaListenerEndpointContainer#0-0-C-1] c.s.s.indicators.IndicatorCalculator - Number of candles retrieved for BarSeries: 263
2026-01-16 21:06:05.446 INFO  [org.springframework.kafka.KafkaListenerEndpointContainer#0-0-C-1] c.s.s.indicators.IndicatorCalculator - List of candles:
2026-01-16 21:06:05.536 INFO  [org.springframework.kafka.KafkaListenerEndpointContainer#0-0-C-1] c.s.s.indicators.IndicatorCalculator - Number of candles retrieved for BarSeries: 263
2026-01-16 21:06:05.536 INFO  [org.springframework.kafka.KafkaListenerEndpointContainer#0-0-C-1] c.s.s.indicators.IndicatorCalculator - List of candles:
2026-01-16 21:06:05.559 INFO  [org.springframework.kafka.KafkaListenerEndpointContainer#0-0-C-1] c.s.s.indicators.IndicatorCalculator - Number of candles retrieved for BarSeries: 263
2026-01-16 21:06:05.559 INFO  [org.springframework.kafka.KafkaListenerEndpointContainer#0-0-C-1] c.s.s.indicators.IndicatorCalculator - List of candles:
2026-01-16 21:06:05.571 INFO  [org.springframework.kafka.KafkaListenerEndpointContainer#0-0-C-1] c.s.s.indicators.IndicatorListener - Saved Indicator Event in database for Candle ID: 1fba72ce-6983-44ad-8ca1-559a48553f34
2026-01-16 21:06:05.572 INFO  [org.springframework.kafka.KafkaListenerEndpointContainer#0-0-C-1] c.s.s.indicators.IndicatorListener - Received Message in group stockapi: ["f12a6c6f-d9f5-4804-a034-6b7165063dd7"]
2026-01-16 21:06:05.590 INFO  [org.springframework.kafka.KafkaListenerEndpointContainer#0-0-C-1] c.s.s.indicators.IndicatorCalculator - Number of candles retrieved for BarSeries: 263
2026-01-16 21:06:05.591 INFO  [org.springframework.kafka.KafkaListenerEndpointContainer#0-0-C-1] c.s.s.indicators.IndicatorCalculator - List of candles:
2026-01-16 21:06:05.624 INFO  [org.springframework.kafka.KafkaListenerEndpointContainer#0-0-C-1] c.s.s.indicators.IndicatorCalculator - Number of candles retrieved for BarSeries: 263
2026-01-16 21:06:05.624 INFO  [org.springframework.kafka.KafkaListenerEndpointContainer#0-0-C-1] c.s.s.indicators.IndicatorCalculator - List of candles:
2026-01-16 21:06:05.667 INFO  [org.springframework.kafka.KafkaListenerEndpointContainer#0-0-C-1] c.s.s.indicators.IndicatorCalculator - Number of candles retrieved for BarSeries: 263
2026-01-16 21:06:05.668 INFO  [org.springframework.kafka.KafkaListenerEndpointContainer#0-0-C-1] c.s.s.indicators.IndicatorCalculator - List of candles:
2026-01-16 21:06:05.676 INFO  [org.springframework.kafka.KafkaListenerEndpointContainer#0-0-C-1] c.s.s.indicators.IndicatorListener - Saved Indicator Event in database for Candle ID: f12a6c6f-d9f5-4804-a034-6b7165063dd7
2026-01-16 21:06:05.676 INFO  [org.springframework.kafka.KafkaListenerEndpointContainer#0-0-C-1] c.s.s.indicators.IndicatorListener - Received Message in group stockapi: ["e05e45b8-62d3-4a8e-8873-de1028b4fdfe"]
2026-01-16 21:06:05.696 INFO  [org.springframework.kafka.KafkaListenerEndpointContainer#0-0-C-1] c.s.s.indicators.IndicatorCalculator - Number of candles retrieved for BarSeries: 264
2026-01-16 21:06:05.696 INFO  [org.springframework.kafka.KafkaListenerEndpointContainer#0-0-C-1] c.s.s.indicators.IndicatorCalculator - List of candles:
2026-01-16 21:06:05.718 INFO  [org.springframework.kafka.KafkaListenerEndpointContainer#0-0-C-1] c.s.s.indicators.IndicatorCalculator - Number of candles retrieved for BarSeries: 264
2026-01-16 21:06:05.718 INFO  [org.springframework.kafka.KafkaListenerEndpointContainer#0-0-C-1] c.s.s.indicators.IndicatorCalculator - List of candles:
2026-01-16 21:06:05.747 INFO  [org.springframework.kafka.KafkaListenerEndpointContainer#0-0-C-1] c.s.s.indicators.IndicatorCalculator - Number of candles retrieved for BarSeries: 264
2026-01-16 21:06:05.748 INFO  [org.springframework.kafka.KafkaListenerEndpointContainer#0-0-C-1] c.s.s.indicators.IndicatorCalculator - List of candles:
2026-01-16 21:06:05.757 INFO  [org.springframework.kafka.KafkaListenerEndpointContainer#0-0-C-1] c.s.s.indicators.IndicatorListener - Saved Indicator Event in database for Candle ID: e05e45b8-62d3-4a8e-8873-de1028b4fdfe
2026-01-16 21:06:05.757 INFO  [org.springframework.kafka.KafkaListenerEndpointContainer#0-0-C-1] c.s.s.indicators.IndicatorListener - Received Message in group stockapi: ["f8b203ec-e432-4ec8-bc2c-440bbe3a701e"]
2026-01-16 21:06:05.777 INFO  [org.springframework.kafka.KafkaListenerEndpointContainer#0-0-C-1] c.s.s.indicators.IndicatorCalculator - Number of candles retrieved for BarSeries: 263
2026-01-16 21:06:05.777 INFO  [org.springframework.kafka.KafkaListenerEndpointContainer#0-0-C-1] c.s.s.indicators.IndicatorCalculator - List of candles:
2026-01-16 21:06:05.792 INFO  [org.springframework.kafka.KafkaListenerEndpointContainer#0-0-C-1] c.s.s.indicators.IndicatorCalculator - Number of candles retrieved for BarSeries: 263
2026-01-16 21:06:05.792 INFO  [org.springframework.kafka.KafkaListenerEndpointContainer#0-0-C-1] c.s.s.indicators.IndicatorCalculator - List of candles:
2026-01-16 21:06:05.808 INFO  [org.springframework.kafka.KafkaListenerEndpointContainer#0-0-C-1] c.s.s.indicators.IndicatorCalculator - Number of candles retrieved for BarSeries: 263
2026-01-16 21:06:05.809 INFO  [org.springframework.kafka.KafkaListenerEndpointContainer#0-0-C-1] c.s.s.indicators.IndicatorCalculator - List of candles:
2026-01-16 21:06:05.817 INFO  [org.springframework.kafka.KafkaListenerEndpointContainer#0-0-C-1] c.s.s.indicators.IndicatorListener - Saved Indicator Event in database for Candle ID: f8b203ec-e432-4ec8-bc2c-440bbe3a701e
2026-01-16 21:06:05.817 INFO  [org.springframework.kafka.KafkaListenerEndpointContainer#0-0-C-1] c.s.s.indicators.IndicatorListener - Received Message in group stockapi: ["60e2103c-b98e-4edb-bc21-d52755d81be0"]
2026-01-16 21:06:05.830 INFO  [org.springframework.kafka.KafkaListenerEndpointContainer#0-0-C-1] c.s.s.indicators.IndicatorCalculator - Number of candles retrieved for BarSeries: 264
2026-01-16 21:06:05.831 INFO  [org.springframework.kafka.KafkaListenerEndpointContainer#0-0-C-1] c.s.s.indicators.IndicatorCalculator - List of candles:
2026-01-16 21:06:05.847 INFO  [org.springframework.kafka.KafkaListenerEndpointContainer#0-0-C-1] c.s.s.indicators.IndicatorCalculator - Number of candles retrieved for BarSeries: 264
2026-01-16 21:06:05.847 INFO  [org.springframework.kafka.KafkaListenerEndpointContainer#0-0-C-1] c.s.s.indicators.IndicatorCalculator - List of candles:
2026-01-16 21:06:05.871 INFO  [org.springframework.kafka.KafkaListenerEndpointContainer#0-0-C-1] c.s.s.indicators.IndicatorCalculator - Number of candles retrieved for BarSeries: 264
2026-01-16 21:06:05.871 INFO  [org.springframework.kafka.KafkaListenerEndpointContainer#0-0-C-1] c.s.s.indicators.IndicatorCalculator - List of candles:
2026-01-16 21:06:05.877 INFO  [org.springframework.kafka.KafkaListenerEndpointContainer#0-0-C-1] c.s.s.indicators.IndicatorListener - Saved Indicator Event in database for Candle ID: 60e2103c-b98e-4edb-bc21-d52755d81be0
2026-01-16 21:06:05.877 INFO  [org.springframework.kafka.KafkaListenerEndpointContainer#0-0-C-1] c.s.s.indicators.IndicatorListener - Received Message in group stockapi: ["3e76ed44-aefd-42d1-850e-dc94a7de6043"]
2026-01-16 21:06:05.896 INFO  [org.springframework.kafka.KafkaListenerEndpointContainer#0-0-C-1] c.s.s.indicators.IndicatorCalculator - Number of candles retrieved for BarSeries: 263
2026-01-16 21:06:05.896 INFO  [org.springframework.kafka.KafkaListenerEndpointContainer#0-0-C-1] c.s.s.indicators.IndicatorCalculator - List of candles:
2026-01-16 21:06:05.901 INFO  [http-nio-8080-exec-1] o.a.c.c.C.[Tomcat].[localhost].[/] - Initializing Spring DispatcherServlet 'dispatcherServlet'
2026-01-16 21:06:05.901 INFO  [http-nio-8080-exec-1] o.s.web.servlet.DispatcherServlet - Initializing Servlet 'dispatcherServlet'
2026-01-16 21:06:05.902 INFO  [http-nio-8080-exec-1] o.s.web.servlet.DispatcherServlet - Completed initialization in 1 ms
2026-01-16 21:06:05.918 INFO  [org.springframework.kafka.KafkaListenerEndpointContainer#0-0-C-1] c.s.s.indicators.IndicatorCalculator - Number of candles retrieved for BarSeries: 263
2026-01-16 21:06:05.918 INFO  [org.springframework.kafka.KafkaListenerEndpointContainer#0-0-C-1] c.s.s.indicators.IndicatorCalculator - List of candles:
2026-01-16 21:06:05.941 INFO  [org.springframework.kafka.KafkaListenerEndpointContainer#0-0-C-1] c.s.s.indicators.IndicatorCalculator - Number of candles retrieved for BarSeries: 263
2026-01-16 21:06:05.942 INFO  [org.springframework.kafka.KafkaListenerEndpointContainer#0-0-C-1] c.s.s.indicators.IndicatorCalculator - List of candles:
2026-01-16 21:06:05.946 INFO  [org.springframework.kafka.KafkaListenerEndpointContainer#0-0-C-1] c.s.s.indicators.IndicatorListener - Saved Indicator Event in database for Candle ID: 3e76ed44-aefd-42d1-850e-dc94a7de6043
2026-01-16 21:06:05.947 INFO  [org.springframework.kafka.KafkaListenerEndpointContainer#0-0-C-1] c.s.s.indicators.IndicatorListener - Received Message in group stockapi: ["0f152428-b4a2-4b10-93d4-9096b905c91b"]
2026-01-16 21:06:05.969 INFO  [org.springframework.kafka.KafkaListenerEndpointContainer#0-0-C-1] c.s.s.indicators.IndicatorCalculator - Number of candles retrieved for BarSeries: 263
2026-01-16 21:06:05.969 INFO  [org.springframework.kafka.KafkaListenerEndpointContainer#0-0-C-1] c.s.s.indicators.IndicatorCalculator - List of candles:
2026-01-16 21:06:05.991 INFO  [org.springframework.kafka.KafkaListenerEndpointContainer#0-0-C-1] c.s.s.indicators.IndicatorCalculator - Number of candles retrieved for BarSeries: 263
2026-01-16 21:06:05.992 INFO  [org.springframework.kafka.KafkaListenerEndpointContainer#0-0-C-1] c.s.s.indicators.IndicatorCalculator - List of candles:
2026-01-16 21:06:06.008 INFO  [org.springframework.kafka.KafkaListenerEndpointContainer#0-0-C-1] c.s.s.indicators.IndicatorCalculator - Number of candles retrieved for BarSeries: 263
2026-01-16 21:06:06.009 INFO  [org.springframework.kafka.KafkaListenerEndpointContainer#0-0-C-1] c.s.s.indicators.IndicatorCalculator - List of candles:
2026-01-16 21:06:06.014 INFO  [org.springframework.kafka.KafkaListenerEndpointContainer#0-0-C-1] c.s.s.indicators.IndicatorListener - Saved Indicator Event in database for Candle ID: 0f152428-b4a2-4b10-93d4-9096b905c91b
2026-01-16 21:06:06.014 INFO  [org.springframework.kafka.KafkaListenerEndpointContainer#0-0-C-1] c.s.s.indicators.IndicatorListener - Received Message in group stockapi: ["d7354f5c-47df-45cb-8d26-c0295280da63"]
2026-01-16 21:06:06.035 INFO  [org.springframework.kafka.KafkaListenerEndpointContainer#0-0-C-1] c.s.s.indicators.IndicatorCalculator - Number of candles retrieved for BarSeries: 263
2026-01-16 21:06:06.035 INFO  [org.springframework.kafka.KafkaListenerEndpointContainer#0-0-C-1] c.s.s.indicators.IndicatorCalculator - List of candles:
2026-01-16 21:06:06.056 INFO  [org.springframework.kafka.KafkaListenerEndpointContainer#0-0-C-1] c.s.s.indicators.IndicatorCalculator - Number of candles retrieved for BarSeries: 263
2026-01-16 21:06:06.057 INFO  [org.springframework.kafka.KafkaListenerEndpointContainer#0-0-C-1] c.s.s.indicators.IndicatorCalculator - List of candles:
2026-01-16 21:06:06.070 INFO  [org.springframework.kafka.KafkaListenerEndpointContainer#0-0-C-1] c.s.s.indicators.IndicatorCalculator - Number of candles retrieved for BarSeries: 263
2026-01-16 21:06:06.070 INFO  [org.springframework.kafka.KafkaListenerEndpointContainer#0-0-C-1] c.s.s.indicators.IndicatorCalculator - List of candles:
2026-01-16 21:06:06.075 INFO  [org.springframework.kafka.KafkaListenerEndpointContainer#0-0-C-1] c.s.s.indicators.IndicatorListener - Saved Indicator Event in database for Candle ID: d7354f5c-47df-45cb-8d26-c0295280da63
2026-01-16 21:06:30.014 INFO  [scheduling-1] c.s.s.trade.service.TradeExecutor - [BTCUSDC] Executing trades for managed accounts...
2026-01-16 21:06:30.033 INFO  [scheduling-1] c.s.s.trade.service.TradeService - Executing trades for managed assets for pair BTCUSDC (users=1)
2026-01-16 21:06:31.107 INFO  [pool-2-thread-1] c.s.s.trade.service.TradeService - User igor.bialas@gmail.com wallet for pair BTCUSDC: baseAmount=0.01101437, quoteAmount=4184.75440055, totalValue=5229.1947893925000000
2026-01-16 21:06:31.130 INFO  [pool-2-thread-1] c.s.s.trade.service.TradeService - Executing SELL trade for user igor.bialas@gmail.com on pair BTCUSDC baseAmount=0.00110291
2026-01-16 21:06:31.145 INFO  [pool-2-thread-1] c.s.s.trade.service.TradeService - Calculated PnL for SELL trade: asset=BTC, soldAmount=0.00110291, avgPurchasePrice=94963.78427202, sellPrice=94825.25000000, PnL=-0.1527908339535782
2026-01-16 21:06:31.227 INFO  [pool-2-thread-1] c.s.s.trade.service.TradeService - Executing SELL trade for user igor.bialas@gmail.com on pair BTCUSDC: baseAmount=0.00110291, quoteAmount=104.5837164775000000
2026-01-16 21:06:31.254 ERROR [pool-2-thread-1] c.s.s.trade.service.TradeService - Error processing managed asset trades for user igor.bialas@gmail.com: Could not initialize proxy [com.stockviewer.stockapi.wallet.entity.Asset#e2609c2a-d8a3-498b-bdc8-dd16215c73db] - no session
org.hibernate.LazyInitializationException: Could not initialize proxy [com.stockviewer.stockapi.wallet.entity.Asset#e2609c2a-d8a3-498b-bdc8-dd16215c73db] - no session
	at org.hibernate.proxy.AbstractLazyInitializer.initialize(AbstractLazyInitializer.java:174)
	at org.hibernate.proxy.AbstractLazyInitializer.getImplementation(AbstractLazyInitializer.java:328)
	at org.hibernate.proxy.pojo.bytebuddy.ByteBuddyInterceptor.intercept(ByteBuddyInterceptor.java:44)
	at org.hibernate.proxy.ProxyConfiguration$InterceptorDispatcher.intercept(ProxyConfiguration.java:102)
	at com.stockviewer.stockapi.wallet.entity.Asset$HibernateProxy.getSymbol(Unknown Source)
	at com.stockviewer.stockapi.wallet.mapper.OwnedAssetMapperImpl.ownedAssetAssetSymbol(OwnedAssetMapperImpl.java:40)
	at com.stockviewer.stockapi.wallet.mapper.OwnedAssetMapperImpl.toDTO(OwnedAssetMapperImpl.java:25)
	at java.base/java.util.stream.ReferencePipeline$3$1.accept(Unknown Source)
	at java.base/java.util.ArrayList$ArrayListSpliterator.forEachRemaining(Unknown Source)
	at java.base/java.util.stream.AbstractPipeline.copyInto(Unknown Source)
	at java.base/java.util.stream.AbstractPipeline.wrapAndCopyInto(Unknown Source)
	at java.base/java.util.stream.ReduceOps$ReduceOp.evaluateSequential(Unknown Source)
	at java.base/java.util.stream.AbstractPipeline.evaluate(Unknown Source)
	at java.base/java.util.stream.ReferencePipeline.collect(Unknown Source)
	at com.stockviewer.stockapi.wallet.service.WalletService.getOwnedAssetsByUser(WalletService.java:86)
	at java.base/jdk.internal.reflect.DirectMethodHandleAccessor.invoke(Unknown Source)
	at java.base/java.lang.reflect.Method.invoke(Unknown Source)
	at org.springframework.aop.support.AopUtils.invokeJoinpointUsingReflection(AopUtils.java:359)
	at org.springframework.aop.framework.CglibAopProxy$DynamicAdvisedInterceptor.intercept(CglibAopProxy.java:724)
	at com.stockviewer.stockapi.wallet.service.WalletService$$SpringCGLIB$$0.getOwnedAssetsByUser(<generated>)
	at com.stockviewer.stockapi.trade.service.TradeService.executeTradeForUser(TradeService.java:118)
	at com.stockviewer.stockapi.trade.service.TradeService.processManagedAssetForUser(TradeService.java:255)
	at com.stockviewer.stockapi.trade.service.TradeService.lambda$executeTradeForManagedAssets$1(TradeService.java:190)
	at java.base/java.util.concurrent.Executors$RunnableAdapter.call(Unknown Source)
	at java.base/java.util.concurrent.FutureTask.run(Unknown Source)
	at java.base/java.util.concurrent.ThreadPoolExecutor.runWorker(Unknown Source)
	at java.base/java.util.concurrent.ThreadPoolExecutor$Worker.run(Unknown Source)
	at java.base/java.lang.Thread.run(Unknown Source)
2026-01-16 21:06:31.256 INFO  [scheduling-1] c.s.s.trade.service.TradeExecutor - [ETHBTC] Executing trades for managed accounts...
2026-01-16 21:06:31.260 INFO  [scheduling-1] c.s.s.trade.service.TradeService - Executing trades for managed assets for pair ETHBTC (users=0)
2026-01-16 21:06:31.696 INFO  [scheduling-1] c.s.s.trade.service.TradeExecutor - [SOLUSDC] Executing trades for managed accounts...
2026-01-16 21:06:31.700 INFO  [scheduling-1] c.s.s.trade.service.TradeService - Executing trades for managed assets for pair SOLUSDC (users=0)
2026-01-16 21:06:32.213 INFO  [scheduling-1] c.s.s.trade.service.TradeExecutor - [ETHUSDC] Executing trades for managed accounts...
2026-01-16 21:06:32.217 INFO  [scheduling-1] c.s.s.trade.service.TradeService - Executing trades for managed assets for pair ETHUSDC (users=0)
2026-01-16 21:07:00.006 INFO  [scheduling-1] c.s.s.w.s.WalletWorthSnapshotScheduler - Taking wallet worth snapshot for wallet from user: igor.bialas@gmail.com
2026-01-16 21:07:02.126 INFO  [scheduling-1] c.s.s.w.s.WalletWorthSnapshotScheduler - Taking wallet worth snapshot for wallet from user: imie@email.com
2026-01-16 21:07:30.006 INFO  [scheduling-1] c.s.s.trade.service.TradeExecutor - [BTCUSDC] Executing trades for managed accounts...
2026-01-16 21:07:30.009 INFO  [scheduling-1] c.s.s.trade.service.TradeService - Executing trades for managed assets for pair BTCUSDC (users=1)
2026-01-16 21:07:30.484 INFO  [pool-6-thread-1] c.s.s.trade.service.TradeService - User igor.bialas@gmail.com wallet for pair BTCUSDC: baseAmount=0.00991146, quoteAmount=4289.33811703, totalValue=5228.8032867250000000
2026-01-16 21:07:30.526 INFO  [pool-6-thread-1] c.s.s.trade.service.TradeService - Executing SELL trade for user igor.bialas@gmail.com on pair BTCUSDC baseAmount=0.00110329
2026-01-16 21:07:30.543 INFO  [pool-6-thread-1] c.s.s.trade.service.TradeService - Calculated PnL for SELL trade: asset=BTC, soldAmount=0.00110329, avgPurchasePrice=94963.78427202, sellPrice=94785.75000000, PnL=-0.1964234319769458
2026-01-16 21:07:30.581 INFO  [pool-6-thread-1] c.s.s.trade.service.TradeService - Executing SELL trade for user igor.bialas@gmail.com on pair BTCUSDC: baseAmount=0.00110329, quoteAmount=104.5761701175000000
2026-01-16 21:07:30.590 ERROR [pool-6-thread-1] c.s.s.trade.service.TradeService - Error processing managed asset trades for user igor.bialas@gmail.com: Could not initialize proxy [com.stockviewer.stockapi.wallet.entity.Asset#e2609c2a-d8a3-498b-bdc8-dd16215c73db] - no session
org.hibernate.LazyInitializationException: Could not initialize proxy [com.stockviewer.stockapi.wallet.entity.Asset#e2609c2a-d8a3-498b-bdc8-dd16215c73db] - no session
	at org.hibernate.proxy.AbstractLazyInitializer.initialize(AbstractLazyInitializer.java:174)
	at org.hibernate.proxy.AbstractLazyInitializer.getImplementation(AbstractLazyInitializer.java:328)
	at org.hibernate.proxy.pojo.bytebuddy.ByteBuddyInterceptor.intercept(ByteBuddyInterceptor.java:44)
	at org.hibernate.proxy.ProxyConfiguration$InterceptorDispatcher.intercept(ProxyConfiguration.java:102)
	at com.stockviewer.stockapi.wallet.entity.Asset$HibernateProxy.getSymbol(Unknown Source)
	at com.stockviewer.stockapi.wallet.mapper.OwnedAssetMapperImpl.ownedAssetAssetSymbol(OwnedAssetMapperImpl.java:40)
	at com.stockviewer.stockapi.wallet.mapper.OwnedAssetMapperImpl.toDTO(OwnedAssetMapperImpl.java:25)
	at java.base/java.util.stream.ReferencePipeline$3$1.accept(Unknown Source)
	at java.base/java.util.ArrayList$ArrayListSpliterator.forEachRemaining(Unknown Source)
	at java.base/java.util.stream.AbstractPipeline.copyInto(Unknown Source)
	at java.base/java.util.stream.AbstractPipeline.wrapAndCopyInto(Unknown Source)
	at java.base/java.util.stream.ReduceOps$ReduceOp.evaluateSequential(Unknown Source)
	at java.base/java.util.stream.AbstractPipeline.evaluate(Unknown Source)
	at java.base/java.util.stream.ReferencePipeline.collect(Unknown Source)
	at com.stockviewer.stockapi.wallet.service.WalletService.getOwnedAssetsByUser(WalletService.java:86)
	at java.base/jdk.internal.reflect.DirectMethodHandleAccessor.invoke(Unknown Source)
	at java.base/java.lang.reflect.Method.invoke(Unknown Source)
	at org.springframework.aop.support.AopUtils.invokeJoinpointUsingReflection(AopUtils.java:359)
	at org.springframework.aop.framework.CglibAopProxy$DynamicAdvisedInterceptor.intercept(CglibAopProxy.java:724)
	at com.stockviewer.stockapi.wallet.service.WalletService$$SpringCGLIB$$0.getOwnedAssetsByUser(<generated>)
	at com.stockviewer.stockapi.trade.service.TradeService.executeTradeForUser(TradeService.java:118)
	at com.stockviewer.stockapi.trade.service.TradeService.processManagedAssetForUser(TradeService.java:255)
	at com.stockviewer.stockapi.trade.service.TradeService.lambda$executeTradeForManagedAssets$1(TradeService.java:190)
	at java.base/java.util.concurrent.Executors$RunnableAdapter.call(Unknown Source)
	at java.base/java.util.concurrent.FutureTask.run(Unknown Source)
	at java.base/java.util.concurrent.ThreadPoolExecutor.runWorker(Unknown Source)
	at java.base/java.util.concurrent.ThreadPoolExecutor$Worker.run(Unknown Source)
	at java.base/java.lang.Thread.run(Unknown Source)
2026-01-16 21:07:30.590 INFO  [scheduling-1] c.s.s.trade.service.TradeExecutor - [ETHBTC] Executing trades for managed accounts...
2026-01-16 21:07:30.592 INFO  [scheduling-1] c.s.s.trade.service.TradeService - Executing trades for managed assets for pair ETHBTC (users=0)
2026-01-16 21:07:30.993 INFO  [scheduling-1] c.s.s.trade.service.TradeExecutor - [SOLUSDC] Executing trades for managed accounts...
2026-01-16 21:07:30.997 INFO  [scheduling-1] c.s.s.trade.service.TradeService - Executing trades for managed assets for pair SOLUSDC (users=0)
2026-01-16 21:07:31.400 INFO  [scheduling-1] c.s.s.trade.service.TradeExecutor - [ETHUSDC] Executing trades for managed accounts...
2026-01-16 21:07:31.404 INFO  [scheduling-1] c.s.s.trade.service.TradeService - Executing trades for managed assets for pair ETHUSDC (users=0)
2026-01-16 21:08:00.005 INFO  [scheduling-1] c.s.s.w.s.WalletWorthSnapshotScheduler - Taking wallet worth snapshot for wallet from user: igor.bialas@gmail.com
2026-01-16 21:08:00.893 INFO  [scheduling-1] c.s.s.w.s.WalletWorthSnapshotScheduler - Taking wallet worth snapshot for wallet from user: imie@email.com
2026-01-16 21:08:03.464 INFO  [org.springframework.kafka.KafkaListenerEndpointContainer#0-0-C-1] c.s.s.indicators.IndicatorListener - Received Message in group stockapi: ["e0e9ad77-e359-4cae-82c8-e0cb23edc68d"]
2026-01-16 21:08:03.474 INFO  [org.springframework.kafka.KafkaListenerEndpointContainer#0-0-C-1] c.s.s.indicators.IndicatorCalculator - Number of candles retrieved for BarSeries: 264
2026-01-16 21:08:03.474 INFO  [org.springframework.kafka.KafkaListenerEndpointContainer#0-0-C-1] c.s.s.indicators.IndicatorCalculator - List of candles:
2026-01-16 21:08:03.491 INFO  [org.springframework.kafka.KafkaListenerEndpointContainer#0-0-C-1] c.s.s.indicators.IndicatorCalculator - Number of candles retrieved for BarSeries: 264
2026-01-16 21:08:03.491 INFO  [org.springframework.kafka.KafkaListenerEndpointContainer#0-0-C-1] c.s.s.indicators.IndicatorCalculator - List of candles:
2026-01-16 21:08:03.502 INFO  [org.springframework.kafka.KafkaListenerEndpointContainer#0-0-C-1] c.s.s.indicators.IndicatorCalculator - Number of candles retrieved for BarSeries: 264
2026-01-16 21:08:03.503 INFO  [org.springframework.kafka.KafkaListenerEndpointContainer#0-0-C-1] c.s.s.indicators.IndicatorCalculator - List of candles:
2026-01-16 21:08:03.506 INFO  [org.springframework.kafka.KafkaListenerEndpointContainer#0-0-C-1] c.s.s.indicators.IndicatorListener - Saved Indicator Event in database for Candle ID: e0e9ad77-e359-4cae-82c8-e0cb23edc68d
2026-01-16 21:08:03.509 INFO  [org.springframework.kafka.KafkaListenerEndpointContainer#0-0-C-1] c.s.s.indicators.IndicatorListener - Received Message in group stockapi: ["30a79b20-13b9-4612-a2d4-07a066e5fa16"]
2026-01-16 21:08:03.519 INFO  [org.springframework.kafka.KafkaListenerEndpointContainer#0-0-C-1] c.s.s.indicators.IndicatorCalculator - Number of candles retrieved for BarSeries: 264
2026-01-16 21:08:03.519 INFO  [org.springframework.kafka.KafkaListenerEndpointContainer#0-0-C-1] c.s.s.indicators.IndicatorCalculator - List of candles:
2026-01-16 21:08:03.530 INFO  [org.springframework.kafka.KafkaListenerEndpointContainer#0-0-C-1] c.s.s.indicators.IndicatorCalculator - Number of candles retrieved for BarSeries: 264
2026-01-16 21:08:03.530 INFO  [org.springframework.kafka.KafkaListenerEndpointContainer#0-0-C-1] c.s.s.indicators.IndicatorCalculator - List of candles:
2026-01-16 21:08:03.540 INFO  [org.springframework.kafka.KafkaListenerEndpointContainer#0-0-C-1] c.s.s.indicators.IndicatorCalculator - Number of candles retrieved for BarSeries: 264
2026-01-16 21:08:03.541 INFO  [org.springframework.kafka.KafkaListenerEndpointContainer#0-0-C-1] c.s.s.indicators.IndicatorCalculator - List of candles:
2026-01-16 21:08:03.545 INFO  [org.springframework.kafka.KafkaListenerEndpointContainer#0-0-C-1] c.s.s.indicators.IndicatorListener - Saved Indicator Event in database for Candle ID: 30a79b20-13b9-4612-a2d4-07a066e5fa16
2026-01-16 21:08:03.550 INFO  [org.springframework.kafka.KafkaListenerEndpointContainer#0-0-C-1] c.s.s.indicators.IndicatorListener - Received Message in group stockapi: ["3610f1d6-4b28-474f-90b4-3dad87aaa120"]
2026-01-16 21:08:03.563 INFO  [org.springframework.kafka.KafkaListenerEndpointContainer#0-0-C-1] c.s.s.indicators.IndicatorCalculator - Number of candles retrieved for BarSeries: 265
2026-01-16 21:08:03.563 INFO  [org.springframework.kafka.KafkaListenerEndpointContainer#0-0-C-1] c.s.s.indicators.IndicatorCalculator - List of candles:
2026-01-16 21:08:03.573 INFO  [org.springframework.kafka.KafkaListenerEndpointContainer#0-0-C-1] c.s.s.indicators.IndicatorCalculator - Number of candles retrieved for BarSeries: 265
2026-01-16 21:08:03.573 INFO  [org.springframework.kafka.KafkaListenerEndpointContainer#0-0-C-1] c.s.s.indicators.IndicatorCalculator - List of candles:
2026-01-16 21:08:03.582 INFO  [org.springframework.kafka.KafkaListenerEndpointContainer#0-0-C-1] c.s.s.indicators.IndicatorCalculator - Number of candles retrieved for BarSeries: 265
2026-01-16 21:08:03.582 INFO  [org.springframework.kafka.KafkaListenerEndpointContainer#0-0-C-1] c.s.s.indicators.IndicatorCalculator - List of candles:
2026-01-16 21:08:03.585 INFO  [org.springframework.kafka.KafkaListenerEndpointContainer#0-0-C-1] c.s.s.indicators.IndicatorListener - Saved Indicator Event in database for Candle ID: 3610f1d6-4b28-474f-90b4-3dad87aaa120
2026-01-16 21:08:03.586 INFO  [org.springframework.kafka.KafkaListenerEndpointContainer#0-0-C-1] c.s.s.indicators.IndicatorListener - Received Message in group stockapi: ["cde7d6d5-d045-43fb-83e8-a38cb38a122e"]
2026-01-16 21:08:03.593 INFO  [org.springframework.kafka.KafkaListenerEndpointContainer#0-0-C-1] c.s.s.indicators.IndicatorCalculator - Number of candles retrieved for BarSeries: 264
2026-01-16 21:08:03.593 INFO  [org.springframework.kafka.KafkaListenerEndpointContainer#0-0-C-1] c.s.s.indicators.IndicatorCalculator - List of candles:
2026-01-16 21:08:03.610 INFO  [org.springframework.kafka.KafkaListenerEndpointContainer#0-0-C-1] c.s.s.indicators.IndicatorCalculator - Number of candles retrieved for BarSeries: 264
2026-01-16 21:08:03.610 INFO  [org.springframework.kafka.KafkaListenerEndpointContainer#0-0-C-1] c.s.s.indicators.IndicatorCalculator - List of candles:
2026-01-16 21:08:03.625 INFO  [org.springframework.kafka.KafkaListenerEndpointContainer#0-0-C-1] c.s.s.indicators.IndicatorCalculator - Number of candles retrieved for BarSeries: 264
2026-01-16 21:08:03.626 INFO  [org.springframework.kafka.KafkaListenerEndpointContainer#0-0-C-1] c.s.s.indicators.IndicatorCalculator - List of candles:
2026-01-16 21:08:03.629 INFO  [org.springframework.kafka.KafkaListenerEndpointContainer#0-0-C-1] c.s.s.indicators.IndicatorListener - Saved Indicator Event in database for Candle ID: cde7d6d5-d045-43fb-83e8-a38cb38a122e
2026-01-16 21:08:30.005 INFO  [scheduling-1] c.s.s.trade.service.TradeExecutor - [BTCUSDC] Executing trades for managed accounts...
2026-01-16 21:08:30.007 INFO  [scheduling-1] c.s.s.trade.service.TradeService - Executing trades for managed assets for pair BTCUSDC (users=1)
2026-01-16 21:08:31.108 INFO  [pool-10-thread-1] c.s.s.trade.service.TradeService - User igor.bialas@gmail.com wallet for pair BTCUSDC: baseAmount=0.00880817, quoteAmount=4393.91428715, totalValue=5228.3272932207000000
2026-01-16 21:08:31.124 INFO  [pool-10-thread-1] c.s.s.trade.service.TradeService - Executing SELL trade for user igor.bialas@gmail.com on pair BTCUSDC baseAmount=0.00110382
2026-01-16 21:08:31.132 INFO  [pool-10-thread-1] c.s.s.trade.service.TradeService - Calculated PnL for SELL trade: asset=BTC, soldAmount=0.00110382, avgPurchasePrice=94963.78427202, sellPrice=94731.71000000, PnL=-0.2561682229411164
2026-01-16 21:08:31.161 INFO  [pool-10-thread-1] c.s.s.trade.service.TradeService - Executing SELL trade for user igor.bialas@gmail.com on pair BTCUSDC: baseAmount=0.00110382, quoteAmount=104.5667561322000000
2026-01-16 21:08:31.168 ERROR [pool-10-thread-1] c.s.s.trade.service.TradeService - Error processing managed asset trades for user igor.bialas@gmail.com: Could not initialize proxy [com.stockviewer.stockapi.wallet.entity.Asset#e2609c2a-d8a3-498b-bdc8-dd16215c73db] - no session
org.hibernate.LazyInitializationException: Could not initialize proxy [com.stockviewer.stockapi.wallet.entity.Asset#e2609c2a-d8a3-498b-bdc8-dd16215c73db] - no session
	at org.hibernate.proxy.AbstractLazyInitializer.initialize(AbstractLazyInitializer.java:174)
	at org.hibernate.proxy.AbstractLazyInitializer.getImplementation(AbstractLazyInitializer.java:328)
	at org.hibernate.proxy.pojo.bytebuddy.ByteBuddyInterceptor.intercept(ByteBuddyInterceptor.java:44)
	at org.hibernate.proxy.ProxyConfiguration$InterceptorDispatcher.intercept(ProxyConfiguration.java:102)
	at com.stockviewer.stockapi.wallet.entity.Asset$HibernateProxy.getSymbol(Unknown Source)
	at com.stockviewer.stockapi.wallet.mapper.OwnedAssetMapperImpl.ownedAssetAssetSymbol(OwnedAssetMapperImpl.java:40)
	at com.stockviewer.stockapi.wallet.mapper.OwnedAssetMapperImpl.toDTO(OwnedAssetMapperImpl.java:25)
	at java.base/java.util.stream.ReferencePipeline$3$1.accept(Unknown Source)
	at java.base/java.util.ArrayList$ArrayListSpliterator.forEachRemaining(Unknown Source)
	at java.base/java.util.stream.AbstractPipeline.copyInto(Unknown Source)
	at java.base/java.util.stream.AbstractPipeline.wrapAndCopyInto(Unknown Source)
	at java.base/java.util.stream.ReduceOps$ReduceOp.evaluateSequential(Unknown Source)
	at java.base/java.util.stream.AbstractPipeline.evaluate(Unknown Source)
	at java.base/java.util.stream.ReferencePipeline.collect(Unknown Source)
	at com.stockviewer.stockapi.wallet.service.WalletService.getOwnedAssetsByUser(WalletService.java:86)
	at java.base/jdk.internal.reflect.DirectMethodHandleAccessor.invoke(Unknown Source)
	at java.base/java.lang.reflect.Method.invoke(Unknown Source)
	at org.springframework.aop.support.AopUtils.invokeJoinpointUsingReflection(AopUtils.java:359)
	at org.springframework.aop.framework.CglibAopProxy$DynamicAdvisedInterceptor.intercept(CglibAopProxy.java:724)
	at com.stockviewer.stockapi.wallet.service.WalletService$$SpringCGLIB$$0.getOwnedAssetsByUser(<generated>)
	at com.stockviewer.stockapi.trade.service.TradeService.executeTradeForUser(TradeService.java:118)
	at com.stockviewer.stockapi.trade.service.TradeService.processManagedAssetForUser(TradeService.java:255)
	at com.stockviewer.stockapi.trade.service.TradeService.lambda$executeTradeForManagedAssets$1(TradeService.java:190)
	at java.base/java.util.concurrent.Executors$RunnableAdapter.call(Unknown Source)
	at java.base/java.util.concurrent.FutureTask.run(Unknown Source)
	at java.base/java.util.concurrent.ThreadPoolExecutor.runWorker(Unknown Source)
	at java.base/java.util.concurrent.ThreadPoolExecutor$Worker.run(Unknown Source)
	at java.base/java.lang.Thread.run(Unknown Source)
2026-01-16 21:08:31.168 INFO  [scheduling-1] c.s.s.trade.service.TradeExecutor - [ETHBTC] Executing trades for managed accounts...
2026-01-16 21:08:31.171 INFO  [scheduling-1] c.s.s.trade.service.TradeService - Executing trades for managed assets for pair ETHBTC (users=0)
2026-01-16 21:08:31.710 INFO  [scheduling-1] c.s.s.trade.service.TradeExecutor - [SOLUSDC] Executing trades for managed accounts...
2026-01-16 21:08:31.713 INFO  [scheduling-1] c.s.s.trade.service.TradeService - Executing trades for managed assets for pair SOLUSDC (users=0)
2026-01-16 21:08:32.120 INFO  [scheduling-1] c.s.s.trade.service.TradeExecutor - [ETHUSDC] Executing trades for managed accounts...
2026-01-16 21:08:32.122 INFO  [scheduling-1] c.s.s.trade.service.TradeService - Executing trades for managed assets for pair ETHUSDC (users=0)
2026-01-16 21:09:00.004 INFO  [scheduling-1] c.s.s.w.s.WalletWorthSnapshotScheduler - Taking wallet worth snapshot for wallet from user: igor.bialas@gmail.com
2026-01-16 21:09:01.103 INFO  [scheduling-1] c.s.s.w.s.WalletWorthSnapshotScheduler - Taking wallet worth snapshot for wallet from user: imie@email.com
2026-01-16 21:09:02.552 INFO  [org.springframework.kafka.KafkaListenerEndpointContainer#0-0-C-1] c.s.s.indicators.IndicatorListener - Received Message in group stockapi: ["a2602c1e-ca76-4157-88b5-df77e565d987"]
2026-01-16 21:09:02.569 INFO  [org.springframework.kafka.KafkaListenerEndpointContainer#0-0-C-1] c.s.s.indicators.IndicatorCalculator - Number of candles retrieved for BarSeries: 265
2026-01-16 21:09:02.570 INFO  [org.springframework.kafka.KafkaListenerEndpointContainer#0-0-C-1] c.s.s.indicators.IndicatorCalculator - List of candles:
2026-01-16 21:09:02.580 INFO  [org.springframework.kafka.KafkaListenerEndpointContainer#0-0-C-1] c.s.s.indicators.IndicatorCalculator - Number of candles retrieved for BarSeries: 265
2026-01-16 21:09:02.580 INFO  [org.springframework.kafka.KafkaListenerEndpointContainer#0-0-C-1] c.s.s.indicators.IndicatorCalculator - List of candles:
2026-01-16 21:09:02.589 INFO  [org.springframework.kafka.KafkaListenerEndpointContainer#0-0-C-1] c.s.s.indicators.IndicatorCalculator - Number of candles retrieved for BarSeries: 265
2026-01-16 21:09:02.589 INFO  [org.springframework.kafka.KafkaListenerEndpointContainer#0-0-C-1] c.s.s.indicators.IndicatorCalculator - List of candles:
2026-01-16 21:09:02.592 INFO  [org.springframework.kafka.KafkaListenerEndpointContainer#0-0-C-1] c.s.s.indicators.IndicatorListener - Saved Indicator Event in database for Candle ID: a2602c1e-ca76-4157-88b5-df77e565d987
2026-01-16 21:09:02.592 INFO  [org.springframework.kafka.KafkaListenerEndpointContainer#0-0-C-1] c.s.s.indicators.IndicatorListener - Received Message in group stockapi: ["e2d2a3a7-b7bc-4f08-95d0-56cd01059841"]
2026-01-16 21:09:02.600 INFO  [org.springframework.kafka.KafkaListenerEndpointContainer#0-0-C-1] c.s.s.indicators.IndicatorCalculator - Number of candles retrieved for BarSeries: 265
2026-01-16 21:09:02.601 INFO  [org.springframework.kafka.KafkaListenerEndpointContainer#0-0-C-1] c.s.s.indicators.IndicatorCalculator - List of candles:
2026-01-16 21:09:02.611 INFO  [org.springframework.kafka.KafkaListenerEndpointContainer#0-0-C-1] c.s.s.indicators.IndicatorCalculator - Number of candles retrieved for BarSeries: 265
2026-01-16 21:09:02.611 INFO  [org.springframework.kafka.KafkaListenerEndpointContainer#0-0-C-1] c.s.s.indicators.IndicatorCalculator - List of candles:
2026-01-16 21:09:02.620 INFO  [org.springframework.kafka.KafkaListenerEndpointContainer#0-0-C-1] c.s.s.indicators.IndicatorCalculator - Number of candles retrieved for BarSeries: 265
2026-01-16 21:09:02.620 INFO  [org.springframework.kafka.KafkaListenerEndpointContainer#0-0-C-1] c.s.s.indicators.IndicatorCalculator - List of candles:
2026-01-16 21:09:02.623 INFO  [org.springframework.kafka.KafkaListenerEndpointContainer#0-0-C-1] c.s.s.indicators.IndicatorListener - Saved Indicator Event in database for Candle ID: e2d2a3a7-b7bc-4f08-95d0-56cd01059841
2026-01-16 21:09:02.626 INFO  [org.springframework.kafka.KafkaListenerEndpointContainer#0-0-C-1] c.s.s.indicators.IndicatorListener - Received Message in group stockapi: ["91966809-d572-4491-966c-c63183da9f88"]
2026-01-16 21:09:02.634 INFO  [org.springframework.kafka.KafkaListenerEndpointContainer#0-0-C-1] c.s.s.indicators.IndicatorCalculator - Number of candles retrieved for BarSeries: 266
2026-01-16 21:09:02.634 INFO  [org.springframework.kafka.KafkaListenerEndpointContainer#0-0-C-1] c.s.s.indicators.IndicatorCalculator - List of candles:
2026-01-16 21:09:02.643 INFO  [org.springframework.kafka.KafkaListenerEndpointContainer#0-0-C-1] c.s.s.indicators.IndicatorCalculator - Number of candles retrieved for BarSeries: 266
2026-01-16 21:09:02.643 INFO  [org.springframework.kafka.KafkaListenerEndpointContainer#0-0-C-1] c.s.s.indicators.IndicatorCalculator - List of candles:
2026-01-16 21:09:02.652 INFO  [org.springframework.kafka.KafkaListenerEndpointContainer#0-0-C-1] c.s.s.indicators.IndicatorCalculator - Number of candles retrieved for BarSeries: 266
2026-01-16 21:09:02.652 INFO  [org.springframework.kafka.KafkaListenerEndpointContainer#0-0-C-1] c.s.s.indicators.IndicatorCalculator - List of candles:
2026-01-16 21:09:02.655 INFO  [org.springframework.kafka.KafkaListenerEndpointContainer#0-0-C-1] c.s.s.indicators.IndicatorListener - Saved Indicator Event in database for Candle ID: 91966809-d572-4491-966c-c63183da9f88
2026-01-16 21:09:02.655 INFO  [org.springframework.kafka.KafkaListenerEndpointContainer#0-0-C-1] c.s.s.indicators.IndicatorListener - Received Message in group stockapi: ["817b639f-8fa7-4e5b-b3b3-63a93303091f"]
2026-01-16 21:09:02.664 INFO  [org.springframework.kafka.KafkaListenerEndpointContainer#0-0-C-1] c.s.s.indicators.IndicatorCalculator - Number of candles retrieved for BarSeries: 265
2026-01-16 21:09:02.664 INFO  [org.springframework.kafka.KafkaListenerEndpointContainer#0-0-C-1] c.s.s.indicators.IndicatorCalculator - List of candles:
2026-01-16 21:09:02.673 INFO  [org.springframework.kafka.KafkaListenerEndpointContainer#0-0-C-1] c.s.s.indicators.IndicatorCalculator - Number of candles retrieved for BarSeries: 265
2026-01-16 21:09:02.673 INFO  [org.springframework.kafka.KafkaListenerEndpointContainer#0-0-C-1] c.s.s.indicators.IndicatorCalculator - List of candles:
2026-01-16 21:09:02.681 INFO  [org.springframework.kafka.KafkaListenerEndpointContainer#0-0-C-1] c.s.s.indicators.IndicatorCalculator - Number of candles retrieved for BarSeries: 265
2026-01-16 21:09:02.682 INFO  [org.springframework.kafka.KafkaListenerEndpointContainer#0-0-C-1] c.s.s.indicators.IndicatorCalculator - List of candles:
2026-01-16 21:09:02.684 INFO  [org.springframework.kafka.KafkaListenerEndpointContainer#0-0-C-1] c.s.s.indicators.IndicatorListener - Saved Indicator Event in database for Candle ID: 817b639f-8fa7-4e5b-b3b3-63a93303091f
2026-01-16 21:09:30.004 INFO  [scheduling-1] c.s.s.trade.service.TradeExecutor - [BTCUSDC] Executing trades for managed accounts...
2026-01-16 21:09:30.006 INFO  [scheduling-1] c.s.s.trade.service.TradeService - Executing trades for managed assets for pair BTCUSDC (users=1)
2026-01-16 21:09:31.729 INFO  [pool-14-thread-1] c.s.s.trade.service.TradeService - User igor.bialas@gmail.com wallet for pair BTCUSDC: baseAmount=0.00770435, quoteAmount=4498.48104328, totalValue=5228.1529437780000000
2026-01-16 21:09:31.745 INFO  [pool-14-thread-1] c.s.s.trade.service.TradeService - Executing SELL trade for user igor.bialas@gmail.com on pair BTCUSDC baseAmount=0.00110404
2026-01-16 21:09:31.751 INFO  [pool-14-thread-1] c.s.s.trade.service.TradeService - Calculated PnL for SELL trade: asset=BTC, soldAmount=0.00110404, avgPurchasePrice=94963.78427202, sellPrice=94709.08000000, PnL=-0.2812037044809608
2026-01-16 21:09:31.768 INFO  [pool-14-thread-1] c.s.s.trade.service.TradeService - Executing SELL trade for user igor.bialas@gmail.com on pair BTCUSDC: baseAmount=0.00110404, quoteAmount=104.5626126832000000
2026-01-16 21:09:31.773 ERROR [pool-14-thread-1] c.s.s.trade.service.TradeService - Error processing managed asset trades for user igor.bialas@gmail.com: Could not initialize proxy [com.stockviewer.stockapi.wallet.entity.Asset#e2609c2a-d8a3-498b-bdc8-dd16215c73db] - no session
org.hibernate.LazyInitializationException: Could not initialize proxy [com.stockviewer.stockapi.wallet.entity.Asset#e2609c2a-d8a3-498b-bdc8-dd16215c73db] - no session
	at org.hibernate.proxy.AbstractLazyInitializer.initialize(AbstractLazyInitializer.java:174)
	at org.hibernate.proxy.AbstractLazyInitializer.getImplementation(AbstractLazyInitializer.java:328)
	at org.hibernate.proxy.pojo.bytebuddy.ByteBuddyInterceptor.intercept(ByteBuddyInterceptor.java:44)
	at org.hibernate.proxy.ProxyConfiguration$InterceptorDispatcher.intercept(ProxyConfiguration.java:102)
	at com.stockviewer.stockapi.wallet.entity.Asset$HibernateProxy.getSymbol(Unknown Source)
	at com.stockviewer.stockapi.wallet.mapper.OwnedAssetMapperImpl.ownedAssetAssetSymbol(OwnedAssetMapperImpl.java:40)
	at com.stockviewer.stockapi.wallet.mapper.OwnedAssetMapperImpl.toDTO(OwnedAssetMapperImpl.java:25)
	at java.base/java.util.stream.ReferencePipeline$3$1.accept(Unknown Source)
	at java.base/java.util.ArrayList$ArrayListSpliterator.forEachRemaining(Unknown Source)
	at java.base/java.util.stream.AbstractPipeline.copyInto(Unknown Source)
	at java.base/java.util.stream.AbstractPipeline.wrapAndCopyInto(Unknown Source)
	at java.base/java.util.stream.ReduceOps$ReduceOp.evaluateSequential(Unknown Source)
	at java.base/java.util.stream.AbstractPipeline.evaluate(Unknown Source)
	at java.base/java.util.stream.ReferencePipeline.collect(Unknown Source)
	at com.stockviewer.stockapi.wallet.service.WalletService.getOwnedAssetsByUser(WalletService.java:86)
	at java.base/jdk.internal.reflect.DirectMethodHandleAccessor.invoke(Unknown Source)
	at java.base/java.lang.reflect.Method.invoke(Unknown Source)
	at org.springframework.aop.support.AopUtils.invokeJoinpointUsingReflection(AopUtils.java:359)
	at org.springframework.aop.framework.CglibAopProxy$DynamicAdvisedInterceptor.intercept(CglibAopProxy.java:724)
	at com.stockviewer.stockapi.wallet.service.WalletService$$SpringCGLIB$$0.getOwnedAssetsByUser(<generated>)
	at com.stockviewer.stockapi.trade.service.TradeService.executeTradeForUser(TradeService.java:118)
	at com.stockviewer.stockapi.trade.service.TradeService.processManagedAssetForUser(TradeService.java:255)
	at com.stockviewer.stockapi.trade.service.TradeService.lambda$executeTradeForManagedAssets$1(TradeService.java:190)
	at java.base/java.util.concurrent.Executors$RunnableAdapter.call(Unknown Source)
	at java.base/java.util.concurrent.FutureTask.run(Unknown Source)
	at java.base/java.util.concurrent.ThreadPoolExecutor.runWorker(Unknown Source)
	at java.base/java.util.concurrent.ThreadPoolExecutor$Worker.run(Unknown Source)
	at java.base/java.lang.Thread.run(Unknown Source)
2026-01-16 21:09:31.773 INFO  [scheduling-1] c.s.s.trade.service.TradeExecutor - [ETHBTC] Executing trades for managed accounts...
2026-01-16 21:09:31.775 INFO  [scheduling-1] c.s.s.trade.service.TradeService - Executing trades for managed assets for pair ETHBTC (users=0)
2026-01-16 21:09:32.227 INFO  [scheduling-1] c.s.s.trade.service.TradeExecutor - [SOLUSDC] Executing trades for managed accounts...
2026-01-16 21:09:32.229 INFO  [scheduling-1] c.s.s.trade.service.TradeService - Executing trades for managed assets for pair SOLUSDC (users=0)
2026-01-16 21:09:32.637 INFO  [scheduling-1] c.s.s.trade.service.TradeExecutor - [ETHUSDC] Executing trades for managed accounts...
2026-01-16 21:09:32.640 INFO  [scheduling-1] c.s.s.trade.service.TradeService - Executing trades for managed assets for pair ETHUSDC (users=0)
2026-01-16 21:09:51.733 INFO  [org.springframework.kafka.KafkaListenerEndpointContainer#0-0-C-1] o.a.k.c.c.i.ConsumerRebalanceListenerInvoker - [Consumer clientId=consumer-stockapi-1, groupId=stockapi] Revoke previously assigned partitions indicator_events-0
2026-01-16 21:09:51.734 INFO  [org.springframework.kafka.KafkaListenerEndpointContainer#0-0-C-1] o.s.k.l.KafkaMessageListenerContainer - stockapi: partitions revoked: [indicator_events-0]
2026-01-16 21:09:51.734 INFO  [org.springframework.kafka.KafkaListenerEndpointContainer#0-0-C-1] o.a.k.c.c.i.ConsumerCoordinator - [Consumer clientId=consumer-stockapi-1, groupId=stockapi] Member consumer-stockapi-1-3c950fbe-0eb0-4961-8da9-31a683548b29 sending LeaveGroup request to coordinator kafka:9092 (id: 2147483646 rack: null) due to the consumer unsubscribed from all topics
2026-01-16 21:09:51.734 INFO  [org.springframework.kafka.KafkaListenerEndpointContainer#0-0-C-1] o.a.k.c.c.i.ConsumerCoordinator - [Consumer clientId=consumer-stockapi-1, groupId=stockapi] Resetting generation and member id due to: consumer pro-actively leaving the group
2026-01-16 21:09:51.734 INFO  [org.springframework.kafka.KafkaListenerEndpointContainer#0-0-C-1] o.a.k.c.c.i.ConsumerCoordinator - [Consumer clientId=consumer-stockapi-1, groupId=stockapi] Request joining group due to: consumer pro-actively leaving the group
2026-01-16 21:09:51.735 INFO  [org.springframework.kafka.KafkaListenerEndpointContainer#0-0-C-1] o.a.k.c.c.i.LegacyKafkaConsumer - [Consumer clientId=consumer-stockapi-1, groupId=stockapi] Unsubscribed all topics or patterns and assigned partitions
2026-01-16 21:09:51.736 INFO  [org.springframework.kafka.KafkaListenerEndpointContainer#0-0-C-1] o.a.k.c.c.i.ConsumerCoordinator - [Consumer clientId=consumer-stockapi-1, groupId=stockapi] Resetting generation and member id due to: consumer pro-actively leaving the group
2026-01-16 21:09:51.736 INFO  [org.springframework.kafka.KafkaListenerEndpointContainer#0-0-C-1] o.a.k.c.c.i.ConsumerCoordinator - [Consumer clientId=consumer-stockapi-1, groupId=stockapi] Request joining group due to: consumer pro-actively leaving the group
2026-01-16 21:09:51.783 INFO  [org.springframework.kafka.KafkaListenerEndpointContainer#0-0-C-1] o.a.kafka.common.metrics.Metrics - Metrics scheduler closed
2026-01-16 21:09:51.783 INFO  [org.springframework.kafka.KafkaListenerEndpointContainer#0-0-C-1] o.a.kafka.common.metrics.Metrics - Closing reporter org.apache.kafka.common.metrics.JmxReporter
2026-01-16 21:09:51.783 INFO  [org.springframework.kafka.KafkaListenerEndpointContainer#0-0-C-1] o.a.kafka.common.metrics.Metrics - Closing reporter org.apache.kafka.common.telemetry.internals.ClientTelemetryReporter
2026-01-16 21:09:51.783 INFO  [org.springframework.kafka.KafkaListenerEndpointContainer#0-0-C-1] o.a.kafka.common.metrics.Metrics - Metrics reporters closed
2026-01-16 21:09:51.787 INFO  [org.springframework.kafka.KafkaListenerEndpointContainer#0-0-C-1] o.a.kafka.common.utils.AppInfoParser - App info kafka.consumer for consumer-stockapi-1 unregistered
2026-01-16 21:09:51.787 INFO  [org.springframework.kafka.KafkaListenerEndpointContainer#0-0-C-1] o.s.k.l.KafkaMessageListenerContainer - stockapi: Consumer stopped
2026-01-16 21:09:51.789 INFO  [SpringApplicationShutdownHook] o.s.b.w.e.tomcat.GracefulShutdown - Commencing graceful shutdown. Waiting for active requests to complete
2026-01-16 21:09:51.791 INFO  [tomcat-shutdown] o.s.b.w.e.tomcat.GracefulShutdown - Graceful shutdown complete
2026-01-16 21:09:51.802 INFO  [SpringApplicationShutdownHook] o.s.o.j.LocalContainerEntityManagerFactoryBean - Closing JPA EntityManagerFactory for persistence unit 'default'
2026-01-16 21:09:51.803 INFO  [SpringApplicationShutdownHook] com.zaxxer.hikari.HikariDataSource - HikariPool-1 - Shutdown initiated...
2026-01-16 21:09:51.805 INFO  [SpringApplicationShutdownHook] com.zaxxer.hikari.HikariDataSource - HikariPool-1 - Shutdown completed.
