2026-01-01 16:43:07.934 INFO  [background-preinit] o.h.validator.internal.util.Version - HV000001: Hibernate Validator 8.0.2.Final
2026-01-01 16:43:07.996 INFO  [main] c.s.stockapi.StockapiApplication - Starting StockapiApplication v0.0.1-SNAPSHOT using Java 21.0.9 with PID 1 (/app/app.jar started by root in /app)
2026-01-01 16:43:07.998 INFO  [main] c.s.stockapi.StockapiApplication - The following 1 profile is active: "dev"
2026-01-01 16:43:08.830 INFO  [main] o.s.d.r.c.RepositoryConfigurationDelegate - Bootstrapping Spring Data JPA repositories in DEFAULT mode.
2026-01-01 16:43:08.912 INFO  [main] o.s.d.r.c.RepositoryConfigurationDelegate - Finished Spring Data repository scanning in 68 ms. Found 10 JPA repository interfaces.
2026-01-01 16:43:09.700 INFO  [main] o.s.b.w.e.tomcat.TomcatWebServer - Tomcat initialized with port 8080 (http)
2026-01-01 16:43:09.709 INFO  [main] o.a.coyote.http11.Http11NioProtocol - Initializing ProtocolHandler ["http-nio-8080"]
2026-01-01 16:43:09.710 INFO  [main] o.a.catalina.core.StandardService - Starting service [Tomcat]
2026-01-01 16:43:09.711 INFO  [main] o.a.catalina.core.StandardEngine - Starting Servlet engine: [Apache Tomcat/10.1.40]
2026-01-01 16:43:09.730 INFO  [main] o.a.c.c.C.[Tomcat].[localhost].[/] - Initializing Spring embedded WebApplicationContext
2026-01-01 16:43:09.731 INFO  [main] o.s.b.w.s.c.ServletWebServerApplicationContext - Root WebApplicationContext: initialization completed in 1692 ms
2026-01-01 16:43:10.009 INFO  [main] com.zaxxer.hikari.HikariDataSource - HikariPool-1 - Starting...
2026-01-01 16:43:10.211 INFO  [main] com.zaxxer.hikari.pool.HikariPool - HikariPool-1 - Added connection org.postgresql.jdbc.PgConnection@b77b0a0
2026-01-01 16:43:10.213 INFO  [main] com.zaxxer.hikari.HikariDataSource - HikariPool-1 - Start completed.
2026-01-01 16:43:10.247 INFO  [main] o.h.jpa.internal.util.LogHelper - HHH000204: Processing PersistenceUnitInfo [name: default]
2026-01-01 16:43:10.299 INFO  [main] org.hibernate.Version - HHH000412: Hibernate ORM core version 6.6.13.Final
2026-01-01 16:43:10.327 INFO  [main] o.h.c.i.RegionFactoryInitiator - HHH000026: Second-level cache disabled
2026-01-01 16:43:10.522 INFO  [main] o.s.o.j.p.SpringPersistenceUnitInfo - No LoadTimeWeaver setup: ignoring JPA class transformer
2026-01-01 16:43:10.565 WARN  [main] org.hibernate.orm.deprecation - HHH90000025: PostgreSQLDialect does not need to be specified explicitly using 'hibernate.dialect' (remove the property setting and it will be selected by default)
2026-01-01 16:43:10.577 INFO  [main] o.hibernate.orm.connections.pooling - HHH10001005: Database info:
	Database JDBC URL [Connecting through datasource 'HikariDataSource (HikariPool-1)']
	Database driver: undefined/unknown
	Database version: 15.15
	Autocommit mode: undefined/unknown
	Isolation level: undefined/unknown
	Minimum pool size: undefined/unknown
	Maximum pool size: undefined/unknown
2026-01-01 16:43:11.332 INFO  [main] o.h.e.t.j.p.i.JtaPlatformInitiator - HHH000489: No JTA platform available (set 'hibernate.transaction.jta.platform' to enable JTA platform integration)
2026-01-01 16:43:11.334 INFO  [main] o.s.o.j.LocalContainerEntityManagerFactoryBean - Initialized JPA EntityManagerFactory for persistence unit 'default'
2026-01-01 16:43:11.618 INFO  [main] o.s.d.j.r.query.QueryEnhancerFactory - Hibernate is in classpath; If applicable, HQL parser will be used.
2026-01-01 16:43:12.351 INFO  [main] o.s.s.c.a.a.c.InitializeAuthenticationProviderBeanManagerConfigurer$InitializeAuthenticationProviderManagerConfigurer - Global AuthenticationManager configured with AuthenticationProvider bean with name authenticationProvider
2026-01-01 16:43:12.484 WARN  [main] o.s.b.a.o.j.JpaBaseConfiguration$JpaWebConfiguration - spring.jpa.open-in-view is enabled by default. Therefore, database queries may be performed during view rendering. Explicitly configure spring.jpa.open-in-view to disable this warning
2026-01-01 16:43:12.601 WARN  [main] o.s.s.c.a.w.c.AuthorizeHttpRequestsConfigurer$AuthorizationManagerRequestMatcherRegistry - One of the patterns in [candles/**, users/**, /actuator/health] is missing a leading slash. This is discouraged; please include the leading slash in all your request matcher patterns. In future versions of Spring Security, leaving out the leading slash will result in an exception.
2026-01-01 16:43:13.140 INFO  [main] o.s.b.a.e.web.EndpointLinksResolver - Exposing 2 endpoints beneath base path '/actuator'
2026-01-01 16:43:13.911 INFO  [main] o.a.coyote.http11.Http11NioProtocol - Starting ProtocolHandler ["http-nio-8080"]
2026-01-01 16:43:13.919 INFO  [main] o.s.b.w.e.tomcat.TomcatWebServer - Tomcat started on port 8080 (http) with context path '/'
2026-01-01 16:43:13.949 INFO  [main] o.a.k.c.consumer.ConsumerConfig - ConsumerConfig values: 
	allow.auto.create.topics = true
	auto.commit.interval.ms = 5000
	auto.include.jmx.reporter = true
	auto.offset.reset = latest
	bootstrap.servers = [kafka:9092]
	check.crcs = true
	client.dns.lookup = use_all_dns_ips
	client.id = consumer-stockapi-1
	client.rack = 
	connections.max.idle.ms = 540000
	default.api.timeout.ms = 60000
	enable.auto.commit = false
	enable.metrics.push = true
	exclude.internal.topics = true
	fetch.max.bytes = 52428800
	fetch.max.wait.ms = 500
	fetch.min.bytes = 1
	group.id = stockapi
	group.instance.id = null
	group.protocol = classic
	group.remote.assignor = null
	heartbeat.interval.ms = 3000
	interceptor.classes = []
	internal.leave.group.on.close = true
	internal.throw.on.fetch.stable.offset.unsupported = false
	isolation.level = read_uncommitted
	key.deserializer = class org.apache.kafka.common.serialization.StringDeserializer
	max.partition.fetch.bytes = 1048576
	max.poll.interval.ms = 300000
	max.poll.records = 500
	metadata.max.age.ms = 300000
	metadata.recovery.strategy = none
	metric.reporters = []
	metrics.num.samples = 2
	metrics.recording.level = INFO
	metrics.sample.window.ms = 30000
	partition.assignment.strategy = [class org.apache.kafka.clients.consumer.RangeAssignor, class org.apache.kafka.clients.consumer.CooperativeStickyAssignor]
	receive.buffer.bytes = 65536
	reconnect.backoff.max.ms = 1000
	reconnect.backoff.ms = 50
	request.timeout.ms = 30000
	retry.backoff.max.ms = 1000
	retry.backoff.ms = 100
	sasl.client.callback.handler.class = null
	sasl.jaas.config = null
	sasl.kerberos.kinit.cmd = /usr/bin/kinit
	sasl.kerberos.min.time.before.relogin = 60000
	sasl.kerberos.service.name = null
	sasl.kerberos.ticket.renew.jitter = 0.05
	sasl.kerberos.ticket.renew.window.factor = 0.8
	sasl.login.callback.handler.class = null
	sasl.login.class = null
	sasl.login.connect.timeout.ms = null
	sasl.login.read.timeout.ms = null
	sasl.login.refresh.buffer.seconds = 300
	sasl.login.refresh.min.period.seconds = 60
	sasl.login.refresh.window.factor = 0.8
	sasl.login.refresh.window.jitter = 0.05
	sasl.login.retry.backoff.max.ms = 10000
	sasl.login.retry.backoff.ms = 100
	sasl.mechanism = GSSAPI
	sasl.oauthbearer.clock.skew.seconds = 30
	sasl.oauthbearer.expected.audience = null
	sasl.oauthbearer.expected.issuer = null
	sasl.oauthbearer.jwks.endpoint.refresh.ms = 3600000
	sasl.oauthbearer.jwks.endpoint.retry.backoff.max.ms = 10000
	sasl.oauthbearer.jwks.endpoint.retry.backoff.ms = 100
	sasl.oauthbearer.jwks.endpoint.url = null
	sasl.oauthbearer.scope.claim.name = scope
	sasl.oauthbearer.sub.claim.name = sub
	sasl.oauthbearer.token.endpoint.url = null
	security.protocol = PLAINTEXT
	security.providers = null
	send.buffer.bytes = 131072
	session.timeout.ms = 45000
	socket.connection.setup.timeout.max.ms = 30000
	socket.connection.setup.timeout.ms = 10000
	ssl.cipher.suites = null
	ssl.enabled.protocols = [TLSv1.2, TLSv1.3]
	ssl.endpoint.identification.algorithm = https
	ssl.engine.factory.class = null
	ssl.key.password = null
	ssl.keymanager.algorithm = SunX509
	ssl.keystore.certificate.chain = null
	ssl.keystore.key = null
	ssl.keystore.location = null
	ssl.keystore.password = null
	ssl.keystore.type = JKS
	ssl.protocol = TLSv1.3
	ssl.provider = null
	ssl.secure.random.implementation = null
	ssl.trustmanager.algorithm = PKIX
	ssl.truststore.certificates = null
	ssl.truststore.location = null
	ssl.truststore.password = null
	ssl.truststore.type = JKS
	value.deserializer = class org.apache.kafka.common.serialization.StringDeserializer

2026-01-01 16:43:13.990 INFO  [main] o.a.k.c.t.i.KafkaMetricsCollector - initializing Kafka metrics collector
2026-01-01 16:43:14.116 INFO  [main] o.a.kafka.common.utils.AppInfoParser - Kafka version: 3.8.1
2026-01-01 16:43:14.116 INFO  [main] o.a.kafka.common.utils.AppInfoParser - Kafka commitId: 70d6ff42debf7e17
2026-01-01 16:43:14.116 INFO  [main] o.a.kafka.common.utils.AppInfoParser - Kafka startTimeMs: 1767282194115
2026-01-01 16:43:14.125 INFO  [main] o.a.k.c.c.i.LegacyKafkaConsumer - [Consumer clientId=consumer-stockapi-1, groupId=stockapi] Subscribed to topic(s): indicator_events
2026-01-01 16:43:14.151 INFO  [main] c.s.stockapi.StockapiApplication - Started StockapiApplication in 6.728 seconds (process running for 7.084)
2026-01-01 16:43:14.371 INFO  [org.springframework.kafka.KafkaListenerEndpointContainer#0-0-C-1] org.apache.kafka.clients.Metadata - [Consumer clientId=consumer-stockapi-1, groupId=stockapi] Cluster ID: 5L6g3nShT-eMCtK--X86sw
2026-01-01 16:43:14.372 INFO  [org.springframework.kafka.KafkaListenerEndpointContainer#0-0-C-1] o.a.k.c.c.i.ConsumerCoordinator - [Consumer clientId=consumer-stockapi-1, groupId=stockapi] Discovered group coordinator kafka:9092 (id: 2147483646 rack: null)
2026-01-01 16:43:14.375 INFO  [org.springframework.kafka.KafkaListenerEndpointContainer#0-0-C-1] o.a.k.c.c.i.ConsumerCoordinator - [Consumer clientId=consumer-stockapi-1, groupId=stockapi] (Re-)joining group
2026-01-01 16:43:14.386 INFO  [org.springframework.kafka.KafkaListenerEndpointContainer#0-0-C-1] o.a.k.c.c.i.ConsumerCoordinator - [Consumer clientId=consumer-stockapi-1, groupId=stockapi] Request joining group due to: need to re-join with the given member-id: consumer-stockapi-1-039a0cac-16f8-464f-8573-bf9179e2392e
2026-01-01 16:43:14.387 INFO  [org.springframework.kafka.KafkaListenerEndpointContainer#0-0-C-1] o.a.k.c.c.i.ConsumerCoordinator - [Consumer clientId=consumer-stockapi-1, groupId=stockapi] (Re-)joining group
2026-01-01 16:43:17.198 INFO  [http-nio-8080-exec-1] o.a.c.c.C.[Tomcat].[localhost].[/] - Initializing Spring DispatcherServlet 'dispatcherServlet'
2026-01-01 16:43:17.198 INFO  [http-nio-8080-exec-1] o.s.web.servlet.DispatcherServlet - Initializing Servlet 'dispatcherServlet'
2026-01-01 16:43:17.199 INFO  [http-nio-8080-exec-1] o.s.web.servlet.DispatcherServlet - Completed initialization in 1 ms
2026-01-01 16:43:17.390 INFO  [org.springframework.kafka.KafkaListenerEndpointContainer#0-0-C-1] o.a.k.c.c.i.ConsumerCoordinator - [Consumer clientId=consumer-stockapi-1, groupId=stockapi] Successfully joined group with generation Generation{generationId=8, memberId='consumer-stockapi-1-039a0cac-16f8-464f-8573-bf9179e2392e', protocol='range'}
2026-01-01 16:43:17.395 INFO  [org.springframework.kafka.KafkaListenerEndpointContainer#0-0-C-1] o.a.k.c.c.i.ConsumerCoordinator - [Consumer clientId=consumer-stockapi-1, groupId=stockapi] Finished assignment for group at generation 8: {consumer-stockapi-1-039a0cac-16f8-464f-8573-bf9179e2392e=Assignment(partitions=[indicator_events-0])}
2026-01-01 16:43:17.400 INFO  [org.springframework.kafka.KafkaListenerEndpointContainer#0-0-C-1] o.a.k.c.c.i.ConsumerCoordinator - [Consumer clientId=consumer-stockapi-1, groupId=stockapi] Successfully synced group in generation Generation{generationId=8, memberId='consumer-stockapi-1-039a0cac-16f8-464f-8573-bf9179e2392e', protocol='range'}
2026-01-01 16:43:17.400 INFO  [org.springframework.kafka.KafkaListenerEndpointContainer#0-0-C-1] o.a.k.c.c.i.ConsumerCoordinator - [Consumer clientId=consumer-stockapi-1, groupId=stockapi] Notifying assignor about the new Assignment(partitions=[indicator_events-0])
2026-01-01 16:43:17.402 INFO  [org.springframework.kafka.KafkaListenerEndpointContainer#0-0-C-1] o.a.k.c.c.i.ConsumerRebalanceListenerInvoker - [Consumer clientId=consumer-stockapi-1, groupId=stockapi] Adding newly assigned partitions: indicator_events-0
2026-01-01 16:43:17.412 INFO  [org.springframework.kafka.KafkaListenerEndpointContainer#0-0-C-1] o.a.k.c.c.internals.ConsumerUtils - Setting offset for partition indicator_events-0 to the committed offset FetchPosition{offset=8851, offsetEpoch=Optional.empty, currentLeader=LeaderAndEpoch{leader=Optional[kafka:9092 (id: 1 rack: null)], epoch=2}}
2026-01-01 16:43:17.413 INFO  [org.springframework.kafka.KafkaListenerEndpointContainer#0-0-C-1] o.s.k.l.KafkaMessageListenerContainer - stockapi: partitions assigned: [indicator_events-0]
2026-01-01 16:43:17.444 INFO  [org.springframework.kafka.KafkaListenerEndpointContainer#0-0-C-1] c.s.s.indicators.IndicatorListener - Received Message in group stockapi: ["19767b78-908a-49a3-947c-6aa0e5e2d565"]
2026-01-01 16:43:17.689 INFO  [org.springframework.kafka.KafkaListenerEndpointContainer#0-0-C-1] c.s.s.indicators.IndicatorCalculator - Number of candles retrieved for BarSeries: 222
2026-01-01 16:43:17.689 INFO  [org.springframework.kafka.KafkaListenerEndpointContainer#0-0-C-1] c.s.s.indicators.IndicatorCalculator - List of candles:
2026-01-01 16:43:17.778 INFO  [org.springframework.kafka.KafkaListenerEndpointContainer#0-0-C-1] c.s.s.indicators.IndicatorCalculator - Number of candles retrieved for BarSeries: 222
2026-01-01 16:43:17.778 INFO  [org.springframework.kafka.KafkaListenerEndpointContainer#0-0-C-1] c.s.s.indicators.IndicatorCalculator - List of candles:
2026-01-01 16:43:17.805 INFO  [org.springframework.kafka.KafkaListenerEndpointContainer#0-0-C-1] c.s.s.indicators.IndicatorCalculator - Number of candles retrieved for BarSeries: 222
2026-01-01 16:43:17.806 INFO  [org.springframework.kafka.KafkaListenerEndpointContainer#0-0-C-1] c.s.s.indicators.IndicatorCalculator - List of candles:
2026-01-01 16:43:17.812 INFO  [org.springframework.kafka.KafkaListenerEndpointContainer#0-0-C-1] c.s.s.indicators.IndicatorListener - Saved Indicator Event in group stockapi
2026-01-01 16:43:17.812 INFO  [org.springframework.kafka.KafkaListenerEndpointContainer#0-0-C-1] c.s.s.indicators.IndicatorListener - Received Message in group stockapi: ["48ca86dc-d3b2-45a1-91d8-b4e005908b7f"]
2026-01-01 16:43:17.835 INFO  [org.springframework.kafka.KafkaListenerEndpointContainer#0-0-C-1] c.s.s.indicators.IndicatorCalculator - Number of candles retrieved for BarSeries: 222
2026-01-01 16:43:17.835 INFO  [org.springframework.kafka.KafkaListenerEndpointContainer#0-0-C-1] c.s.s.indicators.IndicatorCalculator - List of candles:
2026-01-01 16:43:17.862 INFO  [org.springframework.kafka.KafkaListenerEndpointContainer#0-0-C-1] c.s.s.indicators.IndicatorCalculator - Number of candles retrieved for BarSeries: 222
2026-01-01 16:43:17.863 INFO  [org.springframework.kafka.KafkaListenerEndpointContainer#0-0-C-1] c.s.s.indicators.IndicatorCalculator - List of candles:
2026-01-01 16:43:17.888 INFO  [org.springframework.kafka.KafkaListenerEndpointContainer#0-0-C-1] c.s.s.indicators.IndicatorCalculator - Number of candles retrieved for BarSeries: 222
2026-01-01 16:43:17.888 INFO  [org.springframework.kafka.KafkaListenerEndpointContainer#0-0-C-1] c.s.s.indicators.IndicatorCalculator - List of candles:
2026-01-01 16:43:17.894 INFO  [org.springframework.kafka.KafkaListenerEndpointContainer#0-0-C-1] c.s.s.indicators.IndicatorListener - Saved Indicator Event in group stockapi
2026-01-01 16:43:17.894 INFO  [org.springframework.kafka.KafkaListenerEndpointContainer#0-0-C-1] c.s.s.indicators.IndicatorListener - Received Message in group stockapi: ["5702c8a7-4f42-4f6e-82f8-1947ce689735"]
2026-01-01 16:43:17.915 INFO  [org.springframework.kafka.KafkaListenerEndpointContainer#0-0-C-1] c.s.s.indicators.IndicatorCalculator - Number of candles retrieved for BarSeries: 222
2026-01-01 16:43:17.915 INFO  [org.springframework.kafka.KafkaListenerEndpointContainer#0-0-C-1] c.s.s.indicators.IndicatorCalculator - List of candles:
2026-01-01 16:43:17.931 INFO  [org.springframework.kafka.KafkaListenerEndpointContainer#0-0-C-1] c.s.s.indicators.IndicatorCalculator - Number of candles retrieved for BarSeries: 222
2026-01-01 16:43:17.931 INFO  [org.springframework.kafka.KafkaListenerEndpointContainer#0-0-C-1] c.s.s.indicators.IndicatorCalculator - List of candles:
2026-01-01 16:43:17.957 INFO  [org.springframework.kafka.KafkaListenerEndpointContainer#0-0-C-1] c.s.s.indicators.IndicatorCalculator - Number of candles retrieved for BarSeries: 222
2026-01-01 16:43:17.958 INFO  [org.springframework.kafka.KafkaListenerEndpointContainer#0-0-C-1] c.s.s.indicators.IndicatorCalculator - List of candles:
2026-01-01 16:43:17.965 INFO  [org.springframework.kafka.KafkaListenerEndpointContainer#0-0-C-1] c.s.s.indicators.IndicatorListener - Saved Indicator Event in group stockapi
2026-01-01 16:43:17.965 INFO  [org.springframework.kafka.KafkaListenerEndpointContainer#0-0-C-1] c.s.s.indicators.IndicatorListener - Received Message in group stockapi: ["21bf8398-f5f0-4af8-9b61-cdb2f9ca997e"]
2026-01-01 16:43:17.991 INFO  [org.springframework.kafka.KafkaListenerEndpointContainer#0-0-C-1] c.s.s.indicators.IndicatorCalculator - Number of candles retrieved for BarSeries: 222
2026-01-01 16:43:17.992 INFO  [org.springframework.kafka.KafkaListenerEndpointContainer#0-0-C-1] c.s.s.indicators.IndicatorCalculator - List of candles:
2026-01-01 16:43:18.019 INFO  [org.springframework.kafka.KafkaListenerEndpointContainer#0-0-C-1] c.s.s.indicators.IndicatorCalculator - Number of candles retrieved for BarSeries: 222
2026-01-01 16:43:18.019 INFO  [org.springframework.kafka.KafkaListenerEndpointContainer#0-0-C-1] c.s.s.indicators.IndicatorCalculator - List of candles:
2026-01-01 16:43:18.035 INFO  [org.springframework.kafka.KafkaListenerEndpointContainer#0-0-C-1] c.s.s.indicators.IndicatorCalculator - Number of candles retrieved for BarSeries: 222
2026-01-01 16:43:18.035 INFO  [org.springframework.kafka.KafkaListenerEndpointContainer#0-0-C-1] c.s.s.indicators.IndicatorCalculator - List of candles:
2026-01-01 16:43:18.043 INFO  [org.springframework.kafka.KafkaListenerEndpointContainer#0-0-C-1] c.s.s.indicators.IndicatorListener - Saved Indicator Event in group stockapi
2026-01-01 16:43:18.043 INFO  [org.springframework.kafka.KafkaListenerEndpointContainer#0-0-C-1] c.s.s.indicators.IndicatorListener - Received Message in group stockapi: ["89da514d-730a-47f8-be58-962193763d39"]
2026-01-01 16:43:18.088 INFO  [org.springframework.kafka.KafkaListenerEndpointContainer#0-0-C-1] c.s.s.indicators.IndicatorCalculator - Number of candles retrieved for BarSeries: 1592
2026-01-01 16:43:18.088 INFO  [org.springframework.kafka.KafkaListenerEndpointContainer#0-0-C-1] c.s.s.indicators.IndicatorCalculator - List of candles:
2026-01-01 16:43:18.148 INFO  [org.springframework.kafka.KafkaListenerEndpointContainer#0-0-C-1] c.s.s.indicators.IndicatorCalculator - Number of candles retrieved for BarSeries: 1592
2026-01-01 16:43:18.149 INFO  [org.springframework.kafka.KafkaListenerEndpointContainer#0-0-C-1] c.s.s.indicators.IndicatorCalculator - List of candles:
2026-01-01 16:43:18.221 INFO  [org.springframework.kafka.KafkaListenerEndpointContainer#0-0-C-1] c.s.s.indicators.IndicatorCalculator - Number of candles retrieved for BarSeries: 1592
2026-01-01 16:43:18.221 INFO  [org.springframework.kafka.KafkaListenerEndpointContainer#0-0-C-1] c.s.s.indicators.IndicatorCalculator - List of candles:
2026-01-01 16:43:18.231 INFO  [org.springframework.kafka.KafkaListenerEndpointContainer#0-0-C-1] c.s.s.indicators.IndicatorListener - Saved Indicator Event in group stockapi
2026-01-01 16:43:18.231 INFO  [org.springframework.kafka.KafkaListenerEndpointContainer#0-0-C-1] c.s.s.indicators.IndicatorListener - Received Message in group stockapi: ["982cb443-3f35-45dc-899f-a66079d3df3b"]
2026-01-01 16:43:18.304 INFO  [org.springframework.kafka.KafkaListenerEndpointContainer#0-0-C-1] c.s.s.indicators.IndicatorCalculator - Number of candles retrieved for BarSeries: 1591
2026-01-01 16:43:18.304 INFO  [org.springframework.kafka.KafkaListenerEndpointContainer#0-0-C-1] c.s.s.indicators.IndicatorCalculator - List of candles:
2026-01-01 16:43:18.377 INFO  [org.springframework.kafka.KafkaListenerEndpointContainer#0-0-C-1] c.s.s.indicators.IndicatorCalculator - Number of candles retrieved for BarSeries: 1591
2026-01-01 16:43:18.377 INFO  [org.springframework.kafka.KafkaListenerEndpointContainer#0-0-C-1] c.s.s.indicators.IndicatorCalculator - List of candles:
2026-01-01 16:43:18.414 INFO  [org.springframework.kafka.KafkaListenerEndpointContainer#0-0-C-1] c.s.s.indicators.IndicatorCalculator - Number of candles retrieved for BarSeries: 1591
2026-01-01 16:43:18.415 INFO  [org.springframework.kafka.KafkaListenerEndpointContainer#0-0-C-1] c.s.s.indicators.IndicatorCalculator - List of candles:
2026-01-01 16:43:18.420 INFO  [org.springframework.kafka.KafkaListenerEndpointContainer#0-0-C-1] c.s.s.indicators.IndicatorListener - Saved Indicator Event in group stockapi
2026-01-01 16:43:18.421 INFO  [org.springframework.kafka.KafkaListenerEndpointContainer#0-0-C-1] c.s.s.indicators.IndicatorListener - Received Message in group stockapi: ["0dd5300f-04d7-4e57-8747-f83f40d1bb34"]
2026-01-01 16:43:18.451 INFO  [org.springframework.kafka.KafkaListenerEndpointContainer#0-0-C-1] c.s.s.indicators.IndicatorCalculator - Number of candles retrieved for BarSeries: 1592
2026-01-01 16:43:18.451 INFO  [org.springframework.kafka.KafkaListenerEndpointContainer#0-0-C-1] c.s.s.indicators.IndicatorCalculator - List of candles:
2026-01-01 16:43:18.489 INFO  [org.springframework.kafka.KafkaListenerEndpointContainer#0-0-C-1] c.s.s.indicators.IndicatorCalculator - Number of candles retrieved for BarSeries: 1592
2026-01-01 16:43:18.489 INFO  [org.springframework.kafka.KafkaListenerEndpointContainer#0-0-C-1] c.s.s.indicators.IndicatorCalculator - List of candles:
2026-01-01 16:43:18.533 INFO  [org.springframework.kafka.KafkaListenerEndpointContainer#0-0-C-1] c.s.s.indicators.IndicatorCalculator - Number of candles retrieved for BarSeries: 1592
2026-01-01 16:43:18.533 INFO  [org.springframework.kafka.KafkaListenerEndpointContainer#0-0-C-1] c.s.s.indicators.IndicatorCalculator - List of candles:
2026-01-01 16:43:18.542 INFO  [org.springframework.kafka.KafkaListenerEndpointContainer#0-0-C-1] c.s.s.indicators.IndicatorListener - Saved Indicator Event in group stockapi
2026-01-01 16:43:18.542 INFO  [org.springframework.kafka.KafkaListenerEndpointContainer#0-0-C-1] c.s.s.indicators.IndicatorListener - Received Message in group stockapi: ["f10f515a-c66e-4d0b-aaa6-4a8111c46b9a"]
2026-01-01 16:43:18.572 INFO  [org.springframework.kafka.KafkaListenerEndpointContainer#0-0-C-1] c.s.s.indicators.IndicatorCalculator - Number of candles retrieved for BarSeries: 1592
2026-01-01 16:43:18.572 INFO  [org.springframework.kafka.KafkaListenerEndpointContainer#0-0-C-1] c.s.s.indicators.IndicatorCalculator - List of candles:
2026-01-01 16:43:18.602 INFO  [org.springframework.kafka.KafkaListenerEndpointContainer#0-0-C-1] c.s.s.indicators.IndicatorCalculator - Number of candles retrieved for BarSeries: 1592
2026-01-01 16:43:18.602 INFO  [org.springframework.kafka.KafkaListenerEndpointContainer#0-0-C-1] c.s.s.indicators.IndicatorCalculator - List of candles:
2026-01-01 16:43:18.632 INFO  [org.springframework.kafka.KafkaListenerEndpointContainer#0-0-C-1] c.s.s.indicators.IndicatorCalculator - Number of candles retrieved for BarSeries: 1592
2026-01-01 16:43:18.633 INFO  [org.springframework.kafka.KafkaListenerEndpointContainer#0-0-C-1] c.s.s.indicators.IndicatorCalculator - List of candles:
2026-01-01 16:43:18.640 INFO  [org.springframework.kafka.KafkaListenerEndpointContainer#0-0-C-1] c.s.s.indicators.IndicatorListener - Saved Indicator Event in group stockapi
2026-01-01 16:43:18.641 INFO  [org.springframework.kafka.KafkaListenerEndpointContainer#0-0-C-1] c.s.s.indicators.IndicatorListener - Received Message in group stockapi: ["3ea5e72d-4791-4c54-82bb-23989a86b2d9"]
2026-01-01 16:43:18.692 INFO  [org.springframework.kafka.KafkaListenerEndpointContainer#0-0-C-1] c.s.s.indicators.IndicatorCalculator - Number of candles retrieved for BarSeries: 1592
2026-01-01 16:43:18.693 INFO  [org.springframework.kafka.KafkaListenerEndpointContainer#0-0-C-1] c.s.s.indicators.IndicatorCalculator - List of candles:
2026-01-01 16:43:18.729 INFO  [org.springframework.kafka.KafkaListenerEndpointContainer#0-0-C-1] c.s.s.indicators.IndicatorCalculator - Number of candles retrieved for BarSeries: 1592
2026-01-01 16:43:18.729 INFO  [org.springframework.kafka.KafkaListenerEndpointContainer#0-0-C-1] c.s.s.indicators.IndicatorCalculator - List of candles:
2026-01-01 16:43:18.763 INFO  [org.springframework.kafka.KafkaListenerEndpointContainer#0-0-C-1] c.s.s.indicators.IndicatorCalculator - Number of candles retrieved for BarSeries: 1592
2026-01-01 16:43:18.763 INFO  [org.springframework.kafka.KafkaListenerEndpointContainer#0-0-C-1] c.s.s.indicators.IndicatorCalculator - List of candles:
2026-01-01 16:43:18.768 INFO  [org.springframework.kafka.KafkaListenerEndpointContainer#0-0-C-1] c.s.s.indicators.IndicatorListener - Saved Indicator Event in group stockapi
2026-01-01 16:43:18.769 INFO  [org.springframework.kafka.KafkaListenerEndpointContainer#0-0-C-1] c.s.s.indicators.IndicatorListener - Received Message in group stockapi: ["b91c1b62-8db9-4085-bdde-29bac75eb48e"]
2026-01-01 16:43:18.793 INFO  [org.springframework.kafka.KafkaListenerEndpointContainer#0-0-C-1] c.s.s.indicators.IndicatorCalculator - Number of candles retrieved for BarSeries: 1591
2026-01-01 16:43:18.794 INFO  [org.springframework.kafka.KafkaListenerEndpointContainer#0-0-C-1] c.s.s.indicators.IndicatorCalculator - List of candles:
2026-01-01 16:43:18.825 INFO  [org.springframework.kafka.KafkaListenerEndpointContainer#0-0-C-1] c.s.s.indicators.IndicatorCalculator - Number of candles retrieved for BarSeries: 1591
2026-01-01 16:43:18.825 INFO  [org.springframework.kafka.KafkaListenerEndpointContainer#0-0-C-1] c.s.s.indicators.IndicatorCalculator - List of candles:
2026-01-01 16:43:18.857 INFO  [org.springframework.kafka.KafkaListenerEndpointContainer#0-0-C-1] c.s.s.indicators.IndicatorCalculator - Number of candles retrieved for BarSeries: 1591
2026-01-01 16:43:18.857 INFO  [org.springframework.kafka.KafkaListenerEndpointContainer#0-0-C-1] c.s.s.indicators.IndicatorCalculator - List of candles:
2026-01-01 16:43:18.862 INFO  [org.springframework.kafka.KafkaListenerEndpointContainer#0-0-C-1] c.s.s.indicators.IndicatorListener - Saved Indicator Event in group stockapi
2026-01-01 16:43:18.863 INFO  [org.springframework.kafka.KafkaListenerEndpointContainer#0-0-C-1] c.s.s.indicators.IndicatorListener - Received Message in group stockapi: ["6a3452e0-c9ee-4299-8efe-54efce75c16b"]
2026-01-01 16:43:18.895 INFO  [org.springframework.kafka.KafkaListenerEndpointContainer#0-0-C-1] c.s.s.indicators.IndicatorCalculator - Number of candles retrieved for BarSeries: 1592
2026-01-01 16:43:18.895 INFO  [org.springframework.kafka.KafkaListenerEndpointContainer#0-0-C-1] c.s.s.indicators.IndicatorCalculator - List of candles:
2026-01-01 16:43:18.938 INFO  [org.springframework.kafka.KafkaListenerEndpointContainer#0-0-C-1] c.s.s.indicators.IndicatorCalculator - Number of candles retrieved for BarSeries: 1592
2026-01-01 16:43:18.938 INFO  [org.springframework.kafka.KafkaListenerEndpointContainer#0-0-C-1] c.s.s.indicators.IndicatorCalculator - List of candles:
2026-01-01 16:43:18.974 INFO  [org.springframework.kafka.KafkaListenerEndpointContainer#0-0-C-1] c.s.s.indicators.IndicatorCalculator - Number of candles retrieved for BarSeries: 1592
2026-01-01 16:43:18.974 INFO  [org.springframework.kafka.KafkaListenerEndpointContainer#0-0-C-1] c.s.s.indicators.IndicatorCalculator - List of candles:
2026-01-01 16:43:18.979 INFO  [org.springframework.kafka.KafkaListenerEndpointContainer#0-0-C-1] c.s.s.indicators.IndicatorListener - Saved Indicator Event in group stockapi
2026-01-01 16:43:18.979 INFO  [org.springframework.kafka.KafkaListenerEndpointContainer#0-0-C-1] c.s.s.indicators.IndicatorListener - Received Message in group stockapi: ["20083b7a-382c-4e7a-a6b8-29357d31775c"]
2026-01-01 16:43:19.007 INFO  [org.springframework.kafka.KafkaListenerEndpointContainer#0-0-C-1] c.s.s.indicators.IndicatorCalculator - Number of candles retrieved for BarSeries: 1591
2026-01-01 16:43:19.007 INFO  [org.springframework.kafka.KafkaListenerEndpointContainer#0-0-C-1] c.s.s.indicators.IndicatorCalculator - List of candles:
2026-01-01 16:43:19.041 INFO  [org.springframework.kafka.KafkaListenerEndpointContainer#0-0-C-1] c.s.s.indicators.IndicatorCalculator - Number of candles retrieved for BarSeries: 1591
2026-01-01 16:43:19.041 INFO  [org.springframework.kafka.KafkaListenerEndpointContainer#0-0-C-1] c.s.s.indicators.IndicatorCalculator - List of candles:
2026-01-01 16:43:19.073 INFO  [org.springframework.kafka.KafkaListenerEndpointContainer#0-0-C-1] c.s.s.indicators.IndicatorCalculator - Number of candles retrieved for BarSeries: 1591
2026-01-01 16:43:19.073 INFO  [org.springframework.kafka.KafkaListenerEndpointContainer#0-0-C-1] c.s.s.indicators.IndicatorCalculator - List of candles:
2026-01-01 16:43:19.078 INFO  [org.springframework.kafka.KafkaListenerEndpointContainer#0-0-C-1] c.s.s.indicators.IndicatorListener - Saved Indicator Event in group stockapi
2026-01-01 16:43:19.078 INFO  [org.springframework.kafka.KafkaListenerEndpointContainer#0-0-C-1] c.s.s.indicators.IndicatorListener - Received Message in group stockapi: ["27c30228-b4cc-4633-b899-097d9682de2c"]
2026-01-01 16:43:19.102 INFO  [org.springframework.kafka.KafkaListenerEndpointContainer#0-0-C-1] c.s.s.indicators.IndicatorCalculator - Number of candles retrieved for BarSeries: 1592
2026-01-01 16:43:19.102 INFO  [org.springframework.kafka.KafkaListenerEndpointContainer#0-0-C-1] c.s.s.indicators.IndicatorCalculator - List of candles:
2026-01-01 16:43:19.130 INFO  [org.springframework.kafka.KafkaListenerEndpointContainer#0-0-C-1] c.s.s.indicators.IndicatorCalculator - Number of candles retrieved for BarSeries: 1592
2026-01-01 16:43:19.131 INFO  [org.springframework.kafka.KafkaListenerEndpointContainer#0-0-C-1] c.s.s.indicators.IndicatorCalculator - List of candles:
2026-01-01 16:43:19.160 INFO  [org.springframework.kafka.KafkaListenerEndpointContainer#0-0-C-1] c.s.s.indicators.IndicatorCalculator - Number of candles retrieved for BarSeries: 1592
2026-01-01 16:43:19.161 INFO  [org.springframework.kafka.KafkaListenerEndpointContainer#0-0-C-1] c.s.s.indicators.IndicatorCalculator - List of candles:
2026-01-01 16:43:19.167 INFO  [org.springframework.kafka.KafkaListenerEndpointContainer#0-0-C-1] c.s.s.indicators.IndicatorListener - Saved Indicator Event in group stockapi
2026-01-01 16:43:19.167 INFO  [org.springframework.kafka.KafkaListenerEndpointContainer#0-0-C-1] c.s.s.indicators.IndicatorListener - Received Message in group stockapi: ["3584e7ce-2814-453a-83b6-f8795dcd9db6"]
2026-01-01 16:43:19.192 INFO  [org.springframework.kafka.KafkaListenerEndpointContainer#0-0-C-1] c.s.s.indicators.IndicatorCalculator - Number of candles retrieved for BarSeries: 1592
2026-01-01 16:43:19.192 INFO  [org.springframework.kafka.KafkaListenerEndpointContainer#0-0-C-1] c.s.s.indicators.IndicatorCalculator - List of candles:
2026-01-01 16:43:19.223 INFO  [org.springframework.kafka.KafkaListenerEndpointContainer#0-0-C-1] c.s.s.indicators.IndicatorCalculator - Number of candles retrieved for BarSeries: 1592
2026-01-01 16:43:19.223 INFO  [org.springframework.kafka.KafkaListenerEndpointContainer#0-0-C-1] c.s.s.indicators.IndicatorCalculator - List of candles:
2026-01-01 16:43:19.252 INFO  [org.springframework.kafka.KafkaListenerEndpointContainer#0-0-C-1] c.s.s.indicators.IndicatorCalculator - Number of candles retrieved for BarSeries: 1592
2026-01-01 16:43:19.252 INFO  [org.springframework.kafka.KafkaListenerEndpointContainer#0-0-C-1] c.s.s.indicators.IndicatorCalculator - List of candles:
2026-01-01 16:43:19.258 INFO  [org.springframework.kafka.KafkaListenerEndpointContainer#0-0-C-1] c.s.s.indicators.IndicatorListener - Saved Indicator Event in group stockapi
2026-01-01 16:43:19.258 INFO  [org.springframework.kafka.KafkaListenerEndpointContainer#0-0-C-1] c.s.s.indicators.IndicatorListener - Received Message in group stockapi: ["47241070-9d6c-4d98-a367-ea8b043e3c62"]
2026-01-01 16:43:19.294 INFO  [org.springframework.kafka.KafkaListenerEndpointContainer#0-0-C-1] c.s.s.indicators.IndicatorCalculator - Number of candles retrieved for BarSeries: 1592
2026-01-01 16:43:19.294 INFO  [org.springframework.kafka.KafkaListenerEndpointContainer#0-0-C-1] c.s.s.indicators.IndicatorCalculator - List of candles:
2026-01-01 16:43:19.328 INFO  [org.springframework.kafka.KafkaListenerEndpointContainer#0-0-C-1] c.s.s.indicators.IndicatorCalculator - Number of candles retrieved for BarSeries: 1592
2026-01-01 16:43:19.328 INFO  [org.springframework.kafka.KafkaListenerEndpointContainer#0-0-C-1] c.s.s.indicators.IndicatorCalculator - List of candles:
2026-01-01 16:43:19.360 INFO  [org.springframework.kafka.KafkaListenerEndpointContainer#0-0-C-1] c.s.s.indicators.IndicatorCalculator - Number of candles retrieved for BarSeries: 1592
2026-01-01 16:43:19.360 INFO  [org.springframework.kafka.KafkaListenerEndpointContainer#0-0-C-1] c.s.s.indicators.IndicatorCalculator - List of candles:
2026-01-01 16:43:19.366 INFO  [org.springframework.kafka.KafkaListenerEndpointContainer#0-0-C-1] c.s.s.indicators.IndicatorListener - Saved Indicator Event in group stockapi
2026-01-01 16:43:19.367 INFO  [org.springframework.kafka.KafkaListenerEndpointContainer#0-0-C-1] c.s.s.indicators.IndicatorListener - Received Message in group stockapi: ["5e1d055c-2b6f-43bc-8df6-0993fca8e3cf"]
2026-01-01 16:43:19.396 INFO  [org.springframework.kafka.KafkaListenerEndpointContainer#0-0-C-1] c.s.s.indicators.IndicatorCalculator - Number of candles retrieved for BarSeries: 1592
2026-01-01 16:43:19.396 INFO  [org.springframework.kafka.KafkaListenerEndpointContainer#0-0-C-1] c.s.s.indicators.IndicatorCalculator - List of candles:
2026-01-01 16:43:19.428 INFO  [org.springframework.kafka.KafkaListenerEndpointContainer#0-0-C-1] c.s.s.indicators.IndicatorCalculator - Number of candles retrieved for BarSeries: 1592
2026-01-01 16:43:19.428 INFO  [org.springframework.kafka.KafkaListenerEndpointContainer#0-0-C-1] c.s.s.indicators.IndicatorCalculator - List of candles:
2026-01-01 16:43:19.457 INFO  [org.springframework.kafka.KafkaListenerEndpointContainer#0-0-C-1] c.s.s.indicators.IndicatorCalculator - Number of candles retrieved for BarSeries: 1592
2026-01-01 16:43:19.458 INFO  [org.springframework.kafka.KafkaListenerEndpointContainer#0-0-C-1] c.s.s.indicators.IndicatorCalculator - List of candles:
2026-01-01 16:43:19.464 INFO  [org.springframework.kafka.KafkaListenerEndpointContainer#0-0-C-1] c.s.s.indicators.IndicatorListener - Saved Indicator Event in group stockapi
2026-01-01 16:44:00.066 INFO  [scheduling-1] c.s.s.w.s.WalletWorthSnapshotScheduler - Taking wallet worth snapshot for wallet from user: igor.bialas@gmail.com
2026-01-01 16:45:00.005 INFO  [scheduling-1] c.s.s.w.s.WalletWorthSnapshotScheduler - Taking wallet worth snapshot for wallet from user: igor.bialas@gmail.com
2026-01-01 16:45:03.519 INFO  [org.springframework.kafka.KafkaListenerEndpointContainer#0-0-C-1] c.s.s.indicators.IndicatorListener - Received Message in group stockapi: ["8c36a225-063b-49a7-a912-4705dd6e75d0"]
2026-01-01 16:45:03.555 INFO  [org.springframework.kafka.KafkaListenerEndpointContainer#0-0-C-1] c.s.s.indicators.IndicatorCalculator - Number of candles retrieved for BarSeries: 1592
2026-01-01 16:45:03.556 INFO  [org.springframework.kafka.KafkaListenerEndpointContainer#0-0-C-1] c.s.s.indicators.IndicatorCalculator - List of candles:
2026-01-01 16:45:03.592 INFO  [org.springframework.kafka.KafkaListenerEndpointContainer#0-0-C-1] c.s.s.indicators.IndicatorCalculator - Number of candles retrieved for BarSeries: 1592
2026-01-01 16:45:03.593 INFO  [org.springframework.kafka.KafkaListenerEndpointContainer#0-0-C-1] c.s.s.indicators.IndicatorCalculator - List of candles:
2026-01-01 16:45:03.631 INFO  [org.springframework.kafka.KafkaListenerEndpointContainer#0-0-C-1] c.s.s.indicators.IndicatorCalculator - Number of candles retrieved for BarSeries: 1592
2026-01-01 16:45:03.631 INFO  [org.springframework.kafka.KafkaListenerEndpointContainer#0-0-C-1] c.s.s.indicators.IndicatorCalculator - List of candles:
2026-01-01 16:45:03.637 INFO  [org.springframework.kafka.KafkaListenerEndpointContainer#0-0-C-1] c.s.s.indicators.IndicatorListener - Saved Indicator Event in group stockapi
2026-01-01 16:45:03.640 INFO  [org.springframework.kafka.KafkaListenerEndpointContainer#0-0-C-1] c.s.s.indicators.IndicatorListener - Received Message in group stockapi: ["c558bf58-e72a-499f-a850-cfd16f962d37"]
2026-01-01 16:45:03.669 INFO  [org.springframework.kafka.KafkaListenerEndpointContainer#0-0-C-1] c.s.s.indicators.IndicatorCalculator - Number of candles retrieved for BarSeries: 1593
2026-01-01 16:45:03.669 INFO  [org.springframework.kafka.KafkaListenerEndpointContainer#0-0-C-1] c.s.s.indicators.IndicatorCalculator - List of candles:
2026-01-01 16:45:03.696 INFO  [org.springframework.kafka.KafkaListenerEndpointContainer#0-0-C-1] c.s.s.indicators.IndicatorCalculator - Number of candles retrieved for BarSeries: 1593
2026-01-01 16:45:03.697 INFO  [org.springframework.kafka.KafkaListenerEndpointContainer#0-0-C-1] c.s.s.indicators.IndicatorCalculator - List of candles:
2026-01-01 16:45:03.727 INFO  [org.springframework.kafka.KafkaListenerEndpointContainer#0-0-C-1] c.s.s.indicators.IndicatorCalculator - Number of candles retrieved for BarSeries: 1593
2026-01-01 16:45:03.728 INFO  [org.springframework.kafka.KafkaListenerEndpointContainer#0-0-C-1] c.s.s.indicators.IndicatorCalculator - List of candles:
2026-01-01 16:45:03.732 INFO  [org.springframework.kafka.KafkaListenerEndpointContainer#0-0-C-1] c.s.s.indicators.IndicatorListener - Saved Indicator Event in group stockapi
2026-01-01 16:45:03.734 INFO  [org.springframework.kafka.KafkaListenerEndpointContainer#0-0-C-1] c.s.s.indicators.IndicatorListener - Received Message in group stockapi: ["8e0b7ffc-9bb9-4394-a058-a31b6fe05972"]
2026-01-01 16:45:03.758 INFO  [org.springframework.kafka.KafkaListenerEndpointContainer#0-0-C-1] c.s.s.indicators.IndicatorCalculator - Number of candles retrieved for BarSeries: 1593
2026-01-01 16:45:03.758 INFO  [org.springframework.kafka.KafkaListenerEndpointContainer#0-0-C-1] c.s.s.indicators.IndicatorCalculator - List of candles:
2026-01-01 16:45:03.784 INFO  [org.springframework.kafka.KafkaListenerEndpointContainer#0-0-C-1] c.s.s.indicators.IndicatorCalculator - Number of candles retrieved for BarSeries: 1593
2026-01-01 16:45:03.784 INFO  [org.springframework.kafka.KafkaListenerEndpointContainer#0-0-C-1] c.s.s.indicators.IndicatorCalculator - List of candles:
2026-01-01 16:45:03.811 INFO  [org.springframework.kafka.KafkaListenerEndpointContainer#0-0-C-1] c.s.s.indicators.IndicatorCalculator - Number of candles retrieved for BarSeries: 1593
2026-01-01 16:45:03.811 INFO  [org.springframework.kafka.KafkaListenerEndpointContainer#0-0-C-1] c.s.s.indicators.IndicatorCalculator - List of candles:
2026-01-01 16:45:03.817 INFO  [org.springframework.kafka.KafkaListenerEndpointContainer#0-0-C-1] c.s.s.indicators.IndicatorListener - Saved Indicator Event in group stockapi
2026-01-01 16:45:03.817 INFO  [org.springframework.kafka.KafkaListenerEndpointContainer#0-0-C-1] c.s.s.indicators.IndicatorListener - Received Message in group stockapi: ["d24c7c54-55a6-446a-81fd-58dfdcfd9828"]
2026-01-01 16:45:03.841 INFO  [org.springframework.kafka.KafkaListenerEndpointContainer#0-0-C-1] c.s.s.indicators.IndicatorCalculator - Number of candles retrieved for BarSeries: 1593
2026-01-01 16:45:03.842 INFO  [org.springframework.kafka.KafkaListenerEndpointContainer#0-0-C-1] c.s.s.indicators.IndicatorCalculator - List of candles:
2026-01-01 16:45:03.875 INFO  [org.springframework.kafka.KafkaListenerEndpointContainer#0-0-C-1] c.s.s.indicators.IndicatorCalculator - Number of candles retrieved for BarSeries: 1593
2026-01-01 16:45:03.875 INFO  [org.springframework.kafka.KafkaListenerEndpointContainer#0-0-C-1] c.s.s.indicators.IndicatorCalculator - List of candles:
2026-01-01 16:45:03.910 INFO  [org.springframework.kafka.KafkaListenerEndpointContainer#0-0-C-1] c.s.s.indicators.IndicatorCalculator - Number of candles retrieved for BarSeries: 1593
2026-01-01 16:45:03.911 INFO  [org.springframework.kafka.KafkaListenerEndpointContainer#0-0-C-1] c.s.s.indicators.IndicatorCalculator - List of candles:
2026-01-01 16:45:03.916 INFO  [org.springframework.kafka.KafkaListenerEndpointContainer#0-0-C-1] c.s.s.indicators.IndicatorListener - Saved Indicator Event in group stockapi
2026-01-01 16:46:00.004 INFO  [scheduling-1] c.s.s.w.s.WalletWorthSnapshotScheduler - Taking wallet worth snapshot for wallet from user: igor.bialas@gmail.com
2026-01-01 16:46:02.549 INFO  [org.springframework.kafka.KafkaListenerEndpointContainer#0-0-C-1] c.s.s.indicators.IndicatorListener - Received Message in group stockapi: ["413e4760-f97d-434a-ab27-cf8eacaa67b5"]
2026-01-01 16:46:02.581 INFO  [org.springframework.kafka.KafkaListenerEndpointContainer#0-0-C-1] c.s.s.indicators.IndicatorCalculator - Number of candles retrieved for BarSeries: 1594
2026-01-01 16:46:02.581 INFO  [org.springframework.kafka.KafkaListenerEndpointContainer#0-0-C-1] c.s.s.indicators.IndicatorCalculator - List of candles:
2026-01-01 16:46:02.613 INFO  [org.springframework.kafka.KafkaListenerEndpointContainer#0-0-C-1] c.s.s.indicators.IndicatorCalculator - Number of candles retrieved for BarSeries: 1594
2026-01-01 16:46:02.613 INFO  [org.springframework.kafka.KafkaListenerEndpointContainer#0-0-C-1] c.s.s.indicators.IndicatorCalculator - List of candles:
2026-01-01 16:46:02.642 INFO  [org.springframework.kafka.KafkaListenerEndpointContainer#0-0-C-1] c.s.s.indicators.IndicatorCalculator - Number of candles retrieved for BarSeries: 1594
2026-01-01 16:46:02.642 INFO  [org.springframework.kafka.KafkaListenerEndpointContainer#0-0-C-1] c.s.s.indicators.IndicatorCalculator - List of candles:
2026-01-01 16:46:02.650 INFO  [org.springframework.kafka.KafkaListenerEndpointContainer#0-0-C-1] c.s.s.indicators.IndicatorListener - Saved Indicator Event in group stockapi
2026-01-01 16:46:02.653 INFO  [org.springframework.kafka.KafkaListenerEndpointContainer#0-0-C-1] c.s.s.indicators.IndicatorListener - Received Message in group stockapi: ["ba343c54-c9c5-4b8b-9010-1ebf377762a6"]
2026-01-01 16:46:02.681 INFO  [org.springframework.kafka.KafkaListenerEndpointContainer#0-0-C-1] c.s.s.indicators.IndicatorCalculator - Number of candles retrieved for BarSeries: 1593
2026-01-01 16:46:02.681 INFO  [org.springframework.kafka.KafkaListenerEndpointContainer#0-0-C-1] c.s.s.indicators.IndicatorCalculator - List of candles:
2026-01-01 16:46:02.709 INFO  [org.springframework.kafka.KafkaListenerEndpointContainer#0-0-C-1] c.s.s.indicators.IndicatorCalculator - Number of candles retrieved for BarSeries: 1593
2026-01-01 16:46:02.709 INFO  [org.springframework.kafka.KafkaListenerEndpointContainer#0-0-C-1] c.s.s.indicators.IndicatorCalculator - List of candles:
2026-01-01 16:46:02.734 INFO  [org.springframework.kafka.KafkaListenerEndpointContainer#0-0-C-1] c.s.s.indicators.IndicatorCalculator - Number of candles retrieved for BarSeries: 1593
2026-01-01 16:46:02.735 INFO  [org.springframework.kafka.KafkaListenerEndpointContainer#0-0-C-1] c.s.s.indicators.IndicatorCalculator - List of candles:
2026-01-01 16:46:02.739 INFO  [org.springframework.kafka.KafkaListenerEndpointContainer#0-0-C-1] c.s.s.indicators.IndicatorListener - Saved Indicator Event in group stockapi
2026-01-01 16:46:02.741 INFO  [org.springframework.kafka.KafkaListenerEndpointContainer#0-0-C-1] c.s.s.indicators.IndicatorListener - Received Message in group stockapi: ["77915a72-a162-4de4-a0e6-877819580d7a"]
2026-01-01 16:46:02.765 INFO  [org.springframework.kafka.KafkaListenerEndpointContainer#0-0-C-1] c.s.s.indicators.IndicatorCalculator - Number of candles retrieved for BarSeries: 1594
2026-01-01 16:46:02.765 INFO  [org.springframework.kafka.KafkaListenerEndpointContainer#0-0-C-1] c.s.s.indicators.IndicatorCalculator - List of candles:
2026-01-01 16:46:02.792 INFO  [org.springframework.kafka.KafkaListenerEndpointContainer#0-0-C-1] c.s.s.indicators.IndicatorCalculator - Number of candles retrieved for BarSeries: 1594
2026-01-01 16:46:02.792 INFO  [org.springframework.kafka.KafkaListenerEndpointContainer#0-0-C-1] c.s.s.indicators.IndicatorCalculator - List of candles:
2026-01-01 16:46:02.820 INFO  [org.springframework.kafka.KafkaListenerEndpointContainer#0-0-C-1] c.s.s.indicators.IndicatorCalculator - Number of candles retrieved for BarSeries: 1594
2026-01-01 16:46:02.820 INFO  [org.springframework.kafka.KafkaListenerEndpointContainer#0-0-C-1] c.s.s.indicators.IndicatorCalculator - List of candles:
2026-01-01 16:46:02.825 INFO  [org.springframework.kafka.KafkaListenerEndpointContainer#0-0-C-1] c.s.s.indicators.IndicatorListener - Saved Indicator Event in group stockapi
2026-01-01 16:46:02.825 INFO  [org.springframework.kafka.KafkaListenerEndpointContainer#0-0-C-1] c.s.s.indicators.IndicatorListener - Received Message in group stockapi: ["3dc685b5-af45-4fce-9999-46028301095e"]
2026-01-01 16:46:02.847 INFO  [org.springframework.kafka.KafkaListenerEndpointContainer#0-0-C-1] c.s.s.indicators.IndicatorCalculator - Number of candles retrieved for BarSeries: 1594
2026-01-01 16:46:02.847 INFO  [org.springframework.kafka.KafkaListenerEndpointContainer#0-0-C-1] c.s.s.indicators.IndicatorCalculator - List of candles:
2026-01-01 16:46:02.874 INFO  [org.springframework.kafka.KafkaListenerEndpointContainer#0-0-C-1] c.s.s.indicators.IndicatorCalculator - Number of candles retrieved for BarSeries: 1594
2026-01-01 16:46:02.874 INFO  [org.springframework.kafka.KafkaListenerEndpointContainer#0-0-C-1] c.s.s.indicators.IndicatorCalculator - List of candles:
2026-01-01 16:46:02.900 INFO  [org.springframework.kafka.KafkaListenerEndpointContainer#0-0-C-1] c.s.s.indicators.IndicatorCalculator - Number of candles retrieved for BarSeries: 1594
2026-01-01 16:46:02.901 INFO  [org.springframework.kafka.KafkaListenerEndpointContainer#0-0-C-1] c.s.s.indicators.IndicatorCalculator - List of candles:
2026-01-01 16:46:02.905 INFO  [org.springframework.kafka.KafkaListenerEndpointContainer#0-0-C-1] c.s.s.indicators.IndicatorListener - Saved Indicator Event in group stockapi
2026-01-01 16:47:00.003 INFO  [scheduling-1] c.s.s.w.s.WalletWorthSnapshotScheduler - Taking wallet worth snapshot for wallet from user: igor.bialas@gmail.com
2026-01-01 16:47:02.465 INFO  [org.springframework.kafka.KafkaListenerEndpointContainer#0-0-C-1] c.s.s.indicators.IndicatorListener - Received Message in group stockapi: ["461d58a0-5e8f-4685-a9ee-852cd05ebb36"]
2026-01-01 16:47:02.489 INFO  [org.springframework.kafka.KafkaListenerEndpointContainer#0-0-C-1] c.s.s.indicators.IndicatorCalculator - Number of candles retrieved for BarSeries: 1594
2026-01-01 16:47:02.489 INFO  [org.springframework.kafka.KafkaListenerEndpointContainer#0-0-C-1] c.s.s.indicators.IndicatorCalculator - List of candles:
2026-01-01 16:47:02.515 INFO  [org.springframework.kafka.KafkaListenerEndpointContainer#0-0-C-1] c.s.s.indicators.IndicatorCalculator - Number of candles retrieved for BarSeries: 1594
2026-01-01 16:47:02.515 INFO  [org.springframework.kafka.KafkaListenerEndpointContainer#0-0-C-1] c.s.s.indicators.IndicatorCalculator - List of candles:
2026-01-01 16:47:02.541 INFO  [org.springframework.kafka.KafkaListenerEndpointContainer#0-0-C-1] c.s.s.indicators.IndicatorCalculator - Number of candles retrieved for BarSeries: 1594
2026-01-01 16:47:02.541 INFO  [org.springframework.kafka.KafkaListenerEndpointContainer#0-0-C-1] c.s.s.indicators.IndicatorCalculator - List of candles:
2026-01-01 16:47:02.546 INFO  [org.springframework.kafka.KafkaListenerEndpointContainer#0-0-C-1] c.s.s.indicators.IndicatorListener - Saved Indicator Event in group stockapi
2026-01-01 16:47:02.546 INFO  [org.springframework.kafka.KafkaListenerEndpointContainer#0-0-C-1] c.s.s.indicators.IndicatorListener - Received Message in group stockapi: ["189ceac4-a3c5-423f-a861-a3a74ef67c7e"]
2026-01-01 16:47:02.572 INFO  [org.springframework.kafka.KafkaListenerEndpointContainer#0-0-C-1] c.s.s.indicators.IndicatorCalculator - Number of candles retrieved for BarSeries: 1595
2026-01-01 16:47:02.572 INFO  [org.springframework.kafka.KafkaListenerEndpointContainer#0-0-C-1] c.s.s.indicators.IndicatorCalculator - List of candles:
2026-01-01 16:47:02.596 INFO  [org.springframework.kafka.KafkaListenerEndpointContainer#0-0-C-1] c.s.s.indicators.IndicatorCalculator - Number of candles retrieved for BarSeries: 1595
2026-01-01 16:47:02.596 INFO  [org.springframework.kafka.KafkaListenerEndpointContainer#0-0-C-1] c.s.s.indicators.IndicatorCalculator - List of candles:
2026-01-01 16:47:02.622 INFO  [org.springframework.kafka.KafkaListenerEndpointContainer#0-0-C-1] c.s.s.indicators.IndicatorCalculator - Number of candles retrieved for BarSeries: 1595
2026-01-01 16:47:02.622 INFO  [org.springframework.kafka.KafkaListenerEndpointContainer#0-0-C-1] c.s.s.indicators.IndicatorCalculator - List of candles:
2026-01-01 16:47:02.626 INFO  [org.springframework.kafka.KafkaListenerEndpointContainer#0-0-C-1] c.s.s.indicators.IndicatorListener - Saved Indicator Event in group stockapi
2026-01-01 16:47:02.629 INFO  [org.springframework.kafka.KafkaListenerEndpointContainer#0-0-C-1] c.s.s.indicators.IndicatorListener - Received Message in group stockapi: ["1bb8e1cf-5aa4-47f6-850d-9ab80cfb013d"]
2026-01-01 16:47:02.654 INFO  [org.springframework.kafka.KafkaListenerEndpointContainer#0-0-C-1] c.s.s.indicators.IndicatorCalculator - Number of candles retrieved for BarSeries: 1595
2026-01-01 16:47:02.654 INFO  [org.springframework.kafka.KafkaListenerEndpointContainer#0-0-C-1] c.s.s.indicators.IndicatorCalculator - List of candles:
2026-01-01 16:47:02.681 INFO  [org.springframework.kafka.KafkaListenerEndpointContainer#0-0-C-1] c.s.s.indicators.IndicatorCalculator - Number of candles retrieved for BarSeries: 1595
2026-01-01 16:47:02.682 INFO  [org.springframework.kafka.KafkaListenerEndpointContainer#0-0-C-1] c.s.s.indicators.IndicatorCalculator - List of candles:
2026-01-01 16:47:02.707 INFO  [org.springframework.kafka.KafkaListenerEndpointContainer#0-0-C-1] c.s.s.indicators.IndicatorCalculator - Number of candles retrieved for BarSeries: 1595
2026-01-01 16:47:02.707 INFO  [org.springframework.kafka.KafkaListenerEndpointContainer#0-0-C-1] c.s.s.indicators.IndicatorCalculator - List of candles:
2026-01-01 16:47:02.711 INFO  [org.springframework.kafka.KafkaListenerEndpointContainer#0-0-C-1] c.s.s.indicators.IndicatorListener - Saved Indicator Event in group stockapi
2026-01-01 16:47:02.714 INFO  [org.springframework.kafka.KafkaListenerEndpointContainer#0-0-C-1] c.s.s.indicators.IndicatorListener - Received Message in group stockapi: ["3a6b2fe8-5b7f-43a3-951d-c49c14e88ec1"]
2026-01-01 16:47:02.738 INFO  [org.springframework.kafka.KafkaListenerEndpointContainer#0-0-C-1] c.s.s.indicators.IndicatorCalculator - Number of candles retrieved for BarSeries: 1595
2026-01-01 16:47:02.739 INFO  [org.springframework.kafka.KafkaListenerEndpointContainer#0-0-C-1] c.s.s.indicators.IndicatorCalculator - List of candles:
2026-01-01 16:47:02.766 INFO  [org.springframework.kafka.KafkaListenerEndpointContainer#0-0-C-1] c.s.s.indicators.IndicatorCalculator - Number of candles retrieved for BarSeries: 1595
2026-01-01 16:47:02.766 INFO  [org.springframework.kafka.KafkaListenerEndpointContainer#0-0-C-1] c.s.s.indicators.IndicatorCalculator - List of candles:
2026-01-01 16:47:02.793 INFO  [org.springframework.kafka.KafkaListenerEndpointContainer#0-0-C-1] c.s.s.indicators.IndicatorCalculator - Number of candles retrieved for BarSeries: 1595
2026-01-01 16:47:02.793 INFO  [org.springframework.kafka.KafkaListenerEndpointContainer#0-0-C-1] c.s.s.indicators.IndicatorCalculator - List of candles:
2026-01-01 16:47:02.798 INFO  [org.springframework.kafka.KafkaListenerEndpointContainer#0-0-C-1] c.s.s.indicators.IndicatorListener - Saved Indicator Event in group stockapi
2026-01-01 16:48:00.003 INFO  [scheduling-1] c.s.s.w.s.WalletWorthSnapshotScheduler - Taking wallet worth snapshot for wallet from user: igor.bialas@gmail.com
2026-01-01 16:48:02.736 INFO  [org.springframework.kafka.KafkaListenerEndpointContainer#0-0-C-1] c.s.s.indicators.IndicatorListener - Received Message in group stockapi: ["c78fc348-5e02-4829-9f6b-73a0414090c7"]
2026-01-01 16:48:02.771 INFO  [org.springframework.kafka.KafkaListenerEndpointContainer#0-0-C-1] c.s.s.indicators.IndicatorCalculator - Number of candles retrieved for BarSeries: 1596
2026-01-01 16:48:02.771 INFO  [org.springframework.kafka.KafkaListenerEndpointContainer#0-0-C-1] c.s.s.indicators.IndicatorCalculator - List of candles:
2026-01-01 16:48:02.805 INFO  [org.springframework.kafka.KafkaListenerEndpointContainer#0-0-C-1] c.s.s.indicators.IndicatorCalculator - Number of candles retrieved for BarSeries: 1596
2026-01-01 16:48:02.805 INFO  [org.springframework.kafka.KafkaListenerEndpointContainer#0-0-C-1] c.s.s.indicators.IndicatorCalculator - List of candles:
2026-01-01 16:48:02.835 INFO  [org.springframework.kafka.KafkaListenerEndpointContainer#0-0-C-1] c.s.s.indicators.IndicatorCalculator - Number of candles retrieved for BarSeries: 1596
2026-01-01 16:48:02.835 INFO  [org.springframework.kafka.KafkaListenerEndpointContainer#0-0-C-1] c.s.s.indicators.IndicatorCalculator - List of candles:
2026-01-01 16:48:02.839 INFO  [org.springframework.kafka.KafkaListenerEndpointContainer#0-0-C-1] c.s.s.indicators.IndicatorListener - Saved Indicator Event in group stockapi
2026-01-01 16:48:02.842 INFO  [org.springframework.kafka.KafkaListenerEndpointContainer#0-0-C-1] c.s.s.indicators.IndicatorListener - Received Message in group stockapi: ["c6f09fb9-e9ab-4807-a990-569fec970e7b"]
2026-01-01 16:48:02.865 INFO  [org.springframework.kafka.KafkaListenerEndpointContainer#0-0-C-1] c.s.s.indicators.IndicatorCalculator - Number of candles retrieved for BarSeries: 1595
2026-01-01 16:48:02.865 INFO  [org.springframework.kafka.KafkaListenerEndpointContainer#0-0-C-1] c.s.s.indicators.IndicatorCalculator - List of candles:
2026-01-01 16:48:02.889 INFO  [org.springframework.kafka.KafkaListenerEndpointContainer#0-0-C-1] c.s.s.indicators.IndicatorCalculator - Number of candles retrieved for BarSeries: 1595
2026-01-01 16:48:02.889 INFO  [org.springframework.kafka.KafkaListenerEndpointContainer#0-0-C-1] c.s.s.indicators.IndicatorCalculator - List of candles:
2026-01-01 16:48:02.912 INFO  [org.springframework.kafka.KafkaListenerEndpointContainer#0-0-C-1] c.s.s.indicators.IndicatorCalculator - Number of candles retrieved for BarSeries: 1595
2026-01-01 16:48:02.912 INFO  [org.springframework.kafka.KafkaListenerEndpointContainer#0-0-C-1] c.s.s.indicators.IndicatorCalculator - List of candles:
2026-01-01 16:48:02.916 INFO  [org.springframework.kafka.KafkaListenerEndpointContainer#0-0-C-1] c.s.s.indicators.IndicatorListener - Saved Indicator Event in group stockapi
2026-01-01 16:48:02.919 INFO  [org.springframework.kafka.KafkaListenerEndpointContainer#0-0-C-1] c.s.s.indicators.IndicatorListener - Received Message in group stockapi: ["f586358b-01b3-4c96-b65e-da7a2fd2f97d"]
2026-01-01 16:48:02.944 INFO  [org.springframework.kafka.KafkaListenerEndpointContainer#0-0-C-1] c.s.s.indicators.IndicatorCalculator - Number of candles retrieved for BarSeries: 1596
2026-01-01 16:48:02.944 INFO  [org.springframework.kafka.KafkaListenerEndpointContainer#0-0-C-1] c.s.s.indicators.IndicatorCalculator - List of candles:
2026-01-01 16:48:02.968 INFO  [org.springframework.kafka.KafkaListenerEndpointContainer#0-0-C-1] c.s.s.indicators.IndicatorCalculator - Number of candles retrieved for BarSeries: 1596
2026-01-01 16:48:02.968 INFO  [org.springframework.kafka.KafkaListenerEndpointContainer#0-0-C-1] c.s.s.indicators.IndicatorCalculator - List of candles:
2026-01-01 16:48:02.992 INFO  [org.springframework.kafka.KafkaListenerEndpointContainer#0-0-C-1] c.s.s.indicators.IndicatorCalculator - Number of candles retrieved for BarSeries: 1596
2026-01-01 16:48:02.992 INFO  [org.springframework.kafka.KafkaListenerEndpointContainer#0-0-C-1] c.s.s.indicators.IndicatorCalculator - List of candles:
2026-01-01 16:48:02.996 INFO  [org.springframework.kafka.KafkaListenerEndpointContainer#0-0-C-1] c.s.s.indicators.IndicatorListener - Saved Indicator Event in group stockapi
2026-01-01 16:48:02.996 INFO  [org.springframework.kafka.KafkaListenerEndpointContainer#0-0-C-1] c.s.s.indicators.IndicatorListener - Received Message in group stockapi: ["d0fc1f36-ea4e-4bd2-9338-6c9993b7cf85"]
2026-01-01 16:48:03.020 INFO  [org.springframework.kafka.KafkaListenerEndpointContainer#0-0-C-1] c.s.s.indicators.IndicatorCalculator - Number of candles retrieved for BarSeries: 1596
2026-01-01 16:48:03.021 INFO  [org.springframework.kafka.KafkaListenerEndpointContainer#0-0-C-1] c.s.s.indicators.IndicatorCalculator - List of candles:
2026-01-01 16:48:03.047 INFO  [org.springframework.kafka.KafkaListenerEndpointContainer#0-0-C-1] c.s.s.indicators.IndicatorCalculator - Number of candles retrieved for BarSeries: 1596
2026-01-01 16:48:03.047 INFO  [org.springframework.kafka.KafkaListenerEndpointContainer#0-0-C-1] c.s.s.indicators.IndicatorCalculator - List of candles:
2026-01-01 16:48:03.071 INFO  [org.springframework.kafka.KafkaListenerEndpointContainer#0-0-C-1] c.s.s.indicators.IndicatorCalculator - Number of candles retrieved for BarSeries: 1596
2026-01-01 16:48:03.071 INFO  [org.springframework.kafka.KafkaListenerEndpointContainer#0-0-C-1] c.s.s.indicators.IndicatorCalculator - List of candles:
2026-01-01 16:48:03.075 INFO  [org.springframework.kafka.KafkaListenerEndpointContainer#0-0-C-1] c.s.s.indicators.IndicatorListener - Saved Indicator Event in group stockapi
2026-01-01 16:49:00.003 INFO  [scheduling-1] c.s.s.w.s.WalletWorthSnapshotScheduler - Taking wallet worth snapshot for wallet from user: igor.bialas@gmail.com
2026-01-01 16:49:02.426 INFO  [org.springframework.kafka.KafkaListenerEndpointContainer#0-0-C-1] c.s.s.indicators.IndicatorListener - Received Message in group stockapi: ["709a7392-b038-4687-bcb8-48dba6a5e380"]
2026-01-01 16:49:02.456 INFO  [org.springframework.kafka.KafkaListenerEndpointContainer#0-0-C-1] c.s.s.indicators.IndicatorCalculator - Number of candles retrieved for BarSeries: 1597
2026-01-01 16:49:02.456 INFO  [org.springframework.kafka.KafkaListenerEndpointContainer#0-0-C-1] c.s.s.indicators.IndicatorCalculator - List of candles:
2026-01-01 16:49:02.482 INFO  [org.springframework.kafka.KafkaListenerEndpointContainer#0-0-C-1] c.s.s.indicators.IndicatorCalculator - Number of candles retrieved for BarSeries: 1597
2026-01-01 16:49:02.482 INFO  [org.springframework.kafka.KafkaListenerEndpointContainer#0-0-C-1] c.s.s.indicators.IndicatorCalculator - List of candles:
2026-01-01 16:49:02.508 INFO  [org.springframework.kafka.KafkaListenerEndpointContainer#0-0-C-1] c.s.s.indicators.IndicatorCalculator - Number of candles retrieved for BarSeries: 1597
2026-01-01 16:49:02.509 INFO  [org.springframework.kafka.KafkaListenerEndpointContainer#0-0-C-1] c.s.s.indicators.IndicatorCalculator - List of candles:
2026-01-01 16:49:02.512 INFO  [org.springframework.kafka.KafkaListenerEndpointContainer#0-0-C-1] c.s.s.indicators.IndicatorListener - Saved Indicator Event in group stockapi
2026-01-01 16:49:02.513 INFO  [org.springframework.kafka.KafkaListenerEndpointContainer#0-0-C-1] c.s.s.indicators.IndicatorListener - Received Message in group stockapi: ["02bab645-3fc4-4657-93c4-a54fa1b5e140"]
2026-01-01 16:49:02.536 INFO  [org.springframework.kafka.KafkaListenerEndpointContainer#0-0-C-1] c.s.s.indicators.IndicatorCalculator - Number of candles retrieved for BarSeries: 1597
2026-01-01 16:49:02.536 INFO  [org.springframework.kafka.KafkaListenerEndpointContainer#0-0-C-1] c.s.s.indicators.IndicatorCalculator - List of candles:
2026-01-01 16:49:02.562 INFO  [org.springframework.kafka.KafkaListenerEndpointContainer#0-0-C-1] c.s.s.indicators.IndicatorCalculator - Number of candles retrieved for BarSeries: 1597
2026-01-01 16:49:02.562 INFO  [org.springframework.kafka.KafkaListenerEndpointContainer#0-0-C-1] c.s.s.indicators.IndicatorCalculator - List of candles:
2026-01-01 16:49:02.587 INFO  [org.springframework.kafka.KafkaListenerEndpointContainer#0-0-C-1] c.s.s.indicators.IndicatorCalculator - Number of candles retrieved for BarSeries: 1597
2026-01-01 16:49:02.588 INFO  [org.springframework.kafka.KafkaListenerEndpointContainer#0-0-C-1] c.s.s.indicators.IndicatorCalculator - List of candles:
2026-01-01 16:49:02.592 INFO  [org.springframework.kafka.KafkaListenerEndpointContainer#0-0-C-1] c.s.s.indicators.IndicatorListener - Saved Indicator Event in group stockapi
2026-01-01 16:49:02.594 INFO  [org.springframework.kafka.KafkaListenerEndpointContainer#0-0-C-1] c.s.s.indicators.IndicatorListener - Received Message in group stockapi: ["9c64e336-591e-47a9-abb7-27eefe0a261e"]
2026-01-01 16:49:02.618 INFO  [org.springframework.kafka.KafkaListenerEndpointContainer#0-0-C-1] c.s.s.indicators.IndicatorCalculator - Number of candles retrieved for BarSeries: 1597
2026-01-01 16:49:02.618 INFO  [org.springframework.kafka.KafkaListenerEndpointContainer#0-0-C-1] c.s.s.indicators.IndicatorCalculator - List of candles:
2026-01-01 16:49:02.644 INFO  [org.springframework.kafka.KafkaListenerEndpointContainer#0-0-C-1] c.s.s.indicators.IndicatorCalculator - Number of candles retrieved for BarSeries: 1597
2026-01-01 16:49:02.645 INFO  [org.springframework.kafka.KafkaListenerEndpointContainer#0-0-C-1] c.s.s.indicators.IndicatorCalculator - List of candles:
2026-01-01 16:49:02.668 INFO  [org.springframework.kafka.KafkaListenerEndpointContainer#0-0-C-1] c.s.s.indicators.IndicatorCalculator - Number of candles retrieved for BarSeries: 1597
2026-01-01 16:49:02.668 INFO  [org.springframework.kafka.KafkaListenerEndpointContainer#0-0-C-1] c.s.s.indicators.IndicatorCalculator - List of candles:
2026-01-01 16:49:02.671 INFO  [org.springframework.kafka.KafkaListenerEndpointContainer#0-0-C-1] c.s.s.indicators.IndicatorListener - Saved Indicator Event in group stockapi
2026-01-01 16:49:02.674 INFO  [org.springframework.kafka.KafkaListenerEndpointContainer#0-0-C-1] c.s.s.indicators.IndicatorListener - Received Message in group stockapi: ["fd6f6a70-adb4-4734-8126-df94d4d1f991"]
2026-01-01 16:49:02.697 INFO  [org.springframework.kafka.KafkaListenerEndpointContainer#0-0-C-1] c.s.s.indicators.IndicatorCalculator - Number of candles retrieved for BarSeries: 1596
2026-01-01 16:49:02.698 INFO  [org.springframework.kafka.KafkaListenerEndpointContainer#0-0-C-1] c.s.s.indicators.IndicatorCalculator - List of candles:
2026-01-01 16:49:02.723 INFO  [org.springframework.kafka.KafkaListenerEndpointContainer#0-0-C-1] c.s.s.indicators.IndicatorCalculator - Number of candles retrieved for BarSeries: 1596
2026-01-01 16:49:02.724 INFO  [org.springframework.kafka.KafkaListenerEndpointContainer#0-0-C-1] c.s.s.indicators.IndicatorCalculator - List of candles:
2026-01-01 16:49:02.748 INFO  [org.springframework.kafka.KafkaListenerEndpointContainer#0-0-C-1] c.s.s.indicators.IndicatorCalculator - Number of candles retrieved for BarSeries: 1596
2026-01-01 16:49:02.748 INFO  [org.springframework.kafka.KafkaListenerEndpointContainer#0-0-C-1] c.s.s.indicators.IndicatorCalculator - List of candles:
2026-01-01 16:49:02.751 INFO  [org.springframework.kafka.KafkaListenerEndpointContainer#0-0-C-1] c.s.s.indicators.IndicatorListener - Saved Indicator Event in group stockapi
2026-01-01 16:49:43.157 INFO  [org.springframework.kafka.KafkaListenerEndpointContainer#0-0-C-1] o.a.k.c.c.i.ConsumerRebalanceListenerInvoker - [Consumer clientId=consumer-stockapi-1, groupId=stockapi] Revoke previously assigned partitions indicator_events-0
2026-01-01 16:49:43.157 INFO  [org.springframework.kafka.KafkaListenerEndpointContainer#0-0-C-1] o.s.k.l.KafkaMessageListenerContainer - stockapi: partitions revoked: [indicator_events-0]
2026-01-01 16:49:43.157 INFO  [org.springframework.kafka.KafkaListenerEndpointContainer#0-0-C-1] o.a.k.c.c.i.ConsumerCoordinator - [Consumer clientId=consumer-stockapi-1, groupId=stockapi] Member consumer-stockapi-1-039a0cac-16f8-464f-8573-bf9179e2392e sending LeaveGroup request to coordinator kafka:9092 (id: 2147483646 rack: null) due to the consumer unsubscribed from all topics
2026-01-01 16:49:43.158 INFO  [org.springframework.kafka.KafkaListenerEndpointContainer#0-0-C-1] o.a.k.c.c.i.ConsumerCoordinator - [Consumer clientId=consumer-stockapi-1, groupId=stockapi] Resetting generation and member id due to: consumer pro-actively leaving the group
2026-01-01 16:49:43.158 INFO  [org.springframework.kafka.KafkaListenerEndpointContainer#0-0-C-1] o.a.k.c.c.i.ConsumerCoordinator - [Consumer clientId=consumer-stockapi-1, groupId=stockapi] Request joining group due to: consumer pro-actively leaving the group
2026-01-01 16:49:43.158 INFO  [org.springframework.kafka.KafkaListenerEndpointContainer#0-0-C-1] o.a.k.c.c.i.LegacyKafkaConsumer - [Consumer clientId=consumer-stockapi-1, groupId=stockapi] Unsubscribed all topics or patterns and assigned partitions
2026-01-01 16:49:43.159 INFO  [org.springframework.kafka.KafkaListenerEndpointContainer#0-0-C-1] o.a.k.c.c.i.ConsumerCoordinator - [Consumer clientId=consumer-stockapi-1, groupId=stockapi] Resetting generation and member id due to: consumer pro-actively leaving the group
2026-01-01 16:49:43.159 INFO  [org.springframework.kafka.KafkaListenerEndpointContainer#0-0-C-1] o.a.k.c.c.i.ConsumerCoordinator - [Consumer clientId=consumer-stockapi-1, groupId=stockapi] Request joining group due to: consumer pro-actively leaving the group
2026-01-01 16:49:43.291 INFO  [org.springframework.kafka.KafkaListenerEndpointContainer#0-0-C-1] o.a.kafka.common.metrics.Metrics - Metrics scheduler closed
2026-01-01 16:49:43.291 INFO  [org.springframework.kafka.KafkaListenerEndpointContainer#0-0-C-1] o.a.kafka.common.metrics.Metrics - Closing reporter org.apache.kafka.common.metrics.JmxReporter
2026-01-01 16:49:43.291 INFO  [org.springframework.kafka.KafkaListenerEndpointContainer#0-0-C-1] o.a.kafka.common.metrics.Metrics - Closing reporter org.apache.kafka.common.telemetry.internals.ClientTelemetryReporter
2026-01-01 16:49:43.291 INFO  [org.springframework.kafka.KafkaListenerEndpointContainer#0-0-C-1] o.a.kafka.common.metrics.Metrics - Metrics reporters closed
2026-01-01 16:49:43.296 INFO  [org.springframework.kafka.KafkaListenerEndpointContainer#0-0-C-1] o.a.kafka.common.utils.AppInfoParser - App info kafka.consumer for consumer-stockapi-1 unregistered
2026-01-01 16:49:43.297 INFO  [org.springframework.kafka.KafkaListenerEndpointContainer#0-0-C-1] o.s.k.l.KafkaMessageListenerContainer - stockapi: Consumer stopped
2026-01-01 16:49:43.298 INFO  [SpringApplicationShutdownHook] o.s.b.w.e.tomcat.GracefulShutdown - Commencing graceful shutdown. Waiting for active requests to complete
2026-01-01 16:49:43.300 INFO  [tomcat-shutdown] o.s.b.w.e.tomcat.GracefulShutdown - Graceful shutdown complete
2026-01-01 16:49:43.307 INFO  [SpringApplicationShutdownHook] o.s.o.j.LocalContainerEntityManagerFactoryBean - Closing JPA EntityManagerFactory for persistence unit 'default'
2026-01-01 16:49:43.309 INFO  [SpringApplicationShutdownHook] com.zaxxer.hikari.HikariDataSource - HikariPool-1 - Shutdown initiated...
2026-01-01 16:49:43.310 INFO  [SpringApplicationShutdownHook] com.zaxxer.hikari.HikariDataSource - HikariPool-1 - Shutdown completed.
