2026-01-19 13:51:01.529 INFO  [background-preinit] o.h.validator.internal.util.Version - HV000001: Hibernate Validator 8.0.2.Final
2026-01-19 13:51:01.616 INFO  [main] c.s.stockapi.StockapiApplication - Starting StockapiApplication v0.0.1-SNAPSHOT using Java 21.0.9 with PID 1 (/app/app.jar started by root in /app)
2026-01-19 13:51:01.617 INFO  [main] c.s.stockapi.StockapiApplication - The following 1 profile is active: "dev"
2026-01-19 13:51:02.749 INFO  [main] o.s.d.r.c.RepositoryConfigurationDelegate - Bootstrapping Spring Data JPA repositories in DEFAULT mode.
2026-01-19 13:51:02.857 INFO  [main] o.s.d.r.c.RepositoryConfigurationDelegate - Finished Spring Data repository scanning in 92 ms. Found 11 JPA repository interfaces.
2026-01-19 13:51:03.881 INFO  [main] o.s.b.w.e.tomcat.TomcatWebServer - Tomcat initialized with port 8080 (http)
2026-01-19 13:51:03.899 INFO  [main] o.a.coyote.http11.Http11NioProtocol - Initializing ProtocolHandler ["http-nio-8080"]
2026-01-19 13:51:03.901 INFO  [main] o.a.catalina.core.StandardService - Starting service [Tomcat]
2026-01-19 13:51:03.901 INFO  [main] o.a.catalina.core.StandardEngine - Starting Servlet engine: [Apache Tomcat/10.1.40]
2026-01-19 13:51:03.941 INFO  [main] o.a.c.c.C.[Tomcat].[localhost].[/] - Initializing Spring embedded WebApplicationContext
2026-01-19 13:51:03.942 INFO  [main] o.s.b.w.s.c.ServletWebServerApplicationContext - Root WebApplicationContext: initialization completed in 2258 ms
2026-01-19 13:51:04.326 INFO  [main] com.zaxxer.hikari.HikariDataSource - HikariPool-1 - Starting...
2026-01-19 13:51:04.551 INFO  [main] com.zaxxer.hikari.pool.HikariPool - HikariPool-1 - Added connection org.postgresql.jdbc.PgConnection@35e689a0
2026-01-19 13:51:04.553 INFO  [main] com.zaxxer.hikari.HikariDataSource - HikariPool-1 - Start completed.
2026-01-19 13:51:04.603 INFO  [main] o.h.jpa.internal.util.LogHelper - HHH000204: Processing PersistenceUnitInfo [name: default]
2026-01-19 13:51:04.688 INFO  [main] org.hibernate.Version - HHH000412: Hibernate ORM core version 6.6.13.Final
2026-01-19 13:51:04.741 INFO  [main] o.h.c.i.RegionFactoryInitiator - HHH000026: Second-level cache disabled
2026-01-19 13:51:05.140 INFO  [main] o.s.o.j.p.SpringPersistenceUnitInfo - No LoadTimeWeaver setup: ignoring JPA class transformer
2026-01-19 13:51:05.217 WARN  [main] org.hibernate.orm.deprecation - HHH90000025: PostgreSQLDialect does not need to be specified explicitly using 'hibernate.dialect' (remove the property setting and it will be selected by default)
2026-01-19 13:51:05.237 INFO  [main] o.hibernate.orm.connections.pooling - HHH10001005: Database info:
	Database JDBC URL [Connecting through datasource 'HikariDataSource (HikariPool-1)']
	Database driver: undefined/unknown
	Database version: 15.15
	Autocommit mode: undefined/unknown
	Isolation level: undefined/unknown
	Minimum pool size: undefined/unknown
	Maximum pool size: undefined/unknown
2026-01-19 13:51:06.636 INFO  [main] o.h.e.t.j.p.i.JtaPlatformInitiator - HHH000489: No JTA platform available (set 'hibernate.transaction.jta.platform' to enable JTA platform integration)
2026-01-19 13:51:06.641 INFO  [main] o.s.o.j.LocalContainerEntityManagerFactoryBean - Initialized JPA EntityManagerFactory for persistence unit 'default'
2026-01-19 13:51:07.033 INFO  [main] o.s.d.j.r.query.QueryEnhancerFactory - Hibernate is in classpath; If applicable, HQL parser will be used.
2026-01-19 13:51:08.398 INFO  [main] o.s.s.c.a.a.c.InitializeAuthenticationProviderBeanManagerConfigurer$InitializeAuthenticationProviderManagerConfigurer - Global AuthenticationManager configured with AuthenticationProvider bean with name authenticationProvider
2026-01-19 13:51:08.506 WARN  [main] o.s.b.a.o.j.JpaBaseConfiguration$JpaWebConfiguration - spring.jpa.open-in-view is enabled by default. Therefore, database queries may be performed during view rendering. Explicitly configure spring.jpa.open-in-view to disable this warning
2026-01-19 13:51:08.625 WARN  [main] o.s.s.c.a.w.c.AuthorizeHttpRequestsConfigurer$AuthorizationManagerRequestMatcherRegistry - One of the patterns in [candles/**, users/**, /actuator/health] is missing a leading slash. This is discouraged; please include the leading slash in all your request matcher patterns. In future versions of Spring Security, leaving out the leading slash will result in an exception.
2026-01-19 13:51:08.984 INFO  [main] o.s.b.a.e.web.EndpointLinksResolver - Exposing 2 endpoints beneath base path '/actuator'
2026-01-19 13:51:09.674 INFO  [main] o.a.coyote.http11.Http11NioProtocol - Starting ProtocolHandler ["http-nio-8080"]
2026-01-19 13:51:09.687 INFO  [main] o.s.b.w.e.tomcat.TomcatWebServer - Tomcat started on port 8080 (http) with context path '/'
2026-01-19 13:51:09.728 INFO  [main] o.a.k.c.consumer.ConsumerConfig - ConsumerConfig values: 
	allow.auto.create.topics = true
	auto.commit.interval.ms = 5000
	auto.include.jmx.reporter = true
	auto.offset.reset = latest
	bootstrap.servers = [kafka:9092]
	check.crcs = true
	client.dns.lookup = use_all_dns_ips
	client.id = consumer-stockapi-1
	client.rack = 
	connections.max.idle.ms = 540000
	default.api.timeout.ms = 60000
	enable.auto.commit = false
	enable.metrics.push = true
	exclude.internal.topics = true
	fetch.max.bytes = 52428800
	fetch.max.wait.ms = 500
	fetch.min.bytes = 1
	group.id = stockapi
	group.instance.id = null
	group.protocol = classic
	group.remote.assignor = null
	heartbeat.interval.ms = 3000
	interceptor.classes = []
	internal.leave.group.on.close = true
	internal.throw.on.fetch.stable.offset.unsupported = false
	isolation.level = read_uncommitted
	key.deserializer = class org.apache.kafka.common.serialization.StringDeserializer
	max.partition.fetch.bytes = 1048576
	max.poll.interval.ms = 300000
	max.poll.records = 500
	metadata.max.age.ms = 300000
	metadata.recovery.strategy = none
	metric.reporters = []
	metrics.num.samples = 2
	metrics.recording.level = INFO
	metrics.sample.window.ms = 30000
	partition.assignment.strategy = [class org.apache.kafka.clients.consumer.RangeAssignor, class org.apache.kafka.clients.consumer.CooperativeStickyAssignor]
	receive.buffer.bytes = 65536
	reconnect.backoff.max.ms = 1000
	reconnect.backoff.ms = 50
	request.timeout.ms = 30000
	retry.backoff.max.ms = 1000
	retry.backoff.ms = 100
	sasl.client.callback.handler.class = null
	sasl.jaas.config = null
	sasl.kerberos.kinit.cmd = /usr/bin/kinit
	sasl.kerberos.min.time.before.relogin = 60000
	sasl.kerberos.service.name = null
	sasl.kerberos.ticket.renew.jitter = 0.05
	sasl.kerberos.ticket.renew.window.factor = 0.8
	sasl.login.callback.handler.class = null
	sasl.login.class = null
	sasl.login.connect.timeout.ms = null
	sasl.login.read.timeout.ms = null
	sasl.login.refresh.buffer.seconds = 300
	sasl.login.refresh.min.period.seconds = 60
	sasl.login.refresh.window.factor = 0.8
	sasl.login.refresh.window.jitter = 0.05
	sasl.login.retry.backoff.max.ms = 10000
	sasl.login.retry.backoff.ms = 100
	sasl.mechanism = GSSAPI
	sasl.oauthbearer.clock.skew.seconds = 30
	sasl.oauthbearer.expected.audience = null
	sasl.oauthbearer.expected.issuer = null
	sasl.oauthbearer.jwks.endpoint.refresh.ms = 3600000
	sasl.oauthbearer.jwks.endpoint.retry.backoff.max.ms = 10000
	sasl.oauthbearer.jwks.endpoint.retry.backoff.ms = 100
	sasl.oauthbearer.jwks.endpoint.url = null
	sasl.oauthbearer.scope.claim.name = scope
	sasl.oauthbearer.sub.claim.name = sub
	sasl.oauthbearer.token.endpoint.url = null
	security.protocol = PLAINTEXT
	security.providers = null
	send.buffer.bytes = 131072
	session.timeout.ms = 45000
	socket.connection.setup.timeout.max.ms = 30000
	socket.connection.setup.timeout.ms = 10000
	ssl.cipher.suites = null
	ssl.enabled.protocols = [TLSv1.2, TLSv1.3]
	ssl.endpoint.identification.algorithm = https
	ssl.engine.factory.class = null
	ssl.key.password = null
	ssl.keymanager.algorithm = SunX509
	ssl.keystore.certificate.chain = null
	ssl.keystore.key = null
	ssl.keystore.location = null
	ssl.keystore.password = null
	ssl.keystore.type = JKS
	ssl.protocol = TLSv1.3
	ssl.provider = null
	ssl.secure.random.implementation = null
	ssl.trustmanager.algorithm = PKIX
	ssl.truststore.certificates = null
	ssl.truststore.location = null
	ssl.truststore.password = null
	ssl.truststore.type = JKS
	value.deserializer = class org.apache.kafka.common.serialization.StringDeserializer

2026-01-19 13:51:09.781 INFO  [main] o.a.k.c.t.i.KafkaMetricsCollector - initializing Kafka metrics collector
2026-01-19 13:51:09.929 INFO  [main] o.a.kafka.common.utils.AppInfoParser - Kafka version: 3.8.1
2026-01-19 13:51:09.929 INFO  [main] o.a.kafka.common.utils.AppInfoParser - Kafka commitId: 70d6ff42debf7e17
2026-01-19 13:51:09.929 INFO  [main] o.a.kafka.common.utils.AppInfoParser - Kafka startTimeMs: 1768827069928
2026-01-19 13:51:09.941 INFO  [main] o.a.k.c.c.i.LegacyKafkaConsumer - [Consumer clientId=consumer-stockapi-1, groupId=stockapi] Subscribed to topic(s): indicator_events
2026-01-19 13:51:09.967 INFO  [main] c.s.stockapi.StockapiApplication - Started StockapiApplication in 9.059 seconds (process running for 9.546)
2026-01-19 13:51:10.319 INFO  [org.springframework.kafka.KafkaListenerEndpointContainer#0-0-C-1] org.apache.kafka.clients.Metadata - [Consumer clientId=consumer-stockapi-1, groupId=stockapi] Cluster ID: 5L6g3nShT-eMCtK--X86sw
2026-01-19 13:51:10.320 INFO  [org.springframework.kafka.KafkaListenerEndpointContainer#0-0-C-1] o.a.k.c.c.i.ConsumerCoordinator - [Consumer clientId=consumer-stockapi-1, groupId=stockapi] Discovered group coordinator kafka:9092 (id: 2147483646 rack: null)
2026-01-19 13:51:10.322 INFO  [org.springframework.kafka.KafkaListenerEndpointContainer#0-0-C-1] o.a.k.c.c.i.ConsumerCoordinator - [Consumer clientId=consumer-stockapi-1, groupId=stockapi] (Re-)joining group
2026-01-19 13:51:10.345 INFO  [org.springframework.kafka.KafkaListenerEndpointContainer#0-0-C-1] o.a.k.c.c.i.ConsumerCoordinator - [Consumer clientId=consumer-stockapi-1, groupId=stockapi] Request joining group due to: need to re-join with the given member-id: consumer-stockapi-1-da7591df-8415-4507-9353-b096b167e4ce
2026-01-19 13:51:10.346 INFO  [org.springframework.kafka.KafkaListenerEndpointContainer#0-0-C-1] o.a.k.c.c.i.ConsumerCoordinator - [Consumer clientId=consumer-stockapi-1, groupId=stockapi] (Re-)joining group
2026-01-19 13:51:10.592 INFO  [http-nio-8080-exec-1] o.a.c.c.C.[Tomcat].[localhost].[/] - Initializing Spring DispatcherServlet 'dispatcherServlet'
2026-01-19 13:51:10.593 INFO  [http-nio-8080-exec-1] o.s.web.servlet.DispatcherServlet - Initializing Servlet 'dispatcherServlet'
2026-01-19 13:51:10.594 INFO  [http-nio-8080-exec-1] o.s.web.servlet.DispatcherServlet - Completed initialization in 1 ms
2026-01-19 13:51:13.360 INFO  [org.springframework.kafka.KafkaListenerEndpointContainer#0-0-C-1] o.a.k.c.c.i.ConsumerCoordinator - [Consumer clientId=consumer-stockapi-1, groupId=stockapi] Successfully joined group with generation Generation{generationId=15, memberId='consumer-stockapi-1-da7591df-8415-4507-9353-b096b167e4ce', protocol='range'}
2026-01-19 13:51:13.371 INFO  [org.springframework.kafka.KafkaListenerEndpointContainer#0-0-C-1] o.a.k.c.c.i.ConsumerCoordinator - [Consumer clientId=consumer-stockapi-1, groupId=stockapi] Finished assignment for group at generation 15: {consumer-stockapi-1-da7591df-8415-4507-9353-b096b167e4ce=Assignment(partitions=[indicator_events-0])}
2026-01-19 13:51:13.394 INFO  [org.springframework.kafka.KafkaListenerEndpointContainer#0-0-C-1] o.a.k.c.c.i.ConsumerCoordinator - [Consumer clientId=consumer-stockapi-1, groupId=stockapi] Successfully synced group in generation Generation{generationId=15, memberId='consumer-stockapi-1-da7591df-8415-4507-9353-b096b167e4ce', protocol='range'}
2026-01-19 13:51:13.395 INFO  [org.springframework.kafka.KafkaListenerEndpointContainer#0-0-C-1] o.a.k.c.c.i.ConsumerCoordinator - [Consumer clientId=consumer-stockapi-1, groupId=stockapi] Notifying assignor about the new Assignment(partitions=[indicator_events-0])
2026-01-19 13:51:13.399 INFO  [org.springframework.kafka.KafkaListenerEndpointContainer#0-0-C-1] o.a.k.c.c.i.ConsumerRebalanceListenerInvoker - [Consumer clientId=consumer-stockapi-1, groupId=stockapi] Adding newly assigned partitions: indicator_events-0
2026-01-19 13:51:13.424 INFO  [org.springframework.kafka.KafkaListenerEndpointContainer#0-0-C-1] o.a.k.c.c.internals.ConsumerUtils - Setting offset for partition indicator_events-0 to the committed offset FetchPosition{offset=6319, offsetEpoch=Optional.empty, currentLeader=LeaderAndEpoch{leader=Optional[kafka:9092 (id: 1 rack: null)], epoch=14}}
2026-01-19 13:51:13.427 INFO  [org.springframework.kafka.KafkaListenerEndpointContainer#0-0-C-1] o.s.k.l.KafkaMessageListenerContainer - stockapi: partitions assigned: [indicator_events-0]
2026-01-19 13:51:13.501 INFO  [org.springframework.kafka.KafkaListenerEndpointContainer#0-0-C-1] c.s.s.indicators.IndicatorListener - Received Message in group stockapi: ["7895bc62-8345-4c59-8222-c7da99645bd9"]
2026-01-19 13:51:13.633 INFO  [org.springframework.kafka.KafkaListenerEndpointContainer#0-0-C-1] c.s.s.indicators.IndicatorCalculator - Number of candles retrieved for BarSeries: 982
2026-01-19 13:51:13.633 INFO  [org.springframework.kafka.KafkaListenerEndpointContainer#0-0-C-1] c.s.s.indicators.IndicatorCalculator - List of candles:
2026-01-19 13:51:13.882 INFO  [org.springframework.kafka.KafkaListenerEndpointContainer#0-0-C-1] c.s.s.indicators.IndicatorCalculator - Number of candles retrieved for BarSeries: 982
2026-01-19 13:51:13.882 INFO  [org.springframework.kafka.KafkaListenerEndpointContainer#0-0-C-1] c.s.s.indicators.IndicatorCalculator - List of candles:
2026-01-19 13:51:13.974 INFO  [org.springframework.kafka.KafkaListenerEndpointContainer#0-0-C-1] c.s.s.indicators.IndicatorCalculator - Number of candles retrieved for BarSeries: 982
2026-01-19 13:51:13.974 INFO  [org.springframework.kafka.KafkaListenerEndpointContainer#0-0-C-1] c.s.s.indicators.IndicatorCalculator - List of candles:
2026-01-19 13:51:13.988 INFO  [org.springframework.kafka.KafkaListenerEndpointContainer#0-0-C-1] c.s.s.indicators.IndicatorListener - Saved Indicator Event in database for Candle ID: 7895bc62-8345-4c59-8222-c7da99645bd9
2026-01-19 13:51:13.989 INFO  [org.springframework.kafka.KafkaListenerEndpointContainer#0-0-C-1] c.s.s.indicators.IndicatorListener - Received Message in group stockapi: ["4b073805-faea-432a-98da-c94b2c9e1009"]
2026-01-19 13:51:14.039 INFO  [org.springframework.kafka.KafkaListenerEndpointContainer#0-0-C-1] c.s.s.indicators.IndicatorCalculator - Number of candles retrieved for BarSeries: 984
2026-01-19 13:51:14.039 INFO  [org.springframework.kafka.KafkaListenerEndpointContainer#0-0-C-1] c.s.s.indicators.IndicatorCalculator - List of candles:
2026-01-19 13:51:14.114 INFO  [org.springframework.kafka.KafkaListenerEndpointContainer#0-0-C-1] c.s.s.indicators.IndicatorCalculator - Number of candles retrieved for BarSeries: 984
2026-01-19 13:51:14.115 INFO  [org.springframework.kafka.KafkaListenerEndpointContainer#0-0-C-1] c.s.s.indicators.IndicatorCalculator - List of candles:
2026-01-19 13:51:14.198 INFO  [org.springframework.kafka.KafkaListenerEndpointContainer#0-0-C-1] c.s.s.indicators.IndicatorCalculator - Number of candles retrieved for BarSeries: 984
2026-01-19 13:51:14.198 INFO  [org.springframework.kafka.KafkaListenerEndpointContainer#0-0-C-1] c.s.s.indicators.IndicatorCalculator - List of candles:
2026-01-19 13:51:14.213 INFO  [org.springframework.kafka.KafkaListenerEndpointContainer#0-0-C-1] c.s.s.indicators.IndicatorListener - Saved Indicator Event in database for Candle ID: 4b073805-faea-432a-98da-c94b2c9e1009
2026-01-19 13:51:14.214 INFO  [org.springframework.kafka.KafkaListenerEndpointContainer#0-0-C-1] c.s.s.indicators.IndicatorListener - Received Message in group stockapi: ["3b3a0251-2132-46cd-bb41-d28168416707"]
2026-01-19 13:51:14.264 INFO  [org.springframework.kafka.KafkaListenerEndpointContainer#0-0-C-1] c.s.s.indicators.IndicatorCalculator - Number of candles retrieved for BarSeries: 981
2026-01-19 13:51:14.265 INFO  [org.springframework.kafka.KafkaListenerEndpointContainer#0-0-C-1] c.s.s.indicators.IndicatorCalculator - List of candles:
2026-01-19 13:51:14.313 INFO  [org.springframework.kafka.KafkaListenerEndpointContainer#0-0-C-1] c.s.s.indicators.IndicatorCalculator - Number of candles retrieved for BarSeries: 981
2026-01-19 13:51:14.313 INFO  [org.springframework.kafka.KafkaListenerEndpointContainer#0-0-C-1] c.s.s.indicators.IndicatorCalculator - List of candles:
2026-01-19 13:51:14.372 INFO  [org.springframework.kafka.KafkaListenerEndpointContainer#0-0-C-1] c.s.s.indicators.IndicatorCalculator - Number of candles retrieved for BarSeries: 981
2026-01-19 13:51:14.372 INFO  [org.springframework.kafka.KafkaListenerEndpointContainer#0-0-C-1] c.s.s.indicators.IndicatorCalculator - List of candles:
2026-01-19 13:51:14.384 INFO  [org.springframework.kafka.KafkaListenerEndpointContainer#0-0-C-1] c.s.s.indicators.IndicatorListener - Saved Indicator Event in database for Candle ID: 3b3a0251-2132-46cd-bb41-d28168416707
2026-01-19 13:51:14.385 INFO  [org.springframework.kafka.KafkaListenerEndpointContainer#0-0-C-1] c.s.s.indicators.IndicatorListener - Received Message in group stockapi: ["bc56925c-68bc-4082-a177-641742ddcb9a"]
2026-01-19 13:51:14.432 INFO  [org.springframework.kafka.KafkaListenerEndpointContainer#0-0-C-1] c.s.s.indicators.IndicatorCalculator - Number of candles retrieved for BarSeries: 980
2026-01-19 13:51:14.432 INFO  [org.springframework.kafka.KafkaListenerEndpointContainer#0-0-C-1] c.s.s.indicators.IndicatorCalculator - List of candles:
2026-01-19 13:51:14.474 INFO  [org.springframework.kafka.KafkaListenerEndpointContainer#0-0-C-1] c.s.s.indicators.IndicatorCalculator - Number of candles retrieved for BarSeries: 980
2026-01-19 13:51:14.475 INFO  [org.springframework.kafka.KafkaListenerEndpointContainer#0-0-C-1] c.s.s.indicators.IndicatorCalculator - List of candles:
2026-01-19 13:51:14.513 INFO  [org.springframework.kafka.KafkaListenerEndpointContainer#0-0-C-1] c.s.s.indicators.IndicatorCalculator - Number of candles retrieved for BarSeries: 980
2026-01-19 13:51:14.513 INFO  [org.springframework.kafka.KafkaListenerEndpointContainer#0-0-C-1] c.s.s.indicators.IndicatorCalculator - List of candles:
2026-01-19 13:51:14.523 INFO  [org.springframework.kafka.KafkaListenerEndpointContainer#0-0-C-1] c.s.s.indicators.IndicatorListener - Saved Indicator Event in database for Candle ID: bc56925c-68bc-4082-a177-641742ddcb9a
2026-01-19 13:51:30.019 INFO  [scheduling-1] c.s.s.trade.service.TradeExecutor - [BTCUSDC] Executing trades for managed accounts...
2026-01-19 13:51:30.027 INFO  [scheduling-1] c.s.s.trade.service.TradeService - Executing trades for managed assets for pair BTCUSDC (users=2)
2026-01-19 13:51:30.390 INFO  [pool-2-thread-1] c.s.s.trade.service.TradeService - User igor.bialas@gmail.com wallet for pair BTCUSDC: baseAmount=0.03850953, quoteAmount=1571.20373934, totalValue=5155.2468018147000000
2026-01-19 13:51:30.390 INFO  [pool-2-thread-2] c.s.s.trade.service.TradeService - User imie.nazwisko@email.com wallet for pair BTCUSDC: baseAmount=0.01689881, quoteAmount=8442.68192111, totalValue=10015.4371000119000000
2026-01-19 13:51:30.472 INFO  [pool-2-thread-1] c.s.s.trade.service.TradeService - Executing SELL trade for user igor.bialas@gmail.com on pair BTCUSDC baseAmount=0.00110783
2026-01-19 13:51:30.474 INFO  [pool-2-thread-2] c.s.s.trade.service.TradeService - Executing SELL trade for user imie.nazwisko@email.com on pair BTCUSDC baseAmount=0.00215226
2026-01-19 13:51:30.490 INFO  [pool-2-thread-1] c.s.s.trade.service.TradeService - Calculated PnL for SELL trade: asset=BTC, soldAmount=0.00110783, avgPurchasePrice=93669.88760311, sellPrice=93068.99000000, PnL=-0.6656923916533513
2026-01-19 13:51:30.491 INFO  [pool-2-thread-2] c.s.s.trade.service.TradeService - Calculated PnL for SELL trade: asset=BTC, soldAmount=0.00215226, avgPurchasePrice=92959.00000000, sellPrice=93068.99000000, PnL=0.2367270774000000
2026-01-19 13:51:30.541 INFO  [pool-2-thread-2] c.s.s.trade.service.TradeService - Executing SELL trade for user imie.nazwisko@email.com on pair BTCUSDC: baseAmount=0.00215226, quoteAmount=200.3086644174000000
2026-01-19 13:51:30.576 ERROR [pool-2-thread-2] c.s.s.trade.service.TradeService - Error processing managed asset trades for user imie.nazwisko@email.com: Could not initialize proxy [com.stockviewer.stockapi.wallet.entity.Asset#6647614c-ffb7-4b99-8f6e-1c1e3019445c] - no session
org.hibernate.LazyInitializationException: Could not initialize proxy [com.stockviewer.stockapi.wallet.entity.Asset#6647614c-ffb7-4b99-8f6e-1c1e3019445c] - no session
	at org.hibernate.proxy.AbstractLazyInitializer.initialize(AbstractLazyInitializer.java:174)
	at org.hibernate.proxy.AbstractLazyInitializer.getImplementation(AbstractLazyInitializer.java:328)
	at org.hibernate.proxy.pojo.bytebuddy.ByteBuddyInterceptor.intercept(ByteBuddyInterceptor.java:44)
	at org.hibernate.proxy.ProxyConfiguration$InterceptorDispatcher.intercept(ProxyConfiguration.java:102)
	at com.stockviewer.stockapi.wallet.entity.Asset$HibernateProxy.getSymbol(Unknown Source)
	at com.stockviewer.stockapi.wallet.mapper.OwnedAssetMapperImpl.ownedAssetAssetSymbol(OwnedAssetMapperImpl.java:40)
	at com.stockviewer.stockapi.wallet.mapper.OwnedAssetMapperImpl.toDTO(OwnedAssetMapperImpl.java:25)
	at java.base/java.util.stream.ReferencePipeline$3$1.accept(Unknown Source)
	at java.base/java.util.ArrayList$ArrayListSpliterator.forEachRemaining(Unknown Source)
	at java.base/java.util.stream.AbstractPipeline.copyInto(Unknown Source)
	at java.base/java.util.stream.AbstractPipeline.wrapAndCopyInto(Unknown Source)
	at java.base/java.util.stream.ReduceOps$ReduceOp.evaluateSequential(Unknown Source)
	at java.base/java.util.stream.AbstractPipeline.evaluate(Unknown Source)
	at java.base/java.util.stream.ReferencePipeline.collect(Unknown Source)
	at com.stockviewer.stockapi.wallet.service.WalletService.getOwnedAssetsByUser(WalletService.java:86)
	at java.base/jdk.internal.reflect.DirectMethodHandleAccessor.invoke(Unknown Source)
	at java.base/java.lang.reflect.Method.invoke(Unknown Source)
	at org.springframework.aop.support.AopUtils.invokeJoinpointUsingReflection(AopUtils.java:359)
	at org.springframework.aop.framework.CglibAopProxy$DynamicAdvisedInterceptor.intercept(CglibAopProxy.java:724)
	at com.stockviewer.stockapi.wallet.service.WalletService$$SpringCGLIB$$0.getOwnedAssetsByUser(<generated>)
	at com.stockviewer.stockapi.trade.service.TradeService.executeTradeForUser(TradeService.java:118)
	at com.stockviewer.stockapi.trade.service.TradeService.processManagedAssetForUser(TradeService.java:255)
	at com.stockviewer.stockapi.trade.service.TradeService.lambda$executeTradeForManagedAssets$1(TradeService.java:190)
	at java.base/java.util.concurrent.Executors$RunnableAdapter.call(Unknown Source)
	at java.base/java.util.concurrent.FutureTask.run(Unknown Source)
	at java.base/java.util.concurrent.ThreadPoolExecutor.runWorker(Unknown Source)
	at java.base/java.util.concurrent.ThreadPoolExecutor$Worker.run(Unknown Source)
	at java.base/java.lang.Thread.run(Unknown Source)
2026-01-19 13:51:30.600 INFO  [pool-2-thread-1] c.s.s.trade.service.TradeService - Executing SELL trade for user igor.bialas@gmail.com on pair BTCUSDC: baseAmount=0.00110783, quoteAmount=103.1046191917000000
2026-01-19 13:51:30.617 ERROR [pool-2-thread-1] c.s.s.trade.service.TradeService - Error processing managed asset trades for user igor.bialas@gmail.com: Could not initialize proxy [com.stockviewer.stockapi.wallet.entity.Asset#e2609c2a-d8a3-498b-bdc8-dd16215c73db] - no session
org.hibernate.LazyInitializationException: Could not initialize proxy [com.stockviewer.stockapi.wallet.entity.Asset#e2609c2a-d8a3-498b-bdc8-dd16215c73db] - no session
	at org.hibernate.proxy.AbstractLazyInitializer.initialize(AbstractLazyInitializer.java:174)
	at org.hibernate.proxy.AbstractLazyInitializer.getImplementation(AbstractLazyInitializer.java:328)
	at org.hibernate.proxy.pojo.bytebuddy.ByteBuddyInterceptor.intercept(ByteBuddyInterceptor.java:44)
	at org.hibernate.proxy.ProxyConfiguration$InterceptorDispatcher.intercept(ProxyConfiguration.java:102)
	at com.stockviewer.stockapi.wallet.entity.Asset$HibernateProxy.getSymbol(Unknown Source)
	at com.stockviewer.stockapi.wallet.mapper.OwnedAssetMapperImpl.ownedAssetAssetSymbol(OwnedAssetMapperImpl.java:40)
	at com.stockviewer.stockapi.wallet.mapper.OwnedAssetMapperImpl.toDTO(OwnedAssetMapperImpl.java:25)
	at java.base/java.util.stream.ReferencePipeline$3$1.accept(Unknown Source)
	at java.base/java.util.ArrayList$ArrayListSpliterator.forEachRemaining(Unknown Source)
	at java.base/java.util.stream.AbstractPipeline.copyInto(Unknown Source)
	at java.base/java.util.stream.AbstractPipeline.wrapAndCopyInto(Unknown Source)
	at java.base/java.util.stream.ReduceOps$ReduceOp.evaluateSequential(Unknown Source)
	at java.base/java.util.stream.AbstractPipeline.evaluate(Unknown Source)
	at java.base/java.util.stream.ReferencePipeline.collect(Unknown Source)
	at com.stockviewer.stockapi.wallet.service.WalletService.getOwnedAssetsByUser(WalletService.java:86)
	at java.base/jdk.internal.reflect.DirectMethodHandleAccessor.invoke(Unknown Source)
	at java.base/java.lang.reflect.Method.invoke(Unknown Source)
	at org.springframework.aop.support.AopUtils.invokeJoinpointUsingReflection(AopUtils.java:359)
	at org.springframework.aop.framework.CglibAopProxy$DynamicAdvisedInterceptor.intercept(CglibAopProxy.java:724)
	at com.stockviewer.stockapi.wallet.service.WalletService$$SpringCGLIB$$0.getOwnedAssetsByUser(<generated>)
	at com.stockviewer.stockapi.trade.service.TradeService.executeTradeForUser(TradeService.java:118)
	at com.stockviewer.stockapi.trade.service.TradeService.processManagedAssetForUser(TradeService.java:255)
	at com.stockviewer.stockapi.trade.service.TradeService.lambda$executeTradeForManagedAssets$1(TradeService.java:190)
	at java.base/java.util.concurrent.Executors$RunnableAdapter.call(Unknown Source)
	at java.base/java.util.concurrent.FutureTask.run(Unknown Source)
	at java.base/java.util.concurrent.ThreadPoolExecutor.runWorker(Unknown Source)
	at java.base/java.util.concurrent.ThreadPoolExecutor$Worker.run(Unknown Source)
	at java.base/java.lang.Thread.run(Unknown Source)
2026-01-19 13:51:30.618 INFO  [scheduling-1] c.s.s.trade.service.TradeExecutor - [ETHBTC] Executing trades for managed accounts...
2026-01-19 13:51:30.622 INFO  [scheduling-1] c.s.s.trade.service.TradeService - Executing trades for managed assets for pair ETHBTC (users=0)
2026-01-19 13:51:30.913 INFO  [scheduling-1] c.s.s.trade.service.TradeExecutor - [SOLUSDC] Executing trades for managed accounts...
2026-01-19 13:51:30.920 INFO  [scheduling-1] c.s.s.trade.service.TradeService - Executing trades for managed assets for pair SOLUSDC (users=0)
2026-01-19 13:51:31.214 INFO  [scheduling-1] c.s.s.trade.service.TradeExecutor - [ETHUSDC] Executing trades for managed accounts...
2026-01-19 13:51:31.219 INFO  [scheduling-1] c.s.s.trade.service.TradeService - Executing trades for managed assets for pair ETHUSDC (users=0)
2026-01-19 13:52:00.008 INFO  [scheduling-1] c.s.s.w.s.WalletWorthSnapshotScheduler - Taking wallet worth snapshot for wallet from user: igor.bialas@gmail.com
2026-01-19 13:52:00.753 INFO  [scheduling-1] c.s.s.w.s.WalletWorthSnapshotScheduler - Taking wallet worth snapshot for wallet from user: imie@email.com
2026-01-19 13:52:00.758 INFO  [scheduling-1] c.s.s.w.s.WalletWorthSnapshotScheduler - Taking wallet worth snapshot for wallet from user: imie.nazwisko@email.com
2026-01-19 13:52:30.010 INFO  [scheduling-1] c.s.s.trade.service.TradeExecutor - [BTCUSDC] Executing trades for managed accounts...
2026-01-19 13:52:30.016 INFO  [scheduling-1] c.s.s.trade.service.TradeService - Executing trades for managed assets for pair BTCUSDC (users=2)
2026-01-19 13:52:30.362 INFO  [pool-6-thread-2] c.s.s.trade.service.TradeService - User imie.nazwisko@email.com wallet for pair BTCUSDC: baseAmount=0.01474655, quoteAmount=8642.99058553, totalValue=10014.5520120835000000
2026-01-19 13:52:30.362 INFO  [pool-6-thread-1] c.s.s.trade.service.TradeService - User igor.bialas@gmail.com wallet for pair BTCUSDC: baseAmount=0.03740170, quoteAmount=1674.30835853, totalValue=5153.0019517790000000
2026-01-19 13:52:30.448 INFO  [pool-6-thread-2] c.s.s.trade.service.TradeService - Executing SELL trade for user imie.nazwisko@email.com on pair BTCUSDC baseAmount=0.00215346
2026-01-19 13:52:30.456 INFO  [pool-6-thread-1] c.s.s.trade.service.TradeService - Executing SELL trade for user igor.bialas@gmail.com on pair BTCUSDC baseAmount=0.00110807
2026-01-19 13:52:30.463 INFO  [pool-6-thread-2] c.s.s.trade.service.TradeService - Calculated PnL for SELL trade: asset=BTC, soldAmount=0.00215346, avgPurchasePrice=92959.00000000, sellPrice=93008.97000000, PnL=0.1076083962000000
2026-01-19 13:52:30.468 INFO  [pool-6-thread-1] c.s.s.trade.service.TradeService - Calculated PnL for SELL trade: asset=BTC, soldAmount=0.00110807, avgPurchasePrice=93669.88760311, sellPrice=93008.97000000, PnL=-0.7323429684780977
2026-01-19 13:52:30.490 INFO  [pool-6-thread-2] c.s.s.trade.service.TradeService - Executing SELL trade for user imie.nazwisko@email.com on pair BTCUSDC: baseAmount=0.00215346, quoteAmount=200.2910965362000000
2026-01-19 13:52:30.502 ERROR [pool-6-thread-2] c.s.s.trade.service.TradeService - Error processing managed asset trades for user imie.nazwisko@email.com: Could not initialize proxy [com.stockviewer.stockapi.wallet.entity.Asset#6647614c-ffb7-4b99-8f6e-1c1e3019445c] - no session
org.hibernate.LazyInitializationException: Could not initialize proxy [com.stockviewer.stockapi.wallet.entity.Asset#6647614c-ffb7-4b99-8f6e-1c1e3019445c] - no session
	at org.hibernate.proxy.AbstractLazyInitializer.initialize(AbstractLazyInitializer.java:174)
	at org.hibernate.proxy.AbstractLazyInitializer.getImplementation(AbstractLazyInitializer.java:328)
	at org.hibernate.proxy.pojo.bytebuddy.ByteBuddyInterceptor.intercept(ByteBuddyInterceptor.java:44)
	at org.hibernate.proxy.ProxyConfiguration$InterceptorDispatcher.intercept(ProxyConfiguration.java:102)
	at com.stockviewer.stockapi.wallet.entity.Asset$HibernateProxy.getSymbol(Unknown Source)
	at com.stockviewer.stockapi.wallet.mapper.OwnedAssetMapperImpl.ownedAssetAssetSymbol(OwnedAssetMapperImpl.java:40)
	at com.stockviewer.stockapi.wallet.mapper.OwnedAssetMapperImpl.toDTO(OwnedAssetMapperImpl.java:25)
	at java.base/java.util.stream.ReferencePipeline$3$1.accept(Unknown Source)
	at java.base/java.util.ArrayList$ArrayListSpliterator.forEachRemaining(Unknown Source)
	at java.base/java.util.stream.AbstractPipeline.copyInto(Unknown Source)
	at java.base/java.util.stream.AbstractPipeline.wrapAndCopyInto(Unknown Source)
	at java.base/java.util.stream.ReduceOps$ReduceOp.evaluateSequential(Unknown Source)
	at java.base/java.util.stream.AbstractPipeline.evaluate(Unknown Source)
	at java.base/java.util.stream.ReferencePipeline.collect(Unknown Source)
	at com.stockviewer.stockapi.wallet.service.WalletService.getOwnedAssetsByUser(WalletService.java:86)
	at java.base/jdk.internal.reflect.DirectMethodHandleAccessor.invoke(Unknown Source)
	at java.base/java.lang.reflect.Method.invoke(Unknown Source)
	at org.springframework.aop.support.AopUtils.invokeJoinpointUsingReflection(AopUtils.java:359)
	at org.springframework.aop.framework.CglibAopProxy$DynamicAdvisedInterceptor.intercept(CglibAopProxy.java:724)
	at com.stockviewer.stockapi.wallet.service.WalletService$$SpringCGLIB$$0.getOwnedAssetsByUser(<generated>)
	at com.stockviewer.stockapi.trade.service.TradeService.executeTradeForUser(TradeService.java:118)
	at com.stockviewer.stockapi.trade.service.TradeService.processManagedAssetForUser(TradeService.java:255)
	at com.stockviewer.stockapi.trade.service.TradeService.lambda$executeTradeForManagedAssets$1(TradeService.java:190)
	at java.base/java.util.concurrent.Executors$RunnableAdapter.call(Unknown Source)
	at java.base/java.util.concurrent.FutureTask.run(Unknown Source)
	at java.base/java.util.concurrent.ThreadPoolExecutor.runWorker(Unknown Source)
	at java.base/java.util.concurrent.ThreadPoolExecutor$Worker.run(Unknown Source)
	at java.base/java.lang.Thread.run(Unknown Source)
2026-01-19 13:52:30.546 INFO  [pool-6-thread-1] c.s.s.trade.service.TradeService - Executing SELL trade for user igor.bialas@gmail.com on pair BTCUSDC: baseAmount=0.00110807, quoteAmount=103.0604493879000000
2026-01-19 13:52:30.559 ERROR [pool-6-thread-1] c.s.s.trade.service.TradeService - Error processing managed asset trades for user igor.bialas@gmail.com: Could not initialize proxy [com.stockviewer.stockapi.wallet.entity.Asset#e2609c2a-d8a3-498b-bdc8-dd16215c73db] - no session
org.hibernate.LazyInitializationException: Could not initialize proxy [com.stockviewer.stockapi.wallet.entity.Asset#e2609c2a-d8a3-498b-bdc8-dd16215c73db] - no session
	at org.hibernate.proxy.AbstractLazyInitializer.initialize(AbstractLazyInitializer.java:174)
	at org.hibernate.proxy.AbstractLazyInitializer.getImplementation(AbstractLazyInitializer.java:328)
	at org.hibernate.proxy.pojo.bytebuddy.ByteBuddyInterceptor.intercept(ByteBuddyInterceptor.java:44)
	at org.hibernate.proxy.ProxyConfiguration$InterceptorDispatcher.intercept(ProxyConfiguration.java:102)
	at com.stockviewer.stockapi.wallet.entity.Asset$HibernateProxy.getSymbol(Unknown Source)
	at com.stockviewer.stockapi.wallet.mapper.OwnedAssetMapperImpl.ownedAssetAssetSymbol(OwnedAssetMapperImpl.java:40)
	at com.stockviewer.stockapi.wallet.mapper.OwnedAssetMapperImpl.toDTO(OwnedAssetMapperImpl.java:25)
	at java.base/java.util.stream.ReferencePipeline$3$1.accept(Unknown Source)
	at java.base/java.util.ArrayList$ArrayListSpliterator.forEachRemaining(Unknown Source)
	at java.base/java.util.stream.AbstractPipeline.copyInto(Unknown Source)
	at java.base/java.util.stream.AbstractPipeline.wrapAndCopyInto(Unknown Source)
	at java.base/java.util.stream.ReduceOps$ReduceOp.evaluateSequential(Unknown Source)
	at java.base/java.util.stream.AbstractPipeline.evaluate(Unknown Source)
	at java.base/java.util.stream.ReferencePipeline.collect(Unknown Source)
	at com.stockviewer.stockapi.wallet.service.WalletService.getOwnedAssetsByUser(WalletService.java:86)
	at java.base/jdk.internal.reflect.DirectMethodHandleAccessor.invoke(Unknown Source)
	at java.base/java.lang.reflect.Method.invoke(Unknown Source)
	at org.springframework.aop.support.AopUtils.invokeJoinpointUsingReflection(AopUtils.java:359)
	at org.springframework.aop.framework.CglibAopProxy$DynamicAdvisedInterceptor.intercept(CglibAopProxy.java:724)
	at com.stockviewer.stockapi.wallet.service.WalletService$$SpringCGLIB$$0.getOwnedAssetsByUser(<generated>)
	at com.stockviewer.stockapi.trade.service.TradeService.executeTradeForUser(TradeService.java:118)
	at com.stockviewer.stockapi.trade.service.TradeService.processManagedAssetForUser(TradeService.java:255)
	at com.stockviewer.stockapi.trade.service.TradeService.lambda$executeTradeForManagedAssets$1(TradeService.java:190)
	at java.base/java.util.concurrent.Executors$RunnableAdapter.call(Unknown Source)
	at java.base/java.util.concurrent.FutureTask.run(Unknown Source)
	at java.base/java.util.concurrent.ThreadPoolExecutor.runWorker(Unknown Source)
	at java.base/java.util.concurrent.ThreadPoolExecutor$Worker.run(Unknown Source)
	at java.base/java.lang.Thread.run(Unknown Source)
2026-01-19 13:52:30.559 INFO  [scheduling-1] c.s.s.trade.service.TradeExecutor - [ETHBTC] Executing trades for managed accounts...
2026-01-19 13:52:30.563 INFO  [scheduling-1] c.s.s.trade.service.TradeService - Executing trades for managed assets for pair ETHBTC (users=0)
2026-01-19 13:52:30.860 INFO  [scheduling-1] c.s.s.trade.service.TradeExecutor - [SOLUSDC] Executing trades for managed accounts...
2026-01-19 13:52:30.866 INFO  [scheduling-1] c.s.s.trade.service.TradeService - Executing trades for managed assets for pair SOLUSDC (users=0)
2026-01-19 13:52:31.168 INFO  [scheduling-1] c.s.s.trade.service.TradeExecutor - [ETHUSDC] Executing trades for managed accounts...
2026-01-19 13:52:31.172 INFO  [scheduling-1] c.s.s.trade.service.TradeService - Executing trades for managed assets for pair ETHUSDC (users=0)
2026-01-19 13:53:00.007 INFO  [scheduling-1] c.s.s.w.s.WalletWorthSnapshotScheduler - Taking wallet worth snapshot for wallet from user: igor.bialas@gmail.com
2026-01-19 13:53:00.702 INFO  [scheduling-1] c.s.s.w.s.WalletWorthSnapshotScheduler - Taking wallet worth snapshot for wallet from user: imie@email.com
2026-01-19 13:53:00.706 INFO  [scheduling-1] c.s.s.w.s.WalletWorthSnapshotScheduler - Taking wallet worth snapshot for wallet from user: imie.nazwisko@email.com
2026-01-19 13:53:02.346 INFO  [org.springframework.kafka.KafkaListenerEndpointContainer#0-0-C-1] c.s.s.indicators.IndicatorListener - Received Message in group stockapi: ["61409992-889a-418c-9894-04e4b5e9bc93"]
2026-01-19 13:53:02.390 INFO  [org.springframework.kafka.KafkaListenerEndpointContainer#0-0-C-1] c.s.s.indicators.IndicatorCalculator - Number of candles retrieved for BarSeries: 985
2026-01-19 13:53:02.390 INFO  [org.springframework.kafka.KafkaListenerEndpointContainer#0-0-C-1] c.s.s.indicators.IndicatorCalculator - List of candles:
2026-01-19 13:53:02.432 INFO  [org.springframework.kafka.KafkaListenerEndpointContainer#0-0-C-1] c.s.s.indicators.IndicatorCalculator - Number of candles retrieved for BarSeries: 985
2026-01-19 13:53:02.433 INFO  [org.springframework.kafka.KafkaListenerEndpointContainer#0-0-C-1] c.s.s.indicators.IndicatorCalculator - List of candles:
2026-01-19 13:53:02.470 INFO  [org.springframework.kafka.KafkaListenerEndpointContainer#0-0-C-1] c.s.s.indicators.IndicatorCalculator - Number of candles retrieved for BarSeries: 985
2026-01-19 13:53:02.470 INFO  [org.springframework.kafka.KafkaListenerEndpointContainer#0-0-C-1] c.s.s.indicators.IndicatorCalculator - List of candles:
2026-01-19 13:53:02.478 INFO  [org.springframework.kafka.KafkaListenerEndpointContainer#0-0-C-1] c.s.s.indicators.IndicatorListener - Saved Indicator Event in database for Candle ID: 61409992-889a-418c-9894-04e4b5e9bc93
2026-01-19 13:53:02.483 INFO  [org.springframework.kafka.KafkaListenerEndpointContainer#0-0-C-1] c.s.s.indicators.IndicatorListener - Received Message in group stockapi: ["42858632-4494-4722-85d0-a47b7bb51300"]
2026-01-19 13:53:02.513 INFO  [org.springframework.kafka.KafkaListenerEndpointContainer#0-0-C-1] c.s.s.indicators.IndicatorCalculator - Number of candles retrieved for BarSeries: 981
2026-01-19 13:53:02.513 INFO  [org.springframework.kafka.KafkaListenerEndpointContainer#0-0-C-1] c.s.s.indicators.IndicatorCalculator - List of candles:
2026-01-19 13:53:02.548 INFO  [org.springframework.kafka.KafkaListenerEndpointContainer#0-0-C-1] c.s.s.indicators.IndicatorCalculator - Number of candles retrieved for BarSeries: 981
2026-01-19 13:53:02.548 INFO  [org.springframework.kafka.KafkaListenerEndpointContainer#0-0-C-1] c.s.s.indicators.IndicatorCalculator - List of candles:
2026-01-19 13:53:02.592 INFO  [org.springframework.kafka.KafkaListenerEndpointContainer#0-0-C-1] c.s.s.indicators.IndicatorCalculator - Number of candles retrieved for BarSeries: 981
2026-01-19 13:53:02.592 INFO  [org.springframework.kafka.KafkaListenerEndpointContainer#0-0-C-1] c.s.s.indicators.IndicatorCalculator - List of candles:
2026-01-19 13:53:02.601 INFO  [org.springframework.kafka.KafkaListenerEndpointContainer#0-0-C-1] c.s.s.indicators.IndicatorListener - Saved Indicator Event in database for Candle ID: 42858632-4494-4722-85d0-a47b7bb51300
2026-01-19 13:53:02.607 INFO  [org.springframework.kafka.KafkaListenerEndpointContainer#0-0-C-1] c.s.s.indicators.IndicatorListener - Received Message in group stockapi: ["7780d388-18b7-4974-a868-f539eecf0731"]
2026-01-19 13:53:02.646 INFO  [org.springframework.kafka.KafkaListenerEndpointContainer#0-0-C-1] c.s.s.indicators.IndicatorCalculator - Number of candles retrieved for BarSeries: 983
2026-01-19 13:53:02.646 INFO  [org.springframework.kafka.KafkaListenerEndpointContainer#0-0-C-1] c.s.s.indicators.IndicatorCalculator - List of candles:
2026-01-19 13:53:02.685 INFO  [org.springframework.kafka.KafkaListenerEndpointContainer#0-0-C-1] c.s.s.indicators.IndicatorCalculator - Number of candles retrieved for BarSeries: 983
2026-01-19 13:53:02.685 INFO  [org.springframework.kafka.KafkaListenerEndpointContainer#0-0-C-1] c.s.s.indicators.IndicatorCalculator - List of candles:
2026-01-19 13:53:02.723 INFO  [org.springframework.kafka.KafkaListenerEndpointContainer#0-0-C-1] c.s.s.indicators.IndicatorCalculator - Number of candles retrieved for BarSeries: 983
2026-01-19 13:53:02.723 INFO  [org.springframework.kafka.KafkaListenerEndpointContainer#0-0-C-1] c.s.s.indicators.IndicatorCalculator - List of candles:
2026-01-19 13:53:02.730 INFO  [org.springframework.kafka.KafkaListenerEndpointContainer#0-0-C-1] c.s.s.indicators.IndicatorListener - Saved Indicator Event in database for Candle ID: 7780d388-18b7-4974-a868-f539eecf0731
2026-01-19 13:53:02.731 INFO  [org.springframework.kafka.KafkaListenerEndpointContainer#0-0-C-1] c.s.s.indicators.IndicatorListener - Received Message in group stockapi: ["e7186853-f67a-442c-b591-7ce9d737988e"]
2026-01-19 13:53:02.768 INFO  [org.springframework.kafka.KafkaListenerEndpointContainer#0-0-C-1] c.s.s.indicators.IndicatorCalculator - Number of candles retrieved for BarSeries: 982
2026-01-19 13:53:02.768 INFO  [org.springframework.kafka.KafkaListenerEndpointContainer#0-0-C-1] c.s.s.indicators.IndicatorCalculator - List of candles:
2026-01-19 13:53:02.804 INFO  [org.springframework.kafka.KafkaListenerEndpointContainer#0-0-C-1] c.s.s.indicators.IndicatorCalculator - Number of candles retrieved for BarSeries: 982
2026-01-19 13:53:02.804 INFO  [org.springframework.kafka.KafkaListenerEndpointContainer#0-0-C-1] c.s.s.indicators.IndicatorCalculator - List of candles:
2026-01-19 13:53:02.839 INFO  [org.springframework.kafka.KafkaListenerEndpointContainer#0-0-C-1] c.s.s.indicators.IndicatorCalculator - Number of candles retrieved for BarSeries: 982
2026-01-19 13:53:02.839 INFO  [org.springframework.kafka.KafkaListenerEndpointContainer#0-0-C-1] c.s.s.indicators.IndicatorCalculator - List of candles:
2026-01-19 13:53:02.846 INFO  [org.springframework.kafka.KafkaListenerEndpointContainer#0-0-C-1] c.s.s.indicators.IndicatorListener - Saved Indicator Event in database for Candle ID: e7186853-f67a-442c-b591-7ce9d737988e
2026-01-19 13:53:30.010 INFO  [scheduling-1] c.s.s.trade.service.TradeExecutor - [BTCUSDC] Executing trades for managed accounts...
2026-01-19 13:53:30.013 INFO  [scheduling-1] c.s.s.trade.service.TradeService - Executing trades for managed assets for pair BTCUSDC (users=2)
2026-01-19 13:53:30.369 INFO  [pool-10-thread-1] c.s.s.trade.service.TradeService - User igor.bialas@gmail.com wallet for pair BTCUSDC: baseAmount=0.03629363, quoteAmount=1777.36880792, totalValue=5153.7234691455000000
2026-01-19 13:53:30.369 INFO  [pool-10-thread-2] c.s.s.trade.service.TradeService - User imie.nazwisko@email.com wallet for pair BTCUSDC: baseAmount=0.01259309, quoteAmount=8843.28168207, totalValue=10014.8023627165000000
2026-01-19 13:53:30.436 INFO  [pool-10-thread-2] c.s.s.trade.service.TradeService - Executing SELL trade for user imie.nazwisko@email.com on pair BTCUSDC baseAmount=0.00215305
2026-01-19 13:53:30.437 INFO  [pool-10-thread-1] c.s.s.trade.service.TradeService - Executing SELL trade for user igor.bialas@gmail.com on pair BTCUSDC baseAmount=0.00110798
2026-01-19 13:53:30.446 INFO  [pool-10-thread-1] c.s.s.trade.service.TradeService - Calculated PnL for SELL trade: asset=BTC, soldAmount=0.00110798, avgPurchasePrice=93669.88760311, sellPrice=93028.85000000, PnL=-0.7102568434938178
2026-01-19 13:53:30.450 INFO  [pool-10-thread-2] c.s.s.trade.service.TradeService - Calculated PnL for SELL trade: asset=BTC, soldAmount=0.00215305, avgPurchasePrice=92959.00000000, sellPrice=93028.85000000, PnL=0.1503905425000000
2026-01-19 13:53:30.470 INFO  [pool-10-thread-2] c.s.s.trade.service.TradeService - Executing SELL trade for user imie.nazwisko@email.com on pair BTCUSDC: baseAmount=0.00215305, quoteAmount=200.2957654925000000
2026-01-19 13:53:30.481 ERROR [pool-10-thread-2] c.s.s.trade.service.TradeService - Error processing managed asset trades for user imie.nazwisko@email.com: Could not initialize proxy [com.stockviewer.stockapi.wallet.entity.Asset#6647614c-ffb7-4b99-8f6e-1c1e3019445c] - no session
org.hibernate.LazyInitializationException: Could not initialize proxy [com.stockviewer.stockapi.wallet.entity.Asset#6647614c-ffb7-4b99-8f6e-1c1e3019445c] - no session
	at org.hibernate.proxy.AbstractLazyInitializer.initialize(AbstractLazyInitializer.java:174)
	at org.hibernate.proxy.AbstractLazyInitializer.getImplementation(AbstractLazyInitializer.java:328)
	at org.hibernate.proxy.pojo.bytebuddy.ByteBuddyInterceptor.intercept(ByteBuddyInterceptor.java:44)
	at org.hibernate.proxy.ProxyConfiguration$InterceptorDispatcher.intercept(ProxyConfiguration.java:102)
	at com.stockviewer.stockapi.wallet.entity.Asset$HibernateProxy.getSymbol(Unknown Source)
	at com.stockviewer.stockapi.wallet.mapper.OwnedAssetMapperImpl.ownedAssetAssetSymbol(OwnedAssetMapperImpl.java:40)
	at com.stockviewer.stockapi.wallet.mapper.OwnedAssetMapperImpl.toDTO(OwnedAssetMapperImpl.java:25)
	at java.base/java.util.stream.ReferencePipeline$3$1.accept(Unknown Source)
	at java.base/java.util.ArrayList$ArrayListSpliterator.forEachRemaining(Unknown Source)
	at java.base/java.util.stream.AbstractPipeline.copyInto(Unknown Source)
	at java.base/java.util.stream.AbstractPipeline.wrapAndCopyInto(Unknown Source)
	at java.base/java.util.stream.ReduceOps$ReduceOp.evaluateSequential(Unknown Source)
	at java.base/java.util.stream.AbstractPipeline.evaluate(Unknown Source)
	at java.base/java.util.stream.ReferencePipeline.collect(Unknown Source)
	at com.stockviewer.stockapi.wallet.service.WalletService.getOwnedAssetsByUser(WalletService.java:86)
	at java.base/jdk.internal.reflect.DirectMethodHandleAccessor.invoke(Unknown Source)
	at java.base/java.lang.reflect.Method.invoke(Unknown Source)
	at org.springframework.aop.support.AopUtils.invokeJoinpointUsingReflection(AopUtils.java:359)
	at org.springframework.aop.framework.CglibAopProxy$DynamicAdvisedInterceptor.intercept(CglibAopProxy.java:724)
	at com.stockviewer.stockapi.wallet.service.WalletService$$SpringCGLIB$$0.getOwnedAssetsByUser(<generated>)
	at com.stockviewer.stockapi.trade.service.TradeService.executeTradeForUser(TradeService.java:118)
	at com.stockviewer.stockapi.trade.service.TradeService.processManagedAssetForUser(TradeService.java:255)
	at com.stockviewer.stockapi.trade.service.TradeService.lambda$executeTradeForManagedAssets$1(TradeService.java:190)
	at java.base/java.util.concurrent.Executors$RunnableAdapter.call(Unknown Source)
	at java.base/java.util.concurrent.FutureTask.run(Unknown Source)
	at java.base/java.util.concurrent.ThreadPoolExecutor.runWorker(Unknown Source)
	at java.base/java.util.concurrent.ThreadPoolExecutor$Worker.run(Unknown Source)
	at java.base/java.lang.Thread.run(Unknown Source)
2026-01-19 13:53:30.490 INFO  [pool-10-thread-1] c.s.s.trade.service.TradeService - Executing SELL trade for user igor.bialas@gmail.com on pair BTCUSDC: baseAmount=0.00110798, quoteAmount=103.0741052230000000
2026-01-19 13:53:30.499 ERROR [pool-10-thread-1] c.s.s.trade.service.TradeService - Error processing managed asset trades for user igor.bialas@gmail.com: Could not initialize proxy [com.stockviewer.stockapi.wallet.entity.Asset#6647614c-ffb7-4b99-8f6e-1c1e3019445c] - no session
org.hibernate.LazyInitializationException: Could not initialize proxy [com.stockviewer.stockapi.wallet.entity.Asset#6647614c-ffb7-4b99-8f6e-1c1e3019445c] - no session
	at org.hibernate.proxy.AbstractLazyInitializer.initialize(AbstractLazyInitializer.java:174)
	at org.hibernate.proxy.AbstractLazyInitializer.getImplementation(AbstractLazyInitializer.java:328)
	at org.hibernate.proxy.pojo.bytebuddy.ByteBuddyInterceptor.intercept(ByteBuddyInterceptor.java:44)
	at org.hibernate.proxy.ProxyConfiguration$InterceptorDispatcher.intercept(ProxyConfiguration.java:102)
	at com.stockviewer.stockapi.wallet.entity.Asset$HibernateProxy.getSymbol(Unknown Source)
	at com.stockviewer.stockapi.wallet.mapper.OwnedAssetMapperImpl.ownedAssetAssetSymbol(OwnedAssetMapperImpl.java:40)
	at com.stockviewer.stockapi.wallet.mapper.OwnedAssetMapperImpl.toDTO(OwnedAssetMapperImpl.java:25)
	at java.base/java.util.stream.ReferencePipeline$3$1.accept(Unknown Source)
	at java.base/java.util.ArrayList$ArrayListSpliterator.forEachRemaining(Unknown Source)
	at java.base/java.util.stream.AbstractPipeline.copyInto(Unknown Source)
	at java.base/java.util.stream.AbstractPipeline.wrapAndCopyInto(Unknown Source)
	at java.base/java.util.stream.ReduceOps$ReduceOp.evaluateSequential(Unknown Source)
	at java.base/java.util.stream.AbstractPipeline.evaluate(Unknown Source)
	at java.base/java.util.stream.ReferencePipeline.collect(Unknown Source)
	at com.stockviewer.stockapi.wallet.service.WalletService.getOwnedAssetsByUser(WalletService.java:86)
	at java.base/jdk.internal.reflect.DirectMethodHandleAccessor.invoke(Unknown Source)
	at java.base/java.lang.reflect.Method.invoke(Unknown Source)
	at org.springframework.aop.support.AopUtils.invokeJoinpointUsingReflection(AopUtils.java:359)
	at org.springframework.aop.framework.CglibAopProxy$DynamicAdvisedInterceptor.intercept(CglibAopProxy.java:724)
	at com.stockviewer.stockapi.wallet.service.WalletService$$SpringCGLIB$$0.getOwnedAssetsByUser(<generated>)
	at com.stockviewer.stockapi.trade.service.TradeService.executeTradeForUser(TradeService.java:118)
	at com.stockviewer.stockapi.trade.service.TradeService.processManagedAssetForUser(TradeService.java:255)
	at com.stockviewer.stockapi.trade.service.TradeService.lambda$executeTradeForManagedAssets$1(TradeService.java:190)
	at java.base/java.util.concurrent.Executors$RunnableAdapter.call(Unknown Source)
	at java.base/java.util.concurrent.FutureTask.run(Unknown Source)
	at java.base/java.util.concurrent.ThreadPoolExecutor.runWorker(Unknown Source)
	at java.base/java.util.concurrent.ThreadPoolExecutor$Worker.run(Unknown Source)
	at java.base/java.lang.Thread.run(Unknown Source)
2026-01-19 13:53:30.500 INFO  [scheduling-1] c.s.s.trade.service.TradeExecutor - [ETHBTC] Executing trades for managed accounts...
2026-01-19 13:53:30.503 INFO  [scheduling-1] c.s.s.trade.service.TradeService - Executing trades for managed assets for pair ETHBTC (users=0)
2026-01-19 13:53:30.868 INFO  [scheduling-1] c.s.s.trade.service.TradeExecutor - [SOLUSDC] Executing trades for managed accounts...
2026-01-19 13:53:30.872 INFO  [scheduling-1] c.s.s.trade.service.TradeService - Executing trades for managed assets for pair SOLUSDC (users=0)
2026-01-19 13:53:31.175 INFO  [scheduling-1] c.s.s.trade.service.TradeExecutor - [ETHUSDC] Executing trades for managed accounts...
2026-01-19 13:53:31.178 INFO  [scheduling-1] c.s.s.trade.service.TradeService - Executing trades for managed assets for pair ETHUSDC (users=0)
2026-01-19 13:54:00.006 INFO  [scheduling-1] c.s.s.w.s.WalletWorthSnapshotScheduler - Taking wallet worth snapshot for wallet from user: igor.bialas@gmail.com
2026-01-19 13:54:00.596 INFO  [scheduling-1] c.s.s.w.s.WalletWorthSnapshotScheduler - Taking wallet worth snapshot for wallet from user: imie@email.com
2026-01-19 13:54:00.601 INFO  [scheduling-1] c.s.s.w.s.WalletWorthSnapshotScheduler - Taking wallet worth snapshot for wallet from user: imie.nazwisko@email.com
2026-01-19 13:54:02.346 INFO  [org.springframework.kafka.KafkaListenerEndpointContainer#0-0-C-1] c.s.s.indicators.IndicatorListener - Received Message in group stockapi: ["85da2b0b-5e5d-406e-91ec-29dc50abe136"]
2026-01-19 13:54:02.386 INFO  [org.springframework.kafka.KafkaListenerEndpointContainer#0-0-C-1] c.s.s.indicators.IndicatorCalculator - Number of candles retrieved for BarSeries: 983
2026-01-19 13:54:02.386 INFO  [org.springframework.kafka.KafkaListenerEndpointContainer#0-0-C-1] c.s.s.indicators.IndicatorCalculator - List of candles:
2026-01-19 13:54:02.422 INFO  [org.springframework.kafka.KafkaListenerEndpointContainer#0-0-C-1] c.s.s.indicators.IndicatorCalculator - Number of candles retrieved for BarSeries: 983
2026-01-19 13:54:02.422 INFO  [org.springframework.kafka.KafkaListenerEndpointContainer#0-0-C-1] c.s.s.indicators.IndicatorCalculator - List of candles:
2026-01-19 13:54:02.465 INFO  [org.springframework.kafka.KafkaListenerEndpointContainer#0-0-C-1] c.s.s.indicators.IndicatorCalculator - Number of candles retrieved for BarSeries: 983
2026-01-19 13:54:02.465 INFO  [org.springframework.kafka.KafkaListenerEndpointContainer#0-0-C-1] c.s.s.indicators.IndicatorCalculator - List of candles:
2026-01-19 13:54:02.471 INFO  [org.springframework.kafka.KafkaListenerEndpointContainer#0-0-C-1] c.s.s.indicators.IndicatorListener - Saved Indicator Event in database for Candle ID: 85da2b0b-5e5d-406e-91ec-29dc50abe136
2026-01-19 13:54:02.472 INFO  [org.springframework.kafka.KafkaListenerEndpointContainer#0-0-C-1] c.s.s.indicators.IndicatorListener - Received Message in group stockapi: ["ae149100-2f33-49c8-b24a-1bb35acfdfef"]
2026-01-19 13:54:02.511 INFO  [org.springframework.kafka.KafkaListenerEndpointContainer#0-0-C-1] c.s.s.indicators.IndicatorCalculator - Number of candles retrieved for BarSeries: 982
2026-01-19 13:54:02.511 INFO  [org.springframework.kafka.KafkaListenerEndpointContainer#0-0-C-1] c.s.s.indicators.IndicatorCalculator - List of candles:
2026-01-19 13:54:02.551 INFO  [org.springframework.kafka.KafkaListenerEndpointContainer#0-0-C-1] c.s.s.indicators.IndicatorCalculator - Number of candles retrieved for BarSeries: 982
2026-01-19 13:54:02.551 INFO  [org.springframework.kafka.KafkaListenerEndpointContainer#0-0-C-1] c.s.s.indicators.IndicatorCalculator - List of candles:
2026-01-19 13:54:02.590 INFO  [org.springframework.kafka.KafkaListenerEndpointContainer#0-0-C-1] c.s.s.indicators.IndicatorCalculator - Number of candles retrieved for BarSeries: 982
2026-01-19 13:54:02.590 INFO  [org.springframework.kafka.KafkaListenerEndpointContainer#0-0-C-1] c.s.s.indicators.IndicatorCalculator - List of candles:
2026-01-19 13:54:02.597 INFO  [org.springframework.kafka.KafkaListenerEndpointContainer#0-0-C-1] c.s.s.indicators.IndicatorListener - Saved Indicator Event in database for Candle ID: ae149100-2f33-49c8-b24a-1bb35acfdfef
2026-01-19 13:54:02.601 INFO  [org.springframework.kafka.KafkaListenerEndpointContainer#0-0-C-1] c.s.s.indicators.IndicatorListener - Received Message in group stockapi: ["3db1d47b-f157-4f50-9309-abd33e8c9a1e"]
2026-01-19 13:54:02.637 INFO  [org.springframework.kafka.KafkaListenerEndpointContainer#0-0-C-1] c.s.s.indicators.IndicatorCalculator - Number of candles retrieved for BarSeries: 984
2026-01-19 13:54:02.637 INFO  [org.springframework.kafka.KafkaListenerEndpointContainer#0-0-C-1] c.s.s.indicators.IndicatorCalculator - List of candles:
2026-01-19 13:54:02.671 INFO  [org.springframework.kafka.KafkaListenerEndpointContainer#0-0-C-1] c.s.s.indicators.IndicatorCalculator - Number of candles retrieved for BarSeries: 984
2026-01-19 13:54:02.671 INFO  [org.springframework.kafka.KafkaListenerEndpointContainer#0-0-C-1] c.s.s.indicators.IndicatorCalculator - List of candles:
2026-01-19 13:54:02.705 INFO  [org.springframework.kafka.KafkaListenerEndpointContainer#0-0-C-1] c.s.s.indicators.IndicatorCalculator - Number of candles retrieved for BarSeries: 984
2026-01-19 13:54:02.706 INFO  [org.springframework.kafka.KafkaListenerEndpointContainer#0-0-C-1] c.s.s.indicators.IndicatorCalculator - List of candles:
2026-01-19 13:54:02.713 INFO  [org.springframework.kafka.KafkaListenerEndpointContainer#0-0-C-1] c.s.s.indicators.IndicatorListener - Saved Indicator Event in database for Candle ID: 3db1d47b-f157-4f50-9309-abd33e8c9a1e
2026-01-19 13:54:02.717 INFO  [org.springframework.kafka.KafkaListenerEndpointContainer#0-0-C-1] c.s.s.indicators.IndicatorListener - Received Message in group stockapi: ["3bae2bc5-e018-4de5-8735-ca83b71b13ec"]
2026-01-19 13:54:02.757 INFO  [org.springframework.kafka.KafkaListenerEndpointContainer#0-0-C-1] c.s.s.indicators.IndicatorCalculator - Number of candles retrieved for BarSeries: 986
2026-01-19 13:54:02.757 INFO  [org.springframework.kafka.KafkaListenerEndpointContainer#0-0-C-1] c.s.s.indicators.IndicatorCalculator - List of candles:
2026-01-19 13:54:02.797 INFO  [org.springframework.kafka.KafkaListenerEndpointContainer#0-0-C-1] c.s.s.indicators.IndicatorCalculator - Number of candles retrieved for BarSeries: 986
2026-01-19 13:54:02.797 INFO  [org.springframework.kafka.KafkaListenerEndpointContainer#0-0-C-1] c.s.s.indicators.IndicatorCalculator - List of candles:
2026-01-19 13:54:02.835 INFO  [org.springframework.kafka.KafkaListenerEndpointContainer#0-0-C-1] c.s.s.indicators.IndicatorCalculator - Number of candles retrieved for BarSeries: 986
2026-01-19 13:54:02.836 INFO  [org.springframework.kafka.KafkaListenerEndpointContainer#0-0-C-1] c.s.s.indicators.IndicatorCalculator - List of candles:
2026-01-19 13:54:02.842 INFO  [org.springframework.kafka.KafkaListenerEndpointContainer#0-0-C-1] c.s.s.indicators.IndicatorListener - Saved Indicator Event in database for Candle ID: 3bae2bc5-e018-4de5-8735-ca83b71b13ec
2026-01-19 13:54:27.145 INFO  [org.springframework.kafka.KafkaListenerEndpointContainer#0-0-C-1] o.a.k.c.c.i.ConsumerRebalanceListenerInvoker - [Consumer clientId=consumer-stockapi-1, groupId=stockapi] Revoke previously assigned partitions indicator_events-0
2026-01-19 13:54:27.146 INFO  [org.springframework.kafka.KafkaListenerEndpointContainer#0-0-C-1] o.s.k.l.KafkaMessageListenerContainer - stockapi: partitions revoked: [indicator_events-0]
2026-01-19 13:54:27.146 INFO  [org.springframework.kafka.KafkaListenerEndpointContainer#0-0-C-1] o.a.k.c.c.i.ConsumerCoordinator - [Consumer clientId=consumer-stockapi-1, groupId=stockapi] Member consumer-stockapi-1-da7591df-8415-4507-9353-b096b167e4ce sending LeaveGroup request to coordinator kafka:9092 (id: 2147483646 rack: null) due to the consumer unsubscribed from all topics
2026-01-19 13:54:27.147 INFO  [org.springframework.kafka.KafkaListenerEndpointContainer#0-0-C-1] o.a.k.c.c.i.ConsumerCoordinator - [Consumer clientId=consumer-stockapi-1, groupId=stockapi] Resetting generation and member id due to: consumer pro-actively leaving the group
2026-01-19 13:54:27.147 INFO  [org.springframework.kafka.KafkaListenerEndpointContainer#0-0-C-1] o.a.k.c.c.i.ConsumerCoordinator - [Consumer clientId=consumer-stockapi-1, groupId=stockapi] Request joining group due to: consumer pro-actively leaving the group
2026-01-19 13:54:27.147 INFO  [org.springframework.kafka.KafkaListenerEndpointContainer#0-0-C-1] o.a.k.c.c.i.LegacyKafkaConsumer - [Consumer clientId=consumer-stockapi-1, groupId=stockapi] Unsubscribed all topics or patterns and assigned partitions
2026-01-19 13:54:27.149 INFO  [org.springframework.kafka.KafkaListenerEndpointContainer#0-0-C-1] o.a.k.c.c.i.ConsumerCoordinator - [Consumer clientId=consumer-stockapi-1, groupId=stockapi] Resetting generation and member id due to: consumer pro-actively leaving the group
2026-01-19 13:54:27.149 INFO  [org.springframework.kafka.KafkaListenerEndpointContainer#0-0-C-1] o.a.k.c.c.i.ConsumerCoordinator - [Consumer clientId=consumer-stockapi-1, groupId=stockapi] Request joining group due to: consumer pro-actively leaving the group
2026-01-19 13:54:27.330 INFO  [org.springframework.kafka.KafkaListenerEndpointContainer#0-0-C-1] o.a.kafka.common.metrics.Metrics - Metrics scheduler closed
2026-01-19 13:54:27.330 INFO  [org.springframework.kafka.KafkaListenerEndpointContainer#0-0-C-1] o.a.kafka.common.metrics.Metrics - Closing reporter org.apache.kafka.common.metrics.JmxReporter
2026-01-19 13:54:27.331 INFO  [org.springframework.kafka.KafkaListenerEndpointContainer#0-0-C-1] o.a.kafka.common.metrics.Metrics - Closing reporter org.apache.kafka.common.telemetry.internals.ClientTelemetryReporter
2026-01-19 13:54:27.331 INFO  [org.springframework.kafka.KafkaListenerEndpointContainer#0-0-C-1] o.a.kafka.common.metrics.Metrics - Metrics reporters closed
2026-01-19 13:54:27.342 INFO  [org.springframework.kafka.KafkaListenerEndpointContainer#0-0-C-1] o.a.kafka.common.utils.AppInfoParser - App info kafka.consumer for consumer-stockapi-1 unregistered
2026-01-19 13:54:27.343 INFO  [org.springframework.kafka.KafkaListenerEndpointContainer#0-0-C-1] o.s.k.l.KafkaMessageListenerContainer - stockapi: Consumer stopped
2026-01-19 13:54:27.346 INFO  [SpringApplicationShutdownHook] o.s.b.w.e.tomcat.GracefulShutdown - Commencing graceful shutdown. Waiting for active requests to complete
2026-01-19 13:54:27.349 INFO  [tomcat-shutdown] o.s.b.w.e.tomcat.GracefulShutdown - Graceful shutdown complete
2026-01-19 13:54:27.362 INFO  [SpringApplicationShutdownHook] o.s.o.j.LocalContainerEntityManagerFactoryBean - Closing JPA EntityManagerFactory for persistence unit 'default'
2026-01-19 13:54:27.365 INFO  [SpringApplicationShutdownHook] com.zaxxer.hikari.HikariDataSource - HikariPool-1 - Shutdown initiated...
2026-01-19 13:54:27.368 INFO  [SpringApplicationShutdownHook] com.zaxxer.hikari.HikariDataSource - HikariPool-1 - Shutdown completed.
